93.3074
95.7516
94.519
93.3627
90.3365
90.5614
91.7723
91.9914
91.9092
91.9688
91.8025
91.6038
92.1179
92.2439
92.0424
92.0218
91.8112
92.102
92.556
92.2558
91.7015
91.7185
91.875
92.1435
92.038
91.9704
91.9411
91.9766
91.9493
91.9496
92.0161
91.9633
91.9422
92.1159
92.1477
91.9956
92.1041
92.213
92.2019
92.0874
92.1007
92.1096
92.0862
92.2346
92.2151
92.2409
92.2452
92.188
92.1941
92.2917
92.2847
92.241
92.2106
92.1432
92.1466
92.1954
92.1618
92.3241
92.219
92.1221
92.1314
92.1101
92.2197
92.2456
92.2065
92.1079
92.146
92.0855
92.0911
92.166
92.2119
92.2363
92.1523
92.1488
92.1746
92.1536
92.1532
92.1598
92.2043
92.1317
92.1082
92.1424
92.1656
92.1771
92.1771
92.1589
92.1806
92.1679
92.2159
92.2607
92.2336
92.1978
92.1193
92.1234
92.2337
92.1956
92.2538
92.277
92.1631
92.1263
