1.93238e-21
1.983e-21
1.95748e-21
1.93353e-21
1.87086e-21
1.87551e-21
1.90059e-21
1.90513e-21
1.90343e-21
1.90466e-21
1.90122e-21
1.8971e-21
1.90775e-21
1.91036e-21
1.90619e-21
1.90576e-21
1.9014e-21
1.90742e-21
1.91682e-21
1.91061e-21
1.89913e-21
1.89948e-21
1.90272e-21
1.90828e-21
1.90609e-21
1.90469e-21
1.90409e-21
1.90482e-21
1.90426e-21
1.90426e-21
1.90564e-21
1.90455e-21
1.90411e-21
1.90771e-21
1.90837e-21
1.90522e-21
1.90746e-21
1.90972e-21
1.90949e-21
1.90712e-21
1.90739e-21
1.90758e-21
1.90709e-21
1.91017e-21
1.90976e-21
1.9103e-21
1.91039e-21
1.9092e-21
1.90933e-21
1.91135e-21
1.9112e-21
1.9103e-21
1.90967e-21
1.90827e-21
1.90834e-21
1.90935e-21
1.90866e-21
1.91202e-21
1.90984e-21
1.90784e-21
1.90803e-21
1.90759e-21
1.90986e-21
1.91039e-21
1.90958e-21
1.90754e-21
1.90833e-21
1.90708e-21
1.9072e-21
1.90875e-21
1.9097e-21
1.9102e-21
1.90846e-21
1.90839e-21
1.90892e-21
1.90849e-21
1.90848e-21
1.90862e-21
1.90954e-21
1.90803e-21
1.90755e-21
1.90826e-21
1.90874e-21
1.90898e-21
1.90898e-21
1.9086e-21
1.90905e-21
1.90879e-21
1.90978e-21
1.91071e-21
1.91015e-21
1.9094e-21
1.90778e-21
1.90786e-21
1.91015e-21
1.90936e-21
1.91056e-21
1.91104e-21
1.90869e-21
1.90792e-21
