0
5.06189e-23
3.88037e-23
3.64185e-23
6.87292e-23
5.63102e-23
5.37942e-23
4.68076e-23
4.13155e-23
3.69743e-23
3.36213e-23
3.09666e-23
3.04103e-23
2.82751e-23
2.66515e-23
2.49338e-23
2.38238e-23
2.32545e-23
2.3922e-23
2.35304e-23
2.51541e-23
2.39861e-23
2.31478e-23
2.28491e-23
2.20248e-23
2.1207e-23
2.04155e-23
1.96866e-23
1.9004e-23
1.83596e-23
1.78108e-23
1.72799e-23
1.67537e-23
1.66466e-23
1.61774e-23
1.60339e-23
1.57556e-23
1.55002e-23
1.50993e-23
1.49068e-23
1.45412e-23
1.4192e-23
1.38665e-23
1.38921e-23
1.35858e-23
1.3298e-23
1.30123e-23
1.27933e-23
1.25301e-23
1.24421e-23
1.21965e-23
1.19938e-23
1.17822e-23
1.1646e-23
1.14325e-23
1.1272e-23
1.10943e-23
1.14076e-23
1.1422e-23
1.14081e-23
1.12212e-23
1.10475e-23
1.11054e-23
1.09437e-23
1.08044e-23
1.08335e-23
1.06997e-23
1.06154e-23
1.0461e-23
1.04264e-23
1.03223e-23
1.01906e-23
1.01997e-23
1.00611e-23
9.94052e-24
9.81848e-24
9.69013e-24
9.56607e-24
9.48903e-24
9.48962e-24
9.38429e-24
9.29616e-24
9.19597e-24
9.08899e-24
8.98143e-24
8.88439e-24
8.79313e-24
8.69661e-24
8.65553e-24
8.60897e-24
8.53229e-24
8.47159e-24
8.53607e-24
8.44521e-24
8.66197e-24
8.60747e-24
8.60314e-24
8.52848e-24
8.76515e-24
8.71043e-24
