-1.43061
-1.43065
-1.42994
-1.42951
-1.42979
-1.4296
-1.42943
-1.42925
-1.4294
-1.42937
-1.42945
-1.42938
-1.4294
-1.42952
-1.4294
-1.4293
-1.4294
-1.42946
-1.42956
-1.42961
-1.42956
-1.42953
-1.42946
-1.42938
-1.42935
-1.42937
-1.42942
-1.42944
-1.42942
-1.4294
-1.42938
-1.4294
-1.42938
-1.42937
-1.42937
-1.42931
-1.42932
-1.42931
-1.42933
-1.42937
-1.4294
-1.4294
-1.42938
-1.42938
-1.42935
-1.42936
-1.42941
-1.42944
-1.42946
-1.42944
-1.42944
-1.42941
-1.42933
-1.42934
-1.42935
-1.42935
-1.42935
-1.42938
-1.42942
-1.42943
-1.42946
-1.42948
-1.42948
-1.42948
-1.42947
-1.42949
-1.42948
-1.42951
-1.4295
-1.42945
-1.42945
-1.42943
-1.42946
-1.42946
-1.42941
-1.42941
-1.4294
-1.42938
-1.42937
-1.4294
-1.42939
-1.42937
-1.42939
-1.4294
-1.42936
-1.42938
-1.42938
-1.42938
-1.42939
-1.42937
-1.42938
-1.42937
-1.42937
-1.4294
-1.42941
-1.42939
-1.42936
-1.42937
-1.42938
-1.42939
