2.97125
2.94979
2.93575
2.93284
2.94089
2.93411
2.92312
2.92153
2.9244
2.92439
2.9277
2.92655
2.92602
2.93056
2.92999
2.92685
2.9267
2.92549
2.92613
2.92905
2.9319
2.93199
2.9281
2.92577
2.92497
2.92386
2.92229
2.92381
2.92326
2.92054
2.91996
2.92123
2.92219
2.92058
2.91957
2.91769
2.91517
2.912
2.91199
2.91245
2.91406
2.91423
2.91249
2.9118
2.91105
2.91117
2.91252
2.91266
2.9122
2.91206
2.91281
2.91183
2.91175
2.91314
2.91262
2.91317
2.9131
2.91324
2.91223
2.91284
2.91415
2.91417
2.913
2.91323
2.91338
2.91347
2.91351
2.91211
2.91166
2.91099
2.91078
2.91071
2.91067
2.91099
2.91006
2.90966
2.90949
2.90927
2.91017
2.91001
2.91028
2.90979
2.91052
2.91097
2.91138
2.91185
2.91226
2.91297
2.91265
2.91241
2.91345
2.91282
2.913
2.91289
2.91352
2.91375
2.91291
2.91369
2.91398
2.91402
