1.94418
1.99159
2.03758
2.08162
2.12077
2.14946
2.16173
2.15308
2.12152
2.06866
2.0008
1.92936
1.86891
1.83181
1.82168
1.832
1.85173
1.87193
1.8884
1.90104
1.91219
1.92428
1.93743
1.94847
1.95256
1.94594
1.92844
1.90452
1.88098
1.86198
1.84672
1.83332
1.82345
1.82298
1.83901
1.87431
1.92372
1.97698
2.02486
2.06227
2.08753
2.10028
2.10028
2.08748
2.06337
2.03223
2.00058
1.97502
1.96062
1.9596
1.96952
1.98403
1.99615
2.00002
1.99152
1.96973
1.93925
1.90965
1.89001
1.88374
1.88885
1.9007
1.91406
1.92501
1.93273
1.93947
1.94806
1.96018
1.97613
1.99441
2.01123
2.02251
2.02693
2.02662
2.02522
2.0254
2.02788
2.03209
2.03729
2.0431
2.04897
2.05349
2.05479
2.05226
2.04756
2.04366
2.04274
2.04522
2.05006
2.05513
2.05761
2.05461
2.04414
2.02586
2.00207
1.97932
1.96874
1.98024
2.01274
2.05341
2.08811
2.10956
2.11748
2.11516
2.10661
2.09481
2.08094
2.06431
2.04318
2.01559
1.97989
1.93589
1.88914
1.85705
1.86061
1.9002
1.95649
2.01323
2.06223
2.09812
2.11762
2.12112
2.11252
2.09674
2.07658
2.05096
2.01676
1.9729
1.92279
1.87299
1.82969
1.79706
1.77848
1.77702
1.79301
1.82172
1.85442
1.88205
1.89844
1.9019
1.89543
1.88529
1.87811
1.8781
1.88654
1.90237
1.92151
1.93715
1.9452
1.94906
1.95598
1.96917
1.98498
1.99722
2.00184
1.99774
1.98512
1.96455
1.93809
1.91136
1.89178
1.88138
1.87361
1.86023
1.83942
1.81696
1.80209
1.80216
1.8193
1.84826
1.87852
1.90234
1.91798
1.92473
1.92225
1.9144
1.90677
1.90173
1.89829
1.89412
1.8884
1.88603
1.89818
1.93328
1.98701
2.04467
2.0907
2.11563
2.11838
2.10498
2.08361
2.05811
2.02777
1.99325
1.96053
1.93799
1.92988
1.93223
1.93547
1.93126
1.91777
1.89933
1.88165
1.86909
1.86554
1.87331
1.89019
1.91031
1.92932
1.94808
1.96989
1.99366
2.01216
2.01971
2.01907
2.0171
2.01664
2.01678
2.0175
2.02059
2.02765
2.0383
2.0494
2.05528
2.04949
2.02761
1.98967
1.94139
1.89262
1.85261
1.82555
1.8103
1.80398
1.80519
1.81325
1.82592
1.84174
1.8621
1.88767
1.91603
1.94291
1.9628
1.96984
1.96135
1.9418
1.92286
1.91537
1.91993
1.9295
1.93921
1.94827
1.95473
1.95513
1.94885
1.939
1.92973
1.92363
1.9211
1.92198
1.92683
1.93534
1.94319
1.94245
1.92744
1.90153
1.87628
1.86166
1.85908
1.86513
1.87781
1.89673
1.92006
1.94322
1.96071
1.96873
1.96665
1.95688
1.94372
1.93176
1.92448
1.9234
1.92773
1.935
1.94287
1.95063
1.95883
1.96731
1.97393
1.97558
1.97052
1.96037
1.95029
1.94576
1.94792
1.9545
1.96448
1.97901
1.99754
2.01478
2.02354
2.01997
2.00517
1.9824
1.95318
1.91746
1.88035
1.85679
1.85889
1.88234
1.91468
1.94418
1.9619
1.96524
1.95835
1.94828
1.94219
1.94538
1.95893
1.97942
2.00165
2.02147
2.03692
2.04735
2.05232
2.05122
2.04346
2.028
2.00198
1.96147
1.90761
1.85515
1.82558
1.82473
1.84261
1.87078
1.90593
1.94434
1.97925
2.00305
2.01092
2.00199
1.97901
1.94829
1.91907
1.90012
1.89513
1.90193
1.91592
1.93284
1.94855
1.95881
1.96141
1.95927
1.96009
1.97001
1.98786
2.00773
2.02386
2.03188
2.02924
2.01658
1.99771
1.9779
1.96187
1.95228
1.9489
1.94886
1.94817
1.94331
1.93276
1.91777
1.90243
1.89236
1.8922
1.90309
1.92201
1.94341
1.96205
1.97498
1.98216
1.98563
1.98755
1.98862
1.98848
1.98676
1.98278
1.97493
1.96137
1.94159
1.91721
1.89209
1.87142
1.85959
1.85785
1.86428
1.87646
1.89416
1.91916
1.95255
1.99204
2.03168
2.06428
2.08442
2.09012
2.0823
2.06358
2.03698
2.00513
1.96994
1.93322
1.89804
1.86994
1.85609
1.86163
1.88584
1.92148
1.95823
1.98794
2.00761
2.01784
2.01934
2.01153
1.99452
1.9711
1.94647
1.92562
1.91121
1.90484
1.90912
1.92365
1.94208
1.95912
1.97522
1.99288
2.01298
2.03378
2.05143
2.06192
2.0634
2.05683
2.04474
2.02931
2.0113
1.99196
1.97579
1.96859
1.97156
1.98019
1.98913
1.99562
1.99831
1.99506
1.98405
1.96738
1.95306
1.95132
1.96689
1.99445
2.02177
2.03643
2.03125
2.00727
1.9736
1.94357
1.92773
1.92822
1.9392
1.9531
1.96563
1.97585
1.98371
1.98899
1.99229
1.99597
2.00304
2.01437
2.02712
2.03655
2.03889
2.03264
2.01866
2.00026
1.9836
1.97576
1.98024
1.99399
2.00916
2.01731
2.01371
1.99983
1.98159
1.96388
1.94748
1.93141
1.9161
1.90512
1.90419
1.91473
1.92971
1.94273
1.95651
1.97575
1.99884
2.02177
2.04276
2.06091
2.07438
2.0818
2.08331
2.08002
2.0727
2.0608
2.04223
2.01447
1.97694
1.93349
1.89342
1.86827
1.86545
1.88442
1.91821
1.95724
1.9928
2.01936
2.03574
2.04472
2.0506
2.05505
2.05459
2.04336
2.01807
1.9806
1.93812
1.90146
1.88154
1.8845
1.90883
1.9469
1.98916
2.02732
2.05509
2.06827
2.06468
2.04379
2.00608
1.95402
1.89444
1.83969
1.80365
1.79366
1.80675
1.83372
1.86453
1.89117
1.90859
1.91411
1.90643
1.88682
1.86176
1.84353
1.843
1.86067
1.88848
1.9174
1.94039
1.95317
1.95425
1.94373
1.92247
1.89269
1.86004
1.83512
1.82887
1.84383
1.87258
1.90483
1.9328
1.95145
1.9579
1.95218
1.93776
1.92063
1.9068
1.89901
1.89535
1.89173
1.88547
1.87612
1.86364
1.84709
1.82532
1.79979
1.7774
1.76957
1.78465
1.82045
1.86672
1.91274
1.95172
1.98177
2.005
2.0247
2.04159
2.05275
2.05446
2.04485
2.02449
1.99623
1.96536
1.93863
1.92122
1.91359
1.91146
1.90903
1.9023
1.89
1.87228
1.84999
1.82581
1.8052
1.79524
1.80142
1.82475
1.86163
1.90659
1.95456
2.00103
2.0428
2.07881
2.10843
2.12882
2.13498
2.12318
2.09417
2.05365
2.00955
1.96792
1.93131
1.90091
1.87805
1.86175
1.84622
1.82483
1.79659
1.76819
1.75079
1.75419
1.78219
1.83226
1.89548
1.95659
2.00079
2.02179
2.02211
2.00817
1.98619
1.96038
1.93301
1.9057
1.88051
1.85999
1.84558
1.83632
1.82934
1.82209
1.81521
1.81399
1.82364
1.84151
1.86
1.87753
1.89684
1.91483
1.92433
1.92312
1.91602
1.90992
1.90745
1.90469
1.89536
1.87682
1.85327
1.83338
1.82267
1.81913
1.8181
1.81816
1.82091
1.82798
1.83898
1.85059
1.85734
1.85426
1.8398
1.81816
1.80015
1.79884
1.81985
1.8569
1.89786
1.93245
1.955
1.96435
1.96242
1.95226
1.9364
1.91649
1.89461
1.87551
1.86598
1.87018
1.88569
1.90506
1.91989
1.92486
1.92011
1.91034
1.90073
1.89351
1.88883
1.88756
1.89136
1.90016
1.9104
1.91603
1.91144
1.89455
1.86828
1.83992
1.81826
1.81029
1.81939
1.84475
1.88062
1.91673
1.94128
1.94535
1.92704
1.89496
1.86804
1.86304
1.87839
1.89913
1.91374
1.92035
1.92284
1.92535
1.92952
1.93489
1.94054
1.94653
1.95477
1.96789
1.98659
2.00805
2.02782
2.04284
2.05161
2.05197
2.04109
2.01793
1.98525
1.94908
1.91685
1.89469
1.88555
1.88796
1.8961
1.90166
1.89741
1.88033
1.85281
1.8219
1.79741
1.78926
1.80373
1.84012
1.89091
1.94574
1.99622
2.03775
2.06804
2.08463
2.08463
2.06704
2.03556
1.99942
1.97215
1.96714
1.98867
2.02661
2.06392
2.08772
2.09344
2.08419
2.06887
2.05836
2.05963
2.07217
2.09023
2.10697
2.11688
2.11618
2.10281
2.0769
2.04114
2.00064
1.9618
1.93056
1.91102
1.90495
1.91167
1.92809
1.94926
1.97002
1.98669
1.99737
2.0012
1.99843
1.99177
1.98621
1.98531
1.98746
1.98764
1.98299
1.97433
1.96376
1.95314
1.94553
1.9451
1.953
1.9663
1.9822
1.99945
2.01626
2.02998
2.03837
2.04085
2.03874
2.03442
2.02953
2.02323
2.01321
1.99953
1.98697
1.98039
1.97822
1.97483
1.96941
1.96921
1.98093
2.0007
2.01857
2.02811
2.0287
2.02329
2.01524
2.00587
1.99433
1.98077
1.9705
1.97182
1.98525
1.99858
1.9967
1.97387
1.93711
1.90148
1.88027
1.87613
1.88081
1.88293
1.87584
1.86066
1.84524
1.8392
1.84746
1.86809
1.89529
1.92324
1.94757
1.96493
1.9729
1.97167
1.96476
1.95688
1.95029
1.9437
1.93471
1.92297
1.91077
1.90127
1.89658
1.89698
1.90072
1.90386
1.90147
1.89062
1.87331
1.85657
1.84875
1.85508
1.87575
1.90628
1.93924
1.9666
1.98173
1.98048
1.96211
1.93043
1.89396
1.86285
1.84334
1.835
1.83347
1.8348
1.83739
1.84225
1.85234
1.87106
1.90037
1.93891
1.98165
2.02103
2.04915
2.0601
2.05215
2.02954
2.00185
1.97912
1.96568
1.95881
1.95283
1.94362
1.931
1.9186
1.91161
1.91295
1.9215
1.93375
1.94623
1.95619
1.96109
1.95839
1.94654
1.92681
1.90421
1.88612
1.87836
1.8814
1.89028
1.89846
1.90251
1.90378
1.90654
1.91454
1.92835
1.945
1.95977
1.96864
1.96994
1.96483
1.95685
1.95076
1.95055
1.95714
1.96709
1.97407
1.97276
1.96229
1.94707
1.93413
1.92844
1.92936
1.93166
1.93102
1.92987
1.93684
1.95717
1.98743
2.02173
2.05666
2.08885
2.11299
2.12508
2.12558
2.11836
2.10735
2.09416
2.0777
2.05543
2.02569
1.9898
1.95257
1.92053
1.89907
1.8899
1.88991
1.89278
1.89289
1.88915
1.88638
1.89193
1.90891
1.93243
1.9536
1.9656
1.96634
1.95815
1.94602
1.93494
1.92772
1.92453
1.92475
1.92934
1.94114
1.96221
1.99076
2.02097
2.04572
2.06004
2.06271
2.05596
2.04403
2.03141
2.02121
2.01396
2.00763
1.99965
1.98958
1.97965
1.97172
1.96487
1.95692
1.94719
1.93721
1.92922
1.92432
1.92142
1.91764
1.90991
1.89674
1.87947
1.86228
1.8504
1.84794
1.85713
1.8787
1.91135
1.95118
1.99305
2.03224
2.0648
2.08767
2.09937
2.10031
2.09223
2.07732
2.05776
2.03593
2.01418
1.9941
1.97595
1.95937
1.94452
1.93253
1.92518
1.92446
1.932
1.9483
1.97189
1.99971
2.0289
2.05772
2.08449
2.10675
2.12235
2.13071
2.13241
2.12816
2.11803
2.10141
2.07774
2.04753
2.01323
1.97927
1.95068
1.93036
1.91778
1.91066
1.90691
1.90506
1.90406
1.9025
1.89817
1.88967
1.87864
1.86959
1.86798
1.87828
1.90153
1.9338
1.96763
1.99474
2.00855
2.00571
1.98639
1.95351
1.91231
1.8713
1.84178
1.83282
1.84492
1.86961
1.89506
1.9118
1.91636
1.91158
1.90364
1.89804
1.8975
1.90251
1.91228
1.92495
1.93758
1.94652
1.9484
1.94144
1.92621
1.90576
1.8844
1.86659
1.8567
1.85912
1.87619
1.90539
1.93988
1.97297
2.00164
2.02613
2.047
2.0631
2.07121
2.06704
2.04745
2.01428
1.97651
1.946
1.93088
1.93419
1.95382
1.98116
2.00389
2.01238
2.00445
1.98607
1.96857
1.96305
1.97397
1.99714
2.02331
2.04377
2.05393
2.05369
2.04519
2.02946
2.00609
1.97665
1.94706
1.92398
1.90923
1.8995
1.89117
1.88458
1.88301
1.88773
1.89474
1.89617
1.88562
1.86193
1.82849
1.79228
1.76569
1.76431
1.79366
1.84148
1.88908
1.92512
1.94838
1.96383
1.97864
1.99796
2.01935
2.03391
2.03572
2.02603
2.00908
1.98897
1.96986
1.95585
1.94882
1.94725
1.94742
1.94637
1.9443
1.94388
1.94663
1.95054
1.95224
1.95033
1.9454
1.93846
1.93065
1.92276
1.91672
1.91833
1.93396
1.96258
1.99539
2.02307
2.04127
2.05042
2.05281
2.05019
2.0428
2.03007
2.01226
1.99195
1.97363
1.96144
1.95657
1.9572
1.96107
1.9679
1.97918
1.99539
2.01372
2.02873
2.0353
2.03076
2.01553
1.99255
1.9667
1.94385
1.92923
1.92535
1.93087
1.9425
1.95765
1.97503
1.99349
2.01142
2.02714
2.03917
2.04666
2.04944
2.04799
2.04317
2.03596
2.02674
2.01485
1.99961
1.98177
1.96347
1.94679
1.93242
1.91997
1.9092
1.90036
1.89337
1.88799
1.88588
1.89135
1.90695
1.92866
1.94882
1.96206
1.96682
1.96415
1.95621
1.94466
1.92917
1.90795
1.88049
1.85004
1.82251
1.8022
1.78895
1.78096
1.77892
1.78449
1.79574
1.80706
1.8148
1.82107
1.83041
1.84529
1.86725
1.89778
1.93517
1.97352
2.00546
2.02498
2.02891
2.01777
1.99572
1.96892
1.94304
1.92141
1.90475
1.89293
1.8866
1.88675
1.89208
1.89812
1.90016
1.89768
1.89543
1.9003
1.91657
1.94336
1.97582
2.00814
2.03658
2.06077
2.08149
2.09711
2.10422
2.10174
2.09274
2.08294
2.07755
2.07853
2.08368
2.08771
2.08485
2.07224
2.0531
2.03604
2.02714
2.02313
2.01597
2.00139
1.98131
1.96131
1.94671
1.9393
1.9374
1.93862
1.94209
1.94817
1.95726
1.9696
1.98588
2.00692
2.03183
2.05719
2.07948
2.09713
2.10864
2.1097
2.09448
2.0621
2.02281
1.99245
1.97752
1.97316
1.97389
1.97755
1.9829
1.98819
1.99179
1.99343
1.9942
1.99349
1.98751
1.97342
1.95373
1.93528
1.92456
1.92412
1.93244
1.94613
1.96193
1.9768
1.98754
1.99157
1.98882
1.98363
1.98397
1.99587
2.017
2.03742
2.0466
2.03904
2.01573
1.98216
1.94451
1.90678
1.87186
1.84478
1.83259
1.83902
1.85969
1.88469
1.90537
1.91775
1.92187
1.92087
1.91966
1.92218
1.92983
1.94302
1.96189
1.9855
2.01211
2.03975
2.06638
2.09
2.10864
2.12005
2.12183
2.1127
2.09359
2.0682
2.04126
2.01546
1.99023
1.96421
1.93873
1.91849
1.9088
1.91127
1.92219
1.93562
1.94687
1.95281
1.95145
1.94227
1.92573
1.90292
1.87622
1.84967
1.8279
1.8139
1.80769
1.80673
1.80843
1.81277
1.82249
1.84026
1.86576
1.89638
1.92925
1.96091
1.98654
2.00163
2.00488
1.99932
1.99099
1.9862
1.98893
1.99987
2.01667
2.03483
2.04933
2.0563
2.05394
2.04259
2.02433
2.00266
1.98169
1.96526
1.9565
1.95687
1.96408
1.9711
1.96957
1.95738
1.94581
1.95182
1.97415
1.99344
1.99672
1.98532
1.96814
1.95425
1.9479
1.94718
1.94657
1.94075
1.92634
1.90259
1.87189
1.84073
1.81972
1.81898
1.83927
1.86935
1.89491
1.90956
1.91785
1.92866
1.94465
1.96085
1.97289
1.98176
1.99076
2.00035
2.00743
2.00866
2.00252
1.98933
1.97085
1.95079
1.93454
1.92673
1.92822
1.93727
1.95292
1.97521
2.00229
2.02913
2.05009
2.06284
2.06925
2.07231
2.07337
2.07274
2.07055
2.06474
2.04982
2.0197
1.97193
1.91043
1.84693
1.79967
1.78535
1.80591
1.8445
1.87805
1.89163
1.88181
1.85306
1.81353
1.77213
1.73595
1.70834
1.68966
1.68067
1.68385
1.70049
1.72737
1.75747
1.78401
1.80373
1.81739
1.82794
1.83882
1.85325
1.87383
1.90167
1.93535
1.97066
2.0016
2.02265
2.03166
2.03143
2.02837
2.02816
2.03179
2.03524
2.03285
2.02101
2.00019
1.97468
1.95009
1.92973
1.91205
1.89107
1.86015
1.81815
1.77414
1.74447
1.74079
1.76109
1.79541
1.83637
1.88115
1.92709
1.96922
2.00138
2.01897
2.02107
2.01037
1.99088
1.96614
1.94014
1.91933
1.91209
1.92362
1.95098
1.98543
2.01923
2.04833
2.0707
2.08487
2.09024
2.08748
2.07789
2.06246
2.04213
2.01884
1.99573
1.97628
1.96327
1.95849
1.9629
1.97643
1.99701
2.01989
2.03886
2.04869
2.04638
2.0314
2.00644
1.97802
1.95467
1.94128
1.93499
1.92862
1.91745
1.90283
1.89127
1.89075
1.90566
1.93316
1.96429
1.9893
2.00276
2.00462
1.99796
1.98661
1.97459
1.96622
1.9649
1.97112
1.98202
1.99284
1.99941
2.00061
1.99866
1.99625
1.99306
1.98663
1.97567
1.96057
1.94198
1.91988
1.89396
1.86593
1.84037
1.82303
1.81785
1.82468
1.83857
1.85161
1.85633
1.84898
1.83119
1.80935
1.79282
1.79145
1.81141
1.85032
1.89618
1.93454
1.95823
1.96867
1.97009
1.96589
1.95902
1.95263
1.94862
1.94587
1.94125
1.93232
1.91923
1.90455
1.89183
1.88438
1.88454
1.89293
1.90781
1.92517
1.94046
1.95072
1.95633
1.96152
1.97222
1.99192
2.01891
2.04728
2.06996
2.08103
2.077
2.05807
2.02922
1.99837
1.97026
1.94253
1.9094
1.86742
1.82034
1.78765
1.79662
1.84367
1.89754
1.93936
1.9671
1.98297
1.98805
1.98261
1.96754
1.94425
1.91376
1.87753
1.8393
1.80388
1.77353
1.74836
1.73122
1.72951
1.74881
1.78554
1.82908
1.86926
1.89927
1.91463
1.91298
1.89579
1.86984
1.84575
1.83358
1.83792
1.85679
1.8841
1.91261
1.93611
1.95091
1.95669
1.95615
1.95341
1.95181
1.95212
1.95217
1.94765
1.93398
1.90888
1.87476
1.83854
1.80814
1.78832
1.78007
1.78313
1.79769
1.82362
1.85875
1.89862
1.93767
1.97065
1.99341
2.00354
2.00123
1.98961
1.97402
1.96075
1.95603
1.96505
1.99012
2.02907
2.07588
2.12277
2.16186
2.18622
2.19092
2.17382
2.13621
2.08338
2.02496
1.97367
1.94145
1.934
1.94783
1.97186
1.99371
2.0067
2.01114
2.01039
2.00827
2.00831
2.00951
2.00692
2.00101
2.00094
2.01236
2.0278
2.03508
2.02659
1.99934
1.95307
1.89085
1.82225
1.76495
1.7353
1.73378
1.74681
1.76007
1.76549
1.76268
1.75781
1.76053
1.77857
1.81278
1.85639
1.89914
1.93244
1.95278
1.9624
1.96779
1.97679
1.99517
2.02403
2.05902
2.09214
2.1149
2.12135
2.10978
2.08297
2.04759
2.01282
1.98624
1.96916
1.95769
1.94785
1.93729
1.92411
1.90734
1.88939
1.87711
1.87882
1.898
1.92923
1.96145
1.9852
1.9966
1.99731
1.9924
1.98755
1.98664
1.99086
1.99884
2.00773
2.01496
2.01948
2.02152
2.02119
2.01736
2.00842
1.99432
1.97899
1.97073
1.97727
1.99713
2.0192
2.03296
2.03515
2.02805
2.01549
2.00064
1.98564
1.97198
1.96028
1.95063
1.94384
1.94146
1.94393
1.94935
1.95486
1.95871
1.96076
1.96153
1.96185
1.9628
1.96513
1.96876
1.9738
1.98152
1.99391
2.01214
2.0357
2.06272
2.09081
2.11714
2.1381
2.14968
2.14895
2.13549
2.11161
2.08154
2.05026
2.02191
1.99813
1.97792
1.96057
1.94789
1.94274
1.94532
1.9524
1.96011
1.96619
1.96998
1.9714
1.96989
1.96411
1.95341
1.93883
1.9226
1.90822
1.90034
1.90186
1.91124
1.92357
1.93446
1.94226
1.9474
1.95077
1.95364
1.95894
1.97142
1.99395
2.02241
2.04652
2.05632
2.04651
2.01724
1.97365
1.92448
1.87966
1.84813
1.83785
1.8533
1.88829
1.92688
1.95514
1.96913
1.97384
1.97715
1.98301
1.98943
1.99321
1.99474
1.99748
2.00452
2.0161
2.02941
2.04028
2.04535
2.04315
2.03374
2.01837
1.99984
1.98279
1.97254
1.97231
1.98104
1.99444
2.00792
2.01877
2.02598
2.02876
2.02588
2.01674
2.00271
1.98681
1.97164
1.95817
1.9465
1.93727
1.93227
1.93436
1.94632
1.96771
1.9938
2.01918
2.04079
2.05693
2.06495
2.06117
2.04318
2.01241
1.97518
1.94196
1.92369
1.92527
1.94215
1.96426
1.98235
1.99126
1.99055
1.98367
1.97634
1.97416
1.98041
1.99473
2.01367
2.0325
2.04715
2.05516
2.05566
2.04926
2.03816
2.02639
2.01878
2.01913
2.02859
2.04539
2.06511
2.08176
2.08882
2.08083
2.0553
2.01428
1.96395
1.91287
1.87067
1.84619
1.84384
1.86043
1.88585
1.90719
1.91443
1.90402
1.87973
1.85182
1.83382
1.83602
1.85947
1.89708
1.93998
1.98104
2.01488
2.0373
2.0453
2.0374
2.01524
1.98573
1.95985
1.94599
1.94458
1.95027
1.95644
1.95758
1.95075
1.9364
1.91861
1.90428
1.90132
1.91464
1.94246
1.97654
2.00647
2.02445
2.02774
2.01875
2.00412
1.99287
1.99261
2.00551
2.02723
2.04995
2.06712
2.07594
2.07665
2.07029
2.05787
2.04166
2.02616
2.01751
2.0213
2.04013
2.07191
2.10979
2.14425
2.16617
2.16903
2.14991
2.10999
2.05397
1.98855
1.91998
1.85489
1.805
1.78673
1.80861
1.86246
1.93144
1.99995
2.05545
2.0886
2.09456
2.07384
2.03288
1.98301
1.93657
1.90193
1.88206
1.87694
1.88545
1.90527
1.93174
1.95786
1.97624
1.98167
1.97284
1.95274
1.92764
1.90431
1.88718
1.87796
1.87679
1.88287
1.89539
1.91444
1.93984
1.96908
1.99728
2.01941
2.03227
2.03443
2.02544
2.00562
1.97696
1.94403
1.91252
1.88703
1.87046
1.86429
1.86781
1.87946
1.89972
1.93049
1.97048
2.01265
2.04664
2.06312
2.05695
2.0303
1.99439
1.96483
1.9515
1.95447
1.96856
1.98781
2.00747
2.02422
2.03548
2.03889
2.03283
2.01727
1.99435
1.96911
1.94972
1.94449
1.95619
1.98042
2.00911
2.03456
2.05021
2.05053
2.03341
2.00507
1.97906
1.96402
1.95779
1.95555
1.9545
1.95212
1.94593
1.93522
1.92202
1.91056
1.90513
1.90724
1.91418
1.92045
1.92173
1.91765
1.91066
1.90275
1.89405
1.88466
1.8757
1.86786
1.8601
1.85135
1.84287
1.83733
1.83626
1.83902
1.84341
1.84736
1.85053
1.85486
1.86355
1.87882
1.90059
1.92707
1.95659
1.9883
2.02076
2.05026
2.07093
2.07705
2.06533
2.03607
1.99355
1.94506
1.89825
1.85778
1.82392
1.79494
1.76993
1.74952
1.7353
1.72916
1.7323
1.7441
1.76281
1.78599
1.80978
1.83045
1.84744
1.86341
1.88141
1.90263
1.9262
1.95024
1.97278
1.99159
2.00409
2.00897
2.00857
2.00773
2.00878
2.0096
2.00719
2.00104
1.99348
1.98763
1.98429
1.98066
1.97239
1.95681
1.93456
1.90931
1.88611
1.86908
1.86009
1.85908
1.86509
1.87653
1.89021
1.90098
1.90433
1.90187
1.90309
1.91507
1.93109
1.93771
1.92827
1.90541
1.8765
1.8491
1.8281
1.8145
1.8063
1.80106
1.79811
1.79871
1.80462
1.81668
1.83373
1.85258
1.8696
1.88298
1.8936
1.90347
1.91344
1.92237
1.92744
1.92576
1.91669
1.90312
1.88971
1.88004
1.87576
1.87763
1.88566
1.89827
1.91176
1.92136
1.92367
1.9197
1.91511
1.91448
1.91536
1.91121
1.89833
1.87854
1.85788
1.84408
1.84289
1.85436
1.87247
1.88914
1.89821
1.8968
1.88559
1.86859
1.85147
1.83857
1.83126
1.82881
1.82972
1.83244
1.8357
1.8389
1.84184
1.84385
1.84295
1.83661
1.82393
1.8081
1.79646
1.79672
1.81088
1.8322
1.8479
1.84634
1.8266
1.80497
1.80131
1.81421
1.82799
1.8341
1.83266
1.82669
1.82043
1.81909
1.82718
1.84541
1.86998
1.89537
1.91692
1.93148
1.93773
1.93637
1.92952
1.91989
1.91034
1.90394
1.90394
1.91309
1.93297
1.96375
2.00447
2.05232
2.10193
2.14645
2.17968
2.19756
2.19884
2.18518
2.16069
2.13066
2.09961
2.06993
2.04221
2.01681
1.99516
1.98007
1.97447
1.97848
1.98704
1.99156
1.98492
1.96716
1.94737
1.93473
1.92633
1.91334
1.89522
1.88068
1.87754
1.88508
1.89718
1.90906
1.91924
1.92811
1.93651
1.94467
1.95165
1.95545
1.95397
1.94655
1.9356
1.92669
1.92541
1.9335
1.94812
1.96273
1.96907
1.96145
1.94041
1.91277
1.8885
1.87632
1.88118
1.90428
1.94322
1.99083
2.03546
2.06496
2.0715
2.05409
2.01847
1.97542
1.93663
1.90951
1.89548
1.89254
1.89749
1.90601
1.91314
1.91402
1.90525
1.88655
1.86231
1.84145
1.8341
1.84591
1.87386
1.90764
1.93536
1.94865
1.94524
1.92901
1.90821
1.89163
1.88422
1.88577
1.89333
1.90369
1.91335
1.91801
1.91389
1.90003
1.87999
1.86154
1.85275
1.85746
1.87394
1.89696
1.91979
1.93695
1.94694
1.95276
1.95879
1.96687
1.97603
1.9851
1.99438
2.00452
2.0153
2.02552
2.03391
2.03966
2.04249
2.0424
2.0386
2.0288
2.01017
1.98315
1.95504
1.93788
1.93946
1.95634
1.97778
1.99522
2.00666
2.01487
2.02405
2.03675
2.05161
2.0629
2.06316
2.04713
2.0146
1.97129
1.92852
1.90025
1.89553
1.91173
1.93702
1.95747
1.96342
1.95277
1.92989
1.90197
1.87532
1.8532
1.83568
1.82141
1.8119
1.81522
1.83969
1.88006
1.92053
1.94979
1.96567
1.9714
1.97172
1.97031
1.9687
1.96696
1.96564
1.96728
1.97537
1.99154
2.01401
2.03747
2.05303
2.05145
2.02829
1.98609
1.93222
1.87574
1.82512
1.7867
1.76243
1.74878
1.74052
1.7367
1.74163
1.75975
1.79053
1.82787
1.86303
1.88786
1.89682
1.88784
1.86323
1.83034
1.7999
1.78091
1.77582
1.78195
1.79652
1.81873
1.84853
1.88497
1.92516
1.96439
1.99734
2.01969
2.02908
2.02548
2.01089
1.98871
1.96264
1.93582
1.91131
1.89296
1.88486
1.88919
1.90483
1.92811
1.95445
1.9796
2.0006
2.01723
2.03242
2.05005
2.07052
2.08892
2.09783
2.09198
2.07075
2.03811
2.0008
1.96563
1.93772
1.92046
1.91601
1.92499
1.94536
1.97219
1.99979
2.02467
2.04601
2.06357
2.07516
2.07632
2.06312
2.03594
2.00141
1.97009
1.95029
1.94362
1.94633
1.95347
1.96076
1.96368
1.95708
1.93695
1.90357
1.86382
1.83048
1.81459
1.81466
1.81898
1.82057
1.82347
1.83397
1.84997
1.86338
1.86923
1.86838
1.86469
1.86211
1.86314
1.86833
1.87628
1.88419
1.88919
1.89021
1.88923
1.88967
1.89255
1.89528
1.89419
1.88747
1.87546
1.85968
1.84339
1.83234
1.83252
1.84582
1.86844
1.89317
1.91293
1.92339
1.92417
1.91828
1.90952
1.89995
1.89013
1.8821
1.8812
1.89265
1.91483
1.93837
1.95361
1.95762
1.95511
1.95463
1.96239
1.97632
1.98672
1.98417
1.96612
1.93829
1.91148
1.89527
1.8932
1.90405
1.92524
1.95295
1.98101
2.00207
2.0104
2.00406
1.985
1.9579
1.92809
1.90037
1.87848
1.8648
1.85962
1.86129
1.86794
1.8784
1.89094
1.90183
1.90683
1.90433
1.89694
1.88875
1.88029
1.86826
1.85049
1.82925
1.81012
1.7992
1.80033
1.81371
1.83648
1.86509
1.89735
1.93238
1.96854
2.00257
2.0307
2.05034
2.06062
2.06202
2.05506
2.0397
2.017
1.99181
1.97246
1.96522
1.96852
1.97475
1.97838
1.98127
1.98999
2.00874
2.03476
2.06037
2.07736
2.07904
2.06076
2.02228
1.97144
1.92618
1.90833
1.92778
1.97373
2.02531
2.06727
2.09524
2.11169
2.11987
2.12088
2.11425
2.10026
2.08091
2.05926
2.03892
2.02413
2.01857
2.02291
2.03276
2.03981
2.03592
2.01686
1.98331
1.94006
1.89456
1.85489
1.82815
1.81889
1.82633
1.84324
1.8607
1.87468
1.88762
1.90495
1.93035
1.96348
2.00116
2.03927
2.07393
2.10218
2.12243
2.13393
2.13543
2.12489
2.10166
2.06996
2.03858
2.01479
1.99916
1.98721
1.97442
1.95995
1.94857
1.94763
1.95858
1.97418
1.98521
1.98705
1.98099
1.97226
1.96656
1.96611
1.96763
1.96436
1.95099
1.92706
1.89603
1.86321
1.83491
1.81675
1.81147
1.81918
1.83952
1.87259
1.91775
1.97196
2.02947
2.08293
2.12525
2.15099
2.15689
2.14214
2.10863
2.06173
2.01128
1.9704
1.95006
1.95164
1.96476
1.97449
1.97126
1.95497
1.93217
1.91098
1.89802
1.89624
1.90311
1.91229
1.91847
1.92048
1.92062
1.92211
1.92652
1.9326
1.93758
1.94025
1.94268
1.94848
1.95928
1.97383
1.99043
2.00916
2.03171
2.0586
2.0864
2.10863
2.11937
2.11619
2.10085
2.07874
2.0572
2.04225
2.03442
2.02756
2.01298
1.98548
1.94657
1.90281
1.86152
1.8275
1.80189
1.78239
1.7653
1.74814
1.73233
1.72329
1.72523
1.7379
1.76107
1.79597
1.83947
1.88212
1.91451
1.93408
1.94481
1.95062
1.95078
1.94212
1.92269
1.89282
1.85456
1.81153
1.76905
1.73376
1.71216
1.70849
1.72339
1.754
1.79478
1.83779
1.87379
1.89474
1.89658
1.88062
1.85265
1.82044
1.79139
1.77093
1.76164
1.76317
1.773
1.78774
1.80408
1.81944
1.83278
1.84601
1.86399
1.89017
1.92183
1.95153
1.97307
1.98579
1.99475
2.00726
2.02686
2.0506
2.07292
2.09129
2.10658
2.1193
2.12716
2.12713
2.11823
2.10133
2.07701
2.04478
2.00484
1.96043
1.91792
1.88405
1.86247
1.85278
1.85242
1.85891
1.86974
1.88063
1.88562
1.88036
1.86576
1.84795
1.83431
1.82906
1.8313
1.83637
1.83939
1.83943
1.84033
1.84635
1.8577
1.87276
1.8914
1.91357
1.93751
1.96154
1.98569
2.01034
2.03403
2.05328
2.06408
2.06363
2.05106
2.0275
1.99612
1.96152
1.92779
1.89627
1.86601
1.83674
1.81041
1.78999
1.77759
1.77321
1.77463
1.77823
1.78101
1.78227
1.78287
1.78381
1.78661
1.79403
1.80851
1.82926
1.85113
1.86695
1.87211
1.86827
1.86326
1.86468
1.87242
1.88037
1.88617
1.89516
1.912
1.93264
1.94847
1.95488
1.95373
1.95055
1.951
1.95819
1.97143
1.98711
2.00109
2.01033
2.01266
2.00606
1.9907
1.97435
1.97307
1.99601
2.03308
2.06792
2.09204
2.10394
2.10412
2.09269
2.06937
2.03504
1.99397
1.95375
1.92217
1.90381
1.89857
1.90214
1.90925
1.91629
1.92031
1.91787
1.90608
1.88479
1.85902
1.83848
1.83145
1.83848
1.85518
1.8779
1.90379
1.92771
1.94135
1.93609
1.90857
1.86678
1.82898
1.81027
1.81336
1.83703
1.88113
1.94004
2.00071
2.05
2.08031
2.08953
2.07865
2.05005
2.00741
1.95668
1.90688
1.86883
1.85102
1.85506
1.87514
1.90175
1.92622
1.94358
1.95285
1.95573
1.95471
1.95161
1.94695
1.94068
1.93315
1.92513
1.91653
1.90625
1.89405
1.88134
1.87053
1.86486
1.86738
1.87754
1.88986
1.89885
1.90367
1.9069
1.90974
1.91045
1.90682
1.89904
1.89052
1.88726
1.8956
1.91843
1.95241
1.98938
2.02089
2.0418
2.05122
2.05148
2.04682
2.04238
2.04246
2.0478
2.05416
2.05448
2.04533
2.03463
2.03872
2.06249
2.09104
2.1066
2.10054
2.07223
2.02585
1.96919
1.91319
1.87019
1.85021
1.85586
1.87998
1.90854
1.92781
1.93086
1.92083
1.90965
1.90981
1.92205
1.93358
1.93063
1.90926
1.87604
1.84274
1.82009
1.81311
1.8202
1.8355
1.85295
1.86927
1.88414
1.8995
1.91939
1.94726
1.98071
2.01191
2.03423
2.04587
2.04837
2.0441
2.03508
2.02334
2.01148
2.00236
1.99739
1.99547
1.99397
1.99084
1.98588
1.98057
1.97708
1.97719
1.98116
1.98749
1.9943
2.00123
2.00928
2.01842
2.02659
2.0319
2.03528
2.04046
2.05123
2.06855
2.08904
2.10571
2.11098
2.09954
2.06988
2.02435
1.9693
1.91504
1.8751
1.86192
1.87958
1.92087
1.97198
2.01913
2.05301
2.07045
2.07378
2.06802
2.05753
2.04404
2.02731
2.00738
1.98584
1.96505
1.94656
1.93132
1.92118
1.91909
1.92711
1.94393
1.96465
1.98413
2.00053
2.01531
2.03085
2.04783
2.06453
2.07801
2.086
2.08814
2.08588
2.08177
2.0787
2.07811
2.07775
2.07199
2.05571
2.02894
1.99827
1.97193
1.95238
1.93636
1.92076
1.9059
1.89414
1.88737
1.88551
1.88679
1.88908
1.89106
1.89274
1.89566
1.90296
1.91846
1.94445
1.97927
2.01725
2.05099
2.07416
2.08305
2.07676
2.05657
2.02527
1.9871
1.94892
1.91926
1.90324
1.89874
1.89931
1.89983
1.89884
1.89732
1.89711
1.89958
1.90373
1.90677
1.90719
1.90598
1.90523
1.90674
1.91127
1.91798
1.92452
1.92793
1.92607
1.91859
1.90715
1.8949
1.88541
1.88172
1.88572
1.89789
1.9172
1.94117
1.96613
1.98787
2.00273
2.00859
2.00519
1.99355
1.9749
1.95059
1.92404
1.90301
1.89655
1.90648
1.92503
1.94304
1.9565
1.96559
1.97108
1.97274
1.9695
1.96011
1.94384
1.92122
1.89412
1.86498
1.83685
1.81493
1.80693
1.81914
1.85148
1.8968
1.94463
1.98504
2.01025
2.0154
1.99903
1.96288
1.91086
1.84938
1.78883
1.74204
1.71801
1.71762
1.73621
1.76789
1.80624
1.84308
1.86913
1.87749
1.86822
1.84988
1.83446
1.82889
1.83468
1.85469
1.89073
1.93455
1.97358
2.00224
2.02217
2.03693
2.04851
2.05703
2.06153
2.06152
2.05871
2.0566
2.05589
2.05093
2.03351
1.99998
1.95443
1.90665
1.86842
1.85058
1.85825
1.88529
1.91683
1.93888
1.94393
1.93022
1.90054
1.86285
1.83025
1.81501
1.8178
1.82596
1.82568
1.81247
1.79236
1.77843
1.78272
1.80605
1.83787
1.86657
1.88713
1.90144
1.91472
1.93099
1.95111
1.9753
2.00438
2.03589
2.06175
2.07216
2.06065
2.02573
1.97198
1.91225
1.86468
1.8405
1.83758
1.84951
1.87409
1.912
1.96224
2.01926
2.07374
2.11677
2.14364
2.15379
2.14761
2.12554
2.09016
2.04602
1.99692
1.94561
1.89642
1.85594
1.82905
1.81469
1.80635
1.79727
1.7867
1.78286
1.79677
1.83056
1.8732
1.90827
1.92434
1.92
1.90292
1.8859
1.88092
1.89242
1.9155
1.94118
1.95969
1.96111
1.93879
1.89463
1.84057
1.79345
1.76503
1.75593
1.75887
1.76684
1.77814
1.79551
1.8221
1.85827
1.90083
1.94494
1.98618
2.0209
2.04606
2.05953
2.0602
2.04793
2.02301
1.98713
1.94573
1.90848
1.88407
1.87292
1.86735
1.85956
1.84698
1.83137
1.81615
1.80546
1.80331
1.81166
1.82945
1.8537
1.88121
1.90945
1.93622
1.95884
1.97436
1.98063
1.97763
1.96796
1.95658
1.94884
1.94736
1.94992
1.95148
1.94866
1.94258
1.9382
1.94168
1.95716
1.98391
2.01558
2.04269
2.05739
2.0567
2.04282
2.02075
1.99504
1.96726
1.93586
1.89806
1.85293
1.80397
1.75927
1.72772
1.71333
1.71279
1.71916
1.72698
1.73313
1.73427
1.7273
1.71432
1.70528
1.71251
1.74136
1.78609
1.83585
1.88432
1.93063
1.97141
1.99956
2.00921
1.99769
1.96724
1.92659
1.88803
1.85972
1.84075
1.82531
1.81029
1.79781
1.79263
1.79852
1.81629
1.84355
1.87537
1.90557
1.92867
1.94197
1.9464
1.94573
1.94398
1.94316
1.94345
1.94524
1.95072
1.96179
1.97614
1.98687
1.9868
1.9732
1.94942
1.9232
1.90238
1.8906
1.88728
1.89093
1.89992
1.91048
1.91767
1.91854
1.91326
1.90412
1.89377
1.88392
1.87525
1.86833
1.86435
1.86442
1.86812
1.87379
1.88106
1.89247
1.91194
1.94093
1.97643
2.01248
2.04322
2.06537
2.07848
2.08306
2.0784
2.06267
2.03507
1.99778
1.95662
1.9205
1.89904
1.89785
1.91514
1.94294
1.97166
1.99443
2.00841
2.01382
2.01308
2.01059
2.01065
2.01452
2.01986
2.02242
2.01807
2.00393
1.97893
1.94467
1.90688
1.87539
1.8603
1.86545
1.8855
1.91028
1.93123
1.94423
1.94819
1.94261
1.92623
1.89827
1.86306
1.83476
1.83049
1.85202
1.88602
1.92067
1.95076
1.97428
1.99099
2.00244
2.01082
2.01714
2.02014
2.01652
2.00259
1.97681
1.94269
1.90972
1.88804
1.88038
1.88197
1.88705
1.89205
1.89567
1.89821
1.8998
1.89823
1.88933
1.87072
1.84564
1.8232
1.81211
1.813
1.82014
1.83207
1.85327
1.88182
1.90598
1.91483
1.90447
1.87668
1.83719
1.7955
1.76374
1.75044
1.75377
1.76523
1.77951
1.79721
1.82041
1.84822
1.87623
1.89901
1.91262
1.916
1.91152
1.90448
1.90059
1.90128
1.90104
1.89109
1.86636
1.82917
1.78831
1.75435
1.73577
1.73903
1.76442
1.80021
1.82991
1.84395
1.84149
1.82663
1.80591
1.78693
1.7766
1.7792
1.79531
1.82229
1.85587
1.89153
1.9249
1.95177
1.96814
1.97102
1.96
1.93885
1.91555
1.89828
1.89005
1.88828
1.88798
1.88267
1.86503
1.83085
1.78475
1.74104
1.71418
1.70751
1.71524
1.73126
1.75214
1.77518
1.79694
1.81365
1.8229
1.8251
1.82315
1.82071
1.82106
1.82705
1.84071
1.86154
1.88579
1.90797
1.923
1.92798
1.92326
1.9128
1.9041
1.90727
1.93048
1.9705
2.0107
2.03329
2.02911
1.99822
1.94767
1.88925
1.83559
1.79588
1.77423
1.77077
1.78264
1.80434
1.82889
1.85022
1.86527
1.87442
1.87978
1.88248
1.88135
1.87469
1.86263
1.84737
1.83239
1.82215
1.82056
1.82781
1.84003
1.85255
1.86263
1.86991
1.87565
1.88112
1.88624
1.889
1.88598
1.87377
1.85135
1.82266
1.79694
1.78507
1.79343
1.82026
1.85714
1.89258
1.91535
1.91875
1.90494
1.88495
1.87044
1.86334
1.85716
1.8478
1.83934
1.83981
1.85276
1.8735
1.89293
1.90384
1.90444
1.89785
1.88881
1.88035
1.87328
1.86964
1.8746
1.89234
1.92111
1.95403
1.98384
2.00579
2.01845
2.02254
2.01848
2.00475
1.97905
1.94172
1.8979
1.85642
1.82606
1.81176
1.81448
1.83421
1.87071
1.91984
1.97156
2.01493
2.04383
2.05809
2.0609
2.05577
2.04482
2.02851
2.00702
1.98249
1.9602
1.94625
1.94333
1.94817
1.95278
1.94892
1.93405
1.91457
1.90023
1.89331
1.88797
1.87913
1.86729
1.8569
1.85283
1.8573
1.86993
1.88913
1.91248
1.93666
1.95958
1.98246
2.00849
2.0386
2.06929
2.09461
2.10949
2.11131
2.09963
2.07566
2.04176
2.00141
1.95888
1.9184
1.88313
1.85501
1.83531
1.8243
1.82093
1.82338
1.83006
1.84031
1.85416
1.87166
1.89224
1.9147
1.93725
1.95782
1.97435
1.98505
1.98866
1.98497
1.97567
1.96455
1.95615
1.95291
1.95383
1.9563
1.95866
1.96071
1.96236
1.96246
1.95883
1.94953
1.93443
1.91644
1.90112
1.89419
1.89824
1.9125
1.93541
1.9646
1.9939
2.01516
2.02483
2.02697
2.0305
2.04415
2.07162
2.10927
2.14893
2.18327
2.2083
2.22231
2.22394
2.21164
2.18476
2.14471
2.09563
2.04394
1.99687
1.96021
1.93644
1.92486
1.9229
1.9279
1.93791
1.95157
1.96764
1.98549
2.00462
2.02322
2.03789
2.04526
2.04358
2.03336
2.01766
2.00116
1.98781
1.98003
1.97894
1.98346
1.98958
1.99288
1.99152
1.98592
1.97555
1.95702
1.92602
1.88192
1.83098
1.78506
1.75582
1.74959
1.76687
1.8031
1.84833
1.89005
1.91925
1.93395
1.93635
1.92782
1.90876
1.88158
1.85249
1.83159
1.82847
1.84243
1.86158
1.87389
1.87411
1.86327
1.84654
1.8307
1.82052
1.81646
1.81614
1.81722
1.81809
1.81884
1.82264
1.83383
1.85391
1.88136
1.91457
1.95217
1.99066
2.02361
2.04381
2.04661
2.03247
2.00792
1.98466
1.97475
1.98352
2.00728
2.03808
2.0686
2.09336
2.10841
2.11143
2.10222
2.08283
2.05697
2.02904
2.00298
1.98123
1.96481
1.95389
1.94779
1.94446
1.94117
1.93739
1.93659
1.94346
1.95886
1.97862
1.99639
2.0071
2.00899
2.00393
1.99563
1.98659
1.97676
1.96523
1.95244
1.941
1.93479
1.93702
1.94919
1.97111
2.00061
2.03361
2.06541
2.09297
2.11529
2.13167
2.14028
2.13941
2.12967
2.11392
2.09529
2.07592
2.05735
2.0412
2.02849
2.01854
2.0094
1.99979
1.9911
1.98695
1.9899
1.99875
2.00931
2.01723
2.01993
2.01695
2.00983
2.00205
1.99816
2.00081
2.00788
2.01357
2.01264
2.00342
1.98734
1.96616
1.94096
1.91437
1.89296
1.88466
1.89225
1.91017
1.92826
1.93817
1.93685
1.92596
1.90956
1.89152
1.87366
1.85633
1.84023
1.82707
1.81921
1.81987
1.83266
1.85875
1.89412
1.93111
1.96327
1.98894
2.0107
2.03129
2.04992
2.06296
2.06793
2.06556
2.05934
2.05375
2.05212
2.0543
2.05589
2.05026
2.03184
1.9989
1.95493
1.90873
1.87224
1.85546
1.8611
1.88429
1.91645
1.94894
1.97536
1.99266
2.00047
1.99936
1.98984
1.973
1.95121
1.92792
1.90735
1.89401
1.89232
1.90568
1.93373
1.96995
2.00403
2.02715
2.0355
2.03104
2.01955
2.00703
1.99593
1.98371
1.9658
1.94188
1.9197
1.91116
1.92253
1.94955
1.98206
2.01037
2.02758
2.02993
2.01716
1.99254
1.96142
1.9285
1.89639
1.86648
1.84063
1.82155
1.81168
1.81156
1.81894
1.82962
1.83977
1.84794
1.85532
1.86395
1.87444
1.88495
1.89227
1.89353
1.88729
1.87391
1.85585
1.83775
1.82478
1.81965
1.82201
1.83096
1.84717
1.87155
1.90299
1.93831
1.97386
2.00649
2.03371
2.05381
2.06598
2.06991
2.06529
2.05232
2.03231
2.00725
1.9789
1.94908
1.92011
1.8945
1.87465
1.86237
1.8578
1.86035
1.87038
1.8857
1.90038
1.9099
1.91489
1.92036
1.93263
1.95538
1.98661
2.01915
2.04483
2.05816
2.05723
2.04298
2.01832
1.98765
1.95608
1.92795
1.90566
1.88934
1.87751
1.8688
1.86354
1.86347
1.86998
1.88269
1.89892
1.91432
1.92489
1.92911
1.92821
1.92416
1.91812
1.91193
1.91133
1.92391
1.95112
1.98401
2.00875
2.01466
1.9978
1.96057
1.9111
1.86282
1.83062
1.82124
1.82695
1.83347
1.83345
1.83053
1.83278
1.8441
1.86271
1.88521
1.90833
1.92806
1.93959
1.93845
1.92178
1.88898
1.84268
1.79078
1.74732
1.72765
1.73831
1.77279
1.81803
1.86243
1.89834
1.92184
1.9324
1.93207
1.92348
1.90859
1.88976
1.87124
1.85748
1.8496
1.84512
1.84163
1.8394
1.83991
1.84302
1.84659
1.84866
1.84832
1.84435
1.83483
1.81956
1.80306
1.79485
1.80462
1.83469
1.87726
1.92003
1.95346
1.9735
1.98038
1.97672
1.9664
1.95363
1.9422
1.93477
1.93256
1.93547
1.94245
1.95167
1.96093
1.96823
1.97262
1.9745
1.97503
1.97554
1.97772
1.98436
1.997
2.01107
2.0165
2.00538
1.97817
1.94474
1.92031
1.91509
1.92632
1.94305
1.95605
1.96111
1.95674
1.94202
1.91669
1.88262
1.84432
1.80836
1.78285
1.7751
1.78678
1.81237
1.84398
1.87534
1.90215
1.92186
1.93417
1.94091
1.94461
1.94678
1.94733
1.94575
1.94295
1.9417
1.94434
1.95006
1.95604
1.95976
1.95768
1.94437
1.91778
1.88521
1.86016
1.84932
1.84797
1.84997
1.85391
1.85972
1.86535
1.86824
1.86862
1.87057
1.87949
1.89773
1.92269
1.94868
1.96986
1.98134
1.97935
1.9623
1.93223
1.89489
1.85854
1.83261
1.82443
1.83522
1.86004
1.89035
1.91703
1.93329
1.93714
1.93212
1.92538
1.92372
1.92994
1.94158
1.95245
1.95625
1.95019
1.93689
1.9229
1.91482
1.91614
1.92695
1.94545
1.96882
1.99207
2.00661
2.00203
1.97205
1.92017
1.85951
1.80736
1.77773
1.77247
1.78114
1.79502
1.81497
1.84406
1.8803
1.91881
1.956
1.98936
2.01634
2.03509
2.04499
2.04608
2.03943
2.02863
2.01905
2.01352
2.00978
2.0034
1.99138
1.97327
1.95076
1.92754
1.90875
1.89801
1.89319
1.88626
1.86946
1.84283
1.81609
1.80174
1.80566
1.82467
1.84982
1.87144
1.88386
1.88647
1.88202
1.87537
1.87258
1.8791
1.89746
1.92618
1.96037
1.99348
2.01953
2.03475
2.03813
2.03074
2.01481
1.99346
1.9717
1.95659
1.95373
1.96208
1.97361
1.97853
1.97088
1.95069
1.92354
1.89785
1.8806
1.87357
1.87356
1.87563
1.87522
1.86857
1.85397
1.83395
1.81507
1.80351
1.80107
1.80601
1.81494
1.82319
1.82681
1.82546
1.82252
1.82309
1.83231
1.8538
1.88852
1.93429
1.98627
2.0379
2.08201
2.11217
2.12355
2.11338
2.08154
2.03148
1.97231
1.91951
1.88937
1.88859
1.91134
1.94722
1.98833
2.02977
2.06808
2.10047
2.12506
2.14112
2.14906
2.14982
2.14389
2.13049
2.10736
2.07163
2.02178
1.96018
1.89503
1.83888
1.80339
1.79408
1.80796
1.83482
1.86319
1.88764
1.91089
1.93762
1.96662
1.9901
2.00014
1.9947
1.97812
1.95725
1.93704
1.91915
1.90348
1.88943
1.87533
1.85951
1.84248
1.82732
1.81781
1.81642
1.82321
1.83596
1.85065
1.86284
1.86943
1.87058
1.8698
1.87233
1.88269
1.90345
1.93459
1.97331
2.01455
2.05226
2.08106
2.09771
2.10183
2.09549
2.08187
2.06413
2.04515
2.02769
2.01453
2.00817
2.0095
2.01687
2.02661
2.03495
2.03965
2.03987
2.03492
2.02331
2.00389
1.97806
1.9505
1.92582
1.90428
1.88207
1.85608
1.8266
1.79624
1.76819
1.7457
1.73142
1.72618
1.72975
1.74317
1.76866
1.80579
1.84859
1.88793
1.91657
1.9323
1.93794
1.93964
1.94391
1.95464
1.97142
1.99042
2.00693
2.01771
2.02211
2.02228
2.02177
2.02239
2.02316
2.02247
2.01959
2.01425
2.00748
2.00421
2.01369
2.0431
2.08794
2.13184
2.15732
2.15588
2.13008
2.0889
2.04068
1.99024
1.94218
1.90345
1.88065
1.8758
1.88517
1.90233
1.92179
1.93986
1.95327
1.95861
1.95379
1.93996
1.92241
1.90932
1.90773
1.91795
1.93291
1.94457
1.95006
1.95188
1.95464
1.96259
1.9785
2.00307
2.03452
2.06905
2.10211
2.12951
2.14755
2.1527
2.14215
2.11493
2.07283
2.02043
1.96408
1.90972
1.86126
1.82102
1.79155
1.77661
1.78058
1.80577
1.84868
1.89916
1.94502
1.97797
1.99593
2.00103
1.99618
1.98344
1.9643
1.94123
1.91981
1.90894
1.91597
1.94069
1.97616
2.01506
2.05251
2.0842
2.10479
2.10982
2.09875
2.07527
2.0446
2.01092
1.97737
1.94761
1.92641
1.91828
1.92501
1.94386
1.96797
1.9886
1.9975
1.98893
1.96127
1.91817
1.86939
1.82872
1.80676
1.80376
1.81155
1.82179
1.83203
1.84559
1.86407
1.88118
1.88898
1.88782
1.88575
1.88893
1.89649
1.90569
1.91623
1.9281
1.93918
1.94584
1.94485
1.93544
1.92048
1.90533
1.89429
1.88812
1.88542
1.88589
1.89096
1.90201
1.91887
1.93962
1.96146
1.98201
1.99991
2.01476
2.02689
2.03731
2.04714
2.05669
2.06386
2.06447
2.05462
2.03395
2.00704
1.98198
1.96607
1.96145
1.96411
1.96812
1.96997
1.9688
1.96504
1.9596
1.95327
1.94568
1.93482
1.91878
1.89897
1.8812
1.87291
1.87886
1.89925
1.93054
1.96701
2.00263
2.03276
2.05512
2.06966
2.07792
2.08253
2.0862
2.09039
2.09435
2.09538
2.08993
2.07482
2.04845
2.01184
1.96918
1.92714
1.89302
1.87208
1.86553
1.87035
1.88057
1.88899
1.88919
1.87893
1.86492
1.86137
1.87646
1.90372
1.93127
1.95166
1.96279
1.96455
1.95585
1.93387
1.89634
1.84594
1.79335
1.75437
1.74007
1.75029
1.77665
1.80724
1.83038
1.83931
1.83662
1.83482
1.84911
1.88505
1.93441
1.98407
2.02445
2.0501
2.05852
2.05033
2.02891
1.99933
1.96662
1.93424
1.90326
1.87252
1.83986
1.80423
1.76881
1.74371
1.7443
1.77987
1.84138
1.90677
1.95826
1.99026
2.00626
2.01315
2.01709
2.02136
2.02621
2.03015
2.03128
2.02779
2.01854
2.00455
1.99002
1.98009
1.97512
1.96871
1.95338
1.92738
1.89641
1.86996
1.85588
1.85739
1.87349
1.90042
1.93248
1.96326
1.98795
2.00563
2.02018
2.03707
2.05731
2.0749
2.08164
2.07365
2.05379
2.02999
2.01065
1.9999
1.99609
1.99422
1.98951
1.97917
1.96246
1.9409
1.91834
1.89978
1.88833
1.88311
1.8809
1.87935
1.87816
1.87725
1.87463
1.86763
1.85534
1.83897
1.82237
1.81369
1.82247
1.85226
1.89661
1.94286
1.97889
1.99734
1.99634
1.97862
1.94989
1.9168
1.88513
1.85926
1.84299
1.83852
1.84334
1.85059
1.85415
1.85305
1.85298
1.86295
1.8867
1.91797
1.947
1.96744
1.97731
1.9774
1.9701
1.95861
1.94679
1.93879
1.93805
1.94594
1.96075
1.97823
1.99364
2.00372
2.0069
2.00346
1.99765
1.99761
2.00866
2.02646
2.03997
2.04037
2.02599
2.00101
1.97195
1.94456
1.9221
1.90498
1.89183
1.88159
1.87548
1.87664
1.88659
1.9023
1.91771
1.92801
1.9316
1.929
1.92136
1.90993
1.89673
1.88518
1.87959
1.88334
1.89656
1.91529
1.93306
1.94421
1.9464
1.94125
1.93254
1.92351
1.91509
1.90675
1.89876
1.89339
1.89384
1.9021
1.91801
1.94101
1.97149
2.00835
2.04627
2.07702
2.09323
2.09121
2.07198
2.04016
2.00252
1.96564
1.93319
1.90619
1.88579
1.87338
1.86821
1.86768
1.86961
1.87269
1.87544
1.8764
1.87586
1.8763
1.88043
1.88836
1.8971
1.90352
1.90697
1.90967
1.91582
1.92942
1.95141
1.97816
2.00277
2.01906
2.02398
2.01595
1.99292
1.95412
1.90271
1.84572
1.79291
1.75525
1.74121
1.75208
1.78196
1.82135
1.86102
1.89598
1.92608
1.95244
1.97476
1.99252
2.00667
2.01866
2.02809
2.03362
2.03838
2.05062
2.0743
2.10332
2.12811
2.14303
2.14754
2.14465
2.13906
2.13455
2.13161
2.12682
2.11494
2.09228
2.06031
2.02622
1.99861
1.98206
1.97685
1.98151
1.99287
2.00493
2.0102
2.00401
1.99008
1.98161
1.98811
2.00336
2.01542
2.01862
2.01337
2.00272
1.9898
1.97644
1.96267
1.94744
1.93002
1.91207
1.89785
1.89046
1.88953
1.89438
1.90771
1.93334
1.97074
2.01335
2.05216
2.0799
2.0922
2.08705
2.06424
2.02601
1.97778
1.92766
1.88394
1.85212
1.83406
1.82901
1.83522
1.85055
1.87231
1.89687
1.92006
1.93853
1.95126
1.96031
1.96995
1.98419
2.00463
2.03051
2.05998
2.09099
2.1211
2.14636
2.16139
2.16196
2.14743
2.12066
2.08619
2.04823
2.00982
1.97302
1.93957
1.9107
1.88608
1.86365
1.84083
1.81656
1.79235
1.77181
1.75877
1.75522
1.76004
1.76957
1.77904
1.78445
1.78534
1.78683
1.79398
1.80242
1.80208
1.78939
1.77029
1.75635
1.76183
1.79627
1.85466
1.92102
1.98106
2.02754
2.05757
2.0694
2.06209
2.0373
2.00108
1.96258
1.93022
1.90904
1.90155
1.9091
1.92984
1.95719
1.98315
2.00223
2.01238
2.01395
2.00867
1.99851
1.98515
1.96997
1.9545
1.94056
1.9294
1.92091
1.91398
1.90835
1.90649
1.91161
1.92189
1.93007
1.93135
1.9271
1.9206
1.9128
1.90307
1.89115
1.87578
1.85274
1.81645
1.76516
1.70931
1.67657
1.69055
1.73911
1.79011
1.82281
1.8304
1.81414
1.78427
1.76144
1.76592
1.80044
1.85122
1.90235
1.94353
1.97175
1.99058
2.00628
2.02233
2.03768
2.05021
2.05952
2.06514
2.0644
2.05324
2.02915
1.99419
1.95714
1.93214
1.93039
1.95036
1.98023
2.00872
2.03012
2.04341
2.05128
2.05868
2.0684
2.07706
2.0777
2.06598
2.04368
2.01753
1.99477
1.97867
1.96713
1.9554
1.94027
1.92253
1.90636
1.89666
1.89617
1.90384
1.91447
1.91989
1.91206
1.88672
1.84584
1.7978
1.75535
1.73076
1.72963
1.7481
1.77725
1.80997
1.84388
1.87951
1.91675
1.95238
1.9802
1.99328
1.98693
1.96359
1.93888
1.93468
1.95436
1.98111
2.00239
2.01662
2.02527
2.02797
2.02298
2.00914
1.98737
1.96089
1.93417
1.91079
1.89227
1.87877
1.8709
1.87031
1.87825
1.89306
1.90884
1.91808
1.91632
1.90431
1.88697
1.87091
1.86094
1.85754
1.85743
1.85635
1.85173
1.84431
1.838
1.83809
1.84829
1.86857
1.89511
1.92207
1.94325
1.95344
1.95065
1.94039
1.93643
1.94935
1.97419
1.99773
2.0115
2.01351
2.00463
1.9874
1.96659
1.94935
1.94278
1.95
1.96835
1.9915
2.01313
2.02922
2.03812
2.03973
2.03468
2.02403
2.00943
1.99343
1.97965
1.97227
1.9737
1.9822
1.99251
1.99841
1.99458
1.97778
1.9478
1.90995
1.88239
1.89247
1.93884
1.9841
2.00008
1.98298
1.94092
1.88631
1.83602
1.81011
1.82024
1.85864
1.90731
1.95349
1.99274
2.02454
2.04836
2.06258
2.06621
2.06054
2.04813
2.03103
2.01053
1.98797
1.96494
1.94264
1.92236
1.9077
1.90547
1.92041
1.9483
1.9779
1.99935
2.00861
2.00618
1.99478
1.97932
1.96777
1.9689
1.98749
2.02152
2.06353
2.10415
2.1351
2.15055
2.14745
2.12582
2.08934
2.0459
2.00626
1.98027
1.97215
1.97952
1.99661
2.01779
2.03849
2.05524
2.06573
2.06863
2.06344
2.05106
2.03531
2.02226
2.01549
2.01171
2.00291
1.98358
1.95616
1.93009
1.9136
1.90508
1.895
1.87834
1.86198
1.85673
1.86522
1.88232
1.90362
1.92738
1.95008
1.96536
1.96836
1.95917
1.94222
1.92291
1.90465
1.88785
1.87107
1.85408
1.83998
1.83329
1.83669
1.85034
1.87244
1.89904
1.92424
1.94197
1.94821
1.94244
1.92743
1.90799
1.88897
1.87338
1.86145
1.8516
1.84337
1.83947
1.84453
1.86193
1.89192
1.93153
1.97577
2.01933
2.05782
2.08794
2.10724
2.11404
2.10772
2.08926
2.06054
2.02387
1.98513
1.95671
1.94878
1.95791
1.97338
1.98717
1.99476
1.99449
1.988
1.97942
1.97299
1.97038
1.96936
1.96563
1.95715
1.94767
1.9454
1.95556
1.97446
1.99259
2.00171
1.99741
1.97865
1.94783
1.91078
1.87462
1.84496
1.82484
1.81562
1.81716
1.82588
1.83438
1.83521
1.82649
1.81391
1.8066
1.80978
1.8209
1.83392
1.84636
1.86142
1.88376
1.91413
1.94818
1.97973
2.00565
2.02887
2.05536
2.08493
2.10885
2.11822
2.11103
2.09214
2.07032
2.05402
2.04715
2.04744
2.04827
2.04186
2.02236
1.98814
1.94274
1.89461
1.85535
1.83538
1.83852
1.86067
1.89423
1.93258
1.97044
2.00292
2.02575
2.03647
2.03507
2.02386
2.0064
1.98591
1.96403
1.94112
1.91784
1.89661
1.88134
1.87543
1.879
1.88768
1.89387
1.89003
1.87276
1.84717
1.82831
1.83354
1.86845
1.92285
1.98115
2.03182
2.06854
2.08858
2.09274
2.08585
2.07564
2.06855
2.06534
2.06084
2.04763
2.02013
1.97832
1.93075
1.89155
1.87004
1.86579
1.87449
1.89258
1.91577
1.93842
1.95538
1.96365
1.96253
1.95381
1.94245
1.93446
1.93197
1.93263
1.93414
1.93669
1.94137
1.94836
1.95722
1.96777
1.98025
1.99464
2.00956
2.02218
2.02889
2.02633
2.01238
1.98683
1.95158
1.91008
1.86734
1.8303
1.80761
1.80695
1.83048
1.87258
1.92224
1.9675
1.99904
2.01311
2.01277
2.00655
2.00359
2.00803
2.01757
2.02748
2.03491
2.03933
2.04024
2.03591
2.02457
2.00716
1.98838
1.97477
1.97115
1.97874
1.99477
2.01276
2.02438
2.02337
2.00838
1.983
1.95303
1.92321
1.89601
1.87195
1.84979
1.82726
1.80409
1.78474
1.77695
1.78665
1.81377
1.85209
1.89234
1.92539
1.94449
1.94653
1.93273
1.90943
1.88772
1.87862
1.88528
1.90141
1.91839
1.9328
1.94561
1.95482
1.95526
1.94585
1.93099
1.91651
1.90729
1.90706
1.91793
1.93926
1.96717
1.99534
2.01708
2.02728
2.02382
2.00804
1.9846
1.96077
1.94459
1.94088
1.94812
1.95943
1.96648
1.96346
1.94893
1.92522
1.89633
1.86592
1.83648
1.80966
1.78714
1.77153
1.76697
1.7787
1.81059
1.86093
1.9203
1.97485
2.01283
2.02934
2.02662
2.01081
1.98841
1.96492
1.94519
1.93351
1.93265
1.9422
1.9566
1.9661
1.962
1.94263
1.91571
1.89414
1.88588
1.88593
1.88136
1.86477
1.8396
1.81493
1.79853
1.79347
1.79809
1.80805
1.81957
1.83166
1.84612
1.86503
1.88837
1.91359
1.93781
1.96037
1.98307
2.00751
2.03274
2.05581
2.07309
2.08046
2.07351
2.05041
2.01654
1.9861
1.97394
1.98344
2.008
2.04001
2.07071
2.09078
2.09739
2.09514
2.0901
2.08457
2.07644
2.0615
2.0363
2.00087
1.96019
1.92234
1.89325
1.87352
1.86145
1.85774
1.86569
1.88708
1.91855
1.95251
1.98165
2.00173
2.01149
2.01216
2.00762
2.00394
2.00684
2.01799
2.03383
2.04845
2.05725
2.05839
2.05239
2.04092
2.02556
2.0067
1.98325
1.9533
1.91561
1.87116
1.82413
1.78191
1.75346
1.74564
1.75951
1.78977
1.82807
1.86677
1.90124
1.93003
1.95371
1.97325
1.98804
1.99508
1.99068
1.97423
1.94999
1.92548
1.90864
1.90484
1.9137
1.92853
1.94019
1.94164
1.93065
1.9108
1.8912
1.88135
1.88326
1.89217
1.90393
1.91643
1.92625
1.92794
1.91709
1.89324
1.85998
1.82314
1.78903
1.76286
1.74713
1.74107
1.74269
1.75125
1.76712
1.78927
1.81339
1.83271
1.8412
1.83624
1.81956
1.79749
1.78073
1.78089
1.80294
1.8412
1.88439
1.92287
1.95108
1.96646
1.96811
1.95695
1.93693
1.91466
1.89634
1.88462
1.87782
1.87213
1.86486
1.85609
1.84697
1.83637
1.82069
1.7984
1.77419
1.75591
1.74652
1.74558
1.75876
1.79358
1.84567
1.90126
1.94855
1.9802
1.99236
1.98748
1.97719
1.97565
1.98613
2.00202
2.01768
2.03014
2.03533
2.02787
2.0029
1.95849
1.90208
1.85988
1.8625
1.90657
1.96155
2.0053
2.03018
2.03601
2.02639
2.00646
1.98041
1.95049
1.91786
1.88426
1.85476
1.83896
1.84524
1.87139
1.90507
1.93426
1.95562
1.97413
1.9966
2.02564
2.05898
2.09211
2.12043
2.14013
2.14898
2.14659
2.13391
2.11192
2.08091
2.04122
1.99528
1.94967
1.91444
1.8987
1.90485
1.92705
1.9555
1.98188
2.00189
2.01528
2.02476
2.03461
2.04878
2.06923
2.09487
2.1213
2.14158
2.14827
2.13547
2.10031
2.04438
1.97671
1.91387
1.8705
1.84831
1.83913
1.83599
1.83927
1.85484
1.88599
1.92646
1.96324
1.98619
1.99385
1.99225
1.98978
1.99168
1.9975
2.00274
2.003
1.99687
1.98714
1.9804
1.98329
1.99633
2.01266
2.02441
2.02753
2.02072
2.00336
1.97648
1.94455
1.9145
1.8916
1.87586
1.86437
1.85617
1.85314
1.85736
1.869
1.88589
1.90339
1.91481
1.91354
1.89748
1.87337
1.85589
1.8562
1.8723
1.89569
1.91996
1.94036
1.95253
1.95436
1.94766
1.93819
1.93513
1.9465
1.97051
1.99464
2.00669
2.00348
1.99019
1.97531
1.96556
1.96344
1.96773
1.97531
1.9823
1.98462
1.97919
1.96496
1.94342
1.92008
1.90487
1.90685
1.92597
1.95216
1.97205
1.9757
1.95962
1.9271
1.88673
1.84909
1.82243
1.8096
1.80866
1.81615
1.82939
1.84588
1.86188
1.87308
1.87743
1.87705
1.87714
1.88238
1.894
1.91119
1.93524
1.96914
2.01162
2.05532
2.09225
2.11779
2.13016
2.12904
2.11489
2.08971
2.05791
2.02637
2.00284
1.99303
1.99856
2.0165
2.0404
2.06234
2.0753
2.0758
2.06545
2.05011
2.03637
2.02844
2.02868
2.03865
2.05666
2.0771
2.09406
2.1041
2.10575
2.09867
2.08366
2.06284
2.03944
2.0173
2.00073
1.99315
1.99475
2.00158
2.00782
2.00882
2.00281
1.99085
1.97567
1.95998
1.94568
1.93402
1.92578
1.92125
1.92027
1.92262
1.92894
1.94172
1.9649
2.00147
2.05079
2.10742
2.16202
2.20423
2.22582
2.22211
2.19225
2.13954
2.07194
2.00122
1.93984
1.89764
1.88007
1.88654
1.90947
1.93831
1.96583
1.9899
2.01032
2.02768
2.04512
2.0667
2.09204
2.11562
2.13171
2.13763
2.13287
2.11798
2.09505
2.0683
2.0429
2.02257
2.00762
1.99582
1.98531
1.97603
1.96881
1.96404
1.96096
1.95848
1.9561
1.95291
1.94662
1.93599
1.9236
1.9139
1.90731
1.89793
1.87946
1.85243
1.82568
1.8118
1.82091
1.85611
1.91165
1.97454
2.02936
2.06431
2.07472
2.06332
2.03783
2.00716
1.97818
1.95478
1.93868
1.93051
1.93091
1.94117
1.96208
1.99134
2.02141
2.04092
2.03942
2.01218
1.96249
1.901
1.84193
1.79748
1.77317
1.76768
1.77679
1.79619
1.82173
1.84989
1.87891
1.90852
1.9377
1.96231
1.97572
1.97307
1.95505
1.92845
1.90297
1.88622
1.88054
1.88453
1.89821
1.92313
1.95454
1.97958
1.98762
1.97819
1.9593
1.94075
1.92806
1.92087
1.91504
1.90549
1.88851
1.86426
1.83836
1.82081
1.81946
1.83357
1.85563
1.87806
1.89728
1.91374
1.92991
1.94757
1.96526
1.97796
1.97948
1.96605
1.93941
1.90685
1.87708
1.85612
1.84802
1.85625
1.88087
1.91625
1.95382
1.98626
2.00903
2.01988
2.01824
2.0046
1.98023
1.94726
1.90868
1.86809
1.82942
1.7965
1.7724
1.7592
1.75792
1.76791
1.78559
1.80473
1.81945
1.82823
1.83453
1.84287
1.85541
1.87222
1.89249
1.91554
1.94137
1.9702
2.00129
2.03224
2.0591
2.07724
2.08241
2.07201
2.04651
2.00987
1.96834
1.92756
1.89102
1.86155
1.84285
1.8377
1.84437
1.85752
1.87394
1.89474
1.91904
1.93876
1.94508
1.93711
1.9221
1.90976
1.9063
1.91214
1.92335
1.93435
1.93986
1.93562
1.91988
1.89553
1.87033
1.85247
1.84529
1.84732
1.85613
1.8703
1.8884
1.9074
1.92254
1.9291
1.92503
1.91316
1.89911
1.88453
1.865
1.83741
1.80528
1.77661
1.7614
1.76692
1.78996
1.81639
1.83085
1.82644
1.8084
1.7907
1.78764
1.80489
1.83689
1.87228
1.90158
1.92196
1.93784
1.95721
1.98436
2.01555
2.04281
2.05984
2.06382
2.05441
2.03301
2.0035
1.97396
1.95575
1.95594
1.97058
1.98895
2.00212
2.00623
2.00218
1.99431
1.98685
1.97949
1.96757
1.94714
1.91886
1.88791
1.86148
1.84577
1.84329
1.85118
1.86358
1.87772
1.89602
1.92002
1.94518
1.964
1.97132
1.9665
1.95333
1.93798
1.92462
1.91289
1.90142
1.89154
1.8853
1.88231
1.88084
1.88102
1.885
1.89471
1.91
1.92864
1.94748
1.96382
1.97639
1.98519
1.99055
1.99215
1.98927
1.98282
1.97653
1.97476
1.97851
1.98388
1.98442
1.97521
1.95568
1.9297
1.9033
1.88147
1.86621
1.85751
1.85583
1.862
1.87383
1.88523
1.89103
1.89092
1.88845
1.88796
1.89273
1.90511
1.92652
1.95629
1.99064
2.02364
2.04939
2.06345
2.0636
2.05037
2.02837
2.00686
1.9973
2.00635
2.03
2.05554
2.06883
2.06066
2.02935
1.98027
1.92396
1.87346
1.84118
1.83463
1.85236
1.88481
1.92044
1.95114
1.97368
1.98883
1.99971
2.00967
2.02045
2.03172
2.04206
2.04991
2.05356
2.05179
2.04529
2.03631
2.02557
2.01031
1.98682
1.95429
1.91631
1.87967
1.85228
1.8401
1.8449
1.86373
1.89038
1.91734
1.93768
1.94658
1.94254
1.92733
1.90465
1.87837
1.85179
1.82761
1.80698
1.78863
1.76975
1.74874
1.72706
1.70924
1.70127
1.7081
1.73129
1.7683
1.81391
1.86221
1.90884
1.95172
1.98972
2.0214
2.04511
2.05949
2.0637
2.05819
2.04513
2.02821
2.01144
1.99776
1.98834
1.98263
1.97853
1.9731
1.96546
1.95894
1.95917
1.97023
1.99279
2.02468
2.06157
2.09715
2.12427
2.13731
2.13419
2.11658
2.08811
2.05257
2.0129
1.97181
1.93307
1.9026
1.88731
1.89118
1.9113
1.93841
1.96306
1.98134
1.99482
2.00559
2.01186
2.00874
1.99285
1.96655
1.93757
1.91501
1.90585
1.91296
1.93265
1.95587
1.97409
1.98397
1.98642
1.98318
1.97576
1.96693
1.96116
1.96293
1.97408
1.99273
2.01428
2.03402
2.04951
2.06101
2.06964
2.07492
2.07363
2.06111
2.03545
2.0022
1.97283
1.95401
1.9419
1.93025
1.91811
1.90842
1.90349
1.90249
1.90219
1.89928
1.89294
1.88563
1.88161
1.88421
1.8936
1.90604
1.91465
1.91234
1.89659
1.87298
1.85312
1.84689
1.85562
1.87295
1.89202
1.91106
1.93234
1.95655
1.9804
1.99909
2.00878
2.00766
1.99708
1.98211
1.97018
1.96794
1.97772
1.99606
2.01582
2.03004
2.03449
2.02751
2.00861
1.97857
1.94209
1.90919
1.89004
1.88715
1.89595
1.91123
1.92974
1.9492
1.96708
1.98057
1.9873
1.98574
1.97477
1.95342
1.92163
1.88169
1.83941
1.80352
1.78187
1.77714
1.78696
1.80762
1.83707
1.875
1.92
1.96717
2.00961
2.04188
2.06195
2.07114
2.07298
2.07113
2.06685
2.05812
2.0421
2.01821
1.98962
1.96273
1.94413
1.93636
1.93726
1.94348
1.95266
1.96225
1.96934
1.97244
1.97275
1.9735
1.97794
1.98755
2.00142
2.01685
2.03055
2.03951
2.04159
2.03609
2.02411
2.00819
1.99076
1.97248
1.95258
1.93101
1.90996
1.89351
1.88599
1.89057
1.90749
1.93197
1.9551
1.96851
1.96867
1.95716
1.93797
1.91552
1.8947
1.88058
1.87623
1.88156
1.89476
1.91309
1.93155
1.94375
1.94707
1.94565
1.94661
1.95409
1.96743
1.98324
1.99721
2.00543
2.00588
1.99867
1.98525
1.96749
1.94714
1.92539
1.90346
1.88449
1.87448
1.87823
1.89253
1.90671
1.91122
1.90386
1.88873
1.87178
1.85773
1.84904
1.84616
1.84846
1.85563
1.86772
1.88369
1.90088
1.91656
1.92906
1.93679
1.93754
1.93033
1.91746
1.90369
1.89363
1.88957
1.89168
1.89947
1.91293
1.93212
1.95572
1.97999
1.99925
2.00762
2.00065
1.97634
1.93565
1.88228
1.8229
1.76818
1.73219
1.72553
1.74777
1.78987
1.84184
1.89467
1.93985
1.97133
1.98731
1.98979
1.98201
1.96617
1.94335
1.91494
1.88441
1.85753
1.83956
1.83237
1.83544
1.84658
1.86043
1.8696
1.86963
1.86238
1.85429
1.85146
1.85589
1.86508
1.87419
1.87903
1.87872
1.87678
1.87948
1.89191
1.91463
1.94346
1.97151
1.99154
1.99799
1.98867
1.96584
1.93574
1.90625
1.8838
1.8709
1.86602
1.86637
1.8709
1.87961
1.89079
1.90102
1.9086
1.91547
1.92491
1.9378
1.9517
1.96307
1.97009
1.97287
1.97197
1.96656
1.95351
1.92828
1.88798
1.83464
1.77635
1.72618
1.6973
1.69312
1.70281
1.71276
1.71799
1.72111
1.72632
1.73692
1.7553
1.78222
1.81533
1.84938
1.87875
1.90005
1.91303
1.92003
1.92419
1.92743
1.92919
1.92671
1.91716
1.90032
1.8806
1.86604
1.86414
1.87761
1.90302
1.93296
1.95986
1.97876
1.9878
1.98789
1.98171
1.9724
1.96193
1.95018
1.93568
1.91763
1.89717
1.87673
1.85876
1.84565
1.8405
1.84658
1.86481
1.89163
1.91986
1.942
1.9533
1.95271
1.94228
1.9261
1.90915
1.89595
1.88896
1.88782
1.89036
1.89373
1.89504
1.89177
1.8828
1.86993
1.8587
1.85762
1.87389
1.90703
1.94832
1.98747
2.01801
2.03803
2.04822
2.04953
2.042
2.02571
2.00229
1.97509
1.94804
1.92479
1.90877
1.90282
1.90793
1.92189
1.93948
1.95432
1.96179
1.96249
1.96421
1.97596
1.99667
2.01518
2.02158
2.01269
1.99009
1.95821
1.92477
1.89948
1.88743
1.88436
1.88218
1.87665
1.86798
1.85786
1.84761
1.83825
1.83033
1.8237
1.81918
1.8205
1.833
1.85904
1.8945
1.92997
1.95544
1.9647
1.95691
1.93475
1.90125
1.8595
1.81722
1.79124
1.80046
1.84598
1.90676
1.95953
1.99237
2.00339
1.99553
1.97355
1.94323
1.91162
1.88666
1.87532
1.88066
1.90086
1.93043
1.96196
1.98809
2.00353
2.00619
1.99698
1.9784
1.95265
1.92037
1.88147
1.83913
1.80308
1.78644
1.79659
1.82845
1.86833
1.90518
1.9369
1.96708
1.99786
2.02595
2.04406
2.04545
2.02744
1.99258
1.94807
1.90375
1.86932
1.85134
1.85107
1.86409
1.88262
1.89909
1.90933
1.91371
1.91543
1.91729
1.91943
1.92035
1.91983
1.9204
1.92544
1.93679
1.95501
1.97939
2.00636
2.0284
2.0359
2.02152
1.98413
1.92956
1.86834
1.8116
1.76779
1.74152
1.73382
1.74169
1.7582
1.77496
1.78602
1.78998
1.78958
1.79041
1.79854
1.81717
1.84495
1.87806
1.91293
1.94681
1.9764
1.99751
2.00702
2.00526
1.99704
1.98956
1.98683
1.98499
1.97478
1.94922
1.909
1.86352
1.828
1.8159
1.83015
1.86126
1.89407
1.91652
1.9244
1.92103
1.91336
1.90632
1.90025
1.89434
1.8897
1.88606
1.87858
1.8628
1.84023
1.81731
1.80076
1.79521
1.80257
1.82163
1.84769
1.87381
1.89364
1.90449
1.90952
1.91639
1.93168
1.95582
1.9838
2.00928
2.0271
2.03409
2.02978
2.01669
1.9995
1.98299
1.97039
1.96282
1.95933
1.95701
1.95158
1.9389
1.91743
1.88996
1.86362
1.8469
1.84505
1.85738
1.87918
1.90565
1.93372
1.96156
1.98789
2.01119
2.0296
2.0416
2.04622
2.04276
2.03112
2.01298
1.99116
1.96757
1.9437
1.92354
1.91402
1.92052
1.94135
1.96744
1.98795
1.99566
1.98813
1.96585
1.93093
1.88717
1.8403
1.79728
1.76484
1.7483
1.75025
1.76884
1.79781
1.82827
1.85128
1.86111
1.85846
1.85145
1.85192
1.867
1.89283
1.91874
1.93723
1.94798
1.95483
1.96155
1.97004
1.9812
1.99577
2.01357
2.03236
2.04802
2.05613
2.05407
2.04274
2.0267
2.01201
2.00289
2.0007
2.00569
2.01789
2.03603
2.05615
2.0719
2.07679
2.0669
2.04289
2.01003
1.97635
1.94891
1.93069
1.92125
1.92068
1.93124
1.95197
1.97402
1.98682
1.98704
1.97914
1.96788
1.95308
1.93512
1.91847
1.90352
1.88771
1.87913
1.89225
1.92554
1.96148
1.98689
1.99956
2.00303
2.00249
2.00329
2.00954
2.02234
2.0393
2.05541
2.06414
2.05876
2.03437
1.99094
1.93624
1.88577
1.85575
1.85153
1.86437
1.88035
1.89023
1.8929
1.89209
1.89063
1.88876
1.88727
1.88964
1.90029
1.9215
1.95217
1.98868
2.02703
2.06417
2.09613
2.11501
2.11176
2.0823
2.0302
1.96509
1.89904
1.84276
1.803
1.78147
1.77595
1.78284
1.79861
1.81901
1.83799
1.84864
1.84681
1.83452
1.81918
1.80844
1.80595
1.81203
1.82701
1.85121
1.88172
1.91156
1.93424
1.9488
1.95899
1.96733
1.97187
1.96976
1.96072
1.9467
1.93019
1.91329
1.89738
1.88303
1.87005
1.85801
1.8471
1.83891
1.83611
1.8409
1.85358
1.87227
1.89388
1.91493
1.93187
1.94136
1.94101
1.93033
1.9114
1.88979
1.8753
1.87922
1.9061
1.94823
1.99172
2.02603
2.04567
2.0479
2.03238
2.00266
1.9664
1.93306
1.91017
1.90065
1.90235
1.91006
1.91885
1.92605
1.93099
1.93454
1.94025
1.9536
1.97701
2.00521
2.02713
2.03295
2.0198
1.99254
1.96015
1.93189
1.915
1.91278
1.92306
1.94001
1.95776
1.97215
1.98107
1.98438
1.98315
1.97887
1.97368
1.9704
1.97146
1.97795
1.98994
2.00669
2.02666
2.04762
2.06678
2.08068
2.08566
2.07881
2.0588
2.02695
1.98866
1.95392
1.93277
1.92743
1.93062
1.93321
1.93126
1.92774
1.92842
1.93387
1.93601
1.92494
1.89735
1.85928
1.82384
1.80498
1.80876
1.82941
1.85528
1.87763
1.89344
1.90243
1.90339
1.89437
1.87689
1.85895
1.85017
1.8536
1.86679
1.88847
1.91874
1.9545
1.9886
2.01316
2.02349
2.02051
2.01081
2.00362
2.00528
2.01468
2.02429
2.02588
2.01538
1.99389
1.96562
1.9355
1.90804
1.88753
1.87823
1.88329
1.90274
1.93241
1.96522
1.99466
2.01802
2.03681
2.05385
2.06958
2.08095
2.08357
2.07527
2.05806
2.03733
2.01873
2.00435
1.99162
1.97605
1.95511
1.93151
1.91404
1.91281
1.93122
1.96305
1.99691
2.02186
2.03049
2.02007
1.99274
1.95461
1.91366
1.87724
1.85048
1.83587
1.83339
1.84142
1.8577
1.87983
1.90538
1.93178
1.95582
1.97391
1.98444
1.99072
1.99741
2.00189
1.99575
1.97523
1.94482
1.91399
1.89256
1.88654
1.89576
1.91524
1.93874
1.96075
1.97676
1.98363
1.98028
1.96885
1.95579
1.95006
1.95725
1.97483
1.99491
2.00987
2.01472
2.00707
1.98745
1.96038
1.93417
1.91655
1.90811
1.90179
1.89074
1.87483
1.86026
1.85366
1.85526
1.85834
1.85612
1.84782
1.83739
1.82867
1.82353
1.82254
1.82489
1.82823
1.83013
1.8301
1.82981
1.8312
1.8344
1.83722
1.83651
1.83072
1.82216
1.81665
1.81854
1.8258
1.8327
1.83534
1.8326
1.82507
1.81447
1.8037
1.79744
1.80076
1.8152
1.83685
1.85953
1.87851
1.89062
1.89336
1.88556
1.86889
1.84855
1.83328
1.83228
1.84939
1.88058
1.91814
1.95626
1.99278
2.02703
2.05656
2.0763
2.08071
2.06618
2.03293
1.9861
1.93455
1.88694
1.8486
1.82218
1.80919
1.80983
1.82266
1.84448
1.8707
1.89649
1.91794
1.93225
1.93738
1.9325
1.91936
1.90261
1.88762
1.87754
1.87323
1.87459
1.88038
1.88777
1.89371
1.89678
1.89686
1.89307
1.88332
1.86658
1.84538
1.82612
1.81746
1.82647
1.85297
1.88891
1.92491
1.95602
1.98173
2.00319
2.02089
2.0341
2.04165
2.04289
2.03822
2.02898
2.01637
2.00027
1.97993
1.9571
1.9369
1.92372
1.9177
1.91643
1.91816
1.92246
1.92871
1.93473
1.93725
1.93442
1.92781
1.92134
1.91798
1.91854
1.92344
1.93425
1.95234
1.97595
1.9992
2.01523
2.02054
2.01671
2.00868
2.00158
1.99765
1.99529
1.991
1.9824
1.97009
1.95683
1.94519
1.93653
1.93211
1.93432
1.94559
1.96579
1.99073
2.01384
2.02909
2.03348
2.02741
2.01382
1.99627
1.97731
1.95942
1.94762
1.94722
1.95685
1.96744
1.96959
1.95935
1.93818
1.90933
1.87411
1.83207
1.78606
1.74506
1.72007
1.71877
1.74186
1.78204
1.82835
1.87218
1.90975
1.94003
1.96177
1.97328
1.97466
1.96836
1.95762
1.94337
1.92176
1.88591
1.83267
1.77282
1.7335
1.73239
1.75513
1.78057
1.80211
1.82145
1.84105
1.86263
1.88683
1.91231
1.93606
1.95546
1.97008
1.98144
1.9907
1.99624
1.99448
1.98319
1.96295
1.9354
1.90139
1.86321
1.83026
1.81768
1.83227
1.86496
1.90078
1.92852
1.94345
1.9469
1.94313
1.93603
1.92817
1.92161
1.91819
1.91918
1.92497
1.93533
1.9495
1.96549
1.97993
1.9899
1.99602
2.00362
2.01884
2.04364
2.07529
2.10846
2.1369
2.15515
2.15992
2.15021
2.12663
2.09177
2.05142
2.01393
1.98493
1.9628
1.94141
1.91625
1.88715
1.85681
1.82828
1.80332
1.78272
1.76821
1.7641
1.77573
1.80453
1.84453
1.88432
1.9124
1.92181
1.91281
1.89282
1.87311
1.86339
1.86744
1.88252
1.90142
1.91572
1.91993
1.9156
1.91107
1.91537
1.93148
1.95514
1.97837
1.993
1.99326
1.97763
1.94945
1.91568
1.88389
1.85921
1.84366
1.83765
1.84095
1.85214
1.86754
1.88229
1.89325
1.90048
1.90476
1.90399
1.89435
1.87653
1.86015
1.85728
1.86985
1.88952
1.90794
1.92165
1.93064
1.93669
1.94255
1.95107
1.96403
1.98034
1.99553
2.0034
1.99915
1.98162
1.95319
1.91892
1.88664
1.86633
1.86643
1.88882
1.92794
1.97509
2.02266
2.06497
2.0973
2.11621
2.12104
2.11463
2.10189
2.08748
2.07417
2.06239
2.0506
2.03675
2.01946
1.99784
1.97109
1.94024
1.91074
1.89197
1.89319
1.91772
1.95886
2.00373
2.04189
2.06864
2.08237
2.08205
2.0669
2.0373
1.9956
1.9462
1.89494
1.84819
1.81101
1.78541
1.76966
1.75986
1.75294
1.74859
1.74875
1.75598
1.77261
1.79981
1.83521
1.87225
1.90357
1.92512
1.93689
1.94084
1.93888
1.93265
1.92389
1.91431
1.90565
1.89972
1.89706
1.89423
1.88351
1.85787
1.81955
1.78434
1.77128
1.78437
1.81224
1.84243
1.86787
1.88509
1.8918
1.88701
1.8733
1.85864
1.85141
1.85183
1.85258
1.84842
1.84266
1.84459
1.85911
1.88117
1.90114
1.91112
1.90766
1.89338
1.87632
1.8659
1.86817
1.88482
1.91488
1.95529
2.00025
2.04224
2.07406
2.0903
2.0882
2.06868
2.03708
2.0022
1.973
1.95473
1.94786
1.95035
1.95986
1.97416
1.99122
2.00969
2.02901
2.04847
2.06614
2.07911
2.08475
2.08232
2.07338
2.06096
2.04826
2.03774
2.0307
2.02725
2.02671
2.02809
2.02968
2.02885
2.0228
2.01
1.99116
1.96933
1.94963
1.9379
1.93831
1.95063
1.96983
1.98877
2.00168
2.00575
2.00133
1.99136
1.98005
1.97105
1.96604
1.96442
1.96387
1.96184
1.95721
1.95102
1.94605
1.94535
1.95082
1.96232
1.97745
1.99254
2.00454
2.01205
2.01456
2.01129
2.00159
1.9864
1.9697
1.95787
1.95642
1.96627
1.98305
2.0004
2.01399
2.02304
2.02869
2.03195
2.03308
2.03222
2.03012
2.0281
2.02727
2.02734
2.02607
2.02028
2.00798
1.9901
1.97051
1.95398
1.94329
1.93777
1.93474
1.93234
1.9313
1.93393
1.94075
1.94883
1.95361
1.9522
1.94505
1.93525
1.92658
1.92204
1.92341
1.93096
1.9432
1.95672
1.96681
1.96977
1.9651
1.95496
1.94148
1.9246
1.90181
1.86983
1.82704
1.77639
1.72752
1.69523
1.69211
1.7208
1.7727
1.83298
1.88718
1.92556
1.94395
1.94262
1.9255
1.89992
1.8758
1.86299
1.86747
1.88878
1.92034
1.95221
1.97433
1.97919
1.96384
1.93228
1.89704
1.87531
1.87708
1.89762
1.92509
1.95128
1.97312
1.98953
1.99917
2.00063
1.99332
1.9777
1.95504
1.92745
1.89882
1.87505
1.86226
1.86354
1.87802
1.90309
1.93648
1.97539
2.01524
2.05114
2.08049
2.10366
2.12229
2.13726
2.14805
2.15331
2.15178
2.14271
2.12579
2.10141
2.07143
2.03933
2.00935
1.98464
1.96596
1.95157
1.93835
1.9235
1.90609
1.88751
1.87034
1.8566
1.84711
1.842
1.84118
1.84387
1.84785
1.84992
1.84754
1.84089
1.83367
1.83153
1.83902
1.85711
1.88278
1.91102
1.93785
1.96236
1.98563
2.00752
2.02465
2.03164
2.02454
2.00335
1.972
1.93633
1.90226
1.87475
1.85731
1.85252
1.86242
1.88571
1.9159
1.94473
1.96574
1.97493
1.97183
1.96168
1.95463
1.95978
1.97912
2.00642
2.03165
2.0462
2.04744
2.04179
2.04202
2.05548
2.07618
2.09335
2.10315
2.10708
2.10418
2.09049
2.06427
2.02942
1.99537
1.97336
1.96936
1.97803
1.98564
1.98062
1.96202
1.93879
1.9225
1.92053
1.93116
1.94428
1.95089
1.95031
1.94741
1.94507
1.9408
1.93085
1.91544
1.89934
1.88785
1.88256
1.88153
1.88301
1.88772
1.89716
1.91054
1.92302
1.92781
1.92018
1.90057
1.87555
1.85636
1.85367
1.87015
1.89866
1.92719
1.94478
1.9448
1.92596
1.892
1.85115
1.81553
1.79777
1.80237
1.82177
1.84784
1.88096
1.91872
1.94884
1.96275
1.96412
1.96293
1.9667
1.97543
1.98314
1.98425
1.97841
1.9704
1.9667
1.97127
1.98306
1.99712
2.00856
2.01568
2.01984
2.02325
2.02713
2.03146
2.03542
2.0378
2.03703
2.03171
2.02131
2.00654
1.9891
1.97117
1.95474
1.94104
1.93034
1.92157
1.91228
1.89914
1.88005
1.85674
1.83459
1.81907
1.81205
1.81278
1.82135
1.83908
1.86598
1.89918
1.93338
1.96239
1.98076
1.98517
1.9755
1.95519
1.93008
1.90574
1.88515
1.86882
1.8574
1.85399
1.86303
1.88592
1.91803
1.95076
1.97639
1.99121
1.99516
1.99009
1.97813
1.9613
1.94218
1.92454
1.91342
1.91372
1.92779
1.95305
1.98242
2.00736
2.02088
2.01881
2.00007
1.96696
1.92634
1.88841
1.85971
1.83736
1.81483
1.7908
1.76988
1.75843
1.76109
1.77959
1.81227
1.85385
1.89722
1.93694
1.97053
1.99593
2.00987
2.01009
1.99752
1.97635
1.95248
1.93128
1.91502
1.90224
1.88929
1.87232
1.84894
1.81961
1.78893
1.76479
1.75524
1.76448
1.79148
1.8315
1.87834
1.92526
1.96561
1.994
2.00742
2.00591
1.99313
1.97602
1.96265
1.95817
1.96271
1.97316
1.98576
1.99694
2.00355
2.00465
2.00229
1.99927
1.99574
1.98868
1.97434
1.95146
1.92354
1.89874
1.88562
1.88663
1.89635
1.90675
1.91312
1.91499
1.91338
1.90869
1.90189
1.89729
1.90141
1.91549
1.93212
1.94311
1.94708
1.94845
1.95091
1.95273
1.94883
1.93761
1.92489
1.92053
1.92973
1.94852
1.96847
1.98381
1.99339
1.9989
2.00275
2.00712
2.01349
2.02182
2.02975
2.03377
2.03159
2.0224
2.00454
1.97622
1.9409
1.90966
1.89407
1.89765
1.91687
1.94604
1.9795
2.0127
2.0433
2.07097
2.096
2.11803
2.13472
2.14151
2.13356
2.10922
2.07204
2.03022
1.99351
1.96837
1.95455
1.94712
1.9425
1.94234
1.95043
1.96584
1.98133
1.98848
1.98418
1.97322
1.96563
1.96995
1.98709
2.01035
2.03123
2.04465
2.05005
2.04963
2.04623
2.04169
2.03608
2.02831
2.01743
2.00356
1.98773
1.97118
1.95578
1.94521
1.9449
1.95844
1.98328
2.01162
2.03587
2.05232
2.06099
2.06347
2.06109
2.05467
2.04501
2.0333
2.02068
2.00769
1.99478
1.98314
1.97414
1.96826
1.96585
1.96799
1.9758
1.98891
2.00553
2.02335
2.03991
2.05249
2.05877
2.05793
2.05122
2.04133
2.03084
2.02102
2.01183
2.00275
1.99353
1.98398
1.97334
1.96007
1.94358
1.92594
1.9111
1.90131
1.89521
1.88971
1.88245
1.87303
1.86306
1.85566
1.85494
1.86516
1.88869
1.92353
1.96325
2.00027
2.02875
2.04521
2.04825
2.03808
2.01582
1.98328
1.94325
1.9004
1.86228
1.83982
1.84225
1.86578
1.8938
1.91164
1.91458
1.90487
1.88788
1.87042
1.85867
1.8561
1.86299
1.87698
1.89418
1.91077
1.92445
1.93522
1.94512
1.95652
1.96947
1.98184
1.99241
2.00277
2.0152
2.0293
2.04159
2.04818
2.04719
2.03847
2.02228
1.99983
1.97473
1.95259
1.93745
1.9295
1.92691
1.92879
1.93578
1.94768
1.96135
1.97144
1.9737
1.96859
1.96219
1.96173
1.9692
1.9806
1.98988
1.9923
1.98692
1.97962
1.98016
1.9908
2.0034
2.01087
2.01328
2.01368
2.01393
2.0142
2.01409
2.0133
2.01181
2.00955
2.0062
2.00069
1.99144
1.97845
1.96444
1.95283
1.94586
1.94515
1.95107
1.96123
1.97189
1.98164
1.99213
2.00556
2.02211
2.03915
2.05233
2.0574
2.05176
2.03544
2.01124
1.98385
1.95821
1.9383
1.92677
1.92406
1.92701
1.92929
1.92475
1.91107
1.89107
1.87033
1.85365
1.8433
1.83946
1.84143
1.8488
1.86173
1.87981
1.90128
1.92402
1.94704
1.9698
1.9907
2.00704
2.01729
2.02296
2.02776
2.03455
2.04296
2.04992
2.05212
2.0482
2.03934
2.02825
2.01771
2.00967
2.00531
2.00498
2.00698
2.00738
2.00238
1.99119
1.97612
1.9592
1.93971
1.91636
1.89081
1.86622
1.84438
1.82611
1.81272
1.80575
1.80661
1.8166
1.83578
1.86126
1.88726
1.90777
1.9195
1.92264
1.91956
1.91302
1.90543
1.89927
1.89758
1.90393
1.92148
1.9508
1.98765
2.02307
2.04666
2.05074
2.03289
1.9964
1.94927
1.9024
1.8669
1.85165
1.86086
1.89208
1.93646
1.98222
2.01849
2.03737
2.03544
2.01506
1.98477
1.95702
1.94223
1.94239
1.95185
1.96458
1.97786
1.98951
1.99726
2.00118
2.00192
1.99895
1.99311
1.98725
1.98378
1.98374
1.98774
1.99597
2.00645
2.01575
2.02259
2.02894
2.03717
2.04691
2.05577
2.06225
2.06703
2.07151
2.07642
2.08234
2.09077
2.10257
2.11541
2.12426
2.12513
2.11766
2.10456
2.08914
2.07332
2.0571
2.03916
2.01747
1.99038
1.95796
1.92289
1.8898
1.86272
1.84236
1.82616
1.81116
1.79677
1.78493
1.77805
1.77749
1.78408
1.79939
1.82578
1.86367
1.90893
1.95413
1.99221
2.01857
2.03105
2.02982
2.01716
1.99721
1.97527
1.95628
1.94339
1.93753
1.93825
1.94401
1.95215
1.9594
1.96276
1.96044
1.95241
1.94036
1.92676
1.91344
1.90057
1.88698
1.87135
1.85369
1.83696
1.82735
1.83127
1.85055
1.88167
1.91924
1.95914
1.99855
2.03427
2.06184
2.07676
2.07673
2.06328
2.04167
2.01879
2.0001
1.98881
1.98808
2.00055
2.02228
2.04052
2.04195
2.021
1.98097
1.93153
1.8858
1.85557
1.84548
1.85122
1.86407
1.87607
1.88212
1.88091
1.87543
1.87074
1.86973
1.87146
1.87383
1.87579
1.87729
1.87881
1.88143
1.88631
1.89386
1.90413
1.91789
1.93682
1.96211
1.99272
2.02446
2.05016
2.06177
2.05514
2.03505
2.01406
2.00313
2.00344
2.0095
2.01598
2.02007
2.02095
2.01841
2.01164
1.99951
1.9828
1.96613
1.95684
1.9609
1.97845
2.0034
2.02743
2.04423
2.05072
2.0476
2.03999
2.03502
2.03625
2.04178
2.04835
2.05435
2.05869
2.05984
2.05699
2.05134
2.04552
2.04261
2.04557
2.05693
2.07803
2.10662
2.13456
2.15066
2.14787
2.12819
2.10102
2.07648
2.05889
2.0459
2.0328
2.01671
1.99831
1.98087
1.96839
1.96335
1.96466
1.96773
1.96676
1.95785
1.9408
1.91945
1.9004
1.88939
1.88648
1.88511
1.87718
1.8594
1.83535
1.81298
1.80013
1.80163
1.81911
1.852
1.89738
1.9492
1.99838
2.03516
2.05303
2.05157
2.0364
2.01629
1.99947
1.99121
1.99345
2.0047
2.02042
2.03491
2.04396
2.04632
2.04343
2.03746
2.02979
2.02032
2.00721
1.98784
1.96057
1.92599
1.88706
1.84855
1.8163
1.79597
1.79107
1.8017
1.82524
1.85824
1.8971
1.93739
1.97395
2.00254
2.02121
2.03043
2.03201
2.02787
2.01932
2.00681
1.99014
1.96932
1.94595
1.92444
1.91157
1.91272
1.92694
1.94687
1.96563
1.98295
2.00376
2.03077
2.06072
2.08832
2.11046
2.12692
2.13868
2.14548
2.14469
2.13274
2.10817
2.07314
2.03189
1.98883
1.94919
1.9197
1.90592
1.90702
1.915
1.92035
1.91843
1.91136
1.9058
1.90738
1.91429
1.9153
1.89599
1.8519
1.80581
1.80378
1.8587
1.92928
1.97537
1.98284
1.95417
1.90061
1.8384
1.78459
1.7518
1.74436
1.75855
1.78633
1.81887
1.84842
1.86955
1.8807
1.88536
1.89076
1.90312
1.92256
1.94407
1.96273
1.97621
1.98361
1.98468
1.98081
1.97489
1.96821
1.95802
1.93961
1.91078
1.8745
1.83868
1.81359
1.8071
1.8197
1.84414
1.87017
1.89079
1.90597
1.9219
1.94463
1.9721
1.99443
2.00252
1.99512
1.97872
1.9631
1.9547
1.95208
1.9495
1.94443
1.93967
1.9384
1.93957
1.93829
1.92934
1.91075
1.88551
1.8597
1.83842
1.82422
1.8195
1.82795
1.85214
1.89001
1.93557
1.98293
2.02795
2.06594
2.09119
2.10047
2.09533
2.08011
2.05837
2.03094
1.9969
1.95657
1.91385
1.87508
1.84462
1.82186
1.80446
1.79459
1.8002
1.82696
1.86945
1.9144
1.94987
1.96906
1.9696
1.95231
1.92096
1.8827
1.84737
1.82445
1.81907
1.83021
1.85263
1.88031
1.90844
1.93319
1.95134
1.96131
1.96448
1.96505
1.96792
1.976
1.98846
2.00122
2.00915
2.00885
2.00054
1.98801
1.97584
1.96641
1.96035
1.95994
1.96918
1.98976
2.01796
2.04597
2.06544
2.06941
2.05217
2.00862
1.93626
1.84436
1.76436
1.73249
1.75031
1.79161
1.83903
1.88864
1.93683
1.97663
2.00305
2.01646
2.02026
2.01741
2.00959
1.99808
1.98341
1.96562
1.94585
1.92751
1.91498
1.91073
1.91361
1.91962
1.92432
1.92507
1.92274
1.92202
1.9285
1.94378
1.96332
1.97973
1.98762
1.98578
1.97604
1.96116
1.9436
1.92578
1.91009
1.89809
1.89005
1.88553
1.88388
1.88411
1.88474
1.88462
1.88378
1.88291
1.88263
1.88467
1.89317
1.91271
1.94378
1.97914
2.0064
2.01649
2.01131
2.00312
2.00374
2.01461
2.02966
2.04361
2.05553
2.06801
2.08485
2.10833
2.13792
2.17031
2.20035
2.22194
2.22998
2.22243
2.20091
2.16922
2.13109
2.0886
2.04223
1.99315
1.94682
1.91473
1.90831
1.92691
1.95743
1.98757
2.01248
2.03131
2.04343
2.04755
2.04224
2.02684
2.00249
1.97344
1.94745
1.93306
1.93349
1.94389
1.95607
1.9646
1.96843
1.96929
1.96929
1.96904
1.9671
1.96179
1.95337
1.9446
1.93915
1.94003
1.94874
1.9647
1.98456
2.00294
2.01522
2.02036
2.02091
2.01901
2.01275
1.99874
1.9778
1.95759
1.94883
1.95814
1.98487
2.02287
2.06263
2.09457
2.11262
2.11462
2.10087
2.07356
2.03685
1.99663
1.95966
1.93214
1.91777
1.91649
1.92526
1.93963
1.95486
1.96618
1.9694
1.96182
1.94367
1.91909
1.89632
1.8852
1.89158
1.91289
1.9401
1.96408
1.97981
1.98581
1.98185
1.96759
1.9424
1.9063
1.86173
1.81528
1.77743
1.75937
1.76771
1.80048
1.84783
1.8966
1.93502
1.95588
1.95765
1.94331
1.9176
1.88753
1.86635
1.8693
1.89905
1.94259
1.98326
2.00977
2.01808
2.011
1.99569
1.97936
1.96608
1.95731
1.95481
1.96269
1.9847
2.0183
2.05419
2.08316
2.10103
2.10821
2.10713
2.10084
2.0926
2.08552
2.08133
2.07926
2.07595
2.06661
2.04729
2.01751
1.98202
1.94947
1.92726
1.91713
1.91544
1.91621
1.91397
1.90542
1.88957
1.86675
1.83796
1.80526
1.7721
1.74246
1.71966
1.70529
1.699
1.69938
1.70444
1.71169
1.71944
1.72823
1.74085
1.76079
1.78952
1.82446
1.86009
1.89097
1.91403
1.92872
1.93564
1.93518
1.92716
1.91158
1.8897
1.86437
1.8394
1.81868
1.80607
1.80512
1.81755
1.84113
1.86972
1.8962
1.91586
1.92711
1.93015
1.92546
1.91372
1.89672
1.87845
1.86469
1.86007
1.86476
1.87544
1.88964
1.9083
1.93264
1.95929
1.98063
1.99004
1.98581
1.97079
1.95017
1.92977
1.91521
1.91178
1.92437
1.95647
2.00584
2.06118
2.10655
2.12919
2.12351
2.09203
2.04517
1.99833
1.96424
1.94461
1.93068
1.91336
1.89075
1.86724
1.8491
1.84092
1.84335
1.85294
1.86538
1.87808
1.88911
1.89492
1.89197
1.88413
1.8866
1.91096
1.95042
1.99128
2.02514
2.04822
2.05919
2.05857
2.04843
2.0328
2.0172
2.00642
2.0021
2.00386
2.01179
2.02623
2.04555
2.06522
2.07889
2.08037
2.06604
2.03688
1.99825
1.95729
1.92015
1.89131
1.87383
1.86926
1.87698
1.89257
1.90684
1.91036
1.90154
1.89082
1.89467
1.92006
1.95608
1.98356
1.98964
1.97397
1.94653
1.92097
1.90671
1.90501
1.91147
1.921
1.92975
1.93505
1.93607
1.93435
1.93252
1.9322
1.93392
1.93728
1.94013
1.93906
1.93114
1.91629
1.89915
1.88847
1.89229
1.91218
1.94216
1.9734
1.99989
2.02021
2.03541
2.04608
2.0513
2.05014
2.04376
2.03571
2.02928
2.02448
2.01788
2.00567
1.9871
1.96645
1.95246
1.95335
1.97035
1.99707
2.02491
2.0469
2.05843
2.05714
2.04328
2.02027
1.99425
1.97221
1.95917
1.95605
1.95969
1.96489
1.96667
1.96211
1.9516
1.9393
1.93093
1.92958
1.93414
1.94295
1.95672
1.97514
1.99276
2.00113
1.99422
1.97117
1.93678
1.90236
1.88326
1.88761
1.9083
1.93202
1.95009
1.95933
1.95932
1.95092
1.93549
1.91431
1.88873
1.86088
1.83345
1.80875
1.78806
1.77377
1.77126
1.78469
1.81143
1.84463
1.87892
1.91126
1.93926
1.95978
1.96838
1.95987
1.9306
1.88257
1.82827
1.78944
1.78248
1.80443
1.83951
1.87285
1.89568
1.90499
1.90218
1.8917
1.8797
1.87204
1.87199
1.87886
1.88939
1.90029
1.90985
1.91787
1.92437
1.92861
1.92954
1.92678
1.92097
1.91339
1.9063
1.90337
1.90778
1.91913
1.93323
1.94533
1.95334
1.95856
1.96388
1.97084
1.97837
1.98448
1.98845
1.99163
1.99657
2.00601
2.02108
2.03929
2.05563
2.06657
2.07248
2.07654
2.08256
2.09239
2.10331
2.10822
2.10015
2.07667
2.04107
2.0012
1.96655
1.94393
1.93404
1.93238
1.93431
1.93894
1.94875
1.9657
1.9879
2.00968
2.02427
2.0275
2.02076
2.0111
2.00789
2.01733
2.03782
2.06102
2.07801
2.08425
2.08014
2.06942
2.05649
2.04397
2.03208
2.02072
2.01199
2.00996
2.0173
2.03234
2.04942
2.06192
2.06565
2.06256
2.06229
2.07531
2.10039
2.12482
2.13694
2.13174
2.10866
2.06923
2.01722
1.95954
1.9056
1.86362
1.83572
1.81801
1.80604
1.79921
1.80018
1.81169
1.8338
1.86286
1.89194
1.91297
1.92039
1.91423
1.9001
1.88544
1.87513
1.87048
1.87098
1.87535
1.88148
1.88697
1.89081
1.89458
1.90169
1.91464
1.93358
1.95699
1.98253
2.00701
2.02678
2.03881
2.04124
2.03289
2.01297
1.98187
1.94229
1.89984
1.86185
1.83431
1.81912
1.8144
1.81686
1.82344
1.83152
1.83933
1.84667
1.85471
1.86482
1.87719
1.89106
1.90595
1.9219
1.93731
1.94764
1.94757
1.93466
1.91106
1.88261
1.85746
1.84434
1.84913
1.87163
1.90668
1.9483
1.9919
2.03352
2.06864
2.09226
2.09977
2.08813
2.05715
2.01072
1.9568
1.90527
1.8643
1.83797
1.82664
1.82859
1.84215
1.86803
1.90692
1.95518
2.00823
2.06538
2.12639
2.18705
2.2405
2.28055
2.30279
2.30443
2.28428
2.24337
2.18574
2.11861
2.05207
1.99955
1.97485
1.98078
2.00508
2.03205
2.04984
2.05037
2.03054
1.99239
1.94037
1.87933
1.81654
1.76474
1.73763
1.73826
1.75821
1.78756
1.81998
1.85208
1.88211
1.90926
1.93296
1.95227
1.96529
1.96997
1.96639
1.95782
1.94873
1.94062
1.93044
1.91509
1.89707
1.88341
1.87866
1.882
1.89085
1.9036
1.91925
1.93762
1.95948
1.98408
2.0078
2.02617
2.03609
2.0358
2.02443
2.00261
1.97328
1.94172
1.91395
1.89406
1.88263
1.87719
1.87413
1.87048
1.86522
1.85964
1.85614
1.85666
1.86226
1.87347
1.88969
1.90803
1.92362
1.93182
1.9308
1.92267
1.91227
1.90501
1.90453
1.91076
1.91922
1.92279
1.9158
1.89834
1.87616
1.85453
1.83247
1.80576
1.77605
1.75562
1.75778
1.78335
1.82446
1.87423
1.92792
1.98112
2.02821
2.0623
2.07749
2.07164
2.04703
2.00878
1.96282
1.91488
1.87049
1.83434
1.80849
1.79168
1.78093
1.7735
1.76702
1.75865
1.7461
1.72998
1.71429
1.70329
1.69903
1.70271
1.7159
1.73886
1.76942
1.80422
1.83948
1.87093
1.89444
1.90751
1.91096
1.90935
1.9085
1.91114
1.91595
1.92099
1.9263
1.93262
1.93898
1.94303
1.94385
1.9435
1.94505
1.95002
1.95908
1.97268
1.98767
1.99709
1.99831
1.99687
1.99824
2.00112
2.00176
1.99955
1.9965
1.99375
1.99015
1.98421
1.97642
1.96923
1.96466
1.96239
1.96077
1.95951
1.96098
1.96932
1.98874
2.02119
2.06276
2.10316
2.13199
2.14456
2.1418
2.12723
2.10468
2.0773
2.0487
2.02531
2.01605
2.02521
2.04712
2.07198
2.09288
2.1068
2.11467
2.12231
2.1378
2.16086
2.17667
2.16782
2.12876
2.06959
2.01029
1.96663
1.94026
1.92456
1.91572
1.91672
1.9314
1.95616
1.98151
1.99923
2.00505
1.99783
1.97884
1.95152
1.92061
1.89021
1.86217
1.83712
1.81747
1.80781
1.81104
1.82489
1.84361
1.86249
1.8808
1.90129
1.92686
1.95707
1.98707
2.01021
2.02239
2.02432
2.01988
2.01328
2.00821
2.00865
2.01679
2.0295
2.03962
2.04068
2.02985
2.00829
1.98047
1.95284
1.93149
1.91949
1.91585
1.91705
1.91987
1.92323
1.92825
1.93684
1.94979
1.96555
1.98133
1.99537
2.00769
2.01843
2.02616
2.02876
2.02562
2.01872
2.01153
2.00758
2.00924
2.01661
2.02619
2.03093
2.02376
2.00409
1.98102
1.9659
1.96223
1.96764
1.98036
1.9985
2.01819
2.03456
2.04376
2.04378
2.0352
2.02132
2.00693
1.99573
1.98817
1.98172
1.97309
1.96079
1.94607
1.93189
1.92146
1.91739
1.92009
1.92619
1.92908
1.92226
1.90336
1.87579
1.84751
1.82788
1.82398
1.83652
1.85745
1.87335
1.87499
1.86431
1.85229
1.85062
1.86487
1.8935
1.931
1.97077
2.00651
2.03252
2.04383
2.0367
2.00941
1.96326
1.90368
1.84028
1.78507
1.74856
1.73639
1.74891
1.78231
1.82817
1.87501
1.91352
1.93924
1.95102
1.95168
1.95085
1.96099
1.98652
2.02013
2.05092
2.07313
2.08681
2.09412
2.09666
2.09527
2.09077
2.08437
2.07718
2.06948
2.05987
2.04417
2.01596
1.97369
1.93295
1.92028
1.93971
1.96928
1.99087
1.99958
1.99704
1.98721
1.9757
1.96913
1.97221
1.98416
1.99829
2.006
2.00154
1.98491
1.96163
1.93952
1.9264
1.92956
1.95101
1.98295
2.013
2.03263
2.03924
2.03363
2.01758
1.9927
1.9613
1.92839
1.90316
1.8948
1.90498
1.92708
1.95241
1.97368
1.98573
1.98662
1.97803
1.96346
1.94593
1.92711
1.90811
1.89058
1.87744
1.87216
1.87615
1.887
1.90022
1.9136
1.92968
1.95361
1.98733
2.02484
2.05374
2.06245
2.04655
2.00973
1.96011
1.9071
1.8629
1.84095
1.84439
1.86357
1.88726
1.90833
1.92228
1.92608
1.91931
1.90535
1.89036
1.88052
1.87902
1.88514
1.89593
1.90839
1.92024
1.92941
1.93377
1.93134
1.92138
1.90536
1.88712
1.8714
1.86162
1.85873
1.86168
1.8689
1.87929
1.89274
1.90979
1.9307
1.95482
1.98081
2.00674
2.02984
2.04618
2.05144
2.04277
2.0206
1.98911
