0
0.0214153
0.0192483
0.0140148
0.0136881
0.0131719
0.0157744
0.0137745
0.012517
0.0111956
0.0106789
0.00982463
0.00905188
0.00959062
0.00895499
0.00898159
0.00843689
0.00803663
0.00763789
0.00782771
0.00795882
0.00758864
0.0082654
0.00826964
0.00797538
0.00773975
0.0076011
0.00748365
0.00724335
0.00751463
0.00729275
0.00717933
0.00702065
0.00700157
0.00687229
0.00695549
0.00721678
0.00770928
0.00750901
0.00733598
0.00733895
0.00716426
0.00721445
0.00708262
0.0069663
0.00681429
0.00681263
0.00667143
0.00654856
0.00641833
0.00633563
0.00629394
0.00617615
0.00622244
0.00612951
0.00604402
0.00593743
0.00583664
0.00581876
0.005754
0.00581724
0.0057227
0.00574963
0.00566349
0.00557776
0.00549352
0.00541106
0.00550721
0.00544573
0.00541596
0.00534332
0.00526922
0.00519655
0.00513544
0.00515853
0.00510609
0.00504281
0.00498375
0.00500106
0.00493982
0.00488544
0.00485281
0.00485249
0.00481633
0.00477423
0.00474343
0.00470682
0.0047074
0.00466514
0.0046202
0.00468837
0.00468057
0.00463338
0.00458472
0.00458224
0.00453895
0.00457333
0.00459318
0.00455638
0.00451087
