0
0.0214613
0.0187237
0.0135569
0.013237
0.0127597
0.0154024
0.0134327
0.0121887
0.0109019
0.0104006
0.00956379
0.00881336
0.00933601
0.00870966
0.00873078
0.00820265
0.00782649
0.00743068
0.00762752
0.00779662
0.00743434
0.00810148
0.00809735
0.00780772
0.00758373
0.00746414
0.00735087
0.00711397
0.00739019
0.00717187
0.00706053
0.00690973
0.00689466
0.00676936
0.00684389
0.0071175
0.00761843
0.00742052
0.00724705
0.00724888
0.00707628
0.00712584
0.00699659
0.00687964
0.00672943
0.00672114
0.00658126
0.0064622
0.00633324
0.00625335
0.00620949
0.0060918
0.00613863
0.00604817
0.0059647
0.00585955
0.00575926
0.00574968
0.00568523
0.00574363
0.00565025
0.00568075
0.00559588
0.00551131
0.0054279
0.00534644
0.00545192
0.00539063
0.00535568
0.00528378
0.00521033
0.00513862
0.00507836
0.0050943
0.00504302
0.00497998
0.00492077
0.00494072
0.0048811
0.0048283
0.00479496
0.0047931
0.00475684
0.00471881
0.0046874
0.00465116
0.00465291
0.00461192
0.00456649
0.00463451
0.00462702
0.00458046
0.00453285
0.00452928
0.00448755
0.0045186
0.00453869
0.0045023
0.0044572
