0
4.59999e-05
0.000715181
0.00066122
0.000583101
0.000512101
0.000468254
0.000443345
0.000418532
0.00037551
0.00034971
0.000326979
0.000301277
0.000306395
0.00031156
0.000308759
0.000308914
0.000296544
0.000298227
0.000287021
0.000276384
0.000265851
0.000264051
0.000264076
0.00025528
0.000246391
0.000242028
0.000233888
0.000226678
0.000220112
0.00021319
0.000207425
0.000202387
0.000196584
0.000190892
0.000193747
0.000188557
0.000183661
0.000179526
0.000180303
0.000177585
0.000173363
0.00017067
0.000166751
0.000165419
0.000161903
0.000166187
0.000164802
0.000163328
0.000161326
0.000158193
0.000158027
0.000172663
0.000170019
0.000167068
0.000164077
0.000161188
0.00016184
0.000162713
0.000160403
0.000161335
0.000159217
0.000156734
0.000154299
0.000151937
0.000150021
0.00014778
0.000147659
0.000145824
0.000152029
0.000149928
0.000148411
0.000149184
0.000147157
0.000152944
0.000150923
0.000149967
0.000149637
0.0001478
0.000148776
0.000147582
0.000146702
0.000146165
0.000144854
0.000148061
0.000147116
0.000145523
0.000143862
0.000142443
0.000142489
0.000141226
0.000139799
0.000138288
0.000138525
0.00013791
0.000137894
0.000138837
0.000137566
0.000136231
0.000135476
