0
0.0143075
0.0124825
0.00903795
0.00882467
0.00850645
0.0102683
0.00895513
0.00812581
0.00726795
0.00693372
0.00637586
0.00587557
0.00622401
0.00580644
0.00582052
0.00546843
0.00521766
0.00495379
0.00508501
0.00519775
0.00495623
0.00540099
0.00539823
0.00520515
0.00505582
0.00497609
0.00490058
0.00474265
0.00492679
0.00478125
0.00470702
0.00460649
0.00459644
0.00451291
0.00456259
0.004745
0.00507895
0.00494701
0.00483137
0.00483259
0.00471752
0.00475056
0.00466439
0.00458642
0.00448629
0.00448076
0.00438751
0.00430813
0.00422216
0.0041689
0.00413966
0.0040612
0.00409242
0.00403211
0.00397647
0.00390636
0.0038395
0.00383312
0.00379015
0.00382909
0.00376683
0.00378717
0.00373059
0.0036742
0.0036186
0.0035643
0.00363461
0.00359376
0.00357045
0.00352252
0.00347355
0.00342575
0.00338557
0.0033962
0.00336201
0.00331999
0.00328051
0.00329381
0.00325407
0.00321887
0.00319664
0.0031954
0.00317123
0.00314587
0.00312493
0.00310077
0.00310194
0.00307461
0.00304433
0.00308968
0.00308468
0.00305364
0.0030219
0.00301952
0.0029917
0.0030124
0.00302579
0.00300153
0.00297147
