144.081
144.233
144.095
145.483
145.486
145.489
145.385
145.228
144.913
144.37
144.054
143.688
143.412
143.163
143.027
143.154
143.083
143.187
143.181
143.222
143.21
143.174
143.285
143.519
143.644
143.665
143.721
143.774
143.771
143.75
143.639
143.642
143.703
143.829
144.008
143.969
143.907
143.941
143.932
143.864
143.842
143.826
143.873
143.876
143.955
143.978
143.994
144.017
144.003
144.051
144.159
144.213
144.24
144.194
144.133
144.097
144.057
144.154
144.231
144.267
144.282
144.301
144.329
144.345
144.325
144.305
144.347
144.374
144.396
144.422
144.433
144.437
144.423
144.415
144.405
144.377
144.413
144.478
144.448
144.441
144.474
144.476
144.494
144.496
144.509
144.547
144.548
144.527
144.493
144.463
144.45
144.477
144.466
144.423
144.356
144.3
144.231
144.175
144.144
144.123
