-8.99109e-21
-8.99182e-21
-8.99242e-21
-8.99202e-21
-8.99179e-21
-8.99223e-21
-8.9918e-21
-8.99182e-21
-8.99168e-21
-8.99186e-21
-8.99182e-21
-8.99199e-21
-8.99193e-21
-8.99196e-21
-8.99201e-21
-8.99204e-21
-8.99211e-21
-8.99207e-21
-8.99192e-21
-8.99179e-21
-8.99173e-21
-8.99174e-21
-8.99169e-21
-8.99174e-21
-8.99179e-21
-8.99179e-21
-8.99176e-21
-8.99167e-21
-8.99163e-21
-8.99165e-21
-8.99167e-21
-8.99173e-21
-8.9918e-21
-8.99188e-21
-8.99194e-21
-8.99195e-21
-8.99199e-21
-8.99197e-21
-8.99201e-21
-8.99202e-21
-8.99205e-21
-8.99208e-21
-8.99209e-21
-8.9921e-21
-8.99213e-21
-8.99214e-21
-8.9922e-21
-8.99221e-21
-8.99221e-21
-8.99222e-21
-8.99222e-21
-8.99225e-21
-8.99226e-21
-8.99232e-21
-8.99231e-21
-8.99234e-21
-8.99234e-21
-8.99234e-21
-8.99236e-21
-8.99237e-21
-8.99241e-21
-8.99242e-21
-8.9924e-21
-8.99242e-21
-8.99242e-21
-8.99243e-21
-8.99241e-21
-8.99238e-21
-8.99239e-21
-8.99238e-21
-8.99238e-21
-8.99238e-21
-8.99235e-21
-8.99237e-21
-8.99237e-21
-8.99237e-21
-8.99235e-21
-8.99233e-21
-8.99232e-21
-8.99232e-21
-8.99232e-21
-8.99234e-21
-8.99234e-21
-8.99235e-21
-8.99234e-21
-8.99236e-21
-8.99237e-21
-8.99235e-21
-8.99236e-21
-8.99236e-21
-8.99236e-21
-8.99236e-21
-8.99236e-21
-8.99236e-21
-8.99237e-21
-8.99237e-21
-8.99237e-21
-8.99236e-21
-8.99237e-21
-8.99236e-21
