2.00859e-21
2.01566e-21
2.01752e-21
2.0145e-21
2.01777e-21
2.01784e-21
2.0166e-21
2.01902e-21
2.01508e-21
2.01703e-21
2.01794e-21
2.01807e-21
2.01832e-21
2.01715e-21
2.01787e-21
2.01764e-21
2.01745e-21
2.01722e-21
2.01773e-21
2.01835e-21
2.01779e-21
2.01882e-21
2.018e-21
2.01863e-21
2.01858e-21
2.01907e-21
2.01835e-21
2.01874e-21
2.01797e-21
2.01786e-21
2.0184e-21
2.01797e-21
2.0185e-21
2.01848e-21
2.01853e-21
2.01834e-21
2.01849e-21
2.01833e-21
2.01807e-21
2.01819e-21
2.01804e-21
2.01792e-21
2.01802e-21
2.01793e-21
2.01835e-21
2.0182e-21
2.01797e-21
2.01815e-21
2.0181e-21
2.01831e-21
2.01785e-21
2.01829e-21
2.01813e-21
2.01855e-21
2.01834e-21
2.0181e-21
2.01838e-21
2.01786e-21
2.01782e-21
2.01794e-21
2.01811e-21
2.01791e-21
2.01775e-21
2.0179e-21
2.01743e-21
2.01788e-21
2.01763e-21
2.01758e-21
2.01772e-21
2.01787e-21
2.01778e-21
2.01792e-21
2.01767e-21
2.01773e-21
2.01777e-21
2.01784e-21
2.01764e-21
2.01775e-21
2.01767e-21
2.01764e-21
2.01773e-21
2.01789e-21
2.01767e-21
2.01775e-21
2.01779e-21
2.01785e-21
2.01774e-21
2.01759e-21
2.01768e-21
2.01761e-21
2.01758e-21
2.01767e-21
2.01752e-21
2.01757e-21
2.01753e-21
2.01761e-21
2.01768e-21
2.01779e-21
2.01786e-21
2.01766e-21
