-1.09997e-20
-1.10075e-20
-1.10099e-20
-1.10065e-20
-1.10096e-20
-1.10101e-20
-1.10084e-20
-1.10108e-20
-1.10068e-20
-1.10089e-20
-1.10098e-20
-1.10101e-20
-1.10103e-20
-1.10091e-20
-1.10099e-20
-1.10097e-20
-1.10096e-20
-1.10093e-20
-1.10097e-20
-1.10101e-20
-1.10095e-20
-1.10106e-20
-1.10097e-20
-1.10104e-20
-1.10104e-20
-1.10109e-20
-1.10101e-20
-1.10104e-20
-1.10096e-20
-1.10095e-20
-1.10101e-20
-1.10097e-20
-1.10103e-20
-1.10104e-20
-1.10105e-20
-1.10103e-20
-1.10105e-20
-1.10103e-20
-1.10101e-20
-1.10102e-20
-1.10101e-20
-1.101e-20
-1.10101e-20
-1.101e-20
-1.10105e-20
-1.10103e-20
-1.10102e-20
-1.10104e-20
-1.10103e-20
-1.10105e-20
-1.10101e-20
-1.10105e-20
-1.10104e-20
-1.10109e-20
-1.10107e-20
-1.10104e-20
-1.10107e-20
-1.10102e-20
-1.10102e-20
-1.10103e-20
-1.10105e-20
-1.10103e-20
-1.10101e-20
-1.10103e-20
-1.10099e-20
-1.10103e-20
-1.101e-20
-1.101e-20
-1.10101e-20
-1.10103e-20
-1.10102e-20
-1.10103e-20
-1.101e-20
-1.10101e-20
-1.10101e-20
-1.10102e-20
-1.101e-20
-1.10101e-20
-1.101e-20
-1.101e-20
-1.10101e-20
-1.10102e-20
-1.101e-20
-1.10101e-20
-1.10101e-20
-1.10102e-20
-1.10101e-20
-1.10099e-20
-1.101e-20
-1.101e-20
-1.10099e-20
-1.101e-20
-1.10099e-20
-1.10099e-20
-1.10099e-20
-1.101e-20
-1.101e-20
-1.10101e-20
-1.10102e-20
-1.101e-20
