2.28812e-21
2.28818e-21
2.28822e-21
2.28823e-21
2.28825e-21
2.28828e-21
2.28828e-21
2.28827e-21
2.28825e-21
2.28824e-21
2.28824e-21
2.28825e-21
2.28825e-21
2.28826e-21
2.28828e-21
2.28829e-21
2.28829e-21
2.28829e-21
2.28829e-21
2.2883e-21
2.28831e-21
2.2883e-21
2.2883e-21
2.28828e-21
2.28826e-21
2.28825e-21
2.28825e-21
2.28825e-21
2.28825e-21
2.28825e-21
2.28824e-21
2.28824e-21
2.28824e-21
2.28824e-21
2.28823e-21
2.28822e-21
2.28822e-21
2.28821e-21
2.2882e-21
2.2882e-21
2.2882e-21
2.28819e-21
2.28819e-21
2.28819e-21
2.28818e-21
2.28818e-21
2.28818e-21
2.28817e-21
2.28817e-21
2.28817e-21
2.28817e-21
2.28817e-21
2.28817e-21
2.28817e-21
2.28817e-21
2.28817e-21
2.28818e-21
2.28818e-21
2.28818e-21
2.28819e-21
2.28819e-21
2.2882e-21
2.2882e-21
2.2882e-21
2.2882e-21
2.2882e-21
2.2882e-21
2.2882e-21
2.2882e-21
2.28821e-21
2.28821e-21
2.28821e-21
2.28821e-21
2.28821e-21
2.28821e-21
2.28821e-21
2.28821e-21
2.28821e-21
2.28821e-21
2.28821e-21
2.28821e-21
2.28822e-21
2.28822e-21
2.28822e-21
2.28822e-21
2.28823e-21
2.28823e-21
2.28823e-21
2.28823e-21
2.28823e-21
2.28824e-21
2.28824e-21
2.28824e-21
2.28823e-21
2.28823e-21
2.28823e-21
2.28823e-21
2.28824e-21
2.28824e-21
2.28824e-21
