2.6974e-21
2.75773e-21
2.77517e-21
2.779e-21
2.76439e-21
2.7658e-21
2.74564e-21
2.73901e-21
2.73812e-21
2.73831e-21
2.75009e-21
2.74963e-21
2.75029e-21
2.75199e-21
2.75335e-21
2.75151e-21
2.75348e-21
2.75346e-21
2.75442e-21
2.75372e-21
2.75158e-21
2.75152e-21
2.75195e-21
2.74907e-21
2.7461e-21
2.74773e-21
2.74899e-21
2.75046e-21
2.75273e-21
2.75296e-21
2.75434e-21
2.75527e-21
2.75479e-21
2.7535e-21
2.75401e-21
2.75625e-21
2.75539e-21
2.75499e-21
2.75639e-21
2.7568e-21
2.75574e-21
2.75539e-21
2.75589e-21
2.75606e-21
2.75645e-21
2.75768e-21
2.75665e-21
2.75578e-21
2.75598e-21
2.7557e-21
2.75609e-21
2.75589e-21
2.75641e-21
2.75645e-21
2.75638e-21
2.75638e-21
2.7565e-21
2.75635e-21
2.75683e-21
2.75801e-21
2.75734e-21
2.75801e-21
2.75813e-21
2.75893e-21
2.758e-21
2.75718e-21
2.75675e-21
2.75753e-21
2.75768e-21
2.75692e-21
2.75848e-21
2.75811e-21
2.75943e-21
2.76013e-21
2.76092e-21
2.76024e-21
2.75945e-21
2.75925e-21
2.75951e-21
2.75987e-21
2.76032e-21
2.76116e-21
2.76138e-21
2.76149e-21
2.76223e-21
2.76288e-21
2.76351e-21
2.76318e-21
2.76301e-21
2.76317e-21
2.76297e-21
2.76322e-21
2.76272e-21
2.7624e-21
2.76301e-21
2.76328e-21
2.76345e-21
2.76321e-21
2.76322e-21
2.76346e-21
