0
2.91305
1.88089
1.34281
1.25682
1.02843
1.30506
1.17461
1.03681
0.927402
1.01348
0.925447
0.851887
0.792951
0.741117
0.698944
0.663438
0.625497
0.593492
0.564072
0.546361
0.520943
0.498222
0.496917
0.49771
0.484615
0.470243
0.458646
0.45594
0.440625
0.43131
0.420036
0.407776
0.400405
0.389563
0.393742
0.385196
0.375433
0.371901
0.363032
0.357725
0.349524
0.342149
0.334382
0.327429
0.325671
0.322536
0.318507
0.312079
0.306074
0.300625
0.294956
0.290452
0.285027
0.279818
0.274776
0.269969
0.265366
0.261848
0.26365
0.261264
0.258998
0.25493
0.253833
0.253868
0.253109
0.250159
0.249271
0.245742
0.244959
0.252858
0.249936
0.254597
0.253372
0.252889
0.251683
0.251355
0.248302
0.245475
0.243011
0.240971
0.241471
0.238773
0.235967
0.235941
0.235259
0.234553
0.232416
0.229948
0.227511
0.2252
0.223074
0.222016
0.220174
0.219835
0.217923
0.215819
0.213909
0.211737
0.209935
