0
5.26495e-26
5.06618e-26
3.9503e-26
3.5982e-26
3.81229e-26
3.22971e-26
2.9348e-26
3.248e-26
3.03177e-26
2.7724e-26
2.5366e-26
2.45893e-26
2.42872e-26
2.69292e-26
2.71014e-26
2.65573e-26
2.50388e-26
2.37105e-26
2.28619e-26
2.30776e-26
2.20219e-26
2.24142e-26
2.72373e-26
3.09484e-26
3.14009e-26
3.04942e-26
2.93857e-26
2.83621e-26
2.74692e-26
2.66505e-26
2.59474e-26
2.53891e-26
2.47897e-26
2.45255e-26
2.5146e-26
2.53124e-26
2.54496e-26
2.55481e-26
2.53936e-26
2.49989e-26
2.45508e-26
2.40665e-26
2.3657e-26
2.34664e-26
2.33352e-26
2.3039e-26
2.26267e-26
2.21787e-26
2.18362e-26
2.15061e-26
2.11024e-26
2.07129e-26
2.03337e-26
1.99609e-26
1.96941e-26
1.95872e-26
1.95012e-26
1.92901e-26
1.96292e-26
1.97847e-26
1.98946e-26
1.97878e-26
1.95062e-26
1.92199e-26
1.89352e-26
1.86693e-26
1.84454e-26
1.82312e-26
1.7993e-26
1.77729e-26
1.75908e-26
1.7421e-26
1.72269e-26
1.69956e-26
1.67718e-26
1.65532e-26
1.6343e-26
1.61356e-26
1.60274e-26
1.60994e-26
1.61881e-26
1.61943e-26
1.61233e-26
1.5978e-26
1.58659e-26
1.58347e-26
1.58506e-26
1.57949e-26
1.57014e-26
1.56183e-26
1.54644e-26
1.52973e-26
1.51666e-26
1.50064e-26
1.48504e-26
1.46965e-26
1.45463e-26
1.44149e-26
1.434e-26
