0
6.0329e-23
3.8953e-23
2.78094e-23
2.60286e-23
2.12987e-23
2.70276e-23
2.43261e-23
2.14722e-23
1.92064e-23
2.09891e-23
1.91659e-23
1.76425e-23
1.64219e-23
1.53484e-23
1.4475e-23
1.37397e-23
1.2954e-23
1.22911e-23
1.16819e-23
1.13151e-23
1.07887e-23
1.03181e-23
1.02911e-23
1.03075e-23
1.00363e-23
9.73867e-24
9.49851e-24
9.44246e-24
9.12529e-24
8.93238e-24
8.69888e-24
8.44498e-24
8.29234e-24
8.0678e-24
8.15434e-24
7.97735e-24
7.77517e-24
7.70203e-24
7.51835e-24
7.40844e-24
7.2386e-24
7.08586e-24
6.92501e-24
6.78101e-24
6.74461e-24
6.67968e-24
6.59623e-24
6.46311e-24
6.33875e-24
6.2259e-24
6.1085e-24
6.01522e-24
5.90287e-24
5.79499e-24
5.69057e-24
5.59102e-24
5.49569e-24
5.42285e-24
5.46016e-24
5.41074e-24
5.36382e-24
5.27956e-24
5.25684e-24
5.25756e-24
5.24186e-24
5.18076e-24
5.16237e-24
5.08928e-24
5.07307e-24
5.23666e-24
5.17615e-24
5.27268e-24
5.24731e-24
5.2373e-24
5.21232e-24
5.20553e-24
5.14229e-24
5.08375e-24
5.03273e-24
4.99048e-24
5.00083e-24
4.94495e-24
4.88685e-24
4.8863e-24
4.87219e-24
4.85757e-24
4.81331e-24
4.76218e-24
4.71172e-24
4.66387e-24
4.61983e-24
4.59792e-24
4.55978e-24
4.55276e-24
4.51316e-24
4.46959e-24
4.43002e-24
4.38506e-24
4.34773e-24
