0
7.79381e-24
5.13382e-24
4.99486e-24
4.92388e-24
4.05273e-24
3.81456e-24
4.11487e-24
5.46228e-24
5.32906e-24
4.89736e-24
4.48062e-24
4.12621e-24
3.98527e-24
3.78815e-24
3.54909e-24
3.33615e-24
3.15657e-24
3.00732e-24
2.8962e-24
2.82448e-24
2.88464e-24
2.88821e-24
2.84642e-24
2.73019e-24
2.66757e-24
2.67353e-24
2.59313e-24
2.62764e-24
2.54029e-24
2.51914e-24
2.46556e-24
2.46223e-24
2.38953e-24
2.32267e-24
2.26408e-24
2.21035e-24
2.15951e-24
2.11496e-24
2.06559e-24
2.01792e-24
1.97143e-24
1.92825e-24
1.88581e-24
1.89945e-24
1.86301e-24
1.83096e-24
1.80232e-24
1.76574e-24
1.74289e-24
1.76952e-24
1.80011e-24
1.77238e-24
1.80495e-24
1.78538e-24
1.76612e-24
1.75836e-24
1.8072e-24
1.77641e-24
1.75146e-24
1.73552e-24
1.71805e-24
1.70042e-24
1.68255e-24
1.72029e-24
1.75259e-24
1.74712e-24
1.7229e-24
1.70419e-24
1.68586e-24
1.6648e-24
1.64755e-24
1.64928e-24
1.62909e-24
1.6078e-24
1.58806e-24
1.58321e-24
1.56553e-24
1.54821e-24
1.52905e-24
1.51315e-24
1.50464e-24
1.50258e-24
1.48759e-24
1.47017e-24
1.45523e-24
1.44195e-24
1.43545e-24
1.42314e-24
1.40941e-24
1.39409e-24
1.38156e-24
1.37539e-24
1.3621e-24
1.34819e-24
1.33647e-24
1.32446e-24
1.31452e-24
1.30436e-24
1.30857e-24
