-1.11241e-20
-1.11738e-20
-1.11474e-20
-1.11231e-20
-1.10608e-20
-1.10657e-20
-1.10908e-20
-1.10951e-20
-1.10929e-20
-1.10937e-20
-1.10903e-20
-1.10861e-20
-1.10967e-20
-1.10994e-20
-1.10953e-20
-1.10948e-20
-1.10904e-20
-1.10965e-20
-1.11059e-20
-1.10997e-20
-1.10881e-20
-1.10884e-20
-1.10917e-20
-1.10972e-20
-1.10949e-20
-1.10937e-20
-1.10931e-20
-1.10938e-20
-1.1093e-20
-1.1093e-20
-1.10942e-20
-1.10932e-20
-1.1093e-20
-1.10965e-20
-1.10971e-20
-1.10939e-20
-1.10963e-20
-1.10986e-20
-1.10985e-20
-1.10961e-20
-1.10965e-20
-1.10967e-20
-1.10963e-20
-1.10993e-20
-1.10989e-20
-1.10995e-20
-1.10996e-20
-1.10985e-20
-1.10986e-20
-1.11008e-20
-1.11007e-20
-1.10998e-20
-1.10991e-20
-1.10978e-20
-1.10979e-20
-1.1099e-20
-1.10984e-20
-1.11019e-20
-1.10996e-20
-1.10976e-20
-1.10979e-20
-1.10975e-20
-1.10999e-20
-1.11005e-20
-1.10997e-20
-1.10976e-20
-1.10983e-20
-1.10971e-20
-1.10972e-20
-1.10988e-20
-1.10997e-20
-1.11002e-20
-1.10985e-20
-1.10985e-20
-1.10991e-20
-1.10986e-20
-1.10986e-20
-1.10988e-20
-1.10997e-20
-1.10983e-20
-1.10978e-20
-1.10985e-20
-1.1099e-20
-1.10993e-20
-1.10993e-20
-1.10988e-20
-1.10993e-20
-1.1099e-20
-1.11001e-20
-1.1101e-20
-1.11004e-20
-1.10996e-20
-1.1098e-20
-1.10981e-20
-1.11004e-20
-1.10996e-20
-1.11008e-20
-1.11013e-20
-1.10989e-20
-1.10981e-20
