-9.1917e-21
-9.19076e-21
-9.18991e-21
-9.18956e-21
-9.18991e-21
-9.19014e-21
-9.19023e-21
-9.18996e-21
-9.18948e-21
-9.18899e-21
-9.18912e-21
-9.18896e-21
-9.18894e-21
-9.18903e-21
-9.18907e-21
-9.18907e-21
-9.189e-21
-9.18912e-21
-9.1891e-21
-9.18906e-21
-9.18894e-21
-9.18891e-21
-9.189e-21
-9.18889e-21
-9.18885e-21
-9.189e-21
-9.18905e-21
-9.18894e-21
-9.18876e-21
-9.18869e-21
-9.18852e-21
-9.18861e-21
-9.18884e-21
-9.18879e-21
-9.18869e-21
-9.18868e-21
-9.18881e-21
-9.18892e-21
-9.18904e-21
-9.18897e-21
-9.18909e-21
-9.18916e-21
-9.18922e-21
-9.18912e-21
-9.18916e-21
-9.18915e-21
-9.18924e-21
-9.18934e-21
-9.18931e-21
-9.18943e-21
-9.18949e-21
-9.18947e-21
-9.18945e-21
-9.18955e-21
-9.18957e-21
-9.18966e-21
-9.18979e-21
-9.18989e-21
-9.1898e-21
-9.18981e-21
-9.18984e-21
-9.18988e-21
-9.19e-21
-9.19007e-21
-9.19009e-21
-9.19007e-21
-9.19001e-21
-9.19002e-21
-9.19004e-21
-9.19002e-21
-9.19e-21
-9.18995e-21
-9.19004e-21
-9.19013e-21
-9.19013e-21
-9.19011e-21
-9.19014e-21
-9.19017e-21
-9.19021e-21
-9.19024e-21
-9.19021e-21
-9.19026e-21
-9.19029e-21
-9.19031e-21
-9.19028e-21
-9.19023e-21
-9.1902e-21
-9.19024e-21
-9.19027e-21
-9.19031e-21
-9.19028e-21
-9.19024e-21
-9.19024e-21
-9.19022e-21
-9.19021e-21
-9.19021e-21
-9.19024e-21
-9.19024e-21
-9.19019e-21
-9.1902e-21
