0
4.96834e-23
3.897e-23
3.67347e-23
6.85126e-23
5.61529e-23
5.37188e-23
4.67172e-23
4.12587e-23
3.69105e-23
3.35506e-23
3.09254e-23
3.037e-23
2.82459e-23
2.66172e-23
2.49019e-23
2.38063e-23
2.32695e-23
2.39258e-23
2.35444e-23
2.52199e-23
2.40485e-23
2.32198e-23
2.28886e-23
2.20666e-23
2.12376e-23
2.04435e-23
1.97099e-23
1.90327e-23
1.83875e-23
1.78252e-23
1.72882e-23
1.67574e-23
1.66393e-23
1.61663e-23
1.60251e-23
1.57666e-23
1.55279e-23
1.5125e-23
1.4943e-23
1.45793e-23
1.42302e-23
1.39018e-23
1.39043e-23
1.35968e-23
1.33084e-23
1.30233e-23
1.27954e-23
1.2532e-23
1.24634e-23
1.22169e-23
1.20146e-23
1.18037e-23
1.16562e-23
1.14427e-23
1.129e-23
1.11046e-23
1.14492e-23
1.14793e-23
1.14628e-23
1.12756e-23
1.10994e-23
1.11797e-23
1.10204e-23
1.08781e-23
1.09103e-23
1.07715e-23
1.06853e-23
1.05302e-23
1.04919e-23
1.03843e-23
1.02495e-23
1.02427e-23
1.01033e-23
9.98232e-24
9.86039e-24
9.73151e-24
9.60733e-24
9.53347e-24
9.52759e-24
9.4236e-24
9.33905e-24
9.23956e-24
9.1326e-24
9.02456e-24
8.92916e-24
8.83602e-24
8.73796e-24
8.69989e-24
8.65637e-24
8.58099e-24
8.52265e-24
8.5867e-24
8.49509e-24
8.70739e-24
8.65193e-24
8.65077e-24
8.57543e-24
8.82157e-24
8.76527e-24
