0
2.44419
1.87368
1.75851
3.31867
2.719
2.59752
2.26016
1.99497
1.78535
1.62344
1.49526
1.4684
1.3653
1.2869
1.20396
1.15036
1.12287
1.1551
1.13619
1.2146
1.1582
1.11772
1.1033
1.06349
1.024
0.985785
0.950588
0.917629
0.886514
0.860014
0.834378
0.808973
0.803801
0.781144
0.774215
0.760779
0.748445
0.729085
0.71979
0.70214
0.685277
0.66956
0.670794
0.656008
0.642108
0.628312
0.617739
0.605031
0.60078
0.588924
0.579135
0.568917
0.562341
0.552032
0.544281
0.5357
0.550831
0.551524
0.550852
0.541827
0.533443
0.536239
0.528427
0.521701
0.52311
0.516646
0.512574
0.505123
0.503453
0.498426
0.492063
0.492502
0.485814
0.47999
0.474097
0.467899
0.461909
0.458189
0.458217
0.453131
0.448876
0.444038
0.438873
0.433679
0.428993
0.424586
0.419926
0.417942
0.415694
0.411992
0.409061
0.412174
0.407786
0.418253
0.415622
0.415413
0.411808
0.423236
0.420593
