0
9.35462e-25
1.00856e-24
7.9242e-25
7.06034e-25
6.18337e-25
5.30276e-25
5.32089e-25
6.73577e-25
7.72283e-25
7.10865e-25
6.70094e-25
6.16545e-25
5.76948e-25
5.39199e-25
5.04449e-25
4.78263e-25
4.6616e-25
4.41575e-25
4.2079e-25
4.17248e-25
3.98718e-25
3.91972e-25
3.92314e-25
3.7852e-25
3.94202e-25
3.82273e-25
3.83176e-25
4.11824e-25
4.03845e-25
4.26779e-25
4.23365e-25
4.71142e-25
4.59835e-25
4.59192e-25
4.46344e-25
4.53832e-25
4.56577e-25
4.60098e-25
4.54134e-25
4.58613e-25
4.528e-25
4.46612e-25
4.47238e-25
4.38768e-25
4.29169e-25
4.28292e-25
4.30414e-25
4.22094e-25
4.29693e-25
4.24642e-25
4.16565e-25
4.09147e-25
4.11983e-25
4.05172e-25
4.07069e-25
4.20419e-25
4.26708e-25
4.28697e-25
4.21516e-25
4.1583e-25
4.11194e-25
4.21006e-25
4.20658e-25
4.14731e-25
4.09419e-25
4.0639e-25
4.00375e-25
3.95e-25
3.89549e-25
3.84894e-25
3.81934e-25
3.86384e-25
3.90707e-25
3.85486e-25
3.80703e-25
3.76762e-25
3.72891e-25
3.70242e-25
3.67186e-25
3.64292e-25
3.63705e-25
3.60094e-25
3.56357e-25
3.53163e-25
3.52405e-25
3.49341e-25
3.47299e-25
3.44895e-25
3.4279e-25
3.4022e-25
3.38263e-25
3.34651e-25
3.31834e-25
3.2843e-25
3.25008e-25
3.22924e-25
3.19618e-25
3.19302e-25
3.16229e-25
