-1.10805e-20
-1.10784e-20
-1.10778e-20
-1.10769e-20
-1.10762e-20
-1.10773e-20
-1.10771e-20
-1.10763e-20
-1.10751e-20
-1.10754e-20
-1.10755e-20
-1.10756e-20
-1.10753e-20
-1.10751e-20
-1.10755e-20
-1.10754e-20
-1.10756e-20
-1.10754e-20
-1.10756e-20
-1.10758e-20
-1.10759e-20
-1.10759e-20
-1.10758e-20
-1.10755e-20
-1.10754e-20
-1.10752e-20
-1.10753e-20
-1.10753e-20
-1.10753e-20
-1.10752e-20
-1.1075e-20
-1.10751e-20
-1.10752e-20
-1.10752e-20
-1.10751e-20
-1.10751e-20
-1.10752e-20
-1.10751e-20
-1.1075e-20
-1.10749e-20
-1.10749e-20
-1.10748e-20
-1.10748e-20
-1.10748e-20
-1.10748e-20
-1.10748e-20
-1.10747e-20
-1.10747e-20
-1.10746e-20
-1.10746e-20
-1.10746e-20
-1.10746e-20
-1.10745e-20
-1.10745e-20
-1.10745e-20
-1.10745e-20
-1.10745e-20
-1.10746e-20
-1.10745e-20
-1.10745e-20
-1.10746e-20
-1.10746e-20
-1.10746e-20
-1.10745e-20
-1.10745e-20
-1.10745e-20
-1.10745e-20
-1.10744e-20
-1.10745e-20
-1.10746e-20
-1.10745e-20
-1.10746e-20
-1.10746e-20
-1.10746e-20
-1.10746e-20
-1.10746e-20
-1.10746e-20
-1.10745e-20
-1.10746e-20
-1.10746e-20
-1.10746e-20
-1.10745e-20
-1.10746e-20
-1.10747e-20
-1.10747e-20
-1.10747e-20
-1.10747e-20
-1.10748e-20
-1.10747e-20
-1.10747e-20
-1.10747e-20
-1.10746e-20
-1.10747e-20
-1.10746e-20
-1.10746e-20
-1.10746e-20
-1.10745e-20
-1.10745e-20
-1.10746e-20
-1.10746e-20
