-9.13056e-21
-9.12936e-21
-9.1294e-21
-9.12953e-21
-9.12941e-21
-9.12951e-21
-9.12946e-21
-9.12933e-21
-9.12921e-21
-9.12935e-21
-9.12937e-21
-9.12934e-21
-9.12927e-21
-9.12919e-21
-9.12921e-21
-9.12918e-21
-9.1292e-21
-9.12917e-21
-9.1292e-21
-9.12924e-21
-9.12927e-21
-9.12925e-21
-9.12923e-21
-9.1292e-21
-9.12921e-21
-9.12923e-21
-9.12923e-21
-9.12923e-21
-9.12924e-21
-9.12924e-21
-9.12925e-21
-9.12926e-21
-9.12929e-21
-9.12932e-21
-9.12932e-21
-9.12934e-21
-9.12933e-21
-9.12932e-21
-9.12933e-21
-9.12932e-21
-9.12932e-21
-9.1293e-21
-9.12928e-21
-9.12927e-21
-9.12926e-21
-9.12925e-21
-9.12923e-21
-9.12922e-21
-9.12922e-21
-9.12922e-21
-9.12924e-21
-9.12924e-21
-9.12923e-21
-9.12922e-21
-9.12921e-21
-9.12919e-21
-9.12918e-21
-9.12919e-21
-9.12919e-21
-9.1292e-21
-9.1292e-21
-9.12921e-21
-9.1292e-21
-9.1292e-21
-9.12921e-21
-9.12921e-21
-9.12922e-21
-9.12921e-21
-9.12922e-21
-9.12922e-21
-9.12923e-21
-9.12924e-21
-9.12924e-21
-9.12923e-21
-9.12923e-21
-9.12924e-21
-9.12924e-21
-9.12923e-21
-9.12923e-21
-9.12924e-21
-9.12922e-21
-9.12922e-21
-9.12922e-21
-9.12922e-21
-9.12921e-21
-9.1292e-21
-9.12922e-21
-9.12922e-21
-9.12922e-21
-9.12922e-21
-9.12921e-21
-9.1292e-21
-9.12921e-21
-9.1292e-21
-9.1292e-21
-9.12919e-21
-9.12918e-21
-9.12918e-21
-9.12918e-21
-9.12917e-21
