1.94993e-21
1.94905e-21
1.94844e-21
1.94738e-21
1.94682e-21
1.94777e-21
1.94762e-21
1.94696e-21
1.9459e-21
1.94604e-21
1.94613e-21
1.94624e-21
1.94604e-21
1.94587e-21
1.94632e-21
1.94623e-21
1.94644e-21
1.94628e-21
1.94637e-21
1.94652e-21
1.94666e-21
1.9466e-21
1.9466e-21
1.9463e-21
1.94614e-21
1.94601e-21
1.94606e-21
1.94606e-21
1.94607e-21
1.94598e-21
1.9457e-21
1.94586e-21
1.94588e-21
1.9459e-21
1.94575e-21
1.94573e-21
1.94586e-21
1.94578e-21
1.94563e-21
1.94555e-21
1.94556e-21
1.94546e-21
1.94547e-21
1.94552e-21
1.94557e-21
1.94556e-21
1.94548e-21
1.94547e-21
1.94536e-21
1.94533e-21
1.94535e-21
1.94534e-21
1.94524e-21
1.94528e-21
1.94532e-21
1.9453e-21
1.94529e-21
1.94536e-21
1.94529e-21
1.94533e-21
1.94536e-21
1.94538e-21
1.94539e-21
1.94533e-21
1.94533e-21
1.94532e-21
1.94527e-21
1.94522e-21
1.94532e-21
1.94533e-21
1.94531e-21
1.94537e-21
1.94535e-21
1.94534e-21
1.94537e-21
1.94534e-21
1.94536e-21
1.94532e-21
1.94534e-21
1.94539e-21
1.94536e-21
1.94533e-21
1.94541e-21
1.94544e-21
1.94548e-21
1.94547e-21
1.9455e-21
1.94553e-21
1.94548e-21
1.94546e-21
1.94547e-21
1.94542e-21
1.94545e-21
1.94545e-21
1.94541e-21
1.94536e-21
1.94536e-21
1.94536e-21
1.9454e-21
1.94539e-21
