0
2.07899e-24
1.32858e-24
1.32034e-24
1.22794e-24
1.44963e-24
1.24117e-24
1.34037e-24
1.66424e-24
1.51424e-24
1.37413e-24
1.25692e-24
1.18596e-24
1.1284e-24
1.15347e-24
1.08567e-24
1.04556e-24
1.00469e-24
9.57951e-25
9.28563e-25
8.9959e-25
8.61297e-25
8.2331e-25
8.51521e-25
8.31417e-25
8.06859e-25
7.78499e-25
7.5019e-25
7.24192e-25
7.04483e-25
7.35113e-25
7.31634e-25
7.10555e-25
6.91268e-25
6.87979e-25
6.68596e-25
6.61435e-25
6.5057e-25
6.48223e-25
6.38412e-25
6.22684e-25
6.18214e-25
6.0372e-25
5.91269e-25
5.78709e-25
5.66245e-25
5.62414e-25
5.50969e-25
5.50164e-25
5.39814e-25
5.30417e-25
5.20301e-25
5.21686e-25
5.1322e-25
5.04346e-25
4.96755e-25
4.88326e-25
4.87648e-25
4.85706e-25
4.80671e-25
4.73538e-25
4.66547e-25
4.59086e-25
4.54246e-25
4.47215e-25
4.40393e-25
4.36204e-25
4.33391e-25
4.41263e-25
4.34922e-25
4.2885e-25
4.27312e-25
4.21586e-25
4.16466e-25
4.12254e-25
4.07526e-25
4.02567e-25
4.00133e-25
3.95653e-25
3.95176e-25
3.92746e-25
3.89979e-25
3.95499e-25
3.91757e-25
3.87908e-25
3.83609e-25
3.81483e-25
3.78705e-25
3.78738e-25
3.74591e-25
3.70515e-25
3.70977e-25
3.69223e-25
3.65483e-25
3.63296e-25
3.6442e-25
3.60865e-25
3.57166e-25
3.55242e-25
3.5185e-25
