-6.95784e-22
-6.98877e-22
-6.9598e-22
-7.24703e-22
-7.24753e-22
-7.24782e-22
-7.22635e-22
-7.19393e-22
-7.12875e-22
-7.01644e-22
-6.95102e-22
-6.87511e-22
-6.81783e-22
-6.76629e-22
-6.73793e-22
-6.76415e-22
-6.7494e-22
-6.77098e-22
-6.76971e-22
-6.77817e-22
-6.77551e-22
-6.7681e-22
-6.79127e-22
-6.83978e-22
-6.86594e-22
-6.87039e-22
-6.88198e-22
-6.89283e-22
-6.89224e-22
-6.88789e-22
-6.86503e-22
-6.86564e-22
-6.87826e-22
-6.90443e-22
-6.94151e-22
-6.93358e-22
-6.9208e-22
-6.92789e-22
-6.92612e-22
-6.91198e-22
-6.90754e-22
-6.90428e-22
-6.91398e-22
-6.91473e-22
-6.93106e-22
-6.93584e-22
-6.93913e-22
-6.94399e-22
-6.94118e-22
-6.95098e-22
-6.97344e-22
-6.98454e-22
-6.99011e-22
-6.98072e-22
-6.96814e-22
-6.9606e-22
-6.9522e-22
-6.97238e-22
-6.98817e-22
-6.99562e-22
-6.99871e-22
-7.00266e-22
-7.00845e-22
-7.01159e-22
-7.00754e-22
-7.0033e-22
-7.0121e-22
-7.01755e-22
-7.02215e-22
-7.02748e-22
-7.02991e-22
-7.03058e-22
-7.02782e-22
-7.02595e-22
-7.02396e-22
-7.01808e-22
-7.02567e-22
-7.03918e-22
-7.0329e-22
-7.03134e-22
-7.03822e-22
-7.03868e-22
-7.04237e-22
-7.04272e-22
-7.04534e-22
-7.05315e-22
-7.05342e-22
-7.04898e-22
-7.04194e-22
-7.03573e-22
-7.03314e-22
-7.03858e-22
-7.03633e-22
-7.02749e-22
-7.01358e-22
-7.002e-22
-6.98776e-22
-6.97619e-22
-6.9697e-22
-6.96525e-22
