-5.54115e-21
-5.54182e-21
-5.54319e-21
-5.54467e-21
-5.54483e-21
-5.54512e-21
-5.54466e-21
-5.54453e-21
-5.54456e-21
-5.54479e-21
-5.54483e-21
-5.54506e-21
-5.54495e-21
-5.54484e-21
-5.54485e-21
-5.54495e-21
-5.5448e-21
-5.5445e-21
-5.54442e-21
-5.54442e-21
-5.54442e-21
-5.54418e-21
-5.54416e-21
-5.54415e-21
-5.54417e-21
-5.54425e-21
-5.5443e-21
-5.54441e-21
-5.54441e-21
-5.54426e-21
-5.54424e-21
-5.54418e-21
-5.54417e-21
-5.54416e-21
-5.54411e-21
-5.54406e-21
-5.54414e-21
-5.54411e-21
-5.54413e-21
-5.54412e-21
-5.54408e-21
-5.54401e-21
-5.54405e-21
-5.54404e-21
-5.54405e-21
-5.54419e-21
-5.54417e-21
-5.54407e-21
-5.54403e-21
-5.544e-21
-5.54396e-21
-5.54395e-21
-5.5439e-21
-5.54386e-21
-5.54389e-21
-5.54389e-21
-5.54387e-21
-5.54382e-21
-5.54382e-21
-5.54384e-21
-5.5439e-21
-5.54394e-21
-5.54394e-21
-5.54386e-21
-5.54386e-21
-5.5439e-21
-5.54385e-21
-5.54393e-21
-5.54389e-21
-5.54385e-21
-5.54388e-21
-5.5439e-21
-5.54392e-21
-5.54393e-21
-5.54394e-21
-5.54396e-21
-5.54399e-21
-5.54398e-21
-5.54397e-21
-5.54398e-21
-5.54402e-21
-5.54406e-21
-5.54405e-21
-5.54399e-21
-5.54402e-21
-5.54404e-21
-5.54401e-21
-5.54401e-21
-5.54401e-21
-5.54404e-21
-5.54403e-21
-5.54405e-21
-5.54407e-21
-5.54402e-21
-5.54404e-21
-5.54405e-21
-5.54409e-21
-5.5441e-21
-5.54412e-21
-5.54414e-21
