96.987
97.3285
97.4184
97.2723
97.4306
97.4339
97.3737
97.4909
97.3006
97.3946
97.4386
97.4448
97.4571
97.4006
97.4352
97.4242
97.415
97.4039
97.4287
97.4586
97.4314
97.481
97.4416
97.4719
97.4696
97.493
97.4586
97.477
97.4401
97.4345
97.4606
97.4401
97.4655
97.4646
97.4669
97.4581
97.465
97.4572
97.4446
97.4506
97.4432
97.4376
97.4422
97.4379
97.4583
97.451
97.44
97.4486
97.4464
97.4562
97.4342
97.4556
97.4477
97.468
97.4579
97.4464
97.46
97.4345
97.433
97.4385
97.4468
97.4373
97.4293
97.4366
97.414
97.4357
97.4236
97.421
97.4278
97.4351
97.4308
97.4374
97.4254
97.4286
97.4305
97.4337
97.424
97.4292
97.4254
97.424
97.4286
97.4362
97.4257
97.4295
97.4312
97.4343
97.429
97.4218
97.4262
97.4225
97.4211
97.4254
97.4181
97.4208
97.4186
97.4224
97.4259
97.4311
97.4349
97.4251
