2.98391e-21
2.98705e-21
2.9842e-21
3.01294e-21
3.013e-21
3.01306e-21
3.01091e-21
3.00766e-21
3.00112e-21
2.98988e-21
2.98335e-21
2.97576e-21
2.97004e-21
2.96489e-21
2.96207e-21
2.9647e-21
2.96323e-21
2.96539e-21
2.96526e-21
2.96611e-21
2.96586e-21
2.96511e-21
2.96742e-21
2.97226e-21
2.97486e-21
2.97529e-21
2.97645e-21
2.97753e-21
2.97747e-21
2.97704e-21
2.97475e-21
2.97481e-21
2.97606e-21
2.97868e-21
2.98238e-21
2.98158e-21
2.9803e-21
2.981e-21
2.98082e-21
2.9794e-21
2.97895e-21
2.97862e-21
2.97959e-21
2.97966e-21
2.98129e-21
2.98176e-21
2.98209e-21
2.98257e-21
2.98229e-21
2.98327e-21
2.98551e-21
2.98662e-21
2.98718e-21
2.98624e-21
2.98499e-21
2.98423e-21
2.9834e-21
2.98542e-21
2.987e-21
2.98775e-21
2.98806e-21
2.98846e-21
2.98904e-21
2.98936e-21
2.98895e-21
2.98853e-21
2.98941e-21
2.98996e-21
2.99042e-21
2.99095e-21
2.9912e-21
2.99127e-21
2.99099e-21
2.99081e-21
2.99061e-21
2.99002e-21
2.99078e-21
2.99213e-21
2.9915e-21
2.99135e-21
2.99204e-21
2.99209e-21
2.99246e-21
2.99249e-21
2.99276e-21
2.99354e-21
2.99357e-21
2.99313e-21
2.99243e-21
2.99181e-21
2.99155e-21
2.99209e-21
2.99187e-21
2.99098e-21
2.98959e-21
2.98844e-21
2.98701e-21
2.98585e-21
2.98521e-21
2.98476e-21
