-8.23855e-21
-8.29955e-21
-8.31836e-21
-8.32367e-21
-8.30923e-21
-8.31092e-21
-8.29029e-21
-8.28355e-21
-8.28267e-21
-8.28311e-21
-8.29492e-21
-8.29469e-21
-8.29524e-21
-8.29683e-21
-8.29821e-21
-8.29646e-21
-8.29828e-21
-8.29796e-21
-8.29885e-21
-8.29814e-21
-8.296e-21
-8.2957e-21
-8.29612e-21
-8.29323e-21
-8.29027e-21
-8.29198e-21
-8.29329e-21
-8.29487e-21
-8.29714e-21
-8.29722e-21
-8.29858e-21
-8.29945e-21
-8.29895e-21
-8.29767e-21
-8.29812e-21
-8.30031e-21
-8.29953e-21
-8.29909e-21
-8.30052e-21
-8.30092e-21
-8.29982e-21
-8.2994e-21
-8.29994e-21
-8.3001e-21
-8.30051e-21
-8.30187e-21
-8.30082e-21
-8.29985e-21
-8.3e-21
-8.2997e-21
-8.30006e-21
-8.29983e-21
-8.30032e-21
-8.30031e-21
-8.30027e-21
-8.30027e-21
-8.30036e-21
-8.30017e-21
-8.30065e-21
-8.30185e-21
-8.30124e-21
-8.30195e-21
-8.30207e-21
-8.30279e-21
-8.30186e-21
-8.30108e-21
-8.30061e-21
-8.30145e-21
-8.30157e-21
-8.30077e-21
-8.30236e-21
-8.30201e-21
-8.30336e-21
-8.30406e-21
-8.30486e-21
-8.3042e-21
-8.30343e-21
-8.30322e-21
-8.30348e-21
-8.30385e-21
-8.30434e-21
-8.30523e-21
-8.30544e-21
-8.30548e-21
-8.30625e-21
-8.30692e-21
-8.30752e-21
-8.30719e-21
-8.30702e-21
-8.30721e-21
-8.307e-21
-8.30728e-21
-8.30679e-21
-8.30642e-21
-8.30705e-21
-8.30733e-21
-8.30754e-21
-8.30732e-21
-8.30734e-21
-8.30761e-21
