130.247
133.16
134.002
134.187
133.482
133.55
132.576
132.256
132.213
132.223
132.791
132.769
132.801
132.883
132.949
132.86
132.955
132.954
133.001
132.966
132.863
132.86
132.881
132.742
132.599
132.677
132.738
132.809
132.919
132.93
132.996
133.041
133.018
132.956
132.981
133.089
133.047
133.028
133.095
133.115
133.064
133.047
133.071
133.079
133.099
133.158
133.108
133.066
133.076
133.062
133.081
133.071
133.097
133.098
133.095
133.095
133.101
133.094
133.117
133.174
133.141
133.173
133.18
133.218
133.173
133.134
133.113
133.15
133.158
133.121
133.196
133.179
133.242
133.276
133.314
133.282
133.243
133.233
133.246
133.264
133.285
133.326
133.336
133.342
133.378
133.409
133.439
133.424
133.415
133.423
133.413
133.425
133.401
133.386
133.415
133.428
133.436
133.425
133.425
133.437
