0
6.10023e-23
3.99277e-23
2.87281e-23
2.65283e-23
2.17262e-23
2.76138e-23
2.48484e-23
2.19316e-23
1.9621e-23
2.13196e-23
1.94634e-23
1.7912e-23
1.66598e-23
1.55702e-23
1.46691e-23
1.38994e-23
1.31083e-23
1.24306e-23
1.18138e-23
1.1439e-23
1.09109e-23
1.04341e-23
1.03998e-23
1.04038e-23
1.01417e-23
9.8454e-24
9.61822e-24
9.55355e-24
9.23e-24
9.02997e-24
8.78673e-24
8.53092e-24
8.37558e-24
8.14526e-24
8.21306e-24
8.02588e-24
7.82392e-24
7.75343e-24
7.56771e-24
7.46244e-24
7.29486e-24
7.14348e-24
6.98116e-24
6.83643e-24
6.82386e-24
6.75911e-24
6.68794e-24
6.55181e-24
6.42652e-24
6.30932e-24
6.19087e-24
6.09221e-24
5.97833e-24
5.86876e-24
5.76301e-24
5.66169e-24
5.56645e-24
5.49204e-24
5.5313e-24
5.4735e-24
5.43043e-24
5.34495e-24
5.31007e-24
5.31031e-24
5.28685e-24
5.22886e-24
5.22069e-24
5.14575e-24
5.13372e-24
5.30349e-24
5.24068e-24
5.33955e-24
5.3137e-24
5.30356e-24
5.27499e-24
5.2622e-24
5.19867e-24
5.13905e-24
5.08758e-24
5.04843e-24
5.06518e-24
5.00805e-24
4.94827e-24
4.94979e-24
4.93752e-24
4.91766e-24
4.87255e-24
4.82077e-24
4.77085e-24
4.72262e-24
4.67898e-24
4.65404e-24
4.61905e-24
4.61293e-24
4.57372e-24
4.53092e-24
4.48998e-24
4.44446e-24
4.40795e-24
