0
0.341497
0.216702
0.211687
0.227867
0.186082
0.168397
0.187083
0.251868
0.244124
0.225152
0.205628
0.189546
0.184341
0.175056
0.164114
0.154437
0.146024
0.140326
0.136439
0.13259
0.135784
0.135598
0.133321
0.127897
0.125089
0.125189
0.122039
0.123407
0.119352
0.118345
0.116408
0.115642
0.112192
0.108962
0.106255
0.103573
0.101116
0.099286
0.096957
0.0948478
0.0927349
0.090672
0.0886955
0.0890735
0.0874154
0.086244
0.0848653
0.0831441
0.0820525
0.083392
0.0845388
0.0833052
0.0842364
0.083305
0.082612
0.0822816
0.0847874
0.0833521
0.0821376
0.0812019
0.0804441
0.0795549
0.0786367
0.0806306
0.0822935
0.0819446
0.0807719
0.0798778
0.0790679
0.0780623
0.0772488
0.0771269
0.0761451
0.0751479
0.0742202
0.0738836
0.0731154
0.0722859
0.0713897
0.0706527
0.070198
0.070137
0.0694031
0.0686018
0.0678685
0.0672876
0.0669121
0.0663045
0.0656686
0.0649582
0.0643931
0.0641214
0.0634961
0.0628647
0.0623265
0.0617771
0.0613638
0.0608599
0.0610463
