0
3.14608e-24
3.38499e-24
2.88393e-23
2.2339e-23
1.82398e-23
1.55639e-23
1.38653e-23
1.38656e-23
1.67374e-23
1.6491e-23
1.68591e-23
1.65293e-23
1.61452e-23
1.52928e-23
1.45452e-23
1.37415e-23
1.31342e-23
1.24243e-23
1.18174e-23
1.12435e-23
1.07459e-23
1.05246e-23
1.1176e-23
1.10304e-23
1.06066e-23
1.02713e-23
9.95692e-24
9.60763e-24
9.29212e-24
9.27418e-24
8.97988e-24
8.79392e-24
8.92286e-24
9.42277e-24
9.1923e-24
9.03216e-24
8.81927e-24
8.59211e-24
8.49378e-24
8.29611e-24
8.10287e-24
7.97117e-24
7.78825e-24
7.78542e-24
7.62905e-24
7.47205e-24
7.33072e-24
7.18506e-24
7.10739e-24
7.31913e-24
7.26249e-24
7.14593e-24
7.07482e-24
7.05819e-24
6.97167e-24
6.89919e-24
7.0742e-24
7.1306e-24
7.05077e-24
6.9413e-24
6.8401e-24
6.75577e-24
6.65682e-24
6.56605e-24
6.47969e-24
6.44279e-24
6.37082e-24
6.29473e-24
6.22711e-24
6.14363e-24
6.05808e-24
5.98078e-24
5.90233e-24
5.82651e-24
5.7793e-24
5.75395e-24
5.83823e-24
5.79797e-24
5.72713e-24
5.698e-24
5.6283e-24
5.57251e-24
5.50589e-24
5.44713e-24
5.44002e-24
5.37721e-24
5.33411e-24
5.3203e-24
5.29722e-24
5.24498e-24
5.21614e-24
5.16467e-24
5.18546e-24
5.31577e-24
5.38604e-24
5.51737e-24
5.58184e-24
5.56316e-24
5.52507e-24
