0
7.21449e-25
7.37945e-25
6.61206e-25
5.61994e-25
6.3733e-25
6.90634e-25
5.98694e-25
5.46593e-25
5.21124e-25
4.73531e-25
4.6447e-25
4.31152e-25
4.00587e-25
3.76191e-25
3.52932e-25
3.38114e-25
3.20899e-25
3.40209e-25
3.44579e-25
3.33398e-25
3.17972e-25
3.07389e-25
2.97996e-25
2.90077e-25
2.78698e-25
2.70442e-25
2.74738e-25
2.67785e-25
2.59519e-25
2.51531e-25
2.52023e-25
2.53551e-25
2.58624e-25
2.58053e-25
2.50847e-25
2.48814e-25
2.43409e-25
2.40329e-25
2.34362e-25
2.31423e-25
2.27263e-25
2.22408e-25
2.17383e-25
2.15376e-25
2.1084e-25
2.14135e-25
2.09894e-25
2.05566e-25
2.01571e-25
1.97636e-25
1.96934e-25
1.93526e-25
1.99667e-25
1.96276e-25
1.94424e-25
1.91044e-25
1.87724e-25
1.84956e-25
1.82599e-25
1.8417e-25
1.81239e-25
1.79275e-25
1.77916e-25
1.75175e-25
1.72505e-25
1.71094e-25
1.70012e-25
1.67745e-25
1.65494e-25
1.63413e-25
1.61214e-25
1.62562e-25
1.61477e-25
1.5934e-25
1.57301e-25
1.57077e-25
1.55773e-25
1.54151e-25
1.5224e-25
1.50356e-25
1.49408e-25
1.47617e-25
1.46626e-25
1.453e-25
1.44667e-25
1.43181e-25
1.42809e-25
1.41837e-25
1.40259e-25
1.3873e-25
1.37247e-25
1.35787e-25
1.3442e-25
1.33353e-25
1.31956e-25
1.30599e-25
1.29625e-25
1.28892e-25
1.27876e-25
