0
6.73383e-25
1.42392e-24
1.78646e-24
1.39403e-24
1.17365e-24
1.09475e-24
9.56175e-25
8.43584e-25
7.91108e-25
7.16414e-25
6.94665e-25
6.49762e-25
6.10605e-25
5.68616e-25
5.40477e-25
5.29997e-25
5.79533e-25
5.54281e-25
5.25841e-25
5.00186e-25
5.35234e-25
5.11712e-25
4.89986e-25
4.70151e-25
4.59666e-25
4.44858e-25
4.43572e-25
4.28027e-25
4.3953e-25
4.25434e-25
4.16195e-25
4.03709e-25
3.91695e-25
3.84213e-25
3.76833e-25
3.75318e-25
3.66491e-25
3.57899e-25
3.49056e-25
3.43259e-25
3.41782e-25
3.35997e-25
3.28316e-25
3.21116e-25
3.42385e-25
3.35518e-25
3.45174e-25
3.40535e-25
3.34326e-25
3.30258e-25
3.24318e-25
3.2093e-25
3.1756e-25
3.13371e-25
3.07735e-25
3.03449e-25
3.01537e-25
2.96384e-25
2.92218e-25
2.93117e-25
2.9145e-25
2.86848e-25
2.91573e-25
2.87127e-25
2.85812e-25
2.85178e-25
2.90461e-25
2.88706e-25
2.86962e-25
2.8478e-25
2.81357e-25
2.78266e-25
2.74587e-25
2.71086e-25
2.68036e-25
2.6623e-25
2.63067e-25
2.59774e-25
2.56562e-25
2.56981e-25
2.58014e-25
2.55076e-25
2.59284e-25
2.57238e-25
2.55316e-25
2.54305e-25
2.51399e-25
2.48562e-25
2.48016e-25
2.45393e-25
2.43541e-25
2.41668e-25
2.44742e-25
2.42636e-25
2.40799e-25
2.40853e-25
2.38732e-25
2.36776e-25
2.3584e-25
