0
0.151912
0.163448
1.39254
1.07866
0.880728
0.751521
0.669503
0.669516
0.808183
0.796287
0.814062
0.798138
0.779591
0.738429
0.702334
0.663525
0.634198
0.599923
0.570616
0.542908
0.51888
0.508192
0.539648
0.532616
0.512152
0.495963
0.480781
0.463915
0.448681
0.447815
0.433604
0.424624
0.43085
0.454989
0.443861
0.436128
0.425849
0.41488
0.410132
0.400587
0.391257
0.384897
0.376064
0.375928
0.368377
0.360796
0.353972
0.346939
0.343189
0.353413
0.350678
0.34505
0.341616
0.340813
0.336635
0.333135
0.341586
0.344309
0.340455
0.335168
0.330282
0.32621
0.321432
0.317049
0.312879
0.311098
0.307622
0.303948
0.300683
0.296652
0.292521
0.288789
0.285001
0.28134
0.27906
0.277836
0.281906
0.279962
0.276541
0.275135
0.271769
0.269075
0.265858
0.263021
0.262678
0.259645
0.257564
0.256897
0.255782
0.25326
0.251868
0.249382
0.250386
0.256678
0.260071
0.266412
0.269526
0.268623
0.266784
