0
3.09343e-24
3.40321e-24
2.88238e-23
2.23269e-23
1.82299e-23
1.55559e-23
1.38565e-23
1.38495e-23
1.67209e-23
1.64789e-23
1.685e-23
1.65242e-23
1.61434e-23
1.52938e-23
1.45444e-23
1.37415e-23
1.31342e-23
1.24243e-23
1.18171e-23
1.12434e-23
1.07458e-23
1.05261e-23
1.11846e-23
1.10423e-23
1.06185e-23
1.02831e-23
9.96826e-24
9.61856e-24
9.30258e-24
9.28347e-24
8.98889e-24
8.80306e-24
8.93216e-24
9.43292e-24
9.20144e-24
9.04003e-24
8.82741e-24
8.59992e-24
8.50046e-24
8.30243e-24
8.10892e-24
7.97729e-24
7.79425e-24
7.79199e-24
7.63573e-24
7.47871e-24
7.33735e-24
7.19151e-24
7.11395e-24
7.32589e-24
7.26893e-24
7.15217e-24
7.08096e-24
7.0641e-24
6.97765e-24
6.90539e-24
7.07915e-24
7.13486e-24
7.0544e-24
6.94466e-24
6.84317e-24
6.75853e-24
6.65949e-24
6.56872e-24
6.48234e-24
6.44527e-24
6.37313e-24
6.2969e-24
6.22916e-24
6.14561e-24
6.06001e-24
5.98275e-24
5.90432e-24
5.82846e-24
5.78124e-24
5.75587e-24
5.84015e-24
5.79984e-24
5.72901e-24
5.6995e-24
5.62975e-24
5.57377e-24
5.50712e-24
5.44829e-24
5.44093e-24
5.3781e-24
5.3352e-24
5.32162e-24
5.2987e-24
5.24653e-24
5.2176e-24
5.1661e-24
5.18669e-24
5.31691e-24
5.38718e-24
5.51845e-24
5.58292e-24
5.5643e-24
5.52631e-24
