0
7.07236e-24
4.48788e-24
4.38401e-24
4.71909e-24
3.85374e-24
3.48747e-24
3.87446e-24
5.21616e-24
5.05578e-24
4.66286e-24
4.25854e-24
3.92548e-24
3.81767e-24
3.62539e-24
3.39879e-24
3.19837e-24
3.02413e-24
2.90613e-24
2.82564e-24
2.74592e-24
2.81207e-24
2.80821e-24
2.76105e-24
2.64874e-24
2.59058e-24
2.59266e-24
2.5274e-24
2.55574e-24
2.47176e-24
2.45091e-24
2.41079e-24
2.39492e-24
2.32348e-24
2.2566e-24
2.20053e-24
2.14498e-24
2.09409e-24
2.0562e-24
2.00797e-24
1.96429e-24
1.92053e-24
1.87781e-24
1.83687e-24
1.8447e-24
1.81036e-24
1.7861e-24
1.75755e-24
1.7219e-24
1.6993e-24
1.72704e-24
1.75079e-24
1.72524e-24
1.74452e-24
1.72524e-24
1.71088e-24
1.70404e-24
1.75594e-24
1.72621e-24
1.70106e-24
1.68168e-24
1.66599e-24
1.64757e-24
1.62856e-24
1.66985e-24
1.70429e-24
1.69706e-24
1.67278e-24
1.65426e-24
1.63749e-24
1.61666e-24
1.59981e-24
1.59729e-24
1.57696e-24
1.5563e-24
1.53709e-24
1.53012e-24
1.51421e-24
1.49703e-24
1.47847e-24
1.46321e-24
1.45379e-24
1.45253e-24
1.43733e-24
1.42073e-24
1.40555e-24
1.39352e-24
1.38574e-24
1.37316e-24
1.35999e-24
1.34528e-24
1.33357e-24
1.32795e-24
1.315e-24
1.30192e-24
1.29077e-24
1.2794e-24
1.27084e-24
1.2604e-24
1.26426e-24
