-4.40186
-4.38044
-4.36569
-4.36235
-4.37069
-4.36372
-4.35254
-4.35078
-4.35379
-4.35376
-4.35715
-4.35593
-4.35542
-4.36008
-4.35939
-4.35615
-4.3561
-4.35495
-4.35569
-4.35865
-4.36146
-4.36152
-4.35755
-4.35515
-4.35432
-4.35323
-4.35171
-4.35325
-4.35268
-4.34994
-4.34934
-4.35064
-4.35157
-4.34995
-4.34894
-4.347
-4.34449
-4.34131
-4.34132
-4.34182
-4.34346
-4.34363
-4.34187
-4.34118
-4.3404
-4.34053
-4.34193
-4.3421
-4.34166
-4.3415
-4.34225
-4.34124
-4.34108
-4.34248
-4.34197
-4.34252
-4.34246
-4.34263
-4.34165
-4.34227
-4.34362
-4.34364
-4.34248
-4.3427
-4.34286
-4.34296
-4.343
-4.34162
-4.34116
-4.34044
-4.34023
-4.34014
-4.34013
-4.34045
-4.33948
-4.33907
-4.33889
-4.33864
-4.33954
-4.33941
-4.33967
-4.33916
-4.33991
-4.34037
-4.34074
-4.34123
-4.34164
-4.34236
-4.34204
-4.34178
-4.34283
-4.3422
-4.34237
-4.34228
-4.34293
-4.34314
-4.34228
-4.34306
-4.34336
-4.34341
