1.98083
1.96653
1.95717
1.95522
1.9606
1.95608
1.94874
1.94769
1.9496
1.9496
1.9518
1.95103
1.95068
1.9537
1.95333
1.95124
1.95113
1.95033
1.95076
1.9527
1.9546
1.95466
1.95206
1.95051
1.94998
1.94924
1.94819
1.9492
1.94884
1.94703
1.94664
1.94749
1.94813
1.94705
1.94638
1.94512
1.94344
1.94133
1.94133
1.94163
1.94271
1.94282
1.94166
1.9412
1.9407
1.94078
1.94168
1.94178
1.94147
1.94137
1.94187
1.94122
1.94116
1.94209
1.94175
1.94212
1.94207
1.94216
1.94149
1.94189
1.94277
1.94278
1.942
1.94215
1.94225
1.94231
1.94234
1.9414
1.94111
1.94066
1.94052
1.94048
1.94045
1.94066
1.94004
1.93977
1.93966
1.93951
1.94011
1.94001
1.94019
1.93986
1.94035
1.94064
1.94092
1.94124
1.94151
1.94198
1.94177
1.94161
1.9423
1.94188
1.942
1.94193
1.94235
1.9425
1.94194
1.94246
1.94266
1.94268
