2.91626
2.98739
3.05636
3.12243
3.18116
3.22418
3.24259
3.22962
3.18229
3.10299
3.0012
2.89404
2.80336
2.74772
2.73253
2.74799
2.77759
2.8079
2.83259
2.85157
2.86829
2.88642
2.90614
2.92271
2.92883
2.9189
2.89267
2.85678
2.82148
2.79297
2.77008
2.74999
2.73517
2.73448
2.75852
2.81147
2.88559
2.96547
3.03728
3.0934
3.13129
3.15042
3.15042
3.13123
3.09506
3.04834
3.00088
2.96252
2.94093
2.9394
2.95428
2.97605
2.99423
3.00004
2.98728
2.95459
2.90887
2.86447
2.83502
2.82561
2.83328
2.85105
2.87109
2.88752
2.8991
2.9092
2.92209
2.94027
2.96419
2.99161
3.01684
3.03377
3.0404
3.03993
3.03784
3.0381
3.04182
3.04813
3.05594
3.06465
3.07345
3.08023
3.08219
3.07838
3.07134
3.06548
3.06411
3.06783
3.07509
3.0827
3.08642
3.08192
3.06621
3.03879
3.0031
2.96898
2.95311
2.97036
3.01911
3.08012
3.13217
3.16434
3.17621
3.17274
3.15992
3.14222
3.1214
3.09646
3.06477
3.02338
2.96983
2.90383
2.83371
2.78557
2.79092
2.8503
2.93474
3.01984
3.09335
3.14719
3.17643
3.18169
3.16877
3.14511
3.11487
3.07643
3.02513
2.95935
2.88419
2.80948
2.74454
2.69559
2.66772
2.66553
2.68952
2.73259
2.78162
2.82308
2.84766
2.85286
2.84314
2.82793
2.81716
2.81716
2.82981
2.85355
2.88227
2.90572
2.9178
2.92359
2.93397
2.95376
2.97748
2.99583
3.00276
2.9966
2.97768
2.94682
2.90714
2.86703
2.83767
2.82208
2.81042
2.79035
2.75913
2.72544
2.70314
2.70324
2.72895
2.77239
2.81778
2.85352
2.87697
2.88709
2.88337
2.8716
2.86015
2.8526
2.84744
2.84117
2.8326
2.82904
2.84727
2.89991
2.98051
3.067
3.13605
3.17344
3.17756
3.15747
3.12541
3.08717
3.04166
2.98988
2.94079
2.90699
2.89481
2.89834
2.90321
2.89689
2.87666
2.84899
2.82247
2.80364
2.79832
2.80997
2.83528
2.86546
2.89399
2.92212
2.95484
2.9905
3.01825
3.02956
3.0286
3.02566
3.02496
3.02517
3.02625
3.03089
3.04148
3.05744
3.07411
3.08293
3.07423
3.04141
2.98451
2.91209
2.83893
2.77892
2.73833
2.71546
2.70598
2.70779
2.71988
2.73888
2.76261
2.79315
2.83151
2.87404
2.91437
2.9442
2.95476
2.94203
2.9127
2.8843
2.87305
2.87989
2.89424
2.90882
2.92241
2.93209
2.93269
2.92327
2.9085
2.8946
2.88544
2.88165
2.88297
2.89025
2.903
2.91479
2.91368
2.89116
2.8523
2.81443
2.7925
2.78861
2.79769
2.81671
2.8451
2.88009
2.91483
2.94107
2.95309
2.94998
2.93532
2.91558
2.89764
2.88671
2.8851
2.89159
2.9025
2.91431
2.92594
2.93824
2.95096
2.96089
2.96337
2.95579
2.94055
2.92543
2.91865
2.92187
2.93175
2.94672
2.96851
2.9963
3.02217
3.03531
3.02996
3.00776
2.9736
2.92977
2.87618
2.82053
2.78519
2.78834
2.82352
2.87202
2.91628
2.94285
2.94786
2.93752
2.92242
2.91328
2.91806
2.93839
2.96914
3.00247
3.03221
3.05538
3.07102
3.07848
3.07683
3.0652
3.04199
3.00298
2.9422
2.86141
2.78273
2.73837
2.73709
2.76391
2.80618
2.8589
2.91651
2.96888
3.00458
3.01639
3.00299
2.96851
2.92244
2.8786
2.85017
2.84269
2.8529
2.87389
2.89926
2.92283
2.93821
2.94211
2.93891
2.94014
2.95502
2.9818
3.0116
3.0358
3.04782
3.04386
3.02487
2.99656
2.96685
2.9428
2.92842
2.92334
2.92329
2.92225
2.91497
2.89914
2.87665
2.85364
2.83854
2.8383
2.85464
2.88301
2.91511
2.94307
2.96247
2.97324
2.97845
2.98133
2.98293
2.98273
2.98014
2.97417
2.9624
2.94206
2.91239
2.87581
2.83813
2.80713
2.78939
2.78678
2.79642
2.81469
2.84124
2.87874
2.92883
2.98806
3.04751
3.09642
3.12663
3.13517
3.12345
3.09537
3.05546
3.0077
2.95491
2.89982
2.84705
2.80491
2.78413
2.79245
2.82876
2.88221
2.93735
2.98191
3.01141
3.02676
3.02901
3.0173
2.99178
2.95665
2.91971
2.88842
2.86681
2.85727
2.86367
2.88547
2.91311
2.93869
2.96283
2.98932
3.01947
3.05068
3.07715
3.09288
3.0951
3.08524
3.06711
3.04397
3.01695
2.98794
2.96369
2.95288
2.95733
2.97029
2.9837
2.99342
2.99746
2.99259
2.97607
2.95107
2.92959
2.92699
2.95034
2.99167
3.03265
3.05464
3.04687
3.0109
2.96041
2.91535
2.8916
2.89233
2.9088
2.92965
2.94844
2.96377
2.97557
2.98348
2.98843
2.99396
3.00457
3.02156
3.04069
3.05482
3.05833
3.04896
3.02798
3.00039
2.97541
2.96364
2.97035
2.99098
3.01374
3.02596
3.02056
2.99974
2.97238
2.94581
2.92122
2.89711
2.87415
2.85767
2.85628
2.87209
2.89457
2.91409
2.93476
2.96362
2.99826
3.03265
3.06415
3.09136
3.11157
3.12269
3.12497
3.12003
3.10906
3.0912
3.06335
3.02171
2.9654
2.90024
2.84013
2.80241
2.79818
2.82663
2.87731
2.93587
2.9892
3.02905
3.05362
3.06709
3.07591
3.08258
3.08189
3.06503
3.0271
2.9709
2.90718
2.8522
2.82231
2.82675
2.86324
2.92034
2.98375
3.04098
3.08264
3.10241
3.09702
3.06568
3.00912
2.93103
2.84166
2.75953
2.70548
2.69049
2.71013
2.75058
2.7968
2.83675
2.86289
2.87116
2.85965
2.83023
2.79265
2.7653
2.76449
2.791
2.83271
2.8761
2.91058
2.92975
2.93138
2.9156
2.8837
2.83903
2.79005
2.75268
2.74331
2.76574
2.80887
2.85725
2.8992
2.92717
2.93685
2.92827
2.90664
2.88095
2.86021
2.84851
2.84302
2.83759
2.82821
2.81418
2.79547
2.77063
2.73798
2.69969
2.6661
2.65436
2.67697
2.73067
2.80008
2.86911
2.92759
2.97265
3.00749
3.03706
3.06238
3.07912
3.08169
3.06727
3.03673
2.99435
2.94804
2.90795
2.88184
2.87039
2.86719
2.86354
2.85345
2.83499
2.80841
2.77498
2.73872
2.70781
2.69286
2.70213
2.73713
2.79245
2.85989
2.93184
3.00155
3.0642
3.11821
3.16265
3.19323
3.20246
3.18477
3.14125
3.08047
3.01433
2.95188
2.89697
2.85136
2.81708
2.79263
2.76932
2.73725
2.69489
2.65228
2.62619
2.63129
2.67329
2.74839
2.84321
2.93489
3.00118
3.03269
3.03317
3.01226
2.97929
2.94057
2.89952
2.85855
2.82077
2.78999
2.76838
2.75448
2.74402
2.73314
2.72282
2.72098
2.73546
2.76226
2.79
2.81629
2.84526
2.87225
2.8865
2.88469
2.87402
2.86489
2.86117
2.85704
2.84304
2.81523
2.7799
2.75006
2.73401
2.72869
2.72715
2.72725
2.73137
2.74197
2.75847
2.77588
2.78601
2.78139
2.75969
2.72723
2.70022
2.69825
2.72978
2.78535
2.84679
2.89867
2.9325
2.94653
2.94364
2.92839
2.9046
2.87474
2.84192
2.81326
2.79897
2.80527
2.82854
2.85758
2.87983
2.88729
2.88016
2.8655
2.85109
2.84026
2.83324
2.83134
2.83704
2.85024
2.8656
2.87404
2.86716
2.84182
2.80242
2.75988
2.72739
2.71543
2.72908
2.76713
2.82093
2.87509
2.91191
2.91803
2.89056
2.84244
2.80206
2.79455
2.81759
2.8487
2.87061
2.88053
2.88427
2.88802
2.89428
2.90234
2.91081
2.9198
2.93215
2.95184
2.97988
3.01207
3.04173
3.06426
3.07741
3.07796
3.06163
3.0269
2.97787
2.92362
2.87527
2.84204
2.82833
2.83194
2.84415
2.8525
2.84612
2.82049
2.77921
2.73285
2.69612
2.68389
2.7056
2.76018
2.83637
2.91861
2.99432
3.05663
3.10206
3.12695
3.12694
3.10057
3.05334
2.99913
2.95822
2.95071
2.983
3.03991
3.09587
3.13158
3.14016
3.12628
3.1033
3.08754
3.08944
3.10825
3.13535
3.16046
3.17532
3.17427
3.15422
3.11535
3.06171
3.00096
2.9427
2.89584
2.86653
2.85742
2.8675
2.89214
2.92389
2.95503
2.98004
2.99606
3.00179
2.99765
2.98766
2.97931
2.97797
2.98119
2.98146
2.97449
2.9615
2.94564
2.92971
2.91829
2.91766
2.92951
2.94945
2.9733
2.99917
3.02439
3.04496
3.05756
3.06127
3.0581
3.05163
3.04429
3.03484
3.01981
2.9993
2.98045
2.97058
2.96732
2.96225
2.95412
2.95381
2.97139
3.00105
3.02785
3.04216
3.04305
3.03493
3.02287
3.0088
2.99149
2.97115
2.95576
2.95773
2.97788
2.99786
2.99505
2.96081
2.90566
2.85222
2.82041
2.8142
2.82121
2.8244
2.81375
2.79099
2.76786
2.7588
2.77119
2.80213
2.84294
2.88486
2.92136
2.94739
2.95935
2.9575
2.94714
2.93532
2.92544
2.91555
2.90206
2.88445
2.86616
2.8519
2.84487
2.84547
2.85108
2.8558
2.8522
2.83593
2.80997
2.78486
2.77312
2.78261
2.81363
2.85943
2.90886
2.9499
2.9726
2.97072
2.94317
2.89565
2.84094
2.79427
2.76501
2.75249
2.7502
2.7522
2.75608
2.76337
2.7785
2.80659
2.85056
2.90836
2.97247
3.03154
3.07373
3.09015
3.07822
3.04431
3.00277
2.96867
2.94852
2.93822
2.92924
2.91544
2.8965
2.8779
2.86742
2.86942
2.88224
2.90062
2.91934
2.93429
2.94164
2.93759
2.91981
2.89021
2.85632
2.82917
2.81753
2.8221
2.83542
2.8477
2.85376
2.85566
2.85981
2.87181
2.89252
2.9175
2.93966
2.95296
2.95492
2.94725
2.93528
2.92614
2.92582
2.93571
2.95064
2.9611
2.95914
2.94344
2.92061
2.90119
2.89265
2.89403
2.8975
2.89653
2.89481
2.90526
2.93576
2.98114
3.03259
3.085
3.13327
3.16949
3.18763
3.18838
3.17754
3.16102
3.14124
3.11655
3.08315
3.03853
2.98471
2.92886
2.88079
2.84861
2.83485
2.83486
2.83917
2.83933
2.83372
2.82957
2.8379
2.86336
2.89865
2.93041
2.94841
2.94951
2.93723
2.91903
2.90241
2.89158
2.8868
2.88713
2.89402
2.91172
2.94331
2.98615
3.03145
3.06858
3.09007
3.09406
3.08395
3.06605
3.04712
3.03181
3.02094
3.01145
2.99947
2.98437
2.96948
2.95758
2.9473
2.93537
2.92079
2.90581
2.89383
2.88648
2.88213
2.87646
2.86486
2.8451
2.81921
2.79341
2.7756
2.77191
2.7857
2.81805
2.86702
2.92677
2.98958
3.04837
3.0972
3.1315
3.14906
3.15047
3.13835
3.11598
3.08664
3.05389
3.02127
2.99114
2.96392
2.93906
2.91678
2.89879
2.88777
2.88669
2.89801
2.92246
2.95784
2.99956
3.04335
3.08658
3.12674
3.16012
3.18353
3.19606
3.19861
3.19224
3.17705
3.15212
3.11661
3.07129
3.01984
2.9689
2.92601
2.89553
2.87667
2.86599
2.86036
2.85759
2.85609
2.85375
2.84726
2.8345
2.81796
2.80438
2.80197
2.81742
2.85229
2.9007
2.95144
2.99212
3.01283
3.00856
2.97959
2.93026
2.86846
2.80695
2.76267
2.74923
2.76737
2.80442
2.84259
2.8677
2.87454
2.86737
2.85546
2.84706
2.84626
2.85377
2.86842
2.88742
2.90638
2.91977
2.92261
2.91215
2.88932
2.85864
2.8266
2.79988
2.78505
2.78868
2.81429
2.85809
2.90982
2.95945
3.00246
3.03919
3.0705
3.09464
3.10682
3.10056
3.07118
3.02142
2.96477
2.919
2.89632
2.90129
2.93072
2.97174
3.00583
3.01856
3.00668
2.9791
2.95286
2.94458
2.96096
2.9957
3.03497
3.06566
3.0809
3.08054
3.06778
3.04419
3.00913
2.96497
2.9206
2.88597
2.86384
2.84925
2.83675
2.82687
2.82451
2.8316
2.84211
2.84425
2.82844
2.79289
2.74274
2.68842
2.64854
2.64647
2.69049
2.76222
2.83361
2.88768
2.92257
2.94574
2.96796
2.99693
3.02903
3.05086
3.05358
3.03904
3.01362
2.98345
2.9548
2.93377
2.92323
2.92088
2.92114
2.91956
2.91646
2.91582
2.91994
2.92582
2.92836
2.9255
2.9181
2.90769
2.89597
2.88415
2.87508
2.8775
2.90094
2.94387
2.99308
3.0346
3.0619
3.07563
3.07922
3.07529
3.06421
3.04511
3.01839
2.98793
2.96045
2.94217
2.93485
2.9358
2.9416
2.95185
2.96877
2.99309
3.02058
3.0431
3.05295
3.04614
3.02329
2.98882
2.95005
2.91577
2.89385
2.88802
2.8963
2.91375
2.93648
2.96255
2.99023
3.01713
3.04071
3.05876
3.07
3.07416
3.07199
3.06475
3.05394
3.0401
3.02228
2.99942
2.97265
2.94521
2.92018
2.89863
2.87995
2.8638
2.85054
2.84005
2.83199
2.82882
2.83703
2.86043
2.893
2.92324
2.94309
2.95024
2.94623
2.93432
2.91699
2.89376
2.86193
2.82073
2.77505
2.73376
2.7033
2.68343
2.67144
2.66837
2.67674
2.69362
2.71059
2.7222
2.7316
2.74562
2.76794
2.80088
2.84668
2.90276
2.96028
3.00819
3.03746
3.04336
3.02666
2.99358
2.95338
2.91457
2.88211
2.85713
2.83939
2.82991
2.83012
2.83812
2.84718
2.85025
2.84651
2.84314
2.85046
2.87486
2.91504
2.96372
3.01221
3.05487
3.09116
3.12223
3.14566
3.15633
3.15261
3.13912
3.12442
3.11633
3.1178
3.12553
3.13156
3.12727
3.10836
3.07966
3.05406
3.04071
3.0347
3.02395
3.00209
2.97196
2.94197
2.92006
2.90895
2.9061
2.90793
2.91313
2.92226
2.9359
2.9544
2.97882
3.01038
3.04775
3.08578
3.11922
3.14569
3.16295
3.16454
3.14172
3.09315
3.03422
2.98868
2.96628
2.95974
2.96084
2.96633
2.97435
2.98229
2.98769
2.99014
2.9913
2.99023
2.98126
2.96013
2.9306
2.90293
2.88683
2.88618
2.89866
2.91919
2.9429
2.9652
2.98132
2.98736
2.98323
2.97544
2.97595
2.9938
3.0255
3.05613
3.06989
3.05856
3.02359
2.97324
2.91676
2.86017
2.80779
2.76717
2.74888
2.75852
2.78953
2.82704
2.85806
2.87662
2.88281
2.8813
2.87949
2.88327
2.89474
2.91453
2.94283
2.97825
3.01816
3.05963
3.09957
3.135
3.16297
3.18007
3.18275
3.16905
3.14038
3.10231
3.06189
3.0232
2.98534
2.94632
2.90809
2.87773
2.8632
2.8669
2.88328
2.90343
2.9203
2.92921
2.92718
2.91341
2.8886
2.85438
2.81432
2.7745
2.74185
2.72085
2.71153
2.7101
2.71265
2.71915
2.73374
2.7604
2.79864
2.84458
2.89387
2.94136
2.9798
3.00245
3.00733
2.99898
2.98649
2.9793
2.9834
2.99981
3.025
3.05225
3.074
3.08445
3.08091
3.06389
3.0365
3.004
2.97253
2.94789
2.93475
2.9353
2.94613
2.95666
2.95436
2.93607
2.91871
2.92773
2.96122
2.99016
2.99508
2.97798
2.95221
2.93137
2.92186
2.92077
2.91986
2.91113
2.8895
2.85389
2.80784
2.76109
2.72958
2.72847
2.7589
2.80402
2.84237
2.86434
2.87677
2.893
2.91698
2.94128
2.95933
2.97264
2.98614
3.00052
3.01114
3.01299
3.00378
2.98399
2.95627
2.92618
2.90181
2.89009
2.89233
2.9059
2.92938
2.96282
3.00344
3.04369
3.07513
3.09426
3.10388
3.10846
3.11005
3.10911
3.10583
3.09711
3.07473
3.02956
2.9579
2.86564
2.77039
2.69951
2.67803
2.70887
2.76676
2.81708
2.83744
2.82271
2.77958
2.72029
2.65819
2.60393
2.56251
2.53449
2.521
2.52578
2.55074
2.59105
2.6362
2.67601
2.70559
2.72609
2.74192
2.75823
2.77987
2.81075
2.85251
2.90303
2.95599
3.0024
3.03397
3.04748
3.04714
3.04256
3.04225
3.04769
3.05287
3.04927
3.03151
3.00029
2.96201
2.92513
2.89459
2.86808
2.83661
2.79023
2.72723
2.66121
2.61671
2.61118
2.64164
2.69311
2.75455
2.82173
2.89063
2.95382
3.00207
3.02846
3.03161
3.01555
2.98632
2.94921
2.91021
2.879
2.86813
2.88544
2.92646
2.97814
3.02884
3.07249
3.10604
3.12731
3.13537
3.13122
3.11684
3.09369
3.06319
3.02825
2.99359
2.96441
2.9449
2.93773
2.94435
2.96464
2.99552
3.02984
3.0583
3.07304
3.06956
3.0471
3.00966
2.96703
2.93201
2.91192
2.90248
2.89292
2.87618
2.85424
2.83691
2.83613
2.85849
2.89974
2.94643
2.98394
3.00414
3.00693
2.99694
2.97991
2.96189
2.94933
2.94736
2.95668
2.97304
2.98926
2.99912
3.00092
2.99799
2.99438
2.98959
2.97995
2.96351
2.94085
2.91297
2.87981
2.84095
2.79889
2.76055
2.73454
2.72678
2.73703
2.75786
2.77742
2.78449
2.77346
2.74678
2.71402
2.68923
2.68717
2.71711
2.77547
2.84427
2.90181
2.93735
2.95301
2.95514
2.94883
2.93852
2.92895
2.92293
2.91881
2.91188
2.89848
2.87885
2.85683
2.83775
2.82657
2.8268
2.8394
2.86171
2.88776
2.91069
2.92608
2.9345
2.94228
2.95833
2.98787
3.02836
3.07092
3.10494
3.12154
3.1155
3.08711
3.04384
2.99756
2.95539
2.91379
2.8641
2.80113
2.73051
2.68148
2.69493
2.7655
2.84631
2.90903
2.95065
2.97446
2.98208
2.97392
2.9513
2.91637
2.87064
2.81629
2.75895
2.70582
2.6603
2.62255
2.59683
2.59426
2.62321
2.67832
2.74362
2.80389
2.84891
2.87195
2.86947
2.84369
2.80475
2.76862
2.75037
2.75687
2.78519
2.82615
2.86892
2.90416
2.92637
2.93503
2.93422
2.93011
2.92772
2.92818
2.92825
2.92148
2.90097
2.86332
2.81214
2.75781
2.71221
2.68248
2.67011
2.6747
2.69654
2.73543
2.78813
2.84793
2.90651
2.95598
2.99011
3.00531
3.00185
2.98441
2.96103
2.94113
2.93404
2.94758
2.98518
3.0436
3.11382
3.18416
3.2428
3.27934
3.28638
3.26073
3.20431
3.12508
3.03744
2.96051
2.91218
2.901
2.92175
2.95779
2.99057
3.01004
3.01671
3.01559
3.0124
3.01246
3.01426
3.01038
3.00151
3.00141
3.01854
3.04171
3.05262
3.03988
2.99902
2.92961
2.83627
2.73338
2.64742
2.60295
2.60067
2.62021
2.6401
2.64823
2.64402
2.63671
2.64079
2.66786
2.71917
2.78458
2.8487
2.89866
2.92917
2.9436
2.95168
2.96519
2.99275
3.03604
3.08853
3.13821
3.17235
3.18202
3.16467
3.12446
3.07139
3.01923
2.97936
2.95374
2.93654
2.92177
2.90594
2.88617
2.861
2.83408
2.81566
2.81823
2.84701
2.89384
2.94218
2.9778
2.99491
2.99596
2.9886
2.98132
2.97995
2.9863
2.99826
3.01159
3.02245
3.02922
3.03228
3.03178
3.02603
3.01262
2.99148
2.96848
2.95609
2.9659
2.99569
3.0288
3.04944
3.05273
3.04208
3.02324
3.00096
2.97846
2.95796
2.94043
2.92595
2.91576
2.91219
2.91589
2.92402
2.93229
2.93807
2.94114
2.9423
2.94277
2.9442
2.9477
2.95314
2.96069
2.97228
2.99086
3.01822
3.05355
3.09408
3.13621
3.17572
3.20715
3.22453
3.22342
3.20323
3.16741
3.12232
3.07539
3.03286
2.99719
2.96689
2.94085
2.92183
2.91411
2.91798
2.9286
2.94016
2.94929
2.95497
2.9571
2.95484
2.94617
2.93012
2.90825
2.88389
2.86234
2.85051
2.85278
2.86685
2.88536
2.90169
2.91339
2.9211
2.92615
2.93046
2.93841
2.95713
2.99093
3.03361
3.06978
3.08448
3.06977
3.02586
2.96047
2.88672
2.81949
2.77219
2.75677
2.77995
2.83243
2.89032
2.93272
2.95369
2.96077
2.96573
2.97452
2.98415
2.98981
2.9921
2.99623
3.00678
3.02415
3.04411
3.06042
3.06802
3.06473
3.05061
3.02755
2.99976
2.97419
2.95881
2.95846
2.97156
2.99166
3.01187
3.02815
3.03897
3.04314
3.03882
3.02511
3.00407
2.98022
2.95746
2.93725
2.91974
2.90591
2.8984
2.90154
2.91949
2.95156
2.9907
3.02877
3.06118
3.0854
3.09743
3.09175
3.06478
3.01862
2.96278
2.91294
2.88553
2.88791
2.91323
2.94639
2.97353
2.98689
2.98582
2.97551
2.96451
2.96124
2.97062
2.9921
3.02051
3.04875
3.07072
3.08274
3.08349
3.07389
3.05725
3.03958
3.02817
3.02869
3.04289
3.06808
3.09767
3.12264
3.13323
3.12125
3.08295
3.02142
2.94593
2.86931
2.80601
2.76929
2.76575
2.79065
2.82877
2.86079
2.87165
2.85602
2.8196
2.77774
2.75073
2.75404
2.78921
2.84562
2.90997
2.97157
3.02233
3.05595
3.06795
3.0561
3.02286
2.97859
2.93977
2.91899
2.91687
2.92541
2.93467
2.93638
2.92612
2.9046
2.87791
2.85642
2.85199
2.87196
2.91369
2.96481
3.00971
3.03667
3.04161
3.02812
3.00618
2.98931
2.98892
3.00827
3.04084
3.07493
3.10068
3.11391
3.11498
3.10544
3.08681
3.06249
3.03924
3.02627
3.03194
3.06019
3.10786
3.16469
3.21637
3.24925
3.25354
3.22487
3.16498
3.08096
2.98282
2.87997
2.78233
2.70749
2.6801
2.71291
2.79369
2.89716
2.99993
3.08317
3.1329
3.14184
3.11077
3.04932
2.97451
2.90485
2.8529
2.82309
2.8154
2.82817
2.8579
2.89761
2.9368
2.96436
2.9725
2.95926
2.92911
2.89146
2.85646
2.83077
2.81694
2.81519
2.82431
2.84309
2.87166
2.90976
2.95363
2.99592
3.02912
3.0484
3.05165
3.03817
3.00842
2.96544
2.91604
2.86879
2.83054
2.80569
2.79644
2.80171
2.81919
2.84958
2.89573
2.95572
3.01898
3.06996
3.09467
3.08542
3.04546
2.99158
2.94724
2.92725
2.93171
2.95284
2.98171
3.0112
3.03632
3.05322
3.05834
3.04925
3.02591
2.99153
2.95366
2.92458
2.91673
2.93428
2.97062
3.01367
3.05183
3.07531
3.0758
3.05012
3.00761
2.96858
2.94603
2.93669
2.93332
2.93176
2.92818
2.91889
2.90283
2.88303
2.86585
2.8577
2.86087
2.87126
2.88067
2.8826
2.87647
2.86599
2.85412
2.84108
2.82699
2.81354
2.8018
2.79015
2.77702
2.76431
2.75599
2.75439
2.75852
2.76512
2.77105
2.77579
2.78229
2.79533
2.81824
2.85088
2.89061
2.93489
2.98245
3.03114
3.07538
3.10639
3.11558
3.09799
3.0541
2.99033
2.91759
2.84738
2.78666
2.73588
2.69242
2.65489
2.62429
2.60295
2.59375
2.59845
2.61615
2.64422
2.67898
2.71467
2.74567
2.77117
2.79512
2.82211
2.85395
2.8893
2.92536
2.95916
2.98738
3.00613
3.01346
3.01286
3.0116
3.01317
3.01439
3.01078
3.00156
2.99023
2.98145
2.97644
2.97099
2.95859
2.93522
2.90183
2.86397
2.82916
2.80362
2.79013
2.78862
2.79763
2.81479
2.83532
2.85148
2.85649
2.85281
2.85464
2.87261
2.89664
2.90657
2.89241
2.85811
2.81475
2.77365
2.74215
2.72175
2.70945
2.70159
2.69716
2.69807
2.70694
2.72502
2.75059
2.77888
2.80441
2.82447
2.8404
2.8552
2.87016
2.88355
2.89116
2.88863
2.87503
2.85468
2.83457
2.82006
2.81364
2.81644
2.82849
2.8474
2.86764
2.88204
2.8855
2.87955
2.87267
2.87171
2.87304
2.86681
2.84749
2.81781
2.78682
2.76612
2.76433
2.78154
2.8087
2.83371
2.84731
2.8452
2.82839
2.80289
2.77721
2.75785
2.7469
2.74322
2.74458
2.74866
2.75355
2.75834
2.76277
2.76578
2.76443
2.75491
2.7359
2.71214
2.69469
2.69507
2.71632
2.7483
2.77185
2.76951
2.7399
2.70746
2.70197
2.72131
2.74199
2.75116
2.74899
2.74004
2.73064
2.72863
2.74076
2.76811
2.80497
2.84305
2.87538
2.89722
2.9066
2.90455
2.89429
2.87984
2.8655
2.8559
2.85591
2.86963
2.89945
2.94563
3.0067
3.07848
3.15289
3.21968
3.26952
3.29633
3.29826
3.27777
3.24103
3.19599
3.14942
3.10489
3.06331
3.02521
2.99273
2.9701
2.96171
2.96772
2.98057
2.98735
2.97738
2.95075
2.92106
2.9021
2.88949
2.87001
2.84284
2.82102
2.81631
2.82762
2.84577
2.86359
2.87886
2.89217
2.90476
2.91701
2.92748
2.93317
2.93095
2.91983
2.90341
2.89004
2.88811
2.90025
2.92218
2.94409
2.95361
2.94218
2.91061
2.86916
2.83275
2.81447
2.82177
2.85641
2.91482
2.98624
3.05319
3.09743
3.10724
3.08113
3.02771
2.96314
2.90494
2.86427
2.84322
2.83881
2.84623
2.85901
2.86971
2.87102
2.85788
2.82982
2.79347
2.76217
2.75115
2.76887
2.81078
2.86147
2.90303
2.92298
2.91786
2.89351
2.86232
2.83745
2.82634
2.82865
2.84
2.85554
2.87003
2.87701
2.87083
2.85004
2.81999
2.7923
2.77913
2.78619
2.81091
2.84543
2.87968
2.90543
2.92041
2.92914
2.93819
2.95031
2.96404
2.97765
2.99157
3.00678
3.02295
3.03829
3.05087
3.05949
3.06374
3.0636
3.0579
3.0432
3.01526
2.97473
2.93256
2.90682
2.90918
2.9345
2.96667
2.99283
3.00999
3.02231
3.03608
3.05513
3.07742
3.09435
3.09474
3.0707
3.02191
2.95694
2.89278
2.85038
2.84329
2.8676
2.90553
2.93621
2.94512
2.92915
2.89484
2.85295
2.81297
2.7798
2.75352
2.73212
2.71785
2.72283
2.75953
2.82009
2.8808
2.92469
2.9485
2.9571
2.95759
2.95546
2.95304
2.95044
2.94846
2.95092
2.96305
2.98731
3.02101
3.0562
3.07955
3.07717
3.04244
2.97913
2.89833
2.81361
2.73767
2.68004
2.64364
2.62317
2.61078
2.60505
2.61244
2.63962
2.6858
2.74181
2.79454
2.83179
2.84522
2.83175
2.79484
2.74551
2.69985
2.67137
2.66373
2.67292
2.69477
2.72809
2.77279
2.82745
2.88774
2.94659
2.99601
3.02953
3.04362
3.03821
3.01634
2.98307
2.94396
2.90374
2.86697
2.83944
2.82729
2.83379
2.85724
2.89216
2.93167
2.96939
3.0009
3.02584
3.04864
3.07507
3.10578
3.13338
3.14674
3.13797
3.10612
3.05717
3.0012
2.94845
2.90659
2.88069
2.87401
2.88748
2.91803
2.95829
2.99969
3.037
3.06901
3.09536
3.11274
3.11448
3.09469
3.0539
3.00212
2.95513
2.92543
2.91543
2.9195
2.9302
2.94114
2.94553
2.93561
2.90542
2.85535
2.79573
2.74572
2.72188
2.72199
2.72847
2.73086
2.7352
2.75096
2.77496
2.79507
2.80385
2.80257
2.79703
2.79316
2.79471
2.8025
2.81442
2.82629
2.83379
2.83531
2.83385
2.8345
2.83883
2.84292
2.84128
2.8312
2.81318
2.78952
2.76508
2.74851
2.74878
2.76873
2.80266
2.83976
2.8694
2.88509
2.88626
2.87742
2.86427
2.84993
2.8352
2.82316
2.8218
2.83898
2.87224
2.90755
2.93041
2.93643
2.93266
2.93194
2.94359
2.96447
2.98008
2.97625
2.94919
2.90744
2.86722
2.84291
2.83979
2.85607
2.88786
2.92942
2.97152
3.0031
3.01561
3.00608
2.97751
2.93685
2.89214
2.85055
2.81772
2.7972
2.78943
2.79194
2.8019
2.8176
2.83641
2.85274
2.86024
2.8565
2.84541
2.83312
2.82044
2.80238
2.77573
2.74387
2.71518
2.69879
2.70049
2.72056
2.75472
2.79763
2.84603
2.89857
2.95281
3.00385
3.04605
3.0755
3.09093
3.09303
3.08259
3.05955
3.02549
2.98772
2.95869
2.94783
2.95277
2.96212
2.96756
2.9719
2.98498
3.01311
3.05215
3.09056
3.11605
3.11856
3.09115
3.03342
2.95716
2.88927
2.86249
2.89167
2.9606
3.03797
3.1009
3.14286
3.16754
3.17981
3.18132
3.17137
3.15039
3.12137
3.08889
3.05839
3.0362
3.02785
3.03436
3.04914
3.05972
3.05388
3.02529
2.97496
2.91009
2.84184
2.78234
2.74222
2.72834
2.7395
2.76486
2.79105
2.81202
2.83143
2.85743
2.89552
2.94522
3.00174
3.0589
3.11089
3.15327
3.18364
3.2009
3.20315
3.18733
3.15249
3.10495
3.05787
3.02219
2.99874
2.98081
2.96163
2.93992
2.92285
2.92144
2.93787
2.96127
2.97781
2.98057
2.97148
2.95839
2.94984
2.94917
2.95144
2.94654
2.92648
2.89058
2.84405
2.79482
2.75236
2.72512
2.71721
2.72877
2.75927
2.80889
2.87662
2.95795
3.0442
3.12439
3.18788
3.22648
3.23533
3.21321
3.16294
3.0926
3.01692
2.9556
2.9251
2.92746
2.94714
2.96174
2.95689
2.93245
2.89826
2.86647
2.84702
2.84436
2.85467
2.86844
2.87771
2.88072
2.88094
2.88317
2.88978
2.8989
2.90637
2.91038
2.91402
2.92273
2.93892
2.96074
2.98564
3.01374
3.04756
3.0879
3.1296
3.16294
3.17906
3.17429
3.15128
3.11811
3.0858
3.06337
3.05163
3.04134
3.01947
2.97822
2.91985
2.85421
2.79228
2.74125
2.70283
2.67359
2.64795
2.62221
2.5985
2.58493
2.58784
2.60684
2.64161
2.69395
2.7592
2.82317
2.87176
2.90112
2.91722
2.92592
2.92617
2.91318
2.88404
2.83923
2.78183
2.7173
2.65358
2.60064
2.56823
2.56274
2.58508
2.631
2.69216
2.75669
2.81069
2.84211
2.84487
2.82092
2.77898
2.73066
2.68708
2.65639
2.64246
2.64475
2.6595
2.68161
2.70612
2.72916
2.74916
2.76901
2.79598
2.83525
2.88275
2.9273
2.95961
2.97868
2.99213
3.01089
3.04029
3.0759
3.10939
3.13693
3.15988
3.17895
3.19075
3.1907
3.17735
3.15199
3.11552
3.06717
3.00725
2.94064
2.87688
2.82607
2.7937
2.77917
2.77864
2.78837
2.80461
2.82095
2.82843
2.82054
2.79864
2.77192
2.75146
2.74359
2.74695
2.75455
2.75909
2.75914
2.7605
2.76952
2.78654
2.80914
2.8371
2.87035
2.90626
2.94231
2.97854
3.01551
3.05105
3.07993
3.09612
3.09545
3.07659
3.04125
2.99418
2.94228
2.89168
2.8444
2.79901
2.75511
2.71561
2.68498
2.66638
2.65982
2.66195
2.66734
2.67152
2.6734
2.67431
2.67572
2.67992
2.69105
2.71276
2.74388
2.77669
2.80043
2.80817
2.80241
2.79489
2.79702
2.80863
2.82055
2.82926
2.84274
2.86801
2.89897
2.9227
2.93232
2.93059
2.92582
2.9265
2.93728
2.95715
2.98067
3.00163
3.01549
3.01898
3.00909
2.98605
2.96153
2.9596
2.99401
3.04962
3.10188
3.13806
3.15592
3.15619
3.13904
3.10405
3.05257
2.99095
2.93062
2.88326
2.85571
2.84786
2.85321
2.86388
2.87444
2.88046
2.87681
2.85911
2.82719
2.78853
2.75771
2.74718
2.75772
2.78277
2.81685
2.85569
2.89156
2.91203
2.90413
2.86285
2.80017
2.74348
2.7154
2.72005
2.75555
2.8217
2.91006
3.00107
3.075
3.12046
3.13429
3.11797
3.07508
3.01112
2.93502
2.86031
2.80325
2.77653
2.78259
2.81271
2.85262
2.88933
2.91537
2.92928
2.9336
2.93207
2.92741
2.92043
2.91102
2.89972
2.88769
2.87479
2.85938
2.84108
2.82201
2.80579
2.79728
2.80107
2.8163
2.83479
2.84827
2.8555
2.86035
2.86461
2.86567
2.86024
2.84856
2.83578
2.83089
2.8434
2.87764
2.92861
2.98407
3.03133
3.0627
3.07683
3.07721
3.07023
3.06358
3.06369
3.0717
3.08124
3.08172
3.06799
3.05194
3.05808
3.09373
3.13656
3.15991
3.15081
3.10835
3.03877
2.95379
2.86979
2.80529
2.77531
2.78379
2.81997
2.86281
2.89171
2.89629
2.88125
2.86447
2.86471
2.88308
2.90037
2.89594
2.86389
2.81406
2.76411
2.73013
2.71967
2.7303
2.75325
2.77943
2.8039
2.82621
2.84926
2.87909
2.92089
2.97106
3.01787
3.05135
3.06881
3.07256
3.06616
3.05262
3.03501
3.01723
3.00354
2.99609
2.99321
2.99096
2.98626
2.97883
2.97086
2.96563
2.96579
2.97174
2.98123
2.99144
3.00184
3.01392
3.02763
3.03988
3.04784
3.05292
3.06069
3.07684
3.10283
3.13355
3.15856
3.16647
3.14931
3.10482
3.03653
2.95395
2.87256
2.81264
2.79289
2.81937
2.8813
2.95797
3.02869
3.07951
3.10567
3.11067
3.10203
3.08629
3.06606
3.04097
3.01107
2.97876
2.94757
2.91985
2.89699
2.88178
2.87864
2.89066
2.91589
2.94697
2.9762
3.00079
3.02297
3.04628
3.07175
3.0968
3.11702
3.12901
3.13221
3.12882
3.12266
3.11805
3.11717
3.11663
3.10799
3.08357
3.04341
2.99741
2.95789
2.92857
2.90454
2.88114
2.85885
2.84122
2.83105
2.82826
2.83019
2.83362
2.83659
2.83911
2.84348
2.85444
2.8777
2.91668
2.96891
3.02588
3.07649
3.11123
3.12458
3.11514
3.08485
3.0379
2.98065
2.92338
2.87889
2.85487
2.84811
2.84896
2.84974
2.84826
2.84598
2.84567
2.84936
2.85559
2.86015
2.86078
2.85897
2.85785
2.86011
2.8669
2.87697
2.88678
2.89189
2.88911
2.87789
2.86073
2.84235
2.82811
2.82258
2.82857
2.84684
2.8758
2.91176
2.9492
2.9818
3.0041
3.01288
3.00779
2.99032
2.96236
2.92588
2.88606
2.85452
2.84483
2.85972
2.88755
2.91455
2.93475
2.94838
2.95662
2.95911
2.95425
2.94017
2.91576
2.88182
2.84118
2.79748
2.75528
2.7224
2.7104
2.72871
2.77722
2.8452
2.91695
2.97756
3.01538
3.0231
2.99854
2.94432
2.86629
2.77408
2.68325
2.61305
2.57702
2.57643
2.60432
2.65184
2.70935
2.76462
2.8037
2.81624
2.80233
2.77482
2.7517
2.74334
2.75202
2.78204
2.8361
2.90183
2.96037
3.00335
3.03326
3.05539
3.07277
3.08555
3.0923
3.09228
3.08806
3.0849
3.08383
3.07639
3.05026
2.99997
2.93164
2.85997
2.80263
2.77587
2.78737
2.82793
2.87524
2.90833
2.9159
2.89534
2.8508
2.79427
2.74538
2.72251
2.7267
2.73894
2.73852
2.71871
2.68855
2.66765
2.67407
2.70907
2.7568
2.79986
2.8307
2.85216
2.87208
2.89648
2.92666
2.96295
3.00657
3.05384
3.09262
3.10824
3.09098
3.03859
2.95797
2.86838
2.79702
2.76075
2.75636
2.77427
2.81114
2.86801
2.94336
3.02888
3.11061
3.17516
3.21546
3.23069
3.22142
3.18831
3.13524
3.06902
2.99539
2.91842
2.84464
2.78391
2.74357
2.72203
2.70953
2.6959
2.68005
2.67429
2.69515
2.74584
2.8098
2.8624
2.88651
2.88
2.85438
2.82885
2.82138
2.83862
2.87325
2.91177
2.93953
2.94166
2.90819
2.84194
2.76086
2.69018
2.64755
2.63389
2.63831
2.65026
2.66721
2.69326
2.73315
2.78741
2.85124
2.91741
2.97926
3.03134
3.0691
3.08929
3.0903
3.07189
3.03452
2.9807
2.9186
2.86273
2.82611
2.80937
2.80103
2.78934
2.77047
2.74706
2.72423
2.70818
2.70496
2.71748
2.74418
2.78056
2.82181
2.86417
2.90433
2.93827
2.96154
2.97095
2.96644
2.95194
2.93486
2.92326
2.92104
2.92489
2.92722
2.92299
2.91387
2.90729
2.91252
2.93574
2.97587
3.02336
3.06404
3.08608
3.08505
3.06422
3.03113
2.99255
2.95089
2.90379
2.84709
2.7794
2.70596
2.6389
2.59158
2.56999
2.56919
2.57874
2.59046
2.59969
2.6014
2.59094
2.57149
2.55792
2.56877
2.61204
2.67913
2.75378
2.82649
2.89595
2.95711
2.99934
3.01382
2.99653
2.95086
2.88989
2.83205
2.78957
2.76112
2.73797
2.71543
2.69672
2.68894
2.69778
2.72444
2.76533
2.81305
2.85835
2.89301
2.91295
2.91959
2.9186
2.91597
2.91474
2.91517
2.91786
2.92609
2.94268
2.96421
2.98031
2.98021
2.95979
2.92413
2.8848
2.85356
2.8359
2.83092
2.8364
2.84988
2.86572
2.87651
2.87781
2.86989
2.85618
2.84065
2.82587
2.81288
2.80249
2.79653
2.79664
2.80218
2.81069
2.8216
2.83871
2.86791
2.9114
2.96465
3.01872
3.06484
3.09806
3.11772
3.12459
3.1176
3.09401
3.0526
2.99667
2.93493
2.88075
2.84856
2.84678
2.87271
2.91441
2.95749
2.99164
3.01262
3.02072
3.01962
3.01589
3.01597
3.02178
3.02979
3.03363
3.0271
3.0059
2.96839
2.91701
2.86032
2.81309
2.79045
2.79817
2.82825
2.86541
2.89684
2.91634
2.92229
2.91392
2.88934
2.84741
2.79458
2.75214
2.74573
2.77804
2.82903
2.88101
2.92614
2.96142
2.98649
3.00367
3.01623
3.02571
3.03021
3.02478
3.00389
2.96521
2.91403
2.86459
2.83207
2.82057
2.82296
2.83058
2.83808
2.8435
2.84732
2.8497
2.84734
2.834
2.80608
2.76846
2.73481
2.71817
2.71951
2.7302
2.74811
2.7799
2.82273
2.85897
2.87224
2.85671
2.81503
2.75578
2.69325
2.64561
2.62566
2.63066
2.64785
2.66926
2.69582
2.73062
2.77232
2.81435
2.84851
2.86893
2.874
2.86728
2.85673
2.85089
2.85193
2.85156
2.83664
2.79953
2.74376
2.68247
2.63153
2.60366
2.60855
2.64662
2.70032
2.74486
2.76592
2.76224
2.73994
2.70887
2.6804
2.6649
2.66879
2.69296
2.73343
2.78381
2.83729
2.88735
2.92766
2.95222
2.95653
2.94
2.90827
2.87332
2.84742
2.83507
2.83241
2.83197
2.82401
2.79755
2.74627
2.67712
2.61156
2.57127
2.56127
2.57286
2.5969
2.62822
2.66277
2.69541
2.72047
2.73435
2.73765
2.73472
2.73107
2.73158
2.74058
2.76107
2.7923
2.82868
2.86195
2.8845
2.89198
2.88488
2.86919
2.85614
2.8609
2.89573
2.95575
3.01605
3.04993
3.04366
2.99733
2.92151
2.83387
2.75338
2.69381
2.66134
2.65616
2.67396
2.70652
2.74334
2.77532
2.7979
2.81163
2.81967
2.82372
2.82203
2.81204
2.79394
2.77106
2.74858
2.73323
2.73084
2.74172
2.76005
2.77883
2.79395
2.80487
2.81347
2.82168
2.82936
2.8335
2.82897
2.81066
2.77702
2.73399
2.6954
2.67761
2.69015
2.73039
2.78571
2.83887
2.87303
2.87813
2.85741
2.82742
2.80566
2.79501
2.78574
2.7717
2.75901
2.75971
2.77913
2.81026
2.83939
2.85576
2.85666
2.84677
2.83321
2.82052
2.80992
2.80447
2.8119
2.83851
2.88167
2.93105
2.97576
3.00869
3.02768
3.03381
3.02773
3.00713
2.96857
2.91258
2.84684
2.78463
2.73909
2.71764
2.72172
2.75131
2.80607
2.87976
2.95735
3.0224
3.06574
3.08714
3.09136
3.08366
3.06723
3.04277
3.01053
2.97374
2.94029
2.91938
2.915
2.92225
2.92917
2.92338
2.90108
2.87186
2.85035
2.83997
2.83195
2.81869
2.80093
2.78536
2.77924
2.78596
2.80489
2.8337
2.86872
2.90499
2.93936
2.97369
3.01273
3.0579
3.10394
3.14192
3.16423
3.16696
3.14945
3.11349
3.06264
3.00211
2.93832
2.87761
2.8247
2.78251
2.75296
2.73645
2.7314
2.73507
2.74509
2.76046
2.78124
2.80749
2.83835
2.87205
2.90588
2.93672
2.96152
2.97758
2.98299
2.97745
2.9635
2.94683
2.93422
2.92936
2.93074
2.93444
2.93799
2.94107
2.94354
2.94369
2.93825
2.9243
2.90165
2.87466
2.85169
2.84129
2.84735
2.86874
2.90311
2.94689
2.99085
3.02274
3.03725
3.04046
3.04575
3.06622
3.10742
3.1639
3.2234
3.27491
3.31246
3.33347
3.33591
3.31747
3.27714
3.21707
3.14344
3.0659
2.9953
2.94031
2.90467
2.88729
2.88435
2.89185
2.90687
2.92735
2.95146
2.97823
3.00692
3.03483
3.05684
3.06789
3.06538
3.05004
3.02649
3.00174
2.98172
2.97005
2.96842
2.9752
2.98437
2.98931
2.98729
2.97888
2.96333
2.93552
2.88904
2.82288
2.74647
2.67759
2.63373
2.62438
2.65031
2.70465
2.7725
2.83507
2.87887
2.90093
2.90453
2.89173
2.86313
2.82237
2.77873
2.74739
2.7427
2.76364
2.79237
2.81083
2.81117
2.79491
2.7698
2.74605
2.73079
2.7247
2.72421
2.72583
2.72713
2.72825
2.73396
2.75074
2.78086
2.82205
2.87185
2.92826
2.98599
3.03542
3.06571
3.06992
3.0487
3.01188
2.97699
2.96212
2.97528
3.01092
3.05713
3.1029
3.14004
3.16261
3.16714
3.15333
3.12424
3.08546
3.04357
3.00447
2.97184
2.94721
2.93083
2.92168
2.91669
2.91176
2.90608
2.90489
2.91519
2.93829
2.96793
2.99458
3.01065
3.01349
3.00589
2.99345
2.97989
2.96515
2.94784
2.92866
2.9115
2.90219
2.90552
2.92378
2.95666
3.00092
3.05041
3.09812
3.13945
3.17294
3.19751
3.21041
3.20912
3.19451
3.17088
3.14293
3.11387
3.08603
3.0618
3.04273
3.02781
3.0141
2.99969
2.98665
2.98043
2.98486
2.99813
3.01396
3.02584
3.02989
3.02542
3.01474
3.00307
2.99724
3.00121
3.01182
3.02035
3.01896
3.00513
2.98101
2.94924
2.91143
2.87155
2.83944
2.82699
2.83838
2.86526
2.89238
2.90726
2.90528
2.88894
2.86434
2.83727
2.81049
2.7845
2.76035
2.74061
2.72881
2.7298
2.74899
2.78813
2.84119
2.89666
2.9449
2.98341
3.01604
3.04694
3.07488
3.09445
3.10189
3.09833
3.08902
3.08063
3.07818
3.08145
3.08384
3.07539
3.04776
2.99835
2.9324
2.8631
2.80837
2.7832
2.79164
2.82643
2.87468
2.92341
2.96304
2.98898
3.0007
2.99904
2.98477
2.9595
2.92682
2.89189
2.86102
2.84102
2.83848
2.85852
2.9006
2.95492
3.00605
3.04072
3.05324
3.04656
3.02933
3.01055
2.9939
2.97557
2.94871
2.91282
2.87955
2.86675
2.88379
2.92433
2.97309
3.01555
3.04138
3.0449
3.02574
2.98881
2.94212
2.89276
2.84459
2.79972
2.76095
2.73233
2.71753
2.71735
2.72841
2.74443
2.75966
2.77191
2.78298
2.79593
2.81166
2.82743
2.83841
2.84029
2.83094
2.81086
2.78377
2.75663
2.73718
2.72948
2.73302
2.74645
2.77076
2.80732
2.85449
2.90747
2.96079
3.00974
3.05057
3.08072
3.09898
3.10486
3.09794
3.07847
3.04847
3.01087
2.96835
2.92362
2.88016
2.84176
2.81197
2.79356
2.7867
2.79052
2.80557
2.82855
2.85057
2.86485
2.87233
2.88055
2.89895
2.93307
2.97992
3.02873
3.06724
3.08723
3.08585
3.06447
3.02748
2.98147
2.93412
2.89192
2.8585
2.83401
2.81627
2.8032
2.79532
2.79521
2.80497
2.82404
2.84838
2.87148
2.88733
2.89367
2.89231
2.88624
2.87718
2.8679
2.867
2.88586
2.92668
2.97602
3.01312
3.02199
2.99671
2.94085
2.86664
2.79422
2.74592
2.73186
2.74042
2.7502
2.75018
2.7458
2.74917
2.76614
2.79407
2.82782
2.8625
2.89209
2.90938
2.90767
2.88266
2.83347
2.76402
2.68618
2.62098
2.59147
2.60747
2.65918
2.72705
2.79365
2.84751
2.88275
2.8986
2.8981
2.88522
2.86288
2.83464
2.80686
2.78622
2.7744
2.76768
2.76245
2.7591
2.75986
2.76452
2.76989
2.773
2.77248
2.76653
2.75225
2.72934
2.70459
2.69228
2.70693
2.75204
2.81589
2.88004
2.93019
2.96026
2.97057
2.96509
2.9496
2.93044
2.9133
2.90215
2.89884
2.9032
2.91367
2.92751
2.94139
2.95234
2.95894
2.96175
2.96255
2.96331
2.96659
2.97653
2.9955
3.01661
3.02476
3.00807
2.96725
2.91711
2.88047
2.87263
2.88948
2.91458
2.93408
2.94167
2.93511
2.91302
2.87503
2.82393
2.76648
2.71254
2.67427
2.66265
2.68017
2.71855
2.76596
2.81301
2.85323
2.8828
2.90126
2.91137
2.91692
2.92017
2.92099
2.91862
2.91443
2.91255
2.91651
2.9251
2.93405
2.93964
2.93652
2.91656
2.87667
2.82781
2.79024
2.77399
2.77196
2.77496
2.78087
2.78958
2.79803
2.80236
2.80292
2.80586
2.81924
2.8466
2.88403
2.92302
2.95479
2.97201
2.96902
2.94345
2.89835
2.84234
2.78781
2.74892
2.73665
2.75284
2.79005
2.83552
2.87555
2.89994
2.90571
2.89818
2.88807
2.88558
2.89491
2.91237
2.92868
2.93437
2.92529
2.90533
2.88434
2.87222
2.87421
2.89042
2.91818
2.95323
2.9881
3.00992
3.00304
2.95807
2.88025
2.78926
2.71104
2.66659
2.65871
2.67171
2.69254
2.72246
2.76609
2.82045
2.87821
2.934
2.98405
3.02451
3.05263
3.06748
3.06912
3.05914
3.04295
3.02858
3.02028
3.01468
3.0051
2.98707
2.95991
2.92613
2.89131
2.86313
2.84701
2.83978
2.82939
2.80419
2.76425
2.72414
2.70261
2.70849
2.73701
2.77474
2.80716
2.82578
2.8297
2.82304
2.81306
2.80887
2.81864
2.8462
2.88928
2.94055
2.99021
3.0293
3.05213
3.05719
3.04611
3.02222
2.99019
2.95754
2.93488
2.9306
2.94312
2.96041
2.96779
2.95632
2.92604
2.88531
2.84677
2.8209
2.81035
2.81034
2.81345
2.81282
2.80285
2.78095
2.75092
2.72261
2.70527
2.70161
2.70902
2.72242
2.73478
2.74021
2.7382
2.73377
2.73463
2.74846
2.78069
2.83278
2.90144
2.97941
3.05685
3.12302
3.16826
3.18532
3.17008
3.12231
3.04722
2.95847
2.87927
2.83405
2.83288
2.86701
2.92084
2.9825
3.04466
3.10212
3.15071
3.18759
3.21168
3.22359
3.22472
3.21583
3.19573
3.16105
3.10745
3.03267
2.94027
2.84254
2.75832
2.70508
2.69112
2.71193
2.75223
2.79479
2.83146
2.86634
2.90643
2.94993
2.98515
3.00022
2.99205
2.96718
2.93587
2.90556
2.87872
2.85523
2.83414
2.813
2.78926
2.76373
2.74098
2.72671
2.72463
2.73482
2.75394
2.77598
2.79425
2.80414
2.80586
2.80471
2.8085
2.82404
2.85517
2.90189
2.95997
3.02183
3.0784
3.12159
3.14656
3.15275
3.14324
3.1228
3.09619
3.06773
3.04153
3.02179
3.01225
3.01425
3.02531
3.03991
3.05243
3.05948
3.0598
3.05237
3.03497
3.00583
2.96708
2.92575
2.88872
2.85642
2.82311
2.78413
2.73991
2.69436
2.65228
2.61855
2.59713
2.58927
2.59462
2.61475
2.65299
2.70869
2.77289
2.8319
2.87486
2.89844
2.90691
2.90946
2.91587
2.93196
2.95714
2.98563
3.0104
3.02657
3.03316
3.03343
3.03266
3.03359
3.03474
3.03371
3.02938
3.02138
3.01122
3.00631
3.02054
3.06466
3.13192
3.19776
3.23597
3.23381
3.19512
3.13335
3.06102
2.98535
2.91328
2.85518
2.82098
2.8137
2.82776
2.85349
2.88269
2.9098
2.9299
2.93792
2.93068
2.90994
2.88362
2.86399
2.86159
2.87692
2.89937
2.91685
2.92509
2.92782
2.93196
2.94388
2.96775
3.0046
3.05178
3.10357
3.15317
3.19426
3.22132
3.22905
3.21322
3.1724
3.10924
3.03065
2.94612
2.86458
2.79188
2.73153
2.68733
2.66492
2.67088
2.70866
2.77302
2.84873
2.91753
2.96695
2.9939
3.00154
2.99427
2.97516
2.94646
2.91184
2.87972
2.86341
2.87396
2.91104
2.96425
3.02259
3.07877
3.1263
3.15719
3.16473
3.14813
3.11291
3.0669
3.01638
2.96605
2.92141
2.88961
2.87742
2.88752
2.91578
2.95196
2.98291
2.99625
2.9834
2.9419
2.87725
2.80409
2.74308
2.71015
2.70563
2.71732
2.73268
2.74804
2.76838
2.7961
2.82176
2.83346
2.83173
2.82863
2.8334
2.84474
2.85853
2.87435
2.89214
2.90876
2.91876
2.91728
2.90315
2.88072
2.85799
2.84144
2.83217
2.82814
2.82884
2.83644
2.85301
2.8783
2.90942
2.94219
2.97301
2.99987
3.02213
3.04034
3.05596
3.07071
3.08503
3.09579
3.09671
3.08193
3.05092
3.01057
2.97297
2.94911
2.94217
2.94616
2.95218
2.95496
2.95321
2.94756
2.9394
2.9299
2.91851
2.90223
2.87817
2.84846
2.8218
2.80936
2.81829
2.84887
2.89581
2.95051
3.00395
3.04914
3.08269
3.10449
3.11688
3.1238
3.12929
3.13558
3.14153
3.14307
3.13489
3.11223
3.07267
3.01775
2.95377
2.89071
2.83953
2.80812
2.7983
2.80553
2.82085
2.83349
2.83379
2.8184
2.79738
2.79206
2.81468
2.85557
2.8969
2.9275
2.94418
2.94682
2.93378
2.9008
2.84452
2.76891
2.69003
2.63156
2.6101
2.62544
2.66498
2.71086
2.74558
2.75896
2.75492
2.75223
2.77367
2.82758
2.90161
2.9761
3.03668
3.07515
3.08778
3.07549
3.04337
2.99899
2.94992
2.90137
2.85489
2.80879
2.7598
2.70635
2.65321
2.61557
2.61644
2.66981
2.76207
2.86016
2.93739
2.98539
3.00939
3.01972
3.02563
3.03205
3.03932
3.04523
3.04693
3.04168
3.02781
3.00682
2.98503
2.97014
2.96268
2.95307
2.93008
2.89107
2.84461
2.80493
2.78382
2.78609
2.81023
2.85063
2.89872
2.94489
2.98192
3.00845
3.03027
3.05561
3.08596
3.11235
3.12246
3.11047
3.08068
3.04499
3.01598
2.99985
2.99414
2.99133
2.98427
2.96875
2.94369
2.91136
2.87751
2.84967
2.83249
2.82467
2.82135
2.81902
2.81724
2.81587
2.81194
2.80144
2.78301
2.75845
2.73356
2.72053
2.7337
2.77838
2.84491
2.91429
2.96834
2.99601
2.99451
2.96793
2.92483
2.8752
2.8277
2.78889
2.76449
2.75778
2.76501
2.77589
2.78123
2.77958
2.77946
2.79443
2.83004
2.87696
2.9205
2.95117
2.96596
2.96611
2.95515
2.93792
2.92019
2.90819
2.90708
2.91891
2.94112
2.96735
2.99045
3.00558
3.01035
3.00519
2.99647
2.99641
3.01299
3.0397
3.05995
3.06056
3.03898
3.00151
2.95792
2.91684
2.88314
2.85747
2.83774
2.82238
2.81323
2.81495
2.82988
2.85345
2.87656
2.89202
2.89739
2.8935
2.88203
2.8649
2.84509
2.82777
2.81939
2.825
2.84485
2.87293
2.89958
2.91632
2.9196
2.91187
2.8988
2.88526
2.87264
2.86012
2.84813
2.84009
2.84075
2.85315
2.87702
2.91151
2.95723
3.01252
3.0694
3.11553
3.13984
3.13682
3.10797
3.06024
3.00378
2.94846
2.89979
2.85929
2.82869
2.81007
2.80232
2.80152
2.80442
2.80904
2.81316
2.8146
2.81379
2.81445
2.82065
2.83254
2.84565
2.85528
2.86046
2.86451
2.87373
2.89413
2.92712
2.96724
3.00416
3.02859
3.03596
3.02393
2.98938
2.93118
2.85407
2.76858
2.68936
2.63288
2.61181
2.62811
2.67295
2.73203
2.79154
2.84397
2.88913
2.92866
2.96214
2.98878
3.01
3.02799
3.04213
3.05043
3.05757
3.07593
3.11145
3.15498
3.19217
3.21455
3.22131
3.21698
3.20859
3.20183
3.19741
3.19023
3.17241
3.13842
3.09047
3.03933
2.99792
2.97309
2.96527
2.97226
2.98931
3.0074
3.01529
3.00601
2.98512
2.97241
2.98216
3.00504
3.02314
3.02793
3.02006
3.00407
2.9847
2.96466
2.94401
2.92116
2.89503
2.86811
2.84677
2.8357
2.8343
2.84157
2.86156
2.90001
2.95611
3.02002
3.07825
3.11984
3.1383
3.13057
3.09636
3.03901
2.96667
2.8915
2.8259
2.77818
2.75109
2.74352
2.75283
2.77582
2.80846
2.84531
2.8801
2.90779
2.92688
2.94046
2.95493
2.97629
3.00694
3.04576
3.08998
3.13649
3.18165
3.21955
3.24208
3.24293
3.22114
3.181
3.12928
3.07235
3.01473
2.95953
2.90936
2.86604
2.82913
2.79547
2.76125
2.72484
2.68853
2.65771
2.63816
2.63283
2.64007
2.65435
2.66856
2.67667
2.678
2.68024
2.69097
2.70363
2.70312
2.68409
2.65543
2.63452
2.64274
2.6944
2.782
2.88153
2.97159
3.04131
3.08635
3.10411
3.09314
3.05595
3.00162
2.94387
2.89533
2.86355
2.85232
2.86365
2.89476
2.93579
2.97472
3.00334
3.01857
3.02093
3.013
2.99777
2.97773
2.95496
2.93175
2.91084
2.8941
2.88137
2.87097
2.86253
2.85973
2.86742
2.88284
2.8951
2.89703
2.89065
2.8809
2.8692
2.8546
2.83672
2.81367
2.7791
2.72467
2.64774
2.56397
2.51485
2.53583
2.60866
2.68517
2.73421
2.7456
2.72122
2.6764
2.64216
2.64889
2.70066
2.77683
2.85353
2.9153
2.95763
2.98587
3.00942
3.0335
3.05652
3.07532
3.08927
3.09772
3.0966
3.07986
3.04373
2.99129
2.93571
2.89822
2.89558
2.92554
2.97035
3.01308
3.04518
3.06512
3.07692
3.08803
3.1026
3.11559
3.11656
3.09896
3.06552
3.0263
2.99216
2.96801
2.95069
2.93309
2.91041
2.8838
2.85953
2.84498
2.84426
2.85576
2.8717
2.87984
2.86808
2.83008
2.76876
2.6967
2.63302
2.59614
2.59445
2.62215
2.66588
2.71496
2.76581
2.81926
2.87512
2.92857
2.9703
2.98992
2.9804
2.94539
2.90832
2.90201
2.93154
2.97167
3.00358
3.02494
3.0379
3.04195
3.03446
3.01371
2.98105
2.94133
2.90125
2.86618
2.8384
2.81815
2.80634
2.80546
2.81738
2.83959
2.86326
2.87712
2.87448
2.85646
2.83046
2.80637
2.79141
2.78631
2.78615
2.78453
2.7776
2.76646
2.757
2.75714
2.77244
2.80285
2.84266
2.8831
2.91487
2.93016
2.92597
2.91058
2.90464
2.92402
2.96129
2.9966
3.01726
3.02026
3.00695
2.9811
2.94988
2.92403
2.91418
2.925
2.95252
2.98725
3.01969
3.04383
3.05718
3.05959
3.05202
3.03604
3.01415
2.99014
2.96948
2.9584
2.96055
2.97329
2.98876
2.99761
2.99186
2.96667
2.9217
2.86492
2.82359
2.8387
2.90826
2.97615
3.00012
2.97448
2.91138
2.82947
2.75403
2.71517
2.73036
2.78796
2.86097
2.93024
2.9891
3.03681
3.07254
3.09387
3.09932
3.09081
3.07219
3.04655
3.01579
2.98196
2.94741
2.91397
2.88354
2.86155
2.8582
2.88062
2.92245
2.96686
2.99903
3.01291
3.00927
2.99216
2.96898
2.95166
2.95335
2.98123
3.03227
3.09529
3.15623
3.20265
3.22582
3.22118
3.18873
3.13401
3.06885
3.00939
2.9704
2.95823
2.96928
2.99492
3.02669
3.05774
3.08286
3.09859
3.10295
3.09515
3.0766
3.05297
3.03339
3.02323
3.01757
3.00437
2.97537
2.93425
2.89513
2.87041
2.85762
2.84249
2.81751
2.79297
2.7851
2.79783
2.82347
2.85543
2.89107
2.92512
2.94804
2.95254
2.93876
2.91334
2.88436
2.85698
2.83178
2.80661
2.78112
2.75997
2.74994
2.75503
2.7755
2.80865
2.84856
2.88636
2.91295
2.92231
2.91365
2.89114
2.86198
2.83345
2.81008
2.79218
2.7774
2.76505
2.75921
2.76679
2.7929
2.83788
2.8973
2.96365
3.02899
3.08674
3.13191
3.16086
3.17105
3.16158
3.1339
3.09082
3.03581
2.97769
2.93507
2.92317
2.93686
2.96007
2.98076
2.99215
2.99174
2.982
2.96913
2.95949
2.95557
2.95404
2.94845
2.93573
2.92151
2.9181
2.93334
2.96169
2.98889
3.00257
2.99612
2.96798
2.92175
2.86616
2.81192
2.76743
2.73726
2.72344
2.72573
2.73882
2.75158
2.75281
2.73974
2.72087
2.70991
2.71467
2.73136
2.75088
2.76954
2.79213
2.82565
2.8712
2.92227
2.9696
3.00847
3.04331
3.08303
3.12739
3.16327
3.17733
3.16654
3.13821
3.10548
3.08103
3.07073
3.07116
3.07241
3.06279
3.03353
2.9822
2.91411
2.84192
2.78303
2.75307
2.75778
2.791
2.84134
2.89886
2.95567
3.00438
3.03863
3.0547
3.0526
3.0358
3.00961
2.97887
2.94605
2.91168
2.87676
2.84491
2.82202
2.81314
2.8185
2.83153
2.84081
2.83505
2.80913
2.77076
2.74247
2.75031
2.80268
2.88427
2.97173
3.04773
3.10281
3.13288
3.13911
3.12878
3.11345
3.10282
3.09801
3.09126
3.07144
3.03019
2.96748
2.89612
2.83733
2.80506
2.79868
2.81174
2.83886
2.87365
2.90763
2.93307
2.94547
2.94379
2.93071
2.91368
2.90169
2.89795
2.89895
2.9012
2.90504
2.91206
2.92254
2.93583
2.95165
2.97038
2.99197
3.01434
3.03327
3.04333
3.03949
3.01856
2.98025
2.92737
2.86512
2.80101
2.74545
2.71141
2.71042
2.74572
2.80887
2.88337
2.95126
2.99856
3.01967
3.01916
3.00982
3.00538
3.01204
3.02636
3.04123
3.05237
3.05899
3.06036
3.05386
3.03686
3.01074
2.98257
2.96216
2.95672
2.96811
2.99216
3.01913
3.03657
3.03506
3.01257
2.9745
2.92954
2.88482
2.84401
2.80792
2.77469
2.74089
2.70613
2.67711
2.66542
2.67997
2.72066
2.77813
2.83851
2.88809
2.91674
2.9198
2.8991
2.86414
2.83158
2.81794
2.82791
2.85211
2.87758
2.8992
2.91841
2.93222
2.9329
2.91877
2.89648
2.87477
2.86093
2.86059
2.87689
2.90889
2.95075
2.99301
3.02563
3.04092
3.03573
3.01206
2.97689
2.94115
2.91689
2.91132
2.92218
2.93914
2.94972
2.94519
2.9234
2.88782
2.84449
2.79889
2.75473
2.71448
2.68071
2.6573
2.65045
2.66805
2.71589
2.7914
2.88045
2.96227
3.01925
3.04401
3.03993
3.01622
2.98262
2.94738
2.91778
2.90026
2.89897
2.9133
2.9349
2.94915
2.943
2.91395
2.87357
2.8412
2.82882
2.8289
2.82204
2.79715
2.7594
2.72239
2.6978
2.69021
2.69713
2.71208
2.72935
2.74749
2.76918
2.79755
2.83255
2.87039
2.90672
2.94056
2.97461
3.01126
3.0491
3.08371
3.10964
3.12069
3.11027
3.07562
3.0248
2.97915
2.96091
2.97516
3.012
3.06001
3.10606
3.13618
3.14608
3.14271
3.13516
3.12685
3.11466
3.09225
3.05446
3.0013
2.94028
2.88351
2.83988
2.81028
2.79217
2.78661
2.79854
2.83062
2.87783
2.92877
2.97248
3.0026
3.01723
3.01823
3.01142
3.0059
3.01026
3.02699
3.05075
3.07267
3.08587
3.08759
3.07858
3.06137
3.03834
3.01005
2.97487
2.92994
2.87342
2.80674
2.73619
2.67287
2.63019
2.61846
2.63926
2.68465
2.7421
2.80016
2.85186
2.89504
2.93057
2.95987
2.98207
2.99261
2.98602
2.96135
2.92498
2.88822
2.86297
2.85727
2.87055
2.8928
2.91028
2.91245
2.89597
2.8662
2.8368
2.82202
2.82489
2.83826
2.85589
2.87464
2.88937
2.8919
2.87563
2.83987
2.78997
2.73471
2.68355
2.64429
2.62069
2.61161
2.61403
2.62688
2.65068
2.68391
2.72008
2.74906
2.76181
2.75437
2.72934
2.69623
2.6711
2.67134
2.70441
2.76181
2.82659
2.88431
2.92663
2.94969
2.95216
2.93543
2.9054
2.87199
2.84451
2.82693
2.81673
2.80819
2.79729
2.78414
2.77045
2.75455
2.73104
2.6976
2.66128
2.63387
2.61978
2.61837
2.63813
2.69037
2.76851
2.85189
2.92282
2.97029
2.98854
2.98121
2.96578
2.96347
2.9792
3.00303
3.02652
3.04521
3.05299
3.0418
3.00436
2.93773
2.85312
2.78982
2.79375
2.85985
2.94232
3.00795
3.04528
3.05401
3.03958
3.00969
2.97062
2.92574
2.87678
2.82639
2.78214
2.75844
2.76786
2.80709
2.85761
2.90139
2.93343
2.96119
2.9949
3.03847
3.08847
3.13817
3.18065
3.2102
3.22347
3.21989
3.20086
3.16788
3.12137
3.06182
2.99293
2.9245
2.87165
2.84805
2.85727
2.89057
2.93326
2.97281
3.00284
3.02291
3.03714
3.05192
3.07318
3.10385
3.1423
3.18195
3.21237
3.2224
3.20321
3.15046
3.06656
2.96506
2.8708
2.80575
2.77246
2.7587
2.75399
2.75891
2.78225
2.82899
2.88968
2.94485
2.97929
2.99078
2.98837
2.98467
2.98752
2.99624
3.00411
3.0045
2.9953
2.98071
2.9706
2.97494
2.9945
3.019
3.03661
3.0413
3.03108
3.00504
2.96472
2.91683
2.87175
2.8374
2.8138
2.79655
2.78425
2.77971
2.78604
2.8035
2.82884
2.85509
2.87221
2.87031
2.84622
2.81006
2.78383
2.78431
2.80845
2.84353
2.87994
2.91053
2.9288
2.93154
2.92148
2.90729
2.9027
2.91975
2.95577
2.99195
3.01004
3.00522
2.98529
2.96296
2.94834
2.94517
2.95159
2.96296
2.97346
2.97692
2.96879
2.94745
2.91513
2.88012
2.85731
2.86028
2.88896
2.92824
2.95807
2.96355
2.93943
2.89065
2.83009
2.77364
2.73365
2.71441
2.71299
2.72422
2.74408
2.76882
2.79282
2.80963
2.81615
2.81557
2.81571
2.82357
2.841
2.86678
2.90285
2.95372
3.01743
3.08297
3.13838
3.17668
3.19524
3.19356
3.17233
3.13456
3.08686
3.03956
3.00425
2.98954
2.99785
3.02475
3.0606
3.09351
3.11295
3.1137
3.09818
3.07517
3.05456
3.04266
3.04302
3.05797
3.08499
3.11565
3.14108
3.15615
3.15863
3.14801
3.12549
3.09427
3.05915
3.02595
3.00109
2.98973
2.99213
3.00238
3.01174
3.01324
3.00422
2.98628
2.9635
2.93996
2.91852
2.90102
2.88867
2.88188
2.88041
2.88393
2.89341
2.91258
2.94735
3.00221
3.07619
3.16113
3.24303
3.30635
3.33873
3.33317
3.28838
3.20932
3.10791
3.00182
2.90976
2.84645
2.82011
2.82981
2.86421
2.90746
2.94874
2.98485
3.01548
3.04151
3.06769
3.10006
3.13806
3.17343
3.19756
3.20644
3.1993
3.17696
3.14257
3.10245
3.06435
3.03386
3.01143
2.99372
2.97796
2.96404
2.95322
2.94605
2.94144
2.93772
2.93415
2.92936
2.91993
2.90398
2.8854
2.87085
2.86096
2.8469
2.81919
2.77865
2.73851
2.71769
2.73137
2.78416
2.86748
2.96181
3.04404
3.09647
3.11208
3.09498
3.05675
3.01075
2.96727
2.93216
2.90802
2.89577
2.89637
2.91175
2.94312
2.98701
3.03211
3.06138
3.05913
3.01827
2.94374
2.8515
2.76289
2.69622
2.65975
2.65152
2.66518
2.69429
2.7326
2.77484
2.81836
2.86277
2.90656
2.94347
2.96358
2.9596
2.93258
2.89267
2.85445
2.82934
2.82081
2.8268
2.84732
2.88469
2.93181
2.96937
2.98143
2.96728
2.93895
2.91113
2.8921
2.8813
2.87257
2.85823
2.83277
2.79638
2.75754
2.73122
2.72918
2.75035
2.78344
2.81708
2.84593
2.87062
2.89487
2.92135
2.94789
2.96694
2.96921
2.94907
2.90911
2.86027
2.81563
2.78418
2.77204
2.78437
2.8213
2.87438
2.93072
2.97939
3.01354
3.02982
3.02736
3.0069
2.97034
2.92089
2.86301
2.80213
2.74413
2.69475
2.6586
2.6388
2.63688
2.65186
2.67838
2.70709
2.72917
2.74235
2.75179
2.7643
2.78312
2.80833
2.83873
2.87331
2.91206
2.9553
3.00194
3.04835
3.08864
3.11587
3.12361
3.10802
3.06976
3.0148
2.95252
2.89133
2.83653
2.79232
2.76427
2.75655
2.76655
2.78628
2.81092
2.84212
2.87855
2.90813
2.91762
2.90566
2.88315
2.86464
2.85945
2.86821
2.88502
2.90153
2.90978
2.90343
2.87982
2.8433
2.80549
2.7787
2.76793
2.77098
2.78419
2.80545
2.8326
2.8611
2.88381
2.89365
2.88754
2.86974
2.84867
2.8268
2.79749
2.75612
2.70791
2.66492
2.64209
2.65037
2.68494
2.72459
2.74627
2.73966
2.71259
2.68605
2.68146
2.70733
2.75533
2.80842
2.85238
2.88294
2.90676
2.93582
2.97654
3.02332
3.06421
3.08976
3.09573
3.08161
3.04951
3.00525
2.96094
2.93363
2.9339
2.95587
2.98343
3.00319
3.00935
3.00327
2.99146
2.98027
2.96924
2.95135
2.92071
2.87829
2.83187
2.79222
2.76865
2.76493
2.77677
2.79537
2.81658
2.84403
2.88003
2.91778
2.946
2.95698
2.94975
2.92999
2.90698
2.88694
2.86933
2.85212
2.83731
2.82795
2.82347
2.82126
2.82153
2.82751
2.84207
2.865
2.89297
2.92122
2.94573
2.96458
2.97778
2.98583
2.98823
2.98391
2.97423
2.96479
2.96214
2.96777
2.97582
2.97662
2.96282
2.93352
2.89455
2.85495
2.82221
2.79932
2.78627
2.78374
2.79301
2.81074
2.82784
2.83655
2.83638
2.83268
2.83194
2.83909
2.85767
2.88979
2.93444
2.98596
3.03546
3.07408
3.09518
3.09539
3.07556
3.04255
3.0103
2.99595
3.00952
3.045
3.0833
3.10324
3.09099
3.04402
2.9704
2.88593
2.81018
2.76177
2.75195
2.77854
2.82722
2.88066
2.92671
2.96052
2.98325
2.99956
3.0145
3.03068
3.04758
3.06309
3.07486
3.08034
3.07769
3.06794
3.05447
3.03835
3.01546
2.98023
2.93144
2.87446
2.8195
2.77841
2.76015
2.76736
2.7956
2.83557
2.87601
2.90652
2.91988
2.91381
2.89099
2.85698
2.81755
2.77768
2.74141
2.71047
2.68294
2.65462
2.6231
2.5906
2.56387
2.5519
2.56215
2.59693
2.65244
2.72086
2.79332
2.86326
2.92759
2.98458
3.0321
3.06767
3.08923
3.09555
3.08729
3.0677
3.04232
3.01717
2.99665
2.9825
2.97395
2.9678
2.95965
2.94819
2.93842
2.93876
2.95534
2.98919
3.03703
3.09235
3.14572
3.18641
3.20596
3.20129
3.17487
3.13217
3.07885
3.01934
2.95771
2.89961
2.85391
2.83096
2.83678
2.86696
2.90761
2.94458
2.97201
2.99223
3.00838
3.0178
3.01311
2.98928
2.94983
2.90636
2.87251
2.85878
2.86944
2.89897
2.9338
2.96113
2.97595
2.97963
2.97477
2.96364
2.95039
2.94173
2.94439
2.96112
2.9891
3.02142
3.05103
3.07426
3.09151
3.10446
3.11238
3.11045
3.09167
3.05318
3.00329
2.95924
2.93102
2.91285
2.89537
2.87716
2.86263
2.85523
2.85374
2.85328
2.84893
2.83942
2.82844
2.82241
2.82632
2.84039
2.85906
2.87198
2.86851
2.84489
2.80947
2.77968
2.77033
2.78342
2.80943
2.83803
2.86659
2.8985
2.93483
2.97061
2.99863
3.01317
3.01149
2.99562
2.97317
2.95528
2.95192
2.96659
2.9941
3.02373
3.04506
3.05173
3.04126
3.01291
2.96786
2.91313
2.86378
2.83506
2.83072
2.84392
2.86684
2.89461
2.92379
2.95061
2.97085
2.98095
2.9786
2.96216
2.93012
2.88245
2.82253
2.75911
2.70528
2.67281
2.66571
2.68045
2.71143
2.75561
2.8125
2.87999
2.95076
3.01442
3.06281
3.09292
3.10671
3.10947
3.1067
3.10027
3.08719
3.06315
3.02732
2.98443
2.94409
2.9162
2.90454
2.90589
2.91521
2.92899
2.94338
2.95402
2.95865
2.95913
2.96026
2.96691
2.98133
3.00213
3.02528
3.04582
3.05926
3.06239
3.05413
3.03616
3.01228
2.98614
2.95872
2.92887
2.89651
2.86494
2.84027
2.82898
2.83586
2.86124
2.89795
2.93265
2.95277
2.953
2.93573
2.90696
2.87329
2.84206
2.82087
2.81434
2.82234
2.84214
2.86964
2.89733
2.91562
2.92061
2.91848
2.91992
2.93113
2.95114
2.97485
2.99581
3.00814
3.00883
2.99801
2.97787
2.95123
2.92071
2.88808
2.85519
2.82673
2.81172
2.81734
2.8388
2.86006
2.86684
2.85579
2.83309
2.80767
2.78659
2.77356
2.76924
2.77268
2.78344
2.80159
2.82553
2.85132
2.87484
2.89359
2.90519
2.90631
2.89549
2.87619
2.85553
2.84044
2.83435
2.83752
2.8492
2.86939
2.89818
2.93358
2.96999
2.99888
3.01143
3.00097
2.96451
2.90347
2.82342
2.73435
2.65227
2.59829
2.5883
2.62166
2.6848
2.76276
2.842
2.90977
2.95699
2.98096
2.98468
2.97301
2.94926
2.91502
2.87241
2.82661
2.7863
2.75934
2.74856
2.75317
2.76987
2.79065
2.8044
2.80444
2.79357
2.78144
2.77719
2.78383
2.79763
2.81129
2.81854
2.81808
2.81516
2.81922
2.83786
2.87194
2.91519
2.95727
2.98731
2.99699
2.98301
2.94876
2.90361
2.85938
2.8257
2.80636
2.79903
2.79955
2.80634
2.81942
2.83618
2.85153
2.86291
2.8732
2.88736
2.90671
2.92755
2.9446
2.95513
2.9593
2.95795
2.94984
2.93027
2.89242
2.83198
2.75196
2.66453
2.58927
2.54595
2.53967
2.55422
2.56914
2.57699
2.58166
2.58948
2.60538
2.63295
2.67333
2.72299
2.77407
2.81813
2.85008
2.86954
2.88004
2.88628
2.89115
2.89378
2.89007
2.87574
2.85047
2.82091
2.79907
2.79621
2.81642
2.85453
2.89944
2.9398
2.96814
2.9817
2.98184
2.97257
2.9586
2.9429
2.92527
2.90352
2.87645
2.84575
2.81509
2.78815
2.76848
2.76075
2.76987
2.79721
2.83745
2.8798
2.91299
2.92994
2.92906
2.91342
2.88915
2.86372
2.84392
2.83343
2.83172
2.83554
2.84059
2.84256
2.83765
2.8242
2.80489
2.78806
2.78643
2.81083
2.86055
2.92248
2.9812
3.02702
3.05704
3.07234
3.0743
3.063
3.03856
3.00343
2.96264
2.92207
2.88719
2.86316
2.85423
2.86189
2.88283
2.90921
2.93148
2.94269
2.94374
2.94632
2.96393
2.995
3.02276
3.03237
3.01903
2.98514
2.93732
2.88716
2.84922
2.83114
2.82654
2.82328
2.81497
2.80197
2.78679
2.77141
2.75737
2.74549
2.73555
2.72877
2.73075
2.7495
2.78856
2.84175
2.89496
2.93316
2.94705
2.93537
2.90213
2.85188
2.78926
2.72583
2.68686
2.7007
2.76897
2.86015
2.9393
2.98855
3.00508
2.99329
2.96032
2.91484
2.86743
2.82999
2.81298
2.82099
2.85129
2.89565
2.94294
2.98213
3.00529
3.00929
2.99547
2.9676
2.92898
2.88055
2.82221
2.7587
2.70461
2.67966
2.69488
2.74268
2.8025
2.85777
2.90534
2.95062
2.9968
3.03892
3.0661
3.06818
3.04116
2.98886
2.9221
2.85563
2.80398
2.77701
2.77661
2.79614
2.82393
2.84863
2.864
2.87057
2.87314
2.87593
2.87915
2.88053
2.87975
2.88061
2.88815
2.90518
2.93252
2.96908
3.00953
3.0426
3.05385
3.03228
2.97619
2.89434
2.80251
2.7174
2.65169
2.61228
2.60072
2.61254
2.63731
2.66244
2.67903
2.68497
2.68437
2.68561
2.69781
2.72576
2.76743
2.81708
2.86939
2.92022
2.9646
2.99627
3.01053
3.00789
2.99556
2.98433
2.98025
2.97749
2.96217
2.92383
2.86349
2.79527
2.74201
2.72385
2.74523
2.79189
2.84111
2.87478
2.88659
2.88154
2.87005
2.85949
2.85038
2.84151
2.83455
2.82909
2.81788
2.79419
2.76035
2.72596
2.70114
2.69281
2.70385
2.73245
2.77154
2.81072
2.84046
2.85674
2.86428
2.87458
2.89753
2.93373
2.9757
3.01392
3.04065
3.05114
3.04466
3.02504
2.99926
2.97448
2.95558
2.94423
2.93899
2.93552
2.92737
2.90836
2.87614
2.83495
2.79543
2.77035
2.76758
2.78607
2.81877
2.85847
2.90057
2.94235
2.98183
3.01678
3.04441
3.06241
3.06934
3.06413
3.04667
3.01947
2.98674
2.95135
2.91556
2.88531
2.87103
2.88079
2.91203
2.95116
2.98192
2.99349
2.98219
2.94878
2.89639
2.83075
2.76045
2.69592
2.64725
2.62245
2.62537
2.65326
2.69672
2.74241
2.77691
2.79167
2.78769
2.77718
2.77787
2.8005
2.83924
2.87811
2.90585
2.92197
2.93225
2.94233
2.95506
2.97179
2.99366
3.02036
3.04854
3.07203
3.08419
3.08111
3.06411
3.04005
3.01802
3.00433
3.00106
3.00854
3.02683
3.05404
3.08422
3.10785
3.11519
3.10035
3.06433
3.01504
2.96453
2.92337
2.89604
2.88188
2.88101
2.89686
2.92796
2.96103
2.98022
2.98056
2.9687
2.95183
2.92962
2.90268
2.8777
2.85527
2.83156
2.81869
2.83838
2.88832
2.94222
2.98034
2.99934
3.00455
3.00373
3.00493
3.01432
3.03352
3.05895
3.08311
3.0962
3.08813
3.05156
2.98641
2.90437
2.82865
2.78362
2.77729
2.79655
2.82053
2.83535
2.83936
2.83814
2.83595
2.83314
2.8309
2.83446
2.85044
2.88226
2.92825
2.98303
3.04054
3.09625
3.14419
3.17252
3.16765
3.12345
3.0453
2.94763
2.84855
2.76414
2.7045
2.6722
2.66393
2.67426
2.69791
2.72851
2.75699
2.77295
2.77021
2.75179
2.72877
2.71267
2.70892
2.71804
2.74051
2.77681
2.82258
2.86734
2.90136
2.9232
2.93849
2.95099
2.9578
2.95464
2.94107
2.92005
2.89528
2.86993
2.84607
2.82454
2.80508
2.78702
2.77065
2.75837
2.75416
2.76135
2.78037
2.8084
2.84082
2.8724
2.89781
2.91204
2.91152
2.89549
2.8671
2.83468
2.81295
2.81883
2.85916
2.92235
2.98758
3.03905
3.06851
3.07185
3.04857
3.00399
2.9496
2.89959
2.86526
2.85097
2.85352
2.86509
2.87827
2.88908
2.89648
2.90181
2.91038
2.9304
2.96552
3.00781
3.0407
3.04942
3.02971
2.98881
2.94023
2.89784
2.8725
2.86917
2.88459
2.91002
2.93664
2.95823
2.97161
2.97658
2.97473
2.96831
2.96052
2.9556
2.95718
2.96693
2.98491
3.01004
3.03999
3.07144
3.10017
3.12101
3.1285
3.11822
3.08821
3.04043
2.98299
2.93087
2.89916
2.89114
2.89592
2.89981
2.89689
2.89161
2.89263
2.90081
2.90401
2.88741
2.84603
2.78892
2.73576
2.70748
2.71314
2.74411
2.78292
2.81644
2.84016
2.85364
2.85509
2.84156
2.81534
2.78843
2.77525
2.7804
2.80019
2.83271
2.87811
2.93175
2.9829
3.01974
3.03523
3.03076
3.01621
3.00542
3.00791
3.02203
3.03643
3.03881
3.02308
2.99084
2.94842
2.90325
2.86206
2.83129
2.81735
2.82494
2.85412
2.89861
2.94783
2.992
3.02703
3.05522
3.08077
3.10437
3.12143
3.12535
3.11291
3.08708
3.05599
3.0281
3.00653
2.98744
2.96408
2.93267
2.89726
2.87106
2.86921
2.89683
2.94458
2.99536
3.03279
3.04573
3.03011
2.98911
2.93191
2.87049
2.81586
2.77573
2.75381
2.75008
2.76213
2.78655
2.81974
2.85807
2.89767
2.93372
2.96086
2.97666
2.98608
2.99612
3.00283
2.99362
2.96285
2.91723
2.87098
2.83885
2.82981
2.84364
2.87286
2.90811
2.94112
2.96514
2.97545
2.97042
2.95328
2.93368
2.92509
2.93588
2.96224
2.99236
3.0148
3.02208
3.01061
2.98117
2.94057
2.90125
2.87483
2.86216
2.85269
2.83611
2.81224
2.79039
2.78049
2.7829
2.78751
2.78418
2.77174
2.75609
2.743
2.7353
2.73381
2.73733
2.74235
2.7452
2.74515
2.74471
2.7468
2.7516
2.75582
2.75477
2.74608
2.73323
2.72497
2.72782
2.7387
2.74905
2.75301
2.7489
2.7376
2.7217
2.70556
2.69616
2.70114
2.7228
2.75527
2.7893
2.81776
2.83592
2.84004
2.82835
2.80333
2.77283
2.74993
2.74842
2.77409
2.82086
2.8772
2.93439
2.98917
3.04055
3.08484
3.11445
3.12106
3.09926
3.0494
2.97915
2.90183
2.83042
2.7729
2.73327
2.71378
2.71475
2.73399
2.76673
2.80605
2.84473
2.8769
2.89838
2.90606
2.89875
2.87905
2.85392
2.83143
2.81632
2.80984
2.81188
2.82057
2.83165
2.84056
2.84517
2.84529
2.83961
2.82498
2.79987
2.76808
2.73918
2.72619
2.73971
2.77945
2.83336
2.88736
2.93402
2.9726
3.00479
3.03133
3.05115
3.06248
3.06434
3.05734
3.04346
3.02456
3.00041
2.9699
2.93565
2.90535
2.88559
2.87655
2.87465
2.87724
2.88369
2.89306
2.90209
2.90588
2.90163
2.89171
2.88201
2.87698
2.87781
2.88517
2.90138
2.92851
2.96392
2.9988
3.02285
3.03081
3.02506
3.01302
3.00238
2.99647
2.99294
2.98651
2.9736
2.95513
2.93524
2.91779
2.9048
2.89817
2.90148
2.91839
2.94868
2.9861
3.02075
3.04364
3.05022
3.04112
3.02073
2.9944
2.96597
2.93913
2.92142
2.92083
2.93527
2.95117
2.95438
2.93903
2.90727
2.864
2.81116
2.74811
2.6791
2.61758
2.58011
2.57816
2.61279
2.67307
2.74253
2.80827
2.86462
2.91005
2.94265
2.95993
2.96199
2.95255
2.93644
2.91505
2.88264
2.82887
2.74901
2.65923
2.60025
2.59859
2.6327
2.67085
2.70316
2.73217
2.76157
2.79394
2.83025
2.86847
2.90409
2.93319
2.95513
2.97216
2.98605
2.99436
2.99173
2.97479
2.94442
2.9031
2.85208
2.79482
2.74539
2.72652
2.7484
2.79743
2.85117
2.89278
2.91518
2.92035
2.91469
2.90405
2.89226
2.88241
2.87728
2.87876
2.88745
2.90299
2.92425
2.94823
2.9699
2.98485
2.99403
3.00543
3.02826
3.06546
3.11293
3.16269
3.20535
3.23273
3.23989
3.22532
3.18995
3.13765
3.07712
3.02089
2.97739
2.9442
2.91211
2.87438
2.83073
2.78521
2.74241
2.70498
2.67408
2.65231
2.64616
2.6636
2.70679
2.76679
2.82649
2.8686
2.88272
2.86922
2.83924
2.80967
2.79509
2.80116
2.82378
2.85213
2.87358
2.8799
2.8734
2.8666
2.87306
2.89722
2.9327
2.96755
2.98951
2.98989
2.96644
2.92417
2.87352
2.82584
2.78882
2.76549
2.75647
2.76142
2.7782
2.8013
2.82343
2.83988
2.85073
2.85714
2.85599
2.84152
2.81479
2.79022
2.78592
2.80478
2.83427
2.86191
2.88247
2.89596
2.90504
2.91382
2.92661
2.94605
2.9705
2.9933
3.00509
2.99873
2.97243
2.92978
2.87838
2.82996
2.79949
2.79965
2.83323
2.89191
2.96263
3.03399
3.09745
3.14595
3.17431
3.18156
3.17194
3.15283
3.13122
3.11126
3.09358
3.0759
3.05513
3.02918
2.99676
2.95664
2.91036
2.86611
2.83796
2.83979
2.87658
2.93829
3.00559
3.06284
3.10295
3.12355
3.12308
3.10036
3.05596
2.99341
2.9193
2.84242
2.77228
2.71652
2.67811
2.65449
2.63978
2.62941
2.62288
2.62312
2.63396
2.65892
2.69971
2.75282
2.80838
2.85536
2.88768
2.90534
2.91127
2.90832
2.89898
2.88584
2.87146
2.85847
2.84959
2.8456
2.84134
2.82527
2.7868
2.72932
2.67651
2.65692
2.67656
2.71836
2.76364
2.80181
2.82763
2.8377
2.83051
2.80995
2.78796
2.77712
2.77774
2.77887
2.77263
2.764
2.76688
2.78867
2.82176
2.85171
2.86669
2.86149
2.84006
2.81448
2.79885
2.80225
2.82723
2.87233
2.93294
3.00038
3.06335
3.11109
3.13545
3.1323
3.10302
3.05562
3.0033
2.95951
2.93209
2.92179
2.92553
2.93978
2.96124
2.98683
3.01453
3.04352
3.0727
3.09921
3.11866
3.12712
3.12348
3.11007
3.09144
3.07239
3.05661
3.04605
3.04087
3.04007
3.04213
3.04452
3.04327
3.0342
3.015
2.98674
2.954
2.92445
2.90685
2.90746
2.92595
2.95475
2.98316
3.00251
3.00862
3.00199
2.98704
2.97008
2.95658
2.94907
2.94663
2.9458
2.94276
2.93581
2.92653
2.91908
2.91803
2.92623
2.94348
2.96617
2.98881
3.00681
3.01807
3.02183
3.01694
3.00239
2.9796
2.95454
2.93681
2.93464
2.94941
2.97458
3.00059
3.02098
3.03457
3.04304
3.04793
3.04963
3.04834
3.04518
3.04215
3.04091
3.04102
3.0391
3.03042
3.01197
2.98515
2.95577
2.93098
2.91493
2.90665
2.90211
2.89851
2.89695
2.90089
2.91112
2.92324
2.93042
2.9283
2.91758
2.90288
2.88987
2.88306
2.88511
2.89644
2.9148
2.93508
2.95022
2.95466
2.94766
2.93243
2.91221
2.8869
2.85272
2.80475
2.74057
2.66458
2.59128
2.54284
2.53817
2.58119
2.65904
2.74948
2.83077
2.88834
2.91592
2.91393
2.88825
2.84988
2.81371
2.79449
2.80121
2.83317
2.88051
2.92831
2.9615
2.96878
2.94576
2.89842
2.84556
2.81296
2.81562
2.84642
2.88764
2.92692
2.95968
2.9843
2.99876
3.00095
2.98997
2.96655
2.93255
2.89117
2.84823
2.81258
2.79339
2.79531
2.81703
2.85463
2.90473
2.96308
3.02287
3.07672
3.12073
3.1555
3.18343
3.20589
3.22207
3.22996
3.22768
3.21407
3.18868
3.15212
3.10714
3.059
3.01402
2.97696
2.94893
2.92735
2.90752
2.88525
2.85913
2.83127
2.80551
2.78491
2.77066
2.763
2.76178
2.7658
2.77178
2.77489
2.77132
2.76134
2.7505
2.74729
2.75853
2.78566
2.82416
2.86652
2.90677
2.94355
2.97844
3.01128
3.03697
3.04746
3.03681
3.00503
2.958
2.9045
2.85339
2.81212
2.78596
2.77879
2.79363
2.82856
2.87386
2.91709
2.94861
2.9624
2.95774
2.94253
2.93194
2.93967
2.96868
3.00964
3.04748
3.06931
3.07116
3.06268
3.06303
3.08323
3.11426
3.14003
3.15473
3.16062
3.15627
3.13573
3.0964
3.04413
2.99305
2.96004
2.95404
2.96705
2.97846
2.97092
2.94303
2.90818
2.88375
2.8808
2.89674
2.91641
2.92634
2.92546
2.92112
2.9176
2.9112
2.89628
2.87317
2.84902
2.83177
2.82383
2.8223
2.82451
2.83158
2.84574
2.8658
2.88453
2.89171
2.88028
2.85086
2.81332
2.78455
2.7805
2.80522
2.848
2.89079
2.91717
2.9172
2.88894
2.838
2.77672
2.72329
2.69666
2.70355
2.73265
2.77176
2.82145
2.87809
2.92325
2.94413
2.94618
2.94439
2.95006
2.96315
2.97471
2.97638
2.96762
2.9556
2.95005
2.95691
2.97458
2.99568
3.01284
3.02352
3.02976
3.03487
3.0407
3.04719
3.05314
3.0567
3.05555
3.04756
3.03196
3.00981
2.98364
2.95676
2.93211
2.91156
2.89551
2.88236
2.86843
2.84871
2.82007
2.7851
2.75189
2.7286
2.71807
2.71917
2.73203
2.75862
2.79898
2.84877
2.90007
2.94359
2.97113
2.97775
2.96324
2.93278
2.89511
2.85862
2.82773
2.80323
2.7861
2.78099
2.79455
2.82887
2.87705
2.92615
2.96459
2.98682
2.99274
2.98514
2.96719
2.94195
2.91327
2.88682
2.87012
2.87057
2.89168
2.92957
2.97364
3.01104
3.03132
3.02822
3.0001
2.95045
2.88951
2.83261
2.78957
2.75604
2.72224
2.6862
2.65482
2.63764
2.64164
2.66938
2.7184
2.78078
2.84582
2.90541
2.9558
2.99389
3.01481
3.01514
2.99628
2.96452
2.92872
2.89692
2.87253
2.85337
2.83393
2.80848
2.77341
2.72942
2.68339
2.64719
2.63285
2.64673
2.68722
2.74725
2.81751
2.88789
2.94842
2.991
3.01113
3.00887
2.98969
2.96403
2.94398
2.93726
2.94407
2.95974
2.97865
2.99541
3.00533
3.00697
3.00344
2.9989
2.99361
2.98303
2.96151
2.92719
2.88531
2.84811
2.82843
2.82995
2.84452
2.86012
2.86968
2.87249
2.87007
2.86303
2.85283
2.84593
2.85211
2.87324
2.89818
2.91467
2.92062
2.92267
2.92636
2.92909
2.92324
2.90642
2.88733
2.88079
2.8946
2.92278
2.9527
2.97571
2.99008
2.99835
3.00413
3.01068
3.02023
3.03273
3.04463
3.05065
3.04738
3.0336
3.00682
2.96433
2.91136
2.86449
2.8411
2.84648
2.8753
2.91906
2.96925
3.01905
3.06495
3.10645
3.144
3.17704
3.20208
3.21227
3.20034
3.16382
3.10806
3.04534
2.99027
2.95255
2.93183
2.92068
2.91374
2.91351
2.92565
2.94876
2.97199
2.98271
2.97626
2.95984
2.94845
2.95493
2.98063
3.01552
3.04684
3.06698
3.07507
3.07444
3.06935
3.06253
3.05413
3.04247
3.02615
3.00535
2.9816
2.95678
2.93367
2.91782
2.91734
2.93766
2.97492
3.01743
3.05381
3.07849
3.09149
3.0952
3.09163
3.082
3.06752
3.04996
3.03102
3.01153
2.99217
2.97472
2.9612
2.9524
2.94878
2.95199
2.9637
2.98337
3.00829
3.03502
3.05986
3.07873
3.08816
3.08689
3.07683
3.06199
3.04626
3.03154
3.01775
3.00413
2.99029
2.97597
2.96
2.94011
2.91536
2.8889
2.86665
2.85196
2.84281
2.83456
2.82367
2.80955
2.7946
2.78349
2.78241
2.79774
2.83303
2.88529
2.94488
3.00041
3.04312
3.06781
3.07238
3.05712
3.02373
2.97492
2.91488
2.8506
2.79341
2.75973
2.76337
2.79866
2.84069
2.86747
2.87188
2.8573
2.83182
2.80563
2.788
2.78415
2.79449
2.81548
2.84127
2.86615
2.88668
2.90283
2.91768
2.93478
2.9542
2.97275
2.98861
3.00416
3.0228
3.04396
3.06239
3.07227
3.07079
3.0577
3.03341
2.99974
2.9621
2.92888
2.90617
2.89425
2.89036
2.89318
2.90367
2.92153
2.94202
2.95715
2.96055
2.95289
2.94329
2.94259
2.95381
2.9709
2.98483
2.98844
2.98037
2.96943
2.97024
2.9862
3.0051
3.01631
3.01992
3.02052
3.0209
3.0213
3.02113
3.01995
3.01772
3.01433
3.0093
3.00103
2.98717
2.96768
2.94666
2.92924
2.91879
2.91772
2.92661
2.94185
2.95783
2.97246
2.9882
3.00833
3.03317
3.05873
3.0785
3.0861
3.07764
3.05316
3.01685
2.97577
2.93731
2.90745
2.89016
2.8861
2.89051
2.89394
2.88712
2.86661
2.8366
2.8055
2.78047
2.76496
2.7592
2.76214
2.7732
2.7926
2.81972
2.85191
2.88604
2.92056
2.9547
2.98605
3.01057
3.02594
3.03444
3.04164
3.05182
3.06443
3.07488
3.07818
3.0723
3.05901
3.04238
3.02657
3.0145
3.00796
3.00747
3.01048
3.01107
3.00356
2.98679
2.96418
2.93881
2.90956
2.87454
2.83622
2.79934
2.76657
2.73917
2.71908
2.70862
2.70991
2.7249
2.75367
2.7919
2.83089
2.86166
2.87925
2.88396
2.87933
2.86952
2.85815
2.84891
2.84637
2.8559
2.88222
2.9262
2.98148
3.0346
3.06999
3.07612
3.04934
2.9946
2.92391
2.8536
2.80035
2.77748
2.79129
2.83812
2.90469
2.97333
3.02773
3.05606
3.05317
3.02259
2.97715
2.93554
2.91334
2.91359
2.92777
2.94687
2.96679
2.98427
2.99589
3.00177
3.00288
2.99843
2.98967
2.98087
2.97568
2.97561
2.98162
2.99395
3.00967
3.02363
3.03388
3.04341
3.05575
3.07037
3.08366
3.09337
3.10055
3.10727
3.11463
3.12351
3.13616
3.15386
3.17311
3.18639
3.1877
3.17649
3.15684
3.13371
3.10998
3.08565
3.05873
3.0262
2.98557
2.93694
2.88433
2.83471
2.79408
2.76353
2.73924
2.71674
2.69516
2.6774
2.66707
2.66624
2.67612
2.69908
2.73866
2.79551
2.8634
2.93119
2.98832
3.02786
3.04658
3.04474
3.02575
2.99582
2.9629
2.93442
2.91509
2.90629
2.90738
2.91602
2.92823
2.9391
2.94413
2.94066
2.92862
2.91055
2.89014
2.87016
2.85086
2.83046
2.80702
2.78054
2.75543
2.74102
2.7469
2.77583
2.82251
2.87886
2.93871
2.99782
3.0514
3.09276
3.11514
3.1151
3.09492
3.06251
3.02819
3.00014
2.98322
2.98212
3.00082
3.03342
3.06078
3.06292
3.0315
2.97145
2.89729
2.82869
2.78336
2.76822
2.77683
2.7961
2.81411
2.82318
2.82137
2.81315
2.80611
2.80459
2.80719
2.81074
2.81369
2.81594
2.81822
2.82215
2.82947
2.84079
2.85619
2.87684
2.90523
2.94316
2.98908
3.03669
3.07524
3.09265
3.08272
3.05257
3.02109
3.0047
3.00515
3.01425
3.02397
3.03011
3.03143
3.02761
3.01746
2.99926
2.97419
2.94919
2.93527
2.94135
2.96768
3.0051
3.04115
3.06635
3.07609
3.0714
3.05998
3.05253
3.05437
3.06267
3.07253
3.08152
3.08804
3.08977
3.08548
3.07701
3.06827
3.06391
3.06835
3.08539
3.11705
3.15994
3.20184
3.22599
3.22181
3.19229
3.15153
3.11473
3.08833
3.06885
3.04919
3.02507
2.99746
2.9713
2.95258
2.94502
2.94699
2.95159
2.95014
2.93677
2.9112
2.87917
2.8506
2.83409
2.82972
2.82766
2.81577
2.7891
2.75303
2.71946
2.7002
2.70245
2.72866
2.778
2.84607
2.92381
2.99757
3.05274
3.07955
3.07736
3.05459
3.02444
2.9992
2.98682
2.99018
3.00704
3.03063
3.05237
3.06593
3.06948
3.06514
3.05619
3.04468
3.03048
3.01082
2.98176
2.94085
2.88899
2.83059
2.77283
2.72446
2.69395
2.68661
2.70255
2.73786
2.78736
2.84565
2.90608
2.96093
3.00381
3.03181
3.04565
3.04801
3.0418
3.02899
3.01022
2.9852
2.95398
2.91893
2.88666
2.86735
2.86909
2.89041
2.9203
2.94844
2.97442
3.00564
3.04615
3.09109
3.13248
3.16569
3.19038
3.20802
3.21822
3.21704
3.19911
3.16225
3.10971
3.04783
2.98325
2.92378
2.87955
2.85887
2.86053
2.8725
2.88053
2.87764
2.86704
2.8587
2.86108
2.87143
2.87295
2.84398
2.77785
2.70871
2.70567
2.78805
2.89392
2.96305
2.97425
2.93126
2.85092
2.7576
2.67689
2.6277
2.61655
2.63783
2.67949
2.7283
2.77264
2.80433
2.82105
2.82803
2.83614
2.85468
2.88384
2.91611
2.9441
2.96432
2.97542
2.97702
2.97121
2.96233
2.95231
2.93704
2.90941
2.86617
2.81175
2.75801
2.72039
2.71064
2.72955
2.7662
2.80525
2.83619
2.85895
2.88285
2.91694
2.95815
2.99164
3.00378
2.99268
2.96807
2.94465
2.93205
2.92813
2.92425
2.91665
2.90951
2.9076
2.90935
2.90744
2.89401
2.86612
2.82827
2.78955
2.75762
2.73633
2.72925
2.74193
2.77821
2.83502
2.90335
2.97439
3.04192
3.09891
3.13678
3.1507
3.143
3.12016
3.08755
3.04641
2.99535
2.93486
2.87077
2.81262
2.76693
2.7328
2.7067
2.69188
2.70031
2.74044
2.80418
2.8716
2.9248
2.95359
2.9544
2.92846
2.88144
2.82405
2.77105
2.73668
2.7286
2.74531
2.77894
2.82047
2.86266
2.89978
2.927
2.94197
2.94672
2.94758
2.95188
2.96401
2.98269
3.00183
3.01373
3.01328
3.00081
2.98201
2.96376
2.94961
2.94053
2.93991
2.95377
2.98464
3.02694
3.06896
3.09816
3.10412
3.07826
3.01292
2.90439
2.76655
2.64654
2.59873
2.62547
2.68741
2.75855
2.83297
2.90524
2.96494
3.00458
3.02469
3.03039
3.02612
3.01439
2.99711
2.97512
2.94843
2.91877
2.89126
2.87247
2.8661
2.87042
2.87943
2.88648
2.88761
2.88412
2.88302
2.89276
2.91566
2.94498
2.96959
2.98143
2.97867
2.96406
2.94174
2.9154
2.88867
2.86514
2.84713
2.83508
2.82829
2.82582
2.82617
2.82711
2.82693
2.82567
2.82436
2.82394
2.82701
2.83975
2.86907
2.91568
2.96871
3.0096
3.02474
3.01697
3.00468
3.00561
3.02192
3.04449
3.06541
3.08329
3.10202
3.12727
3.1625
3.20687
3.25547
3.30052
3.33292
3.34497
3.33365
3.30137
3.25383
3.19663
3.13291
3.06335
2.98973
2.92023
2.8721
2.86247
2.89036
2.93614
2.98136
3.01873
3.04696
3.06514
3.07133
3.06335
3.04026
3.00374
2.96016
2.92117
2.89959
2.90024
2.91584
2.93411
2.9469
2.95265
2.95394
2.95394
2.95355
2.95064
2.94268
2.93006
2.9169
2.90872
2.91005
2.92311
2.94705
2.97683
3.00441
3.02283
3.03053
3.03137
3.02851
3.01912
2.9981
2.9667
2.93639
2.92324
2.93721
2.97731
3.0343
3.09395
3.14185
3.16893
3.17193
3.1513
3.11034
3.05528
2.99494
2.93949
2.89821
2.87665
2.87474
2.88789
2.90945
2.93229
2.94928
2.9541
2.94274
2.91551
2.87863
2.84448
2.8278
2.83738
2.86934
2.91015
2.94612
2.96972
2.97872
2.97277
2.95139
2.91361
2.85944
2.7926
2.72292
2.66614
2.63906
2.65157
2.70072
2.77175
2.8449
2.90254
2.93383
2.93647
2.91497
2.87639
2.83129
2.79953
2.80395
2.84858
2.91389
2.9749
3.01466
3.02712
3.0165
2.99354
2.96904
2.94912
2.93597
2.93221
2.94403
2.97705
3.02745
3.08128
3.12473
3.15155
3.16232
3.16069
3.15125
3.1389
3.12829
3.12199
3.11889
3.11393
3.09991
3.07093
3.02626
2.97304
2.9242
2.89088
2.8757
2.87316
2.87431
2.87095
2.85812
2.83435
2.80012
2.75693
2.70789
2.65815
2.61369
2.5795
2.55793
2.5485
2.54907
2.55665
2.56753
2.57917
2.59234
2.61127
2.64118
2.68427
2.73669
2.79013
2.83645
2.87105
2.89309
2.90346
2.90277
2.89074
2.86737
2.83455
2.79656
2.75911
2.72803
2.70911
2.70768
2.72632
2.7617
2.80458
2.8443
2.87379
2.89067
2.89523
2.88819
2.87058
2.84509
2.81767
2.79704
2.7901
2.79715
2.81316
2.83446
2.86246
2.89896
2.93894
2.97095
2.98507
2.97871
2.95619
2.92526
2.89466
2.87281
2.86767
2.88655
2.9347
3.00876
3.09176
3.15983
3.19379
3.18526
3.13804
3.06776
2.9975
2.94636
2.91691
2.89603
2.87004
2.83612
2.80085
2.77365
2.76138
2.76502
2.77942
2.79807
2.81711
2.83366
2.84238
2.83796
2.82619
2.8299
2.86644
2.92563
2.98692
3.0377
3.07233
3.08879
3.08786
3.07265
3.0492
3.0258
3.00962
3.00315
3.00579
3.01769
3.03934
3.06832
3.09782
3.11834
3.12055
3.09907
3.05532
2.99738
2.93593
2.88022
2.83696
2.81074
2.80388
2.81547
2.83886
2.86025
2.86555
2.85231
2.83623
2.842
2.88009
2.93413
2.97535
2.98446
2.96095
2.91979
2.88145
2.86007
2.85752
2.8672
2.8815
2.89462
2.90258
2.9041
2.90153
2.89878
2.8983
2.90087
2.90591
2.9102
2.9086
2.89672
2.87443
2.84873
2.83271
2.83843
2.86827
2.91324
2.9601
2.99984
3.03032
3.05311
3.06912
3.07696
3.0752
3.06564
3.05357
3.04392
3.03672
3.02683
3.00851
2.98065
2.94968
2.92869
2.93003
2.95552
2.99561
3.03737
3.07035
3.08765
3.08571
3.06493
3.03041
2.99137
2.95831
2.93876
2.93408
2.93954
2.94733
2.95
2.94316
2.9274
2.90895
2.89639
2.89437
2.90121
2.91443
2.93508
2.96271
2.98914
3.00169
2.99132
2.95676
2.90517
2.85354
2.82488
2.83142
2.86246
2.89803
2.92513
2.93899
2.93897
2.92638
2.90324
2.87146
2.8331
2.79132
2.75018
2.71313
2.68209
2.66065
2.65689
2.67704
2.71714
2.76694
2.81838
2.8669
2.90889
2.93966
2.95256
2.9398
2.8959
2.82386
2.7424
2.68416
2.67372
2.70664
2.75926
2.80927
2.84352
2.85749
2.85328
2.83756
2.81955
2.80806
2.80798
2.81829
2.83409
2.85043
2.86477
2.87681
2.88655
2.89291
2.89431
2.89017
2.88146
2.87009
2.85945
2.85506
2.86166
2.87869
2.89985
2.918
2.93
2.93784
2.94582
2.95626
2.96756
2.97672
2.98268
2.98745
2.99486
3.00902
3.03161
3.05893
3.08344
3.09986
3.10873
3.11481
3.12384
3.13859
3.15496
3.16233
3.15023
3.115
3.06161
3.0018
2.94982
2.9159
2.90106
2.89857
2.90146
2.90841
2.92313
2.94855
2.98185
3.01452
3.03641
3.04125
3.03114
3.01664
3.01183
3.02599
3.05674
3.09154
3.11702
3.12638
3.12021
3.10413
3.08473
3.06596
3.04812
3.03107
3.01798
3.01494
3.02595
3.04851
3.07413
3.09287
3.09847
3.09384
3.09344
3.11297
3.15058
3.18723
3.20541
3.19761
3.16298
3.10384
3.02583
2.93931
2.8584
2.79543
2.75358
2.72701
2.70906
2.69882
2.70027
2.71753
2.7507
2.79429
2.83791
2.86946
2.88059
2.87135
2.85015
2.82816
2.8127
2.80572
2.80647
2.81303
2.82221
2.83045
2.83622
2.84187
2.85253
2.87197
2.90037
2.93548
2.9738
3.01052
3.04017
3.05822
3.06185
3.04933
3.01946
2.97281
2.91343
2.84976
2.79278
2.75147
2.72869
2.7216
2.7253
2.73517
2.74728
2.759
2.77
2.78206
2.79722
2.81579
2.83658
2.85893
2.88284
2.90596
2.92146
2.92135
2.90199
2.86659
2.82392
2.78619
2.76652
2.7737
2.80744
2.86002
2.92245
2.98785
3.05027
3.10296
3.13839
3.14965
3.13219
3.08572
3.01608
2.9352
2.8579
2.79645
2.75695
2.73997
2.74288
2.76322
2.80204
2.86037
2.93277
3.01234
3.09806
3.18959
3.28058
3.36075
3.42082
3.45419
3.45665
3.42643
3.36505
3.27861
3.17792
3.0781
2.99933
2.96227
2.97117
3.00762
3.04807
3.07476
3.07555
3.04581
2.98859
2.91056
2.819
2.72481
2.64711
2.60645
2.60739
2.63731
2.68134
2.72998
2.77811
2.82317
2.86389
2.89943
2.92841
2.94793
2.95495
2.94959
2.93673
2.92309
2.91092
2.89566
2.87263
2.84561
2.82512
2.81799
2.823
2.83628
2.8554
2.87888
2.90644
2.93921
2.97612
3.01169
3.03925
3.05414
3.05369
3.03664
3.00392
2.95992
2.91258
2.87092
2.84108
2.82394
2.81578
2.81119
2.80572
2.79783
2.78946
2.78422
2.78499
2.79338
2.8102
2.83453
2.86204
2.88544
2.89773
2.8962
2.884
2.8684
2.85752
2.85679
2.86613
2.87883
2.88418
2.87371
2.84751
2.81424
2.78179
2.74871
2.70864
2.66407
2.63343
2.63667
2.67503
2.73669
2.81134
2.89189
2.97168
3.04231
3.09345
3.11624
3.10747
3.07055
3.01318
2.94423
2.87232
2.80574
2.75151
2.71273
2.68752
2.67139
2.66024
2.65052
2.63798
2.61914
2.59496
2.57143
2.55494
2.54854
2.55407
2.57385
2.60829
2.65414
2.70633
2.75922
2.8064
2.84166
2.86127
2.86644
2.86402
2.86275
2.86671
2.87392
2.88149
2.88945
2.89893
2.90847
2.91454
2.91577
2.91526
2.91758
2.92504
2.93862
2.95902
2.9815
2.99563
2.99747
2.99531
2.99736
3.00169
3.00264
2.99932
2.99476
2.99062
2.98522
2.97631
2.96463
2.95384
2.94699
2.94358
2.94116
2.93927
2.94148
2.95398
2.98311
3.03179
3.09414
3.15474
3.19798
3.21683
3.2127
3.19085
3.15702
3.11594
3.07306
3.03796
3.02407
3.03781
3.07068
3.10797
3.13932
3.16021
3.17201
3.18347
3.2067
3.24129
3.26501
3.25173
3.19313
3.10438
3.01543
2.94995
2.91039
2.88684
2.87358
2.87507
2.8971
2.93423
2.97226
2.99884
3.00758
2.99674
2.96826
2.92728
2.88091
2.83531
2.79325
2.75569
2.72621
2.71172
2.71656
2.73733
2.76542
2.79374
2.8212
2.85193
2.89029
2.93561
2.98061
3.01531
3.03359
3.03647
3.02982
3.01992
3.01231
3.01298
3.02519
3.04425
3.05943
3.06102
3.04478
3.01244
2.9707
2.92926
2.89724
2.87924
2.87377
2.87557
2.8798
2.88484
2.89237
2.90526
2.92468
2.94833
2.972
2.99305
3.01153
3.02764
3.03924
3.04313
3.03844
3.02808
3.0173
3.01138
3.01387
3.02492
3.03928
3.04639
3.03564
3.00614
2.97153
2.94885
2.94334
2.95146
2.97054
2.99776
3.02728
3.05184
3.06563
3.06567
3.05281
3.03198
3.01039
2.99359
2.98225
2.97258
2.95963
2.94118
2.91911
2.89783
2.88219
2.87608
2.88014
2.88929
2.89363
2.88339
2.85503
2.81368
2.77127
2.74182
2.73596
2.75478
2.78617
2.81003
2.81249
2.79646
2.77844
2.77593
2.7973
2.84026
2.89651
2.95616
3.00977
3.04877
3.06574
3.05505
3.01411
2.9449
2.85552
2.76042
2.6776
2.62284
2.60458
2.62336
2.67347
2.74226
2.81251
2.87028
2.90886
2.92653
2.92752
2.92628
2.94148
2.97978
3.03019
3.07638
3.1097
3.13022
3.14117
3.145
3.1429
3.13615
3.12655
3.11576
3.10422
3.0898
3.06626
3.02394
2.96053
2.89942
2.88042
2.90957
2.95392
2.9863
2.99938
2.99556
2.98081
2.96354
2.95369
2.95832
2.97624
2.99744
3.009
3.00231
2.97736
2.94244
2.90929
2.8896
2.89434
2.92651
2.97443
3.0195
3.04895
3.05886
3.05045
3.02636
2.98906
2.94195
2.89258
2.85474
2.8422
2.85748
2.89062
2.92862
2.96052
2.97859
2.97993
2.96704
2.94519
2.91889
2.89067
2.86217
2.83587
2.81616
2.80823
2.81422
2.8305
2.85033
2.87039
2.89453
2.93041
2.98099
3.03726
3.08061
3.09367
3.06982
3.01459
2.94017
2.86065
2.79435
2.76142
2.76658
2.79536
2.83089
2.8625
2.88342
2.88911
2.87897
2.85803
2.83554
2.82078
2.81853
2.82771
2.84389
2.86258
2.88036
2.89412
2.90065
2.89702
2.88208
2.85804
2.83069
2.8071
2.79244
2.78809
2.79253
2.80336
2.81893
2.8391
2.86469
2.89604
2.93223
2.97121
3.01011
3.04476
3.06927
3.07716
3.06416
3.03089
2.98366
