-4.34671
-4.41844
-4.48711
-4.55273
-4.61297
-4.6557
-4.67381
-4.66023
-4.61335
-4.53284
-4.43194
-4.32371
-4.23288
-4.17663
-4.16144
-4.17662
-4.20743
-4.23774
-4.26304
-4.28231
-4.29918
-4.31565
-4.33674
-4.35361
-4.35914
-4.3483
-4.3216
-4.28495
-4.24995
-4.221
-4.19751
-4.17816
-4.16395
-4.16355
-4.18864
-4.24189
-4.31542
-4.39576
-4.46667
-4.52415
-4.56143
-4.58087
-4.58132
-4.56137
-4.52429
-4.47878
-4.43146
-4.39325
-4.37136
-4.36952
-4.38472
-4.40664
-4.42422
-4.42988
-4.41667
-4.38489
-4.33991
-4.29536
-4.26575
-4.25544
-4.26386
-4.28255
-4.3038
-4.32098
-4.33286
-4.34251
-4.35494
-4.37403
-4.39614
-4.42265
-4.44805
-4.46407
-4.47009
-4.47052
-4.46933
-4.46944
-4.4724
-4.47918
-4.48728
-4.49736
-4.50525
-4.51249
-4.51505
-4.51124
-4.50284
-4.49577
-4.49485
-4.49888
-4.50553
-4.51345
-4.51642
-4.51162
-4.49666
-4.4691
-4.43431
-4.40108
-4.38369
-4.40154
-4.45137
-4.51223
-4.56474
-4.59676
-4.60909
-4.60531
-4.59248
-4.57493
-4.55382
-4.52782
-4.49734
-4.4558
-4.40361
-4.33851
-4.26733
-4.21962
-4.22406
-4.28346
-4.36821
-4.45317
-4.52698
-4.58007
-4.60946
-4.61395
-4.60089
-4.57706
-4.54774
-4.50825
-4.45604
-4.39041
-4.31449
-4.23917
-4.17301
-4.12316
-4.09543
-4.09233
-4.11694
-4.16092
-4.21041
-4.25142
-4.27571
-4.28029
-4.27011
-4.25716
-4.24639
-4.24638
-4.25904
-4.28082
-4.30955
-4.33194
-4.34417
-4.3507
-4.36063
-4.38133
-4.40551
-4.42552
-4.43109
-4.42478
-4.40616
-4.37425
-4.33592
-4.29566
-4.26599
-4.25116
-4.2392
-4.21854
-4.18776
-4.15467
-4.13372
-4.13458
-4.16044
-4.20389
-4.24854
-4.28307
-4.30788
-4.31846
-4.31534
-4.30356
-4.29317
-4.28516
-4.2803
-4.27374
-4.26456
-4.26054
-4.27906
-4.33185
-4.41247
-4.49897
-4.56863
-4.60512
-4.60968
-4.58974
-4.55858
-4.52019
-4.47589
-4.42319
-4.37319
-4.33878
-4.32676
-4.32939
-4.33291
-4.32689
-4.30681
-4.28004
-4.2517
-4.23408
-4.22906
-4.24056
-4.26497
-4.29546
-4.32504
-4.35392
-4.38679
-4.42201
-4.44871
-4.45926
-4.45844
-4.45444
-4.4539
-4.45349
-4.45427
-4.45876
-4.47025
-4.48637
-4.50289
-4.51232
-4.50363
-4.47066
-4.4136
-4.34117
-4.26785
-4.20723
-4.16695
-4.14363
-4.13325
-4.13597
-4.14821
-4.16706
-4.19049
-4.22148
-4.26059
-4.30388
-4.34436
-4.37571
-4.38477
-4.37173
-4.34103
-4.31246
-4.30046
-4.30625
-4.31955
-4.33292
-4.34605
-4.35574
-4.35588
-4.34632
-4.33169
-4.31778
-4.31014
-4.30589
-4.30661
-4.31525
-4.32906
-4.3401
-4.33945
-4.31709
-4.27896
-4.24063
-4.21945
-4.21678
-4.22616
-4.24518
-4.27357
-4.30901
-4.34346
-4.37
-4.38323
-4.37967
-4.36485
-4.34375
-4.32535
-4.31533
-4.31372
-4.32082
-4.33143
-4.34369
-4.35608
-4.36762
-4.38125
-4.393
-4.39488
-4.38684
-4.37115
-4.35557
-4.34894
-4.35156
-4.36204
-4.37595
-4.3988
-4.42569
-4.45307
-4.46576
-4.45996
-4.43746
-4.40209
-4.35765
-4.30256
-4.24704
-4.21199
-4.21424
-4.25034
-4.29946
-4.34372
-4.3706
-4.37591
-4.36526
-4.35181
-4.34312
-4.34684
-4.36656
-4.39732
-4.43065
-4.46039
-4.48462
-4.49981
-4.50591
-4.5041
-4.49172
-4.46868
-4.43072
-4.36995
-4.2896
-4.21029
-4.16593
-4.16526
-4.19194
-4.23481
-4.28768
-4.345
-4.39843
-4.43323
-4.44413
-4.43119
-4.39806
-4.35183
-4.30768
-4.27834
-4.27102
-4.27986
-4.3007
-4.32518
-4.35011
-4.3658
-4.36939
-4.36542
-4.3668
-4.38153
-4.40907
-4.43978
-4.46383
-4.47586
-4.4725
-4.45291
-4.42534
-4.39457
-4.37052
-4.3569
-4.35152
-4.35268
-4.35164
-4.34512
-4.32974
-4.30619
-4.28272
-4.26776
-4.26677
-4.28342
-4.31194
-4.34511
-4.37186
-4.39095
-4.40218
-4.40753
-4.41071
-4.41201
-4.41136
-4.40862
-4.40401
-4.39119
-4.3713
-4.34163
-4.30444
-4.26752
-4.23575
-4.21816
-4.21556
-4.22414
-4.24257
-4.26942
-4.30616
-4.3555
-4.41443
-4.47434
-4.52249
-4.55241
-4.5611
-4.54922
-4.52159
-4.48289
-4.43513
-4.38325
-4.32906
-4.27629
-4.23444
-4.21457
-4.22228
-4.25815
-4.31146
-4.36569
-4.41056
-4.43945
-4.4542
-4.45781
-4.44579
-4.42012
-4.38408
-4.3485
-4.31675
-4.29454
-4.2862
-4.29125
-4.3132
-4.34024
-4.36717
-4.39116
-4.4178
-4.44765
-4.47856
-4.50443
-4.51986
-4.52314
-4.51388
-4.4968
-4.47276
-4.4465
-4.41854
-4.39519
-4.38347
-4.38808
-4.40149
-4.41536
-4.42659
-4.42957
-4.42501
-4.40894
-4.38378
-4.36108
-4.35786
-4.38032
-4.42151
-4.46371
-4.48616
-4.47809
-4.44226
-4.39221
-4.34745
-4.3246
-4.32684
-4.34393
-4.36478
-4.38327
-4.39921
-4.41039
-4.41876
-4.42461
-4.42968
-4.44014
-4.45759
-4.47763
-4.49056
-4.49301
-4.4838
-4.46312
-4.43431
-4.40871
-4.39604
-4.40291
-4.42384
-4.44707
-4.45808
-4.45298
-4.4323
-4.40525
-4.37958
-4.3556
-4.33119
-4.30716
-4.28887
-4.28838
-4.30405
-4.32608
-4.34605
-4.36656
-4.39466
-4.42931
-4.46415
-4.49429
-4.5203
-4.54096
-4.55148
-4.5545
-4.55017
-4.53889
-4.52028
-4.49258
-4.45095
-4.39494
-4.32962
-4.26875
-4.23087
-4.22725
-4.25585
-4.30654
-4.3645
-4.41814
-4.45905
-4.48361
-4.49587
-4.50454
-4.51092
-4.50948
-4.49323
-4.45545
-4.39924
-4.33626
-4.28354
-4.25244
-4.25643
-4.29338
-4.35155
-4.41496
-4.47068
-4.51069
-4.53166
-4.52734
-4.49539
-4.43732
-4.35952
-4.27029
-4.1877
-4.13424
-4.12016
-4.14117
-4.18148
-4.2268
-4.26555
-4.2932
-4.30193
-4.29178
-4.26175
-4.22385
-4.19544
-4.19463
-4.22023
-4.26287
-4.30551
-4.33984
-4.35886
-4.36169
-4.34576
-4.31341
-4.26843
-4.21778
-4.18009
-4.17012
-4.19196
-4.23328
-4.28106
-4.32286
-4.35099
-4.36172
-4.35314
-4.33211
-4.30671
-4.28551
-4.27367
-4.26879
-4.26472
-4.25413
-4.2395
-4.22093
-4.19549
-4.16436
-4.12606
-4.09397
-4.08252
-4.10559
-4.1599
-4.22947
-4.29776
-4.35623
-4.40129
-4.43613
-4.46644
-4.49162
-4.50852
-4.50973
-4.49531
-4.46507
-4.42359
-4.37682
-4.33718
-4.31152
-4.30038
-4.29673
-4.29264
-4.2824
-4.26334
-4.23766
-4.20438
-4.16811
-4.13735
-4.12224
-4.13152
-4.16727
-4.22305
-4.29079
-4.3629
-4.43155
-4.49511
-4.54851
-4.5922
-4.62308
-4.63172
-4.61372
-4.57111
-4.50926
-4.44296
-4.38142
-4.32605
-4.28135
-4.24873
-4.22414
-4.20084
-4.16817
-4.12565
-4.08333
-4.05814
-4.06127
-4.10191
-4.17733
-4.27231
-4.36369
-4.4306
-4.46286
-4.46378
-4.44211
-4.40929
-4.36996
-4.32997
-4.2893
-4.25212
-4.22089
-4.19928
-4.18523
-4.17387
-4.16133
-4.151
-4.14901
-4.16304
-4.18955
-4.21714
-4.24221
-4.27133
-4.29772
-4.31303
-4.31076
-4.30024
-4.29079
-4.28693
-4.28175
-4.26911
-4.2416
-4.20642
-4.17657
-4.16098
-4.15506
-4.15216
-4.15271
-4.15637
-4.16682
-4.18287
-4.2009
-4.21088
-4.20506
-4.18426
-4.15134
-4.12431
-4.12264
-4.15371
-4.21111
-4.27226
-4.32535
-4.35812
-4.37124
-4.36849
-4.3537
-4.33021
-4.30034
-4.26692
-4.2381
-4.22351
-4.22997
-4.25369
-4.28275
-4.30605
-4.31367
-4.30743
-4.29262
-4.2779
-4.26647
-4.25763
-4.25604
-4.26173
-4.2763
-4.28925
-4.2989
-4.29308
-4.26774
-4.22833
-4.18623
-4.15343
-4.14163
-4.15604
-4.1962
-4.25152
-4.306
-4.34359
-4.3494
-4.32147
-4.27334
-4.23294
-4.22574
-4.24818
-4.2796
-4.30197
-4.31052
-4.31441
-4.31801
-4.32396
-4.33263
-4.34049
-4.34888
-4.36183
-4.38212
-4.41017
-4.44221
-4.47127
-4.49456
-4.50786
-4.50751
-4.49012
-4.45539
-4.4056
-4.35285
-4.30404
-4.27111
-4.25574
-4.25906
-4.27113
-4.27978
-4.27311
-4.24793
-4.20619
-4.16088
-4.12429
-4.1119
-4.13316
-4.1882
-4.26364
-4.34544
-4.4201
-4.48255
-4.52784
-4.55303
-4.55499
-4.52967
-4.48273
-4.42882
-4.38805
-4.38008
-4.41163
-4.46795
-4.52437
-4.56038
-4.56956
-4.55749
-4.53389
-4.51752
-4.52048
-4.53839
-4.56458
-4.5897
-4.60472
-4.60397
-4.58407
-4.5446
-4.49126
-4.43186
-4.37435
-4.32824
-4.30014
-4.29133
-4.30262
-4.3256
-4.35766
-4.38835
-4.41442
-4.42999
-4.43512
-4.43157
-4.42098
-4.41308
-4.4128
-4.41497
-4.4148
-4.40707
-4.39317
-4.37806
-4.36001
-4.34784
-4.34795
-4.3592
-4.37975
-4.40254
-4.42962
-4.4553
-4.47481
-4.4877
-4.49233
-4.489
-4.48268
-4.47444
-4.46545
-4.44966
-4.42884
-4.41074
-4.40163
-4.40035
-4.39392
-4.38487
-4.38365
-4.40138
-4.4309
-4.45665
-4.47171
-4.47245
-4.46448
-4.45241
-4.43895
-4.42209
-4.40205
-4.3874
-4.39014
-4.41105
-4.43165
-4.42688
-4.39264
-4.33657
-4.28265
-4.25129
-4.24525
-4.25197
-4.2532
-4.24089
-4.21872
-4.1968
-4.18772
-4.20058
-4.23107
-4.27218
-4.31365
-4.34894
-4.37604
-4.38905
-4.38705
-4.37608
-4.36516
-4.35513
-4.34479
-4.3313
-4.31369
-4.29585
-4.28189
-4.27441
-4.27456
-4.27957
-4.28383
-4.27964
-4.26337
-4.23755
-4.21318
-4.20114
-4.21244
-4.24286
-4.28957
-4.33886
-4.38111
-4.40412
-4.40209
-4.37453
-4.32671
-4.27108
-4.2238
-4.1947
-4.18067
-4.17838
-4.18054
-4.18427
-4.1908
-4.20698
-4.23325
-4.27858
-4.33579
-4.39929
-4.45928
-4.50238
-4.51896
-4.50763
-4.47386
-4.43291
-4.39836
-4.38002
-4.36882
-4.35939
-4.3468
-4.32831
-4.31015
-4.30043
-4.30304
-4.31586
-4.33289
-4.35085
-4.36655
-4.37255
-4.3685
-4.35057
-4.32112
-4.28706
-4.25931
-4.24827
-4.25239
-4.26421
-4.27558
-4.2818
-4.28399
-4.28753
-4.29998
-4.31979
-4.34387
-4.36603
-4.37904
-4.38053
-4.37392
-4.36316
-4.35552
-4.35369
-4.36449
-4.37837
-4.3905
-4.38915
-4.37344
-4.35166
-4.33194
-4.32325
-4.32449
-4.3275
-4.32639
-4.3239
-4.33404
-4.36409
-4.40842
-4.45851
-4.51168
-4.55935
-4.59527
-4.61356
-4.61476
-4.60361
-4.58709
-4.56837
-4.54338
-4.51134
-4.46642
-4.41304
-4.35779
-4.31078
-4.27814
-4.26468
-4.26456
-4.26721
-4.26737
-4.26206
-4.2588
-4.26728
-4.29351
-4.32956
-4.36102
-4.38083
-4.38133
-4.36995
-4.35008
-4.33301
-4.32157
-4.31663
-4.31651
-4.3231
-4.3423
-4.37345
-4.41614
-4.4613
-4.49844
-4.51932
-4.52316
-4.51274
-4.49514
-4.47681
-4.4618
-4.45139
-4.4419
-4.42992
-4.41422
-4.39962
-4.38773
-4.37745
-4.36416
-4.34913
-4.33293
-4.32156
-4.31421
-4.30941
-4.30208
-4.29184
-4.27254
-4.24679
-4.21993
-4.20151
-4.19797
-4.21161
-4.24411
-4.29489
-4.35555
-4.41927
-4.47973
-4.52886
-4.56317
-4.58178
-4.58273
-4.56926
-4.54718
-4.51708
-4.48449
-4.45187
-4.42219
-4.39603
-4.37177
-4.34889
-4.33044
-4.32123
-4.31999
-4.33237
-4.35712
-4.39115
-4.43273
-4.47606
-4.51869
-4.55855
-4.59404
-4.617
-4.62847
-4.63041
-4.6248
-4.6087
-4.58347
-4.54721
-4.50098
-4.45074
-4.39934
-4.35569
-4.32461
-4.30605
-4.29628
-4.29171
-4.28894
-4.28744
-4.28314
-4.27801
-4.26555
-4.24855
-4.23497
-4.23134
-4.24574
-4.28091
-4.32933
-4.37992
-4.4206
-4.44162
-4.43735
-4.40974
-4.35995
-4.29815
-4.23603
-4.19113
-4.17844
-4.1972
-4.23501
-4.27349
-4.29921
-4.3062
-4.29902
-4.28559
-4.27734
-4.27729
-4.28525
-4.30066
-4.31846
-4.33727
-4.35022
-4.35184
-4.34094
-4.31705
-4.28575
-4.25522
-4.2285
-4.21366
-4.21744
-4.24245
-4.28596
-4.33875
-4.38914
-4.43153
-4.46827
-4.50033
-4.52463
-4.5362
-4.53132
-4.50239
-4.45171
-4.39385
-4.34807
-4.32554
-4.33096
-4.3604
-4.40053
-4.43492
-4.4469
-4.43562
-4.40742
-4.38147
-4.37243
-4.38851
-4.42463
-4.46421
-4.4946
-4.50893
-4.50721
-4.4955
-4.47176
-4.43685
-4.39269
-4.34756
-4.31187
-4.29005
-4.27531
-4.26402
-4.25474
-4.25238
-4.26022
-4.27029
-4.27138
-4.25481
-4.21971
-4.16926
-4.11478
-4.07563
-4.07401
-4.11684
-4.18843
-4.26059
-4.31541
-4.34985
-4.37271
-4.39477
-4.42359
-4.45479
-4.47799
-4.48161
-4.46677
-4.44225
-4.41177
-4.38342
-4.36163
-4.35185
-4.3501
-4.35006
-4.34924
-4.34613
-4.34655
-4.35052
-4.35475
-4.35699
-4.35398
-4.34673
-4.33692
-4.32505
-4.31308
-4.3034
-4.30551
-4.32865
-4.37129
-4.42096
-4.46188
-4.48812
-4.50123
-4.50558
-4.5018
-4.49026
-4.47086
-4.44415
-4.41428
-4.3871
-4.36957
-4.36241
-4.36321
-4.36901
-4.37911
-4.39602
-4.41975
-4.44633
-4.46976
-4.48037
-4.47341
-4.45041
-4.41639
-4.37897
-4.3456
-4.32412
-4.31784
-4.32643
-4.34373
-4.3651
-4.39177
-4.41976
-4.44787
-4.47175
-4.49086
-4.50316
-4.50793
-4.50379
-4.49671
-4.48649
-4.47236
-4.45362
-4.43122
-4.40429
-4.37504
-4.35016
-4.32816
-4.30903
-4.29273
-4.27992
-4.26928
-4.26091
-4.25744
-4.2661
-4.28981
-4.32238
-4.35278
-4.37399
-4.3831
-4.37894
-4.36824
-4.35227
-4.32738
-4.2954
-4.25344
-4.2073
-4.16541
-4.1354
-4.11553
-4.10369
-4.10017
-4.10823
-4.12527
-4.14118
-4.15204
-4.16264
-4.17621
-4.19837
-4.23116
-4.27771
-4.33334
-4.39042
-4.43879
-4.46852
-4.47456
-4.45756
-4.42447
-4.38411
-4.34575
-4.3139
-4.29028
-4.27315
-4.26411
-4.26327
-4.27036
-4.27943
-4.28084
-4.27635
-4.27327
-4.27983
-4.30362
-4.34366
-4.39205
-4.44039
-4.48259
-4.51904
-4.55026
-4.57354
-4.58452
-4.58109
-4.56865
-4.55394
-4.54721
-4.54914
-4.55702
-4.56276
-4.55923
-4.54046
-4.51236
-4.48691
-4.47311
-4.4665
-4.455
-4.43117
-4.39998
-4.36892
-4.34656
-4.33531
-4.33276
-4.33444
-4.341
-4.35089
-4.36558
-4.38469
-4.4088
-4.43976
-4.47819
-4.51653
-4.55028
-4.57675
-4.59431
-4.59621
-4.57385
-4.52542
-4.46692
-4.42047
-4.39747
-4.39169
-4.39294
-4.39889
-4.40721
-4.41531
-4.42131
-4.42421
-4.42523
-4.4234
-4.41443
-4.3936
-4.36391
-4.33578
-4.31908
-4.31752
-4.33106
-4.35296
-4.37773
-4.40003
-4.41449
-4.42008
-4.41594
-4.4092
-4.4079
-4.4262
-4.45654
-4.48689
-4.50081
-4.49084
-4.45631
-4.40686
-4.35023
-4.29318
-4.2405
-4.19912
-4.18113
-4.19092
-4.22058
-4.25794
-4.28882
-4.30618
-4.31356
-4.31251
-4.31009
-4.31507
-4.3273
-4.34618
-4.37539
-4.41096
-4.45027
-4.49143
-4.52971
-4.56318
-4.5913
-4.60856
-4.61094
-4.59724
-4.56766
-4.53019
-4.49053
-4.45259
-4.4164
-4.37601
-4.33597
-4.30515
-4.28986
-4.29281
-4.30829
-4.32799
-4.34426
-4.35227
-4.35009
-4.33586
-4.3118
-4.27728
-4.23843
-4.1986
-4.1664
-4.1454
-4.13518
-4.13556
-4.13827
-4.14431
-4.15935
-4.18616
-4.22335
-4.26974
-4.31933
-4.36668
-4.40679
-4.43079
-4.43431
-4.42686
-4.41557
-4.40687
-4.41036
-4.42602
-4.45136
-4.47877
-4.50173
-4.51188
-4.50713
-4.48905
-4.46287
-4.4296
-4.3995
-4.37591
-4.36307
-4.36256
-4.37431
-4.38409
-4.3818
-4.36501
-4.34854
-4.35726
-4.39092
-4.41882
-4.42539
-4.40738
-4.38204
-4.36121
-4.35184
-4.3497
-4.3488
-4.34007
-4.31709
-4.28012
-4.23315
-4.18504
-4.15427
-4.15331
-4.18451
-4.22934
-4.26799
-4.2889
-4.30223
-4.31936
-4.34365
-4.36886
-4.38601
-4.39886
-4.41281
-4.4281
-4.43721
-4.44087
-4.43136
-4.41157
-4.38325
-4.35391
-4.32908
-4.31645
-4.3193
-4.33392
-4.35544
-4.38857
-4.42829
-4.469
-4.50059
-4.52033
-4.52934
-4.53301
-4.53566
-4.53426
-4.53023
-4.52182
-4.49974
-4.45549
-4.38383
-4.29247
-4.1978
-4.1254
-4.10376
-4.13507
-4.19329
-4.24438
-4.26459
-4.25046
-4.20778
-4.14923
-4.08652
-4.03316
-3.99159
-3.96403
-3.95144
-3.95606
-3.98133
-4.0215
-4.06636
-4.10496
-4.13409
-4.15337
-4.16814
-4.18384
-4.20488
-4.23651
-4.27857
-4.32879
-4.38312
-4.42939
-4.46111
-4.47568
-4.47533
-4.47104
-4.47073
-4.47482
-4.48106
-4.47641
-4.45805
-4.42712
-4.3902
-4.35437
-4.32383
-4.29763
-4.26571
-4.21919
-4.15543
-4.0912
-4.04623
-4.04056
-4.07103
-4.12281
-4.18515
-4.25172
-4.32078
-4.38413
-4.43193
-4.45892
-4.46282
-4.44691
-4.41843
-4.38071
-4.34035
-4.31004
-4.29947
-4.31662
-4.35781
-4.40889
-4.45929
-4.50263
-4.53528
-4.557
-4.56445
-4.56136
-4.54743
-4.52397
-4.49424
-4.45915
-4.42417
-4.39454
-4.37488
-4.36861
-4.37402
-4.39553
-4.42656
-4.46134
-4.48829
-4.50183
-4.49941
-4.47695
-4.4401
-4.39746
-4.36274
-4.34295
-4.33428
-4.32412
-4.30752
-4.28573
-4.2693
-4.26942
-4.29193
-4.33259
-4.3796
-4.41621
-4.43625
-4.43753
-4.42663
-4.41035
-4.39111
-4.37856
-4.37658
-4.38636
-4.40302
-4.4191
-4.4291
-4.43105
-4.42843
-4.42542
-4.41988
-4.40948
-4.39259
-4.36932
-4.34039
-4.30799
-4.26973
-4.22842
-4.19008
-4.16482
-4.15675
-4.16701
-4.18799
-4.20711
-4.21419
-4.20362
-4.17662
-4.14401
-4.11966
-4.1176
-4.14739
-4.20637
-4.27503
-4.33197
-4.36962
-4.38573
-4.38906
-4.3823
-4.3732
-4.36347
-4.35791
-4.35364
-4.34687
-4.33301
-4.31232
-4.28984
-4.27151
-4.25972
-4.25996
-4.2718
-4.29458
-4.32213
-4.34371
-4.3591
-4.36736
-4.37499
-4.39104
-4.42149
-4.46228
-4.505
-4.53827
-4.55502
-4.54838
-4.52028
-4.47686
-4.43027
-4.38766
-4.34546
-4.29486
-4.23204
-4.16156
-4.1128
-4.12611
-4.19762
-4.27889
-4.34146
-4.38383
-4.4087
-4.41692
-4.4086
-4.38433
-4.3494
-4.30397
-4.24856
-4.19076
-4.13809
-4.09271
-4.05451
-4.02878
-4.02621
-4.05486
-4.10982
-4.17483
-4.2342
-4.27862
-4.30151
-4.29857
-4.27325
-4.2349
-4.19861
-4.17884
-4.18535
-4.21322
-4.25419
-4.29666
-4.33145
-4.3535
-4.36261
-4.36255
-4.35769
-4.35544
-4.35651
-4.35765
-4.35164
-4.33113
-4.29423
-4.2432
-4.18811
-4.14084
-4.11081
-4.09813
-4.10227
-4.12411
-4.16361
-4.2151
-4.2749
-4.33364
-4.38266
-4.418
-4.43456
-4.4314
-4.41517
-4.39193
-4.37262
-4.36538
-4.37846
-4.4144
-4.47329
-4.542
-4.61295
-4.67295
-4.7101
-4.71669
-4.69074
-4.63462
-4.55432
-4.46576
-4.38928
-4.34139
-4.33113
-4.35143
-4.38748
-4.41922
-4.4396
-4.44762
-4.4468
-4.44527
-4.44578
-4.44713
-4.44189
-4.43392
-4.43306
-4.4505
-4.47383
-4.48536
-4.47277
-4.43281
-4.3634
-4.27036
-4.16654
-4.08072
-4.03519
-4.03232
-4.05006
-4.0698
-4.07749
-4.07402
-4.06534
-4.06896
-4.09724
-4.1475
-4.21352
-4.27675
-4.3267
-4.35812
-4.37148
-4.37911
-4.3923
-4.42062
-4.46421
-4.51596
-4.56624
-4.601
-4.61294
-4.59407
-4.55385
-4.50123
-4.44967
-4.4101
-4.38524
-4.36729
-4.35358
-4.33866
-4.3195
-4.29297
-4.26604
-4.24761
-4.25032
-4.27956
-4.32595
-4.3743
-4.41098
-4.42884
-4.43065
-4.42192
-4.4157
-4.41418
-4.41992
-4.43128
-4.44506
-4.45607
-4.46224
-4.4653
-4.46541
-4.45966
-4.44626
-4.42481
-4.4018
-4.38986
-4.39907
-4.42887
-4.46168
-4.48202
-4.48334
-4.47239
-4.454
-4.43233
-4.41042
-4.38932
-4.37209
-4.35806
-4.34832
-4.3446
-4.34846
-4.35568
-4.36289
-4.36822
-4.37189
-4.37305
-4.37337
-4.37405
-4.37845
-4.38374
-4.39099
-4.40182
-4.42131
-4.44715
-4.48113
-4.52272
-4.56546
-4.60482
-4.63565
-4.65363
-4.65238
-4.63143
-4.59546
-4.55081
-4.50403
-4.46181
-4.42613
-4.39583
-4.3698
-4.35062
-4.34245
-4.34632
-4.3577
-4.36836
-4.37718
-4.38286
-4.38561
-4.38289
-4.37452
-4.35772
-4.33524
-4.31149
-4.28977
-4.27824
-4.28157
-4.2949
-4.31477
-4.33246
-4.34401
-4.35171
-4.35616
-4.36032
-4.36841
-4.38728
-4.42093
-4.46377
-4.4992
-4.5133
-4.49859
-4.45527
-4.39064
-4.31657
-4.24979
-4.20339
-4.18796
-4.21146
-4.2638
-4.32094
-4.3644
-4.38507
-4.39259
-4.39694
-4.40573
-4.41673
-4.42238
-4.42558
-4.42894
-4.43934
-4.45596
-4.47578
-4.49269
-4.49954
-4.49565
-4.48122
-4.45771
-4.43112
-4.40736
-4.39152
-4.39163
-4.40489
-4.42469
-4.44566
-4.45967
-4.4708
-4.47587
-4.47125
-4.45723
-4.4371
-4.41325
-4.39139
-4.37088
-4.35322
-4.33833
-4.33158
-4.3341
-4.3516
-4.38278
-4.42327
-4.46075
-4.4924
-4.51647
-4.52866
-4.52328
-4.49555
-4.44848
-4.39233
-4.34308
-4.31582
-4.31972
-4.34323
-4.37746
-4.40506
-4.41842
-4.41674
-4.40643
-4.39572
-4.39185
-4.40032
-4.42211
-4.45007
-4.47847
-4.49998
-4.512
-4.51321
-4.50375
-4.4859
-4.46717
-4.45576
-4.45506
-4.47093
-4.49673
-4.52723
-4.55326
-4.56356
-4.55127
-4.51358
-4.45325
-4.3776
-4.30203
-4.23782
-4.20049
-4.19635
-4.22066
-4.25969
-4.29142
-4.30198
-4.2862
-4.24947
-4.20835
-4.18133
-4.18358
-4.21906
-4.27412
-4.33832
-4.40068
-4.45099
-4.48461
-4.49526
-4.48295
-4.44955
-4.40467
-4.36614
-4.34581
-4.34491
-4.3521
-4.36015
-4.36292
-4.35205
-4.33039
-4.30338
-4.28128
-4.27624
-4.29561
-4.3372
-4.38772
-4.43353
-4.46125
-4.46816
-4.45541
-4.43407
-4.41794
-4.4174
-4.43812
-4.47055
-4.50524
-4.53039
-4.54302
-4.54423
-4.53469
-4.5147
-4.49114
-4.46833
-4.45536
-4.45997
-4.48822
-4.53545
-4.59153
-4.64382
-4.67671
-4.68116
-4.65234
-4.59335
-4.51069
-4.41194
-4.30984
-4.21325
-4.13764
-4.10963
-4.14275
-4.22219
-4.32613
-4.42981
-4.5129
-4.56309
-4.57187
-4.5414
-4.47919
-4.40376
-4.3338
-4.28139
-4.25052
-4.24434
-4.25727
-4.2876
-4.32686
-4.36545
-4.39288
-4.40041
-4.38777
-4.35717
-4.31981
-4.28496
-4.25851
-4.24423
-4.24203
-4.25145
-4.27008
-4.29819
-4.3369
-4.38183
-4.42442
-4.45809
-4.47586
-4.4791
-4.46532
-4.43588
-4.39183
-4.34288
-4.29487
-4.25601
-4.23358
-4.22372
-4.23006
-4.24678
-4.27686
-4.32362
-4.38452
-4.44975
-4.50029
-4.52561
-4.51621
-4.47714
-4.42235
-4.37709
-4.3574
-4.36202
-4.383
-4.41188
-4.44167
-4.46709
-4.48339
-4.48911
-4.47882
-4.45548
-4.42231
-4.38443
-4.35489
-4.34583
-4.36247
-4.39747
-4.43991
-4.47793
-4.50202
-4.50281
-4.47864
-4.43582
-4.39769
-4.37559
-4.36655
-4.36288
-4.36042
-4.35654
-4.34846
-4.33134
-4.31168
-4.29389
-4.28589
-4.28921
-4.30052
-4.30978
-4.31156
-4.30588
-4.29494
-4.28277
-4.26943
-4.25504
-4.24144
-4.22939
-4.2173
-4.20356
-4.19039
-4.18253
-4.18047
-4.18445
-4.1912
-4.19743
-4.20293
-4.20943
-4.2217
-4.24446
-4.27681
-4.31729
-4.36096
-4.40943
-4.45828
-4.50313
-4.5352
-4.54424
-4.5259
-4.48261
-4.41959
-4.34639
-4.27572
-4.21516
-4.16499
-4.12077
-4.08249
-4.05249
-4.03055
-4.02149
-4.02574
-4.04269
-4.06985
-4.10402
-4.13955
-4.17041
-4.19499
-4.22075
-4.24683
-4.28033
-4.31599
-4.3531
-4.38676
-4.41468
-4.43313
-4.44151
-4.44181
-4.4407
-4.44288
-4.44396
-4.43974
-4.43082
-4.42009
-4.41251
-4.40691
-4.3998
-4.38709
-4.36418
-4.33079
-4.29337
-4.25871
-4.23301
-4.21998
-4.21922
-4.22884
-4.24525
-4.26549
-4.28074
-4.28621
-4.28267
-4.28525
-4.30246
-4.32711
-4.3369
-4.32138
-4.28647
-4.24264
-4.20154
-4.17125
-4.1519
-4.13795
-4.13115
-4.12626
-4.12762
-4.13407
-4.15155
-4.17516
-4.2033
-4.22868
-4.24904
-4.26633
-4.28189
-4.29699
-4.3113
-4.31906
-4.31699
-4.30535
-4.28499
-4.26428
-4.24976
-4.24365
-4.24614
-4.25654
-4.2756
-4.29449
-4.3101
-4.31416
-4.30881
-4.30298
-4.30263
-4.30411
-4.29683
-4.27705
-4.24692
-4.21562
-4.19597
-4.19328
-4.21019
-4.23675
-4.26207
-4.27446
-4.27084
-4.25584
-4.23109
-4.20556
-4.18635
-4.17433
-4.17005
-4.17141
-4.17655
-4.18129
-4.18699
-4.19096
-4.19292
-4.19067
-4.18085
-4.16138
-4.13747
-4.12046
-4.12069
-4.14179
-4.17333
-4.19841
-4.19637
-4.16765
-4.13519
-4.13046
-4.14906
-4.17065
-4.17937
-4.17659
-4.16688
-4.15642
-4.15396
-4.16684
-4.19389
-4.23212
-4.2699
-4.30192
-4.32391
-4.33375
-4.33275
-4.324
-4.31076
-4.29642
-4.28667
-4.28622
-4.29994
-4.32764
-4.37428
-4.43399
-4.50517
-4.57913
-4.64578
-4.69517
-4.72304
-4.72481
-4.70401
-4.66712
-4.62147
-4.5758
-4.53052
-4.48954
-4.45129
-4.41851
-4.39603
-4.38869
-4.39319
-4.4068
-4.41374
-4.40348
-4.37684
-4.34759
-4.33045
-4.31921
-4.30064
-4.27421
-4.25269
-4.24888
-4.25944
-4.2776
-4.29527
-4.30993
-4.32339
-4.33477
-4.34808
-4.35779
-4.36304
-4.36006
-4.34803
-4.33146
-4.31763
-4.31646
-4.32996
-4.35325
-4.37548
-4.38545
-4.37312
-4.342
-4.30023
-4.26396
-4.24599
-4.25494
-4.28944
-4.34755
-4.41822
-4.48473
-4.52823
-4.53774
-4.51056
-4.45728
-4.39088
-4.33359
-4.29201
-4.2699
-4.26535
-4.27307
-4.28631
-4.29732
-4.3
-4.28745
-4.25834
-4.22243
-4.19037
-4.17964
-4.19812
-4.23974
-4.29013
-4.32989
-4.34893
-4.34366
-4.32021
-4.28946
-4.26458
-4.25332
-4.2564
-4.26699
-4.28314
-4.29763
-4.30341
-4.29693
-4.27493
-4.24593
-4.21808
-4.20521
-4.21363
-4.23821
-4.27168
-4.30533
-4.33108
-4.34575
-4.35478
-4.36428
-4.3761
-4.39043
-4.40283
-4.41766
-4.43377
-4.44919
-4.46513
-4.47863
-4.48679
-4.49089
-4.49075
-4.48597
-4.47097
-4.44393
-4.40431
-4.36121
-4.33622
-4.33799
-4.36362
-4.39534
-4.42104
-4.4376
-4.44977
-4.46443
-4.48348
-4.50609
-4.52362
-4.52462
-4.50029
-4.45149
-4.38681
-4.32279
-4.28068
-4.27496
-4.30049
-4.33677
-4.36716
-4.37698
-4.36115
-4.32668
-4.28419
-4.24466
-4.21118
-4.18324
-4.16169
-4.1462
-4.15178
-4.1894
-4.25057
-4.31219
-4.35608
-4.37959
-4.38773
-4.38821
-4.38594
-4.38382
-4.38197
-4.37969
-4.38245
-4.39368
-4.41702
-4.45058
-4.48653
-4.50974
-4.50752
-4.47369
-4.41083
-4.33063
-4.24574
-4.17071
-4.11384
-4.07623
-4.05546
-4.04277
-4.03659
-4.04351
-4.0713
-4.11612
-4.17274
-4.22549
-4.26184
-4.27436
-4.26014
-4.22261
-4.17372
-4.12806
-4.09942
-4.09058
-4.09947
-4.12268
-4.15645
-4.20131
-4.25732
-4.31807
-4.37662
-4.4268
-4.45972
-4.47517
-4.46931
-4.44697
-4.41355
-4.37353
-4.33346
-4.29653
-4.269
-4.2567
-4.26275
-4.28651
-4.32143
-4.35988
-4.39761
-4.42957
-4.45481
-4.47775
-4.50328
-4.53339
-4.56084
-4.57391
-4.56529
-4.53298
-4.48538
-4.42971
-4.37666
-4.33615
-4.3098
-4.30327
-4.31719
-4.34805
-4.38937
-4.43002
-4.46733
-4.49919
-4.52584
-4.54277
-4.54452
-4.52563
-4.48605
-4.43244
-4.385
-4.35454
-4.34393
-4.34831
-4.36008
-4.36996
-4.37496
-4.36671
-4.33667
-4.2869
-4.22818
-4.1786
-4.15492
-4.15519
-4.16199
-4.16421
-4.16901
-4.18401
-4.20756
-4.22692
-4.2351
-4.23502
-4.22978
-4.22636
-4.22745
-4.23494
-4.24656
-4.25753
-4.26427
-4.26579
-4.26478
-4.26543
-4.26992
-4.27477
-4.27373
-4.26456
-4.24654
-4.22212
-4.19752
-4.18109
-4.18121
-4.20207
-4.23601
-4.2722
-4.30336
-4.3189
-4.31992
-4.31016
-4.29747
-4.28313
-4.26825
-4.2568
-4.25575
-4.27186
-4.30454
-4.33834
-4.36091
-4.36677
-4.36043
-4.35879
-4.36984
-4.39043
-4.40605
-4.40328
-4.37681
-4.33505
-4.29588
-4.27187
-4.26875
-4.28458
-4.31577
-4.35673
-4.39928
-4.43102
-4.44353
-4.43401
-4.40543
-4.36462
-4.32096
-4.27906
-4.24849
-4.22738
-4.21855
-4.22106
-4.23042
-4.24506
-4.26343
-4.279
-4.28681
-4.28261
-4.27166
-4.25953
-4.24685
-4.23001
-4.20305
-4.17088
-4.14203
-4.127
-4.12931
-4.14862
-4.18233
-4.22615
-4.27455
-4.32739
-4.38239
-4.43525
-4.47699
-4.50569
-4.52203
-4.52549
-4.51474
-4.49201
-4.45764
-4.42016
-4.39127
-4.38056
-4.38477
-4.39381
-4.39835
-4.40177
-4.41515
-4.44403
-4.48172
-4.51969
-4.54579
-4.5477
-4.52105
-4.46316
-4.38704
-4.31867
-4.29324
-4.32379
-4.39244
-4.46998
-4.53291
-4.57426
-4.59802
-4.61
-4.61241
-4.60186
-4.58148
-4.5517
-4.51922
-4.48826
-4.46577
-4.45681
-4.46454
-4.47993
-4.49081
-4.48619
-4.45669
-4.40591
-4.34073
-4.27112
-4.21221
-4.17133
-4.157
-4.16861
-4.19428
-4.21928
-4.24039
-4.25919
-4.28594
-4.32403
-4.37403
-4.43056
-4.48863
-4.54153
-4.58451
-4.61504
-4.6326
-4.63485
-4.61918
-4.58435
-4.53604
-4.48805
-4.45298
-4.42968
-4.41176
-4.39288
-4.37026
-4.35303
-4.35313
-4.36866
-4.39147
-4.40695
-4.40926
-4.39955
-4.38736
-4.37912
-4.37965
-4.38133
-4.37628
-4.35714
-4.32123
-4.27379
-4.2241
-4.18163
-4.15409
-4.14512
-4.15668
-4.18809
-4.23725
-4.30438
-4.38526
-4.47242
-4.55202
-4.6149
-4.65336
-4.66251
-4.64099
-4.59117
-4.52037
-4.44529
-4.38546
-4.35557
-4.35945
-4.37991
-4.39452
-4.38996
-4.36537
-4.33087
-4.29817
-4.27917
-4.27741
-4.28758
-4.30166
-4.31063
-4.31304
-4.31355
-4.31442
-4.31983
-4.3297
-4.33777
-4.34148
-4.34421
-4.35231
-4.3673
-4.38942
-4.41492
-4.44393
-4.47579
-4.51628
-4.55859
-4.59193
-4.60715
-4.60147
-4.57951
-4.54648
-4.51341
-4.48962
-4.47759
-4.46716
-4.44575
-4.4048
-4.34703
-4.28199
-4.21854
-4.1669
-4.12849
-4.0991
-4.07332
-4.04651
-4.02295
-4.00893
-4.0132
-4.0316
-4.06742
-4.12067
-4.18593
-4.24961
-4.2988
-4.32951
-4.34576
-4.35477
-4.35547
-4.34263
-4.31304
-4.26883
-4.21098
-4.14659
-4.08272
-4.02901
-3.99706
-3.99353
-4.01527
-4.06104
-4.12115
-4.18418
-4.23804
-4.26976
-4.27222
-4.24675
-4.20526
-4.15602
-4.11228
-4.08114
-4.06675
-4.06859
-4.08516
-4.10742
-4.13224
-4.15543
-4.17589
-4.19679
-4.22527
-4.26378
-4.31204
-4.35691
-4.38997
-4.40844
-4.42111
-4.43912
-4.46912
-4.50474
-4.53853
-4.56653
-4.58947
-4.60794
-4.61929
-4.61893
-4.60664
-4.58038
-4.543
-4.49405
-4.43322
-4.36721
-4.30359
-4.25278
-4.22101
-4.20633
-4.20625
-4.21644
-4.23299
-4.24873
-4.25728
-4.24999
-4.22884
-4.2012
-4.18043
-4.17256
-4.17563
-4.18369
-4.18778
-4.18782
-4.18873
-4.19865
-4.21538
-4.23888
-4.26744
-4.301
-4.33615
-4.37144
-4.40752
-4.44479
-4.47972
-4.508
-4.52587
-4.52549
-4.50648
-4.4716
-4.42332
-4.37141
-4.32081
-4.27368
-4.22996
-4.18621
-4.14791
-4.11698
-4.09717
-4.09001
-4.09259
-4.0983
-4.10232
-4.10481
-4.10602
-4.10728
-4.11223
-4.12275
-4.14371
-4.17362
-4.20463
-4.22731
-4.23641
-4.23049
-4.22282
-4.2257
-4.23733
-4.24955
-4.25704
-4.27158
-4.2973
-4.32796
-4.35155
-4.36086
-4.35837
-4.35405
-4.35609
-4.36853
-4.38764
-4.41011
-4.43168
-4.44645
-4.44843
-4.439
-4.41505
-4.38945
-4.39008
-4.42374
-4.47952
-4.53179
-4.5657
-4.58265
-4.58262
-4.56638
-4.53064
-4.47915
-4.41662
-4.35689
-4.31013
-4.28288
-4.27443
-4.27948
-4.2897
-4.30027
-4.30705
-4.30385
-4.28706
-4.25605
-4.21858
-4.18746
-4.17738
-4.18732
-4.21297
-4.24781
-4.2859
-4.32328
-4.34331
-4.33617
-4.29504
-4.23188
-4.17608
-4.14816
-4.15235
-4.1874
-4.2531
-4.34102
-4.43174
-4.50522
-4.55023
-4.56587
-4.54894
-4.5062
-4.44088
-4.36416
-4.2899
-4.23222
-4.20551
-4.21112
-4.24125
-4.28132
-4.31728
-4.34361
-4.35707
-4.36199
-4.35955
-4.35474
-4.34852
-4.33881
-4.32781
-4.31638
-4.30364
-4.28762
-4.26962
-4.2507
-4.23493
-4.22703
-4.23157
-4.2462
-4.26379
-4.27636
-4.28374
-4.28874
-4.2921
-4.29225
-4.28772
-4.27529
-4.2628
-4.25911
-4.27162
-4.30692
-4.35851
-4.41367
-4.45988
-4.49185
-4.50613
-4.50772
-4.50043
-4.49422
-4.49524
-4.50189
-4.5116
-4.51178
-4.49835
-4.48183
-4.48842
-4.52272
-4.56557
-4.58892
-4.57937
-4.53751
-4.46868
-4.38308
-4.30028
-4.23653
-4.20791
-4.21579
-4.25244
-4.29529
-4.32496
-4.32953
-4.31508
-4.29769
-4.29793
-4.31631
-4.33437
-4.32904
-4.29849
-4.25016
-4.20005
-4.16621
-4.15439
-4.16488
-4.18769
-4.21311
-4.23668
-4.25838
-4.28097
-4.30944
-4.352
-4.40127
-4.44718
-4.48096
-4.49796
-4.5011
-4.49455
-4.48132
-4.46446
-4.44698
-4.43238
-4.42432
-4.42009
-4.41663
-4.41148
-4.40419
-4.39653
-4.39175
-4.39191
-4.39952
-4.40932
-4.41938
-4.42962
-4.44382
-4.45754
-4.47054
-4.47896
-4.48373
-4.49119
-4.50688
-4.53258
-4.56286
-4.58757
-4.59518
-4.57833
-4.53413
-4.46585
-4.38175
-4.30064
-4.24147
-4.22307
-4.2491
-4.30924
-4.38668
-4.45801
-4.50838
-4.53499
-4.53997
-4.53012
-4.51438
-4.49445
-4.46876
-4.43977
-4.40685
-4.37642
-4.34854
-4.32492
-4.31047
-4.30717
-4.31844
-4.34504
-4.37643
-4.40445
-4.42828
-4.45045
-4.47316
-4.49803
-4.52459
-4.54436
-4.55695
-4.55985
-4.5557
-4.54954
-4.54524
-4.5433
-4.54306
-4.53352
-4.5091
-4.46803
-4.42218
-4.38265
-4.3544
-4.33173
-4.30923
-4.28769
-4.27082
-4.26186
-4.25953
-4.26085
-4.26352
-4.26831
-4.27052
-4.2749
-4.28448
-4.30759
-4.34597
-4.39836
-4.45488
-4.50641
-4.54146
-4.5545
-4.54324
-4.5119
-4.46479
-4.40875
-4.35267
-4.30772
-4.28446
-4.27726
-4.27826
-4.2795
-4.27726
-4.27437
-4.27497
-4.27851
-4.28384
-4.28825
-4.28857
-4.28661
-4.28655
-4.2885
-4.29514
-4.30506
-4.31472
-4.3215
-4.31796
-4.30689
-4.28988
-4.27255
-4.25816
-4.25188
-4.25817
-4.27659
-4.3051
-4.34151
-4.3785
-4.41141
-4.43537
-4.4434
-4.438
-4.41917
-4.39121
-4.35548
-4.31641
-4.28365
-4.27472
-4.28811
-4.31398
-4.33948
-4.35983
-4.37391
-4.3826
-4.38433
-4.38068
-4.36706
-4.34295
-4.31007
-4.26912
-4.22603
-4.18307
-4.15094
-4.14029
-4.15845
-4.20727
-4.27526
-4.34837
-4.40975
-4.44757
-4.45559
-4.43043
-4.3759
-4.29681
-4.20429
-4.11329
-4.04309
-4.00615
-4.00632
-4.03346
-4.08129
-4.13851
-4.19393
-4.23378
-4.24692
-4.23255
-4.20518
-4.1822
-4.17551
-4.18464
-4.21329
-4.26706
-4.3328
-4.39043
-4.43312
-4.46287
-4.48378
-4.50162
-4.51379
-4.52175
-4.52174
-4.51691
-4.51284
-4.51147
-4.50359
-4.47776
-4.42747
-4.35959
-4.28791
-4.23147
-4.20515
-4.21591
-4.25527
-4.30335
-4.33659
-4.34537
-4.32526
-4.28042
-4.22418
-4.17451
-4.15316
-4.15691
-4.16825
-4.16799
-4.14772
-4.11785
-4.09663
-4.10367
-4.13822
-4.1846
-4.22796
-4.25851
-4.28117
-4.29973
-4.32383
-4.35461
-4.39104
-4.43467
-4.48195
-4.52043
-4.53651
-4.51986
-4.46731
-4.38804
-4.29843
-4.22752
-4.1911
-4.18657
-4.20493
-4.2421
-4.29912
-4.37387
-4.45956
-4.54175
-4.60765
-4.6475
-4.66273
-4.6521
-4.61869
-4.56562
-4.50045
-4.4259
-4.34863
-4.27469
-4.21305
-4.17332
-4.15345
-4.14141
-4.12642
-4.11057
-4.10494
-4.12505
-4.17469
-4.23881
-4.29112
-4.31523
-4.30947
-4.28505
-4.25981
-4.25143
-4.26777
-4.30286
-4.34033
-4.3678
-4.37054
-4.33707
-4.27111
-4.18926
-4.11901
-4.07547
-4.06198
-4.06625
-4.07639
-4.09379
-4.12104
-4.16093
-4.21459
-4.27903
-4.34641
-4.40706
-4.45899
-4.49614
-4.51679
-4.51554
-4.49728
-4.45945
-4.40592
-4.34397
-4.29021
-4.25358
-4.23777
-4.22852
-4.21745
-4.20009
-4.17727
-4.15489
-4.13869
-4.13456
-4.14738
-4.17378
-4.2097
-4.2502
-4.29377
-4.33453
-4.36968
-4.39281
-4.40207
-4.39695
-4.38184
-4.36416
-4.35239
-4.35109
-4.35539
-4.35713
-4.3532
-4.34377
-4.33734
-4.34301
-4.36578
-4.40547
-4.45387
-4.4941
-4.51585
-4.51315
-4.49186
-4.45862
-4.4211
-4.3802
-4.33158
-4.27549
-4.20704
-4.13329
-4.06577
-4.01709
-3.99702
-3.99804
-4.00835
-4.01932
-4.0284
-4.02981
-4.02011
-3.99898
-3.98555
-3.99655
-4.03907
-4.10603
-4.17947
-4.25293
-4.32239
-4.38447
-4.42731
-4.44133
-4.42314
-4.37731
-4.31662
-4.25923
-4.21766
-4.18891
-4.16606
-4.14383
-4.12631
-4.11808
-4.12692
-4.15479
-4.19493
-4.24357
-4.28841
-4.32308
-4.34195
-4.3495
-4.34835
-4.34542
-4.34178
-4.341
-4.34475
-4.35236
-4.36926
-4.39065
-4.4075
-4.40816
-4.38639
-4.35011
-4.31168
-4.2806
-4.26294
-4.25796
-4.26344
-4.27707
-4.29276
-4.30325
-4.30516
-4.29784
-4.28246
-4.26663
-4.25261
-4.23976
-4.22832
-4.2225
-4.22292
-4.22891
-4.23742
-4.24712
-4.26378
-4.29313
-4.33662
-4.38973
-4.4438
-4.48901
-4.52284
-4.54326
-4.54967
-4.54329
-4.52046
-4.4789
-4.42296
-4.36166
-4.30839
-4.27589
-4.27456
-4.30126
-4.34311
-4.38619
-4.41929
-4.44087
-4.44928
-4.44832
-4.44489
-4.44557
-4.45108
-4.45925
-4.46278
-4.45717
-4.43566
-4.3983
-4.34691
-4.29022
-4.24328
-4.21898
-4.22731
-4.25755
-4.29699
-4.32811
-4.34746
-4.35266
-4.34338
-4.31865
-4.27748
-4.2254
-4.18172
-4.17607
-4.20794
-4.26
-4.31047
-4.35636
-4.39178
-4.4164
-4.43342
-4.44613
-4.45486
-4.46057
-4.455
-4.4332
-4.39483
-4.34318
-4.29358
-4.26181
-4.25078
-4.25317
-4.26049
-4.26799
-4.2719
-4.27647
-4.27901
-4.27726
-4.26362
-4.23585
-4.19837
-4.16517
-4.14702
-4.1467
-4.1571
-4.17484
-4.20604
-4.24872
-4.28452
-4.29885
-4.28346
-4.24163
-4.18162
-4.11953
-4.07143
-4.05163
-4.05784
-4.07564
-4.09691
-4.12406
-4.16022
-4.20133
-4.24396
-4.27737
-4.29734
-4.30316
-4.29688
-4.28557
-4.28049
-4.28214
-4.28269
-4.26853
-4.22886
-4.17292
-4.11132
-4.06158
-4.03326
-4.04011
-4.0791
-4.13402
-4.17796
-4.19781
-4.19503
-4.17288
-4.14149
-4.11181
-4.09691
-4.10111
-4.12527
-4.16469
-4.21658
-4.26977
-4.31938
-4.36014
-4.3835
-4.38766
-4.37098
-4.33939
-4.30443
-4.27869
-4.26618
-4.26293
-4.26113
-4.25242
-4.22506
-4.17439
-4.10628
-4.04085
-4.00117
-3.99132
-4.00095
-4.02469
-4.05556
-4.08981
-4.12291
-4.14646
-4.16019
-4.16227
-4.1607
-4.15735
-4.15726
-4.16655
-4.18765
-4.21919
-4.25527
-4.28764
-4.30973
-4.31706
-4.30845
-4.29397
-4.28196
-4.28656
-4.32215
-4.38263
-4.44311
-4.4779
-4.47223
-4.42665
-4.35233
-4.26393
-4.18509
-4.12597
-4.0938
-4.08938
-4.10733
-4.13944
-4.17673
-4.20886
-4.23098
-4.24668
-4.25411
-4.25907
-4.25557
-4.24467
-4.22491
-4.20278
-4.18045
-4.16539
-4.16361
-4.17404
-4.19176
-4.20964
-4.22491
-4.23598
-4.24412
-4.25158
-4.25956
-4.26325
-4.25964
-4.24027
-4.20497
-4.16117
-4.12288
-4.10463
-4.11792
-4.15786
-4.21289
-4.26577
-4.29948
-4.30518
-4.28279
-4.25263
-4.23072
-4.21992
-4.21202
-4.19737
-4.18512
-4.18582
-4.2057
-4.23698
-4.26552
-4.28279
-4.284
-4.27365
-4.2616
-4.24845
-4.23861
-4.23239
-4.23982
-4.26689
-4.30944
-4.35959
-4.40491
-4.43799
-4.45577
-4.46356
-4.45748
-4.43734
-4.39803
-4.34248
-4.27689
-4.21527
-4.17002
-4.14782
-4.15205
-4.18194
-4.23776
-4.31252
-4.38936
-4.45367
-4.49595
-4.51659
-4.5202
-4.51144
-4.49501
-4.47115
-4.44058
-4.40408
-4.36973
-4.34865
-4.34428
-4.35185
-4.35953
-4.35404
-4.33279
-4.30402
-4.28341
-4.27153
-4.26246
-4.24995
-4.23158
-4.2154
-4.21019
-4.21675
-4.23539
-4.2645
-4.29997
-4.33685
-4.37153
-4.40706
-4.44716
-4.49233
-4.53656
-4.57379
-4.5958
-4.59793
-4.57936
-4.5434
-4.49239
-4.4302
-4.36671
-4.30645
-4.25339
-4.21059
-4.18044
-4.16332
-4.15827
-4.163
-4.17332
-4.18854
-4.20992
-4.23632
-4.26689
-4.30164
-4.33532
-4.36587
-4.39142
-4.40733
-4.41304
-4.40796
-4.39415
-4.37778
-4.36637
-4.36197
-4.36245
-4.3654
-4.36879
-4.37126
-4.37329
-4.37359
-4.3683
-4.35405
-4.33261
-4.30456
-4.28127
-4.27072
-4.27604
-4.29924
-4.33301
-4.37604
-4.41985
-4.4516
-4.46625
-4.46929
-4.47473
-4.49565
-4.53761
-4.59304
-4.6536
-4.70391
-4.74176
-4.76156
-4.76355
-4.74526
-4.70614
-4.64712
-4.57379
-4.49897
-4.42776
-4.37352
-4.33848
-4.3211
-4.31757
-4.32416
-4.33888
-4.35936
-4.38377
-4.40994
-4.43863
-4.46685
-4.49006
-4.50187
-4.49921
-4.48387
-4.45986
-4.4348
-4.41478
-4.40342
-4.40148
-4.40766
-4.41638
-4.42012
-4.41839
-4.40999
-4.39505
-4.36695
-4.32001
-4.25355
-4.17637
-4.10733
-4.06407
-4.05533
-4.08186
-4.13606
-4.20347
-4.2659
-4.3112
-4.33296
-4.33626
-4.32361
-4.29426
-4.25333
-4.21014
-4.17849
-4.1741
-4.19445
-4.2238
-4.24166
-4.24124
-4.22558
-4.20046
-4.1758
-4.16053
-4.15354
-4.15427
-4.15664
-4.15749
-4.15861
-4.16552
-4.18185
-4.21212
-4.2533
-4.30493
-4.36118
-4.41816
-4.4685
-4.49819
-4.50164
-4.47952
-4.44374
-4.40869
-4.39427
-4.40773
-4.44323
-4.48823
-4.53492
-4.57191
-4.59614
-4.60067
-4.5864
-4.55822
-4.51913
-4.47799
-4.4398
-4.40566
-4.38088
-4.36525
-4.35475
-4.35097
-4.34635
-4.34066
-4.33916
-4.34825
-4.37
-4.39979
-4.42705
-4.44282
-4.44626
-4.437
-4.42456
-4.41084
-4.39611
-4.37835
-4.35977
-4.34246
-4.33329
-4.33632
-4.35367
-4.38655
-4.42976
-4.4788
-4.52742
-4.56829
-4.60148
-4.62666
-4.63881
-4.63858
-4.62396
-4.60063
-4.57163
-4.54091
-4.51215
-4.48838
-4.46946
-4.45575
-4.44204
-4.42808
-4.41595
-4.41063
-4.4149
-4.42788
-4.44386
-4.45575
-4.4598
-4.45457
-4.44298
-4.4316
-4.42608
-4.4302
-4.44006
-4.44859
-4.4469
-4.43443
-4.41
-4.37809
-4.33968
-4.29994
-4.26842
-4.25536
-4.26691
-4.29501
-4.32169
-4.33521
-4.33338
-4.31703
-4.29273
-4.26536
-4.23904
-4.21531
-4.18995
-4.17051
-4.15811
-4.15879
-4.18039
-4.21938
-4.2723
-4.32808
-4.37677
-4.41452
-4.44715
-4.4785
-4.50644
-4.52601
-4.53301
-4.52778
-4.51922
-4.51143
-4.50913
-4.5124
-4.51496
-4.50621
-4.47964
-4.42917
-4.36381
-4.2945
-4.24022
-4.21505
-4.22365
-4.25814
-4.3061
-4.35377
-4.39265
-4.41875
-4.43136
-4.42865
-4.41377
-4.3885
-4.35522
-4.32028
-4.28865
-4.2676
-4.26475
-4.28479
-4.32491
-4.37863
-4.42962
-4.4649
-4.47742
-4.47209
-4.45546
-4.43698
-4.42063
-4.40201
-4.37621
-4.34137
-4.30808
-4.29694
-4.31505
-4.35574
-4.40361
-4.44637
-4.4713
-4.47497
-4.45489
-4.41766
-4.37172
-4.32281
-4.27479
-4.23037
-4.1913
-4.16207
-4.14606
-4.14603
-4.15801
-4.17388
-4.18971
-4.20257
-4.21349
-4.22478
-4.24141
-4.25552
-4.26635
-4.26899
-4.25843
-4.2388
-4.21141
-4.18517
-4.16617
-4.15817
-4.16187
-4.17559
-4.1999
-4.23737
-4.28423
-4.33828
-4.39099
-4.43935
-4.48063
-4.51018
-4.53025
-4.53674
-4.53117
-4.51186
-4.48109
-4.4438
-4.40173
-4.35715
-4.31203
-4.27302
-4.24339
-4.22422
-4.21766
-4.22163
-4.23623
-4.25922
-4.2823
-4.29733
-4.30466
-4.31226
-4.3302
-4.36373
-4.41163
-4.45985
-4.49791
-4.51715
-4.51562
-4.4959
-4.45708
-4.40971
-4.36282
-4.32061
-4.2884
-4.26271
-4.24542
-4.2334
-4.22401
-4.22315
-4.23261
-4.25047
-4.27391
-4.29822
-4.31543
-4.32116
-4.31996
-4.31434
-4.30603
-4.29796
-4.2978
-4.31576
-4.35613
-4.40519
-4.44214
-4.44981
-4.42543
-4.37032
-4.29595
-4.22276
-4.17415
-4.1604
-4.16928
-4.17937
-4.17843
-4.17329
-4.17711
-4.19378
-4.22216
-4.25622
-4.2918
-4.32155
-4.33854
-4.33714
-4.31153
-4.26279
-4.19227
-4.11336
-4.04845
-4.01879
-4.03509
-4.08606
-4.15394
-4.2207
-4.27395
-4.3086
-4.32414
-4.32364
-4.31
-4.28736
-4.25896
-4.23102
-4.21204
-4.20128
-4.19427
-4.18949
-4.18447
-4.18569
-4.19096
-4.19768
-4.20049
-4.20012
-4.19418
-4.18005
-4.15804
-4.13374
-4.12141
-4.13561
-4.18057
-4.24474
-4.30875
-4.3586
-4.38912
-4.40064
-4.39606
-4.38011
-4.36095
-4.34321
-4.33085
-4.32587
-4.33114
-4.34192
-4.35591
-4.36873
-4.38029
-4.38613
-4.39061
-4.39171
-4.39307
-4.39755
-4.40705
-4.42556
-4.44729
-4.45499
-4.43649
-4.39581
-4.3455
-4.30945
-4.30147
-4.31818
-4.34389
-4.36324
-4.36992
-4.36412
-4.34052
-4.30389
-4.25324
-4.19564
-4.14199
-4.10386
-4.09329
-4.11052
-4.14997
-4.19663
-4.24307
-4.28269
-4.31225
-4.33011
-4.34022
-4.34577
-4.34811
-4.34953
-4.34716
-4.34357
-4.34109
-4.34626
-4.35515
-4.36472
-4.36955
-4.36628
-4.34587
-4.30462
-4.25635
-4.21952
-4.20328
-4.20095
-4.20486
-4.21048
-4.22055
-4.22929
-4.23333
-4.23389
-4.23576
-4.24823
-4.27499
-4.31333
-4.35263
-4.38455
-4.40223
-4.39834
-4.37321
-4.32796
-4.27315
-4.21892
-4.17926
-4.16669
-4.18364
-4.22056
-4.26543
-4.30501
-4.32895
-4.33486
-4.32809
-4.31812
-4.31518
-4.32406
-4.34182
-4.35844
-4.36354
-4.35415
-4.33464
-4.31364
-4.30031
-4.30305
-4.31745
-4.34521
-4.38102
-4.41605
-4.43788
-4.43026
-4.38423
-4.3061
-4.21524
-4.137
-4.09346
-4.0859
-4.098
-4.11867
-4.14873
-4.19176
-4.24507
-4.30253
-4.35862
-4.40943
-4.45035
-4.47877
-4.49437
-4.49601
-4.48633
-4.46983
-4.45561
-4.4461
-4.44187
-4.43335
-4.41487
-4.38861
-4.35438
-4.32031
-4.29242
-4.27616
-4.26895
-4.25886
-4.23427
-4.19402
-4.15389
-4.13236
-4.13748
-4.16692
-4.20496
-4.2383
-4.25752
-4.26128
-4.25386
-4.24372
-4.24013
-4.2502
-4.27836
-4.32144
-4.37348
-4.42254
-4.46193
-4.48447
-4.48877
-4.47799
-4.45486
-4.42252
-4.38972
-4.36629
-4.3608
-4.37228
-4.38988
-4.39651
-4.38353
-4.35263
-4.3128
-4.27441
-4.24747
-4.23663
-4.23723
-4.2405
-4.24048
-4.2296
-4.20755
-4.17721
-4.14874
-4.13155
-4.12865
-4.13696
-4.15067
-4.16243
-4.16786
-4.16539
-4.16142
-4.16258
-4.17625
-4.20772
-4.25876
-4.32575
-4.40328
-4.48132
-4.54796
-4.59381
-4.61057
-4.59653
-4.54891
-4.47412
-4.38566
-4.30569
-4.26062
-4.25855
-4.29238
-4.34621
-4.40893
-4.47155
-4.52856
-4.57806
-4.61524
-4.63978
-4.65109
-4.65252
-4.64424
-4.62535
-4.59233
-4.53964
-4.46546
-4.37367
-4.27607
-4.19185
-4.13739
-4.12343
-4.14471
-4.18472
-4.22607
-4.26244
-4.29731
-4.33755
-4.38015
-4.41644
-4.43226
-4.42304
-4.39861
-4.36639
-4.33578
-4.30939
-4.2859
-4.26391
-4.24201
-4.21767
-4.19289
-4.16878
-4.15496
-4.15378
-4.16412
-4.18309
-4.20423
-4.22145
-4.23104
-4.23231
-4.2316
-4.23463
-4.24986
-4.2819
-4.32877
-4.38686
-4.44887
-4.50514
-4.54789
-4.57376
-4.58055
-4.56968
-4.55075
-4.52383
-4.49582
-4.46962
-4.44942
-4.4417
-4.4443
-4.45657
-4.47027
-4.48264
-4.4903
-4.49031
-4.48319
-4.46549
-4.4362
-4.39729
-4.3558
-4.31863
-4.28844
-4.25484
-4.21766
-4.17389
-4.12835
-4.08611
-4.05193
-4.03005
-4.02249
-4.02709
-4.04797
-4.08726
-4.14206
-4.20627
-4.26513
-4.30825
-4.33334
-4.34256
-4.34646
-4.35362
-4.36789
-4.39262
-4.42066
-4.44514
-4.46025
-4.4676
-4.46816
-4.46708
-4.46802
-4.46947
-4.4692
-4.46457
-4.45717
-4.44656
-4.44179
-4.4542
-4.49802
-4.56514
-4.6301
-4.66832
-4.66721
-4.62881
-4.56687
-4.49394
-4.41812
-4.34574
-4.28718
-4.25207
-4.24494
-4.25931
-4.28399
-4.31395
-4.3397
-4.36041
-4.36752
-4.36013
-4.33938
-4.31381
-4.29417
-4.29238
-4.30681
-4.32957
-4.3472
-4.35544
-4.35847
-4.3626
-4.37468
-4.39854
-4.43585
-4.48182
-4.53347
-4.58306
-4.62446
-4.65228
-4.65986
-4.64585
-4.60366
-4.5399
-4.46236
-4.37858
-4.29643
-4.22344
-4.16187
-4.11767
-4.09556
-4.1006
-4.13778
-4.20215
-4.27833
-4.3482
-4.39792
-4.42396
-4.43084
-4.42371
-4.4037
-4.37424
-4.34007
-4.30719
-4.29148
-4.30263
-4.34183
-4.39656
-4.45506
-4.5123
-4.55817
-4.588
-4.59403
-4.57818
-4.54235
-4.49694
-4.44777
-4.39805
-4.35341
-4.32175
-4.30925
-4.31739
-4.34612
-4.3817
-4.4119
-4.42419
-4.41089
-4.36954
-4.30352
-4.2305
-4.16887
-4.13519
-4.13129
-4.14253
-4.15805
-4.17461
-4.19495
-4.22388
-4.2491
-4.2611
-4.26056
-4.25806
-4.26193
-4.27357
-4.28827
-4.30348
-4.32218
-4.33926
-4.34835
-4.34642
-4.3332
-4.31136
-4.28787
-4.27253
-4.26342
-4.25969
-4.25948
-4.26678
-4.28426
-4.30864
-4.33826
-4.36997
-4.40034
-4.42946
-4.45112
-4.47008
-4.48585
-4.50136
-4.51553
-4.5275
-4.52797
-4.51243
-4.48233
-4.44121
-4.4033
-4.38004
-4.37326
-4.37771
-4.38267
-4.38591
-4.38385
-4.37775
-4.36913
-4.35964
-4.34961
-4.33408
-4.31063
-4.28258
-4.25606
-4.24347
-4.25285
-4.28358
-4.32992
-4.38448
-4.43777
-4.48402
-4.51575
-4.5371
-4.54888
-4.55489
-4.56024
-4.56637
-4.57202
-4.57326
-4.56585
-4.54318
-4.50378
-4.45007
-4.38683
-4.32452
-4.27318
-4.24117
-4.23151
-4.23905
-4.25452
-4.26838
-4.26823
-4.25299
-4.23271
-4.22693
-4.25046
-4.29076
-4.33194
-4.36269
-4.37832
-4.38065
-4.36792
-4.33509
-4.27805
-4.20047
-4.12097
-4.06098
-4.03891
-4.05411
-4.09366
-4.13955
-4.17397
-4.18751
-4.1824
-4.17954
-4.20188
-4.2567
-4.33
-4.40434
-4.46598
-4.50596
-4.5192
-4.50524
-4.47296
-4.42737
-4.37951
-4.3305
-4.28327
-4.23717
-4.18848
-4.13519
-4.08235
-4.04499
-4.04706
-4.10043
-4.19332
-4.29188
-4.36866
-4.41771
-4.442
-4.45384
-4.45869
-4.46495
-4.47238
-4.47739
-4.47787
-4.47293
-4.4583
-4.43685
-4.41627
-4.40349
-4.39619
-4.38705
-4.36481
-4.32595
-4.27948
-4.23859
-4.21687
-4.21808
-4.24177
-4.28187
-4.32906
-4.37327
-4.4106
-4.43773
-4.45925
-4.48458
-4.5154
-4.54241
-4.55358
-4.54098
-4.51164
-4.47548
-4.44435
-4.42837
-4.42328
-4.42032
-4.41296
-4.39669
-4.37072
-4.33929
-4.30529
-4.27819
-4.26132
-4.25366
-4.252
-4.24982
-4.24925
-4.24758
-4.24396
-4.23422
-4.21579
-4.18971
-4.16391
-4.14981
-4.16313
-4.20887
-4.27541
-4.34374
-4.39855
-4.42592
-4.42487
-4.39783
-4.35367
-4.30389
-4.25532
-4.21576
-4.19226
-4.18646
-4.19188
-4.20187
-4.20721
-4.20556
-4.20543
-4.21918
-4.25616
-4.30445
-4.34875
-4.37972
-4.39466
-4.39405
-4.38339
-4.3666
-4.34812
-4.33641
-4.33622
-4.34881
-4.37042
-4.39725
-4.42021
-4.43443
-4.43859
-4.43389
-4.42501
-4.42479
-4.44122
-4.46779
-4.48729
-4.4879
-4.46601
-4.43036
-4.38706
-4.34537
-4.31243
-4.28631
-4.26643
-4.25092
-4.24282
-4.24363
-4.26083
-4.2847
-4.30767
-4.32343
-4.3282
-4.3237
-4.31329
-4.29615
-4.2768
-4.25826
-4.24973
-4.25549
-4.27549
-4.30283
-4.3304
-4.34638
-4.34891
-4.34117
-4.32689
-4.3132
-4.29861
-4.28595
-4.27426
-4.26682
-4.26733
-4.27927
-4.30359
-4.33793
-4.38472
-4.43986
-4.49599
-4.54167
-4.56583
-4.56221
-4.53486
-4.48728
-4.43233
-4.37715
-4.32803
-4.28647
-4.25632
-4.238
-4.23071
-4.22961
-4.23236
-4.23759
-4.24156
-4.24314
-4.24218
-4.2439
-4.24964
-4.26123
-4.27434
-4.28428
-4.29022
-4.29517
-4.30288
-4.32327
-4.35551
-4.39609
-4.43332
-4.4576
-4.46603
-4.45158
-4.41658
-4.35914
-4.28187
-4.19622
-4.1182
-4.06111
-4.03973
-4.05559
-4.10089
-4.16119
-4.22025
-4.27252
-4.31798
-4.35691
-4.39235
-4.41794
-4.43916
-4.45745
-4.47144
-4.47898
-4.48566
-4.50522
-4.54059
-4.58398
-4.62103
-4.64265
-4.64955
-4.64703
-4.63788
-4.63067
-4.62776
-4.62135
-4.60444
-4.56879
-4.52113
-4.46984
-4.42887
-4.40465
-4.39638
-4.40352
-4.42027
-4.43792
-4.44612
-4.43759
-4.41685
-4.40291
-4.41191
-4.43601
-4.45411
-4.458
-4.44997
-4.43429
-4.41507
-4.39487
-4.37452
-4.35032
-4.32418
-4.29711
-4.27516
-4.26409
-4.2633
-4.27103
-4.29146
-4.32885
-4.38421
-4.44918
-4.5065
-4.54811
-4.56596
-4.55883
-4.52493
-4.46757
-4.39446
-4.31974
-4.25459
-4.20657
-4.17857
-4.17221
-4.18228
-4.20406
-4.23595
-4.27356
-4.3088
-4.33619
-4.35483
-4.36916
-4.38332
-4.40468
-4.43609
-4.47612
-4.52064
-4.56639
-4.61187
-4.64961
-4.6714
-4.6727
-4.65136
-4.61212
-4.5601
-4.50301
-4.4457
-4.39034
-4.33896
-4.29549
-4.25828
-4.22433
-4.1898
-4.15415
-4.11617
-4.0864
-4.06685
-4.05955
-4.06634
-4.07988
-4.0953
-4.10281
-4.10369
-4.10637
-4.11696
-4.13129
-4.13093
-4.11265
-4.08429
-4.06397
-4.07263
-4.12384
-4.21039
-4.30918
-4.39895
-4.46927
-4.51386
-4.53191
-4.51988
-4.4833
-4.43092
-4.37226
-4.32372
-4.29148
-4.2807
-4.29263
-4.32436
-4.36585
-4.40448
-4.4325
-4.44743
-4.45039
-4.44261
-4.42646
-4.40642
-4.38396
-4.35939
-4.33848
-4.32099
-4.30781
-4.2968
-4.28836
-4.28405
-4.29159
-4.30687
-4.31989
-4.32196
-4.31588
-4.30538
-4.29323
-4.27803
-4.2609
-4.23861
-4.20359
-4.15083
-4.07389
-3.9907
-3.94156
-3.96194
-4.0345
-4.11148
-4.16204
-4.17343
-4.14888
-4.1048
-4.07085
-4.07787
-4.1295
-4.2063
-4.28316
-4.34477
-4.38664
-4.41442
-4.43767
-4.46115
-4.48341
-4.50251
-4.51632
-4.52446
-4.52274
-4.50541
-4.46897
-4.41652
-4.36063
-4.32206
-4.31958
-4.3497
-4.39573
-4.43922
-4.47056
-4.49035
-4.5032
-4.514
-4.52948
-4.54203
-4.54376
-4.52601
-4.49226
-4.45243
-4.41798
-4.39278
-4.37576
-4.35923
-4.33745
-4.31084
-4.28687
-4.27217
-4.27099
-4.28174
-4.29693
-4.30417
-4.29318
-4.25456
-4.19263
-4.12162
-4.05808
-4.02165
-4.0195
-4.04797
-4.09277
-4.14094
-4.19149
-4.24539
-4.29975
-4.3529
-4.39479
-4.41441
-4.40429
-4.36942
-4.33188
-4.32602
-4.35435
-4.39464
-4.42685
-4.44715
-4.46026
-4.46401
-4.45607
-4.43577
-4.40296
-4.36445
-4.32331
-4.28779
-4.26045
-4.24066
-4.2287
-4.22827
-4.24049
-4.26286
-4.28879
-4.30266
-4.29927
-4.2814
-4.25568
-4.23249
-4.21784
-4.21259
-4.21379
-4.21157
-4.20585
-4.19395
-4.18418
-4.18341
-4.19856
-4.23003
-4.2694
-4.30969
-4.34162
-4.35646
-4.35317
-4.33732
-4.33257
-4.35286
-4.39045
-4.42622
-4.44763
-4.45124
-4.43928
-4.41328
-4.38145
-4.35543
-4.34618
-4.35701
-4.38423
-4.41791
-4.44945
-4.47314
-4.48665
-4.49011
-4.48163
-4.46595
-4.44436
-4.41975
-4.39953
-4.38846
-4.39106
-4.40335
-4.41913
-4.42753
-4.42179
-4.39735
-4.35269
-4.29513
-4.25393
-4.26934
-4.33789
-4.40565
-4.43067
-4.40548
-4.34297
-4.26029
-4.18498
-4.14475
-4.16056
-4.21802
-4.29059
-4.35956
-4.41797
-4.46431
-4.49974
-4.52243
-4.52773
-4.51891
-4.50029
-4.47541
-4.44404
-4.41051
-4.37505
-4.34221
-4.31118
-4.28934
-4.28674
-4.31022
-4.35282
-4.39723
-4.42896
-4.44359
-4.44055
-4.42359
-4.4001
-4.38186
-4.38354
-4.41203
-4.46354
-4.52656
-4.58735
-4.63318
-4.65529
-4.6505
-4.61669
-4.56257
-4.49739
-4.43914
-4.4012
-4.38857
-4.40039
-4.42634
-4.45841
-4.48825
-4.51368
-4.52956
-4.53438
-4.52704
-4.50983
-4.48514
-4.46511
-4.45541
-4.449
-4.43596
-4.40862
-4.36628
-4.3273
-4.30318
-4.28905
-4.27393
-4.24863
-4.22393
-4.215
-4.22758
-4.25368
-4.28685
-4.3234
-4.3573
-4.37872
-4.38262
-4.36837
-4.34295
-4.31487
-4.28689
-4.26094
-4.23426
-4.20937
-4.18836
-4.17848
-4.18312
-4.20359
-4.23644
-4.27756
-4.31552
-4.34287
-4.35223
-4.34372
-4.32196
-4.29309
-4.26486
-4.24028
-4.22178
-4.20686
-4.19391
-4.18791
-4.19699
-4.2231
-4.26839
-4.32751
-4.39386
-4.45785
-4.51393
-4.56032
-4.59002
-4.60143
-4.59316
-4.56714
-4.5233
-4.46829
-4.40956
-4.36738
-4.35548
-4.37024
-4.39285
-4.41279
-4.42418
-4.42392
-4.41448
-4.40009
-4.39014
-4.38562
-4.3841
-4.38017
-4.3673
-4.35293
-4.34951
-4.3643
-4.39205
-4.41942
-4.4331
-4.42574
-4.3973
-4.35197
-4.29592
-4.24243
-4.19779
-4.1664
-4.15198
-4.15367
-4.16632
-4.17908
-4.18092
-4.16663
-4.147
-4.13558
-4.14049
-4.15734
-4.17656
-4.19416
-4.21644
-4.24981
-4.29673
-4.34644
-4.39559
-4.43581
-4.47034
-4.51052
-4.55519
-4.59184
-4.60514
-4.5945
-4.56691
-4.53342
-4.50896
-4.49776
-4.49714
-4.49884
-4.48833
-4.45892
-4.40774
-4.33963
-4.26834
-4.21095
-4.17978
-4.18404
-4.21667
-4.26868
-4.32635
-4.3824
-4.42992
-4.46431
-4.48069
-4.4804
-4.46253
-4.43664
-4.4056
-4.3749
-4.34083
-4.30637
-4.27466
-4.25131
-4.24349
-4.24796
-4.26114
-4.26983
-4.26452
-4.23875
-4.19991
-4.1713
-4.17823
-4.23167
-4.31313
-4.39984
-4.4772
-4.53259
-4.5625
-4.56858
-4.55854
-4.54322
-4.53379
-4.52944
-4.52254
-4.50228
-4.46133
-4.39892
-4.32649
-4.26799
-4.23634
-4.23056
-4.24393
-4.27196
-4.30675
-4.33952
-4.36512
-4.37752
-4.37553
-4.36291
-4.34662
-4.33312
-4.32893
-4.33023
-4.33324
-4.33753
-4.34425
-4.35382
-4.36711
-4.38263
-4.4006
-4.42083
-4.44366
-4.46244
-4.47356
-4.47048
-4.45001
-4.41033
-4.35624
-4.29338
-4.22942
-4.17415
-4.13981
-4.13942
-4.17548
-4.23833
-4.31299
-4.38165
-4.42911
-4.44976
-4.44864
-4.43974
-4.43469
-4.44075
-4.45522
-4.46964
-4.48033
-4.4871
-4.48802
-4.48168
-4.46316
-4.43658
-4.40871
-4.38845
-4.38377
-4.39636
-4.42133
-4.44967
-4.46621
-4.46515
-4.44281
-4.40473
-4.35992
-4.31656
-4.27559
-4.23981
-4.20689
-4.17173
-4.13681
-4.10764
-4.09594
-4.11019
-4.15103
-4.20791
-4.26814
-4.31788
-4.34562
-4.34838
-4.32752
-4.29195
-4.25998
-4.24815
-4.25859
-4.28174
-4.30661
-4.32898
-4.34834
-4.36201
-4.36148
-4.34825
-4.32656
-4.3062
-4.29387
-4.29307
-4.31029
-4.34259
-4.38324
-4.42672
-4.45994
-4.47449
-4.46884
-4.44562
-4.41044
-4.37303
-4.34892
-4.3441
-4.35391
-4.36861
-4.37874
-4.37286
-4.35091
-4.31533
-4.272
-4.22428
-4.18011
-4.13851
-4.10579
-4.08162
-4.07492
-4.09357
-4.14035
-4.21633
-4.30706
-4.38858
-4.44662
-4.47214
-4.46805
-4.44373
-4.41073
-4.37639
-4.3474
-4.32987
-4.3304
-4.34549
-4.3671
-4.38256
-4.37551
-4.3457
-4.3047
-4.27263
-4.26025
-4.26065
-4.25395
-4.22769
-4.18993
-4.15352
-4.12877
-4.12103
-4.12826
-4.14322
-4.16019
-4.17787
-4.20001
-4.22793
-4.26444
-4.30288
-4.33906
-4.37154
-4.40559
-4.44285
-4.48069
-4.51304
-4.53942
-4.55138
-4.54006
-4.50677
-4.45534
-4.41028
-4.39128
-4.40568
-4.44238
-4.49025
-4.5357
-4.56567
-4.57587
-4.5737
-4.56629
-4.55677
-4.54519
-4.52158
-4.48318
-4.43078
-4.37081
-4.31418
-4.27131
-4.24171
-4.22405
-4.21819
-4.23087
-4.26386
-4.30972
-4.36067
-4.40468
-4.43253
-4.44717
-4.44937
-4.44331
-4.43748
-4.44214
-4.45872
-4.48128
-4.50366
-4.51716
-4.51933
-4.51077
-4.49402
-4.47008
-4.44179
-4.40691
-4.36244
-4.30546
-4.23818
-4.16747
-4.10262
-4.06161
-4.05093
-4.07144
-4.11669
-4.17445
-4.23296
-4.2842
-4.32769
-4.36276
-4.39312
-4.41381
-4.42421
-4.41716
-4.39354
-4.35687
-4.3204
-4.29545
-4.28929
-4.30258
-4.32394
-4.34037
-4.3433
-4.32908
-4.29914
-4.26898
-4.25632
-4.25995
-4.27347
-4.2911
-4.30925
-4.32263
-4.32531
-4.30904
-4.271
-4.22095
-4.16615
-4.11648
-4.07707
-4.05257
-4.04258
-4.04531
-4.05861
-4.08241
-4.11458
-4.15046
-4.18066
-4.19341
-4.18611
-4.16259
-4.12827
-4.10343
-4.10411
-4.13643
-4.19354
-4.25833
-4.31666
-4.35853
-4.38129
-4.38301
-4.36597
-4.33623
-4.30388
-4.27609
-4.25912
-4.24938
-4.23993
-4.22979
-4.21633
-4.20205
-4.1857
-4.16219
-4.12889
-4.09197
-4.06561
-4.05077
-4.04785
-4.0679
-4.11938
-4.19723
-4.28122
-4.35141
-4.39798
-4.41592
-4.40828
-4.39359
-4.39218
-4.40807
-4.43356
-4.45691
-4.47605
-4.48444
-4.47326
-4.43612
-4.36859
-4.2835
-4.22017
-4.22426
-4.29024
-4.37393
-4.44032
-4.47704
-4.48562
-4.47194
-4.44175
-4.40388
-4.35749
-4.30914
-4.25919
-4.21357
-4.19017
-4.19914
-4.23808
-4.28755
-4.33058
-4.36337
-4.39112
-4.42527
-4.4699
-4.52021
-4.57052
-4.6121
-4.64255
-4.65658
-4.65285
-4.63397
-4.60069
-4.55433
-4.49479
-4.42664
-4.35775
-4.30505
-4.28295
-4.29142
-4.32367
-4.36698
-4.40699
-4.43747
-4.45784
-4.47161
-4.48608
-4.50734
-4.5365
-4.57451
-4.61552
-4.64459
-4.65568
-4.63498
-4.58163
-4.49728
-4.3953
-4.30042
-4.23492
-4.2021
-4.18864
-4.18409
-4.1893
-4.21294
-4.25907
-4.31797
-4.37285
-4.40698
-4.41921
-4.41681
-4.4137
-4.41655
-4.42513
-4.4336
-4.43415
-4.4251
-4.41035
-4.39993
-4.40457
-4.42459
-4.44879
-4.46656
-4.46974
-4.45982
-4.43182
-4.39074
-4.34314
-4.29746
-4.26311
-4.2386
-4.22151
-4.21041
-4.20542
-4.21099
-4.2283
-4.2538
-4.28066
-4.2996
-4.29891
-4.27421
-4.23819
-4.2121
-4.21364
-4.23809
-4.27287
-4.30929
-4.34049
-4.35951
-4.36165
-4.35174
-4.33799
-4.33278
-4.34938
-4.38346
-4.42071
-4.43864
-4.43382
-4.41509
-4.39321
-4.37873
-4.37526
-4.38213
-4.39351
-4.40386
-4.40778
-4.4004
-4.37967
-4.3481
-4.31474
-4.29192
-4.29428
-4.32283
-4.36182
-4.39075
-4.39518
-4.37211
-4.32271
-4.26124
-4.20463
-4.16479
-4.14374
-4.14126
-4.1528
-4.17326
-4.1971
-4.22156
-4.23852
-4.24534
-4.24567
-4.2455
-4.2532
-4.27154
-4.29672
-4.33369
-4.38546
-4.44903
-4.51413
-4.56909
-4.60708
-4.6261
-4.62472
-4.60198
-4.56284
-4.51574
-4.46934
-4.43524
-4.41977
-4.42989
-4.45816
-4.49311
-4.52633
-4.54608
-4.54774
-4.53084
-4.50813
-4.48691
-4.47516
-4.47627
-4.49078
-4.51583
-4.54514
-4.56876
-4.58519
-4.58782
-4.57856
-4.55528
-4.52436
-4.48879
-4.45574
-4.42952
-4.41876
-4.42071
-4.43096
-4.44078
-4.44304
-4.43507
-4.41699
-4.39511
-4.37203
-4.35164
-4.33354
-4.32208
-4.3153
-4.31338
-4.31629
-4.32607
-4.34584
-4.38151
-4.43667
-4.51006
-4.5938
-4.67525
-4.73767
-4.76976
-4.7645
-4.72001
-4.64033
-4.53997
-4.43312
-4.3421
-4.2794
-4.25426
-4.26488
-4.29898
-4.34254
-4.38338
-4.41903
-4.45087
-4.4769
-4.50246
-4.53392
-4.57012
-4.60383
-4.62857
-4.637
-4.62971
-4.60646
-4.57131
-4.52982
-4.49217
-4.46168
-4.4391
-4.42155
-4.40564
-4.39187
-4.3812
-4.37509
-4.37063
-4.366
-4.36319
-4.35977
-4.34913
-4.33227
-4.31353
-4.29838
-4.2897
-4.2755
-4.24642
-4.20528
-4.16603
-4.14415
-4.15918
-4.21213
-4.29636
-4.39086
-4.4734
-4.52613
-4.54129
-4.52493
-4.48745
-4.44159
-4.39826
-4.363
-4.33916
-4.32525
-4.3266
-4.34289
-4.37411
-4.41801
-4.46357
-4.49239
-4.49015
-4.44869
-4.37399
-4.28159
-4.19312
-4.12524
-4.08832
-4.07888
-4.0924
-4.12256
-4.16073
-4.20342
-4.24649
-4.29105
-4.33484
-4.37145
-4.39217
-4.38789
-4.36086
-4.32155
-4.28347
-4.25881
-4.25059
-4.25673
-4.27831
-4.31705
-4.36508
-4.40342
-4.41562
-4.40086
-4.37358
-4.34545
-4.32672
-4.31548
-4.3066
-4.29256
-4.26711
-4.23041
-4.19201
-4.16629
-4.16334
-4.18301
-4.2152
-4.25005
-4.27844
-4.30328
-4.32707
-4.35386
-4.3804
-4.39946
-4.40098
-4.38114
-4.34042
-4.29021
-4.24481
-4.21336
-4.20167
-4.2143
-4.25185
-4.30342
-4.36128
-4.4098
-4.4444
-4.46129
-4.45761
-4.43715
-4.40089
-4.35189
-4.29538
-4.23389
-4.17542
-4.12634
-4.09141
-4.07069
-4.06817
-4.08376
-4.10968
-4.13825
-4.15897
-4.17245
-4.18234
-4.19575
-4.21396
-4.23887
-4.26973
-4.30401
-4.34276
-4.38524
-4.43082
-4.47724
-4.51769
-4.54597
-4.55236
-4.53601
-4.4976
-4.44248
-4.38004
-4.31961
-4.26481
-4.21999
-4.193
-4.18618
-4.19679
-4.21608
-4.24131
-4.27433
-4.31077
-4.34051
-4.34999
-4.33818
-4.31642
-4.2982
-4.29225
-4.30042
-4.31799
-4.33344
-4.34064
-4.3349
-4.31069
-4.27325
-4.23573
-4.20789
-4.19712
-4.1985
-4.21126
-4.23312
-4.26225
-4.2915
-4.31332
-4.32195
-4.31568
-4.29697
-4.27665
-4.25449
-4.22579
-4.18487
-4.13544
-4.09138
-4.06824
-4.07668
-4.11156
-4.15032
-4.17246
-4.16524
-4.13891
-4.11266
-4.10806
-4.13378
-4.18331
-4.23685
-4.28187
-4.31152
-4.33473
-4.36424
-4.40527
-4.45129
-4.49189
-4.51699
-4.52341
-4.51004
-4.47749
-4.43443
-4.39042
-4.36264
-4.36292
-4.38565
-4.41352
-4.43207
-4.43974
-4.43246
-4.41989
-4.40825
-4.39676
-4.37873
-4.34838
-4.30657
-4.25953
-4.22033
-4.19842
-4.19471
-4.20806
-4.22696
-4.24803
-4.27547
-4.31102
-4.34862
-4.377
-4.38708
-4.38075
-4.36204
-4.33812
-4.31747
-4.29972
-4.28312
-4.26875
-4.25849
-4.2534
-4.2509
-4.25086
-4.25714
-4.27215
-4.29372
-4.32245
-4.3507
-4.37552
-4.39467
-4.40802
-4.41623
-4.41998
-4.41521
-4.40538
-4.39533
-4.39162
-4.39756
-4.40622
-4.40823
-4.39352
-4.36361
-4.32433
-4.28504
-4.25199
-4.22729
-4.21484
-4.21277
-4.22234
-4.24068
-4.25764
-4.26604
-4.26466
-4.26066
-4.26006
-4.2663
-4.28427
-4.31609
-4.36029
-4.41272
-4.46238
-4.50252
-4.52392
-4.52323
-4.50278
-4.47022
-4.43916
-4.42526
-4.43884
-4.47342
-4.51189
-4.53274
-4.5202
-4.47352
-4.40035
-4.31602
-4.24041
-4.19078
-4.18141
-4.20786
-4.25398
-4.30864
-4.35424
-4.3882
-4.41137
-4.42739
-4.44247
-4.45849
-4.47525
-4.49167
-4.50314
-4.50907
-4.50672
-4.49802
-4.48456
-4.46754
-4.44465
-4.40972
-4.36199
-4.30485
-4.25094
-4.20925
-4.19159
-4.19728
-4.22568
-4.26596
-4.30717
-4.33632
-4.34968
-4.34346
-4.32124
-4.28527
-4.24629
-4.20672
-4.17014
-4.13891
-4.11092
-4.082
-4.05063
-4.01646
-3.99093
-3.97881
-3.98891
-4.02384
-4.08072
-4.14914
-4.22115
-4.29139
-4.35602
-4.41317
-4.45933
-4.49626
-4.51752
-4.52248
-4.51482
-4.49568
-4.47166
-4.4468
-4.42568
-4.41154
-4.40148
-4.39518
-4.38794
-4.37708
-4.36791
-4.36779
-4.38483
-4.41898
-4.46803
-4.52351
-4.57628
-4.61561
-4.63531
-4.62959
-4.60331
-4.56046
-4.50759
-4.44989
-4.38811
-4.33015
-4.2855
-4.26225
-4.26898
-4.29841
-4.33983
-4.3765
-4.40332
-4.42294
-4.43924
-4.45047
-4.44504
-4.42135
-4.38341
-4.34114
-4.30789
-4.29325
-4.30422
-4.33285
-4.36663
-4.39321
-4.40788
-4.41231
-4.4085
-4.39722
-4.38517
-4.375
-4.37811
-4.39484
-4.42373
-4.45485
-4.484
-4.50753
-4.52509
-4.53713
-4.54369
-4.54071
-4.52163
-4.48238
-4.43339
-4.38963
-4.36233
-4.34416
-4.32698
-4.30817
-4.29469
-4.28865
-4.28671
-4.2858
-4.28175
-4.27254
-4.26141
-4.25674
-4.25943
-4.27412
-4.29249
-4.30511
-4.30165
-4.27863
-4.24275
-4.21219
-4.20163
-4.21458
-4.23893
-4.26647
-4.29518
-4.328
-4.36342
-4.39875
-4.42724
-4.44283
-4.44009
-4.42406
-4.40191
-4.38341
-4.38065
-4.39472
-4.42209
-4.45143
-4.47155
-4.47747
-4.46821
-4.44122
-4.39647
-4.34127
-4.29055
-4.26168
-4.25765
-4.27161
-4.29423
-4.32169
-4.35179
-4.3774
-4.3981
-4.40895
-4.40585
-4.38971
-4.35782
-4.31105
-4.25038
-4.18665
-4.13296
-4.10033
-4.09293
-4.10692
-4.13866
-4.18253
-4.24034
-4.30768
-4.3777
-4.44091
-4.48991
-4.52001
-4.53455
-4.53777
-4.5353
-4.52842
-4.51473
-4.48888
-4.4535
-4.41137
-4.37208
-4.34388
-4.33344
-4.33418
-4.34396
-4.35804
-4.37198
-4.38352
-4.38786
-4.38908
-4.39021
-4.39746
-4.41113
-4.43238
-4.45508
-4.47593
-4.48846
-4.49265
-4.48439
-4.46596
-4.4439
-4.41775
-4.39003
-4.35974
-4.32692
-4.29535
-4.27022
-4.25938
-4.2646
-4.28998
-4.32716
-4.36171
-4.3838
-4.38418
-4.36646
-4.33738
-4.30339
-4.27216
-4.25203
-4.24475
-4.25169
-4.27179
-4.29929
-4.32684
-4.34574
-4.35133
-4.34995
-4.35153
-4.36109
-4.3814
-4.40557
-4.42637
-4.43674
-4.43788
-4.42766
-4.40616
-4.37922
-4.34719
-4.3135
-4.28227
-4.25426
-4.24031
-4.24578
-4.26664
-4.28762
-4.29454
-4.28244
-4.26003
-4.23491
-4.21488
-4.20155
-4.19678
-4.19901
-4.21007
-4.22882
-4.25504
-4.28158
-4.30586
-4.32416
-4.3353
-4.33597
-4.32591
-4.3066
-4.28609
-4.27039
-4.26446
-4.26807
-4.28036
-4.3007
-4.32964
-4.36459
-4.4001
-4.4296
-4.4414
-4.43079
-4.39599
-4.33525
-4.25415
-4.16491
-4.08297
-4.02959
-4.02036
-4.05402
-4.11612
-4.19408
-4.27378
-4.3405
-4.38712
-4.41169
-4.41435
-4.40373
-4.38029
-4.34756
-4.3054
-4.25945
-4.21958
-4.19353
-4.18229
-4.1857
-4.20195
-4.22319
-4.23649
-4.23713
-4.22716
-4.21533
-4.21184
-4.21802
-4.23047
-4.24413
-4.25169
-4.25092
-4.24815
-4.25265
-4.27084
-4.30462
-4.34864
-4.38996
-4.4197
-4.43014
-4.4154
-4.3813
-4.33674
-4.29281
-4.25837
-4.23843
-4.23141
-4.23087
-4.23721
-4.25014
-4.26614
-4.2815
-4.29227
-4.30256
-4.31641
-4.33395
-4.35434
-4.37155
-4.38223
-4.38731
-4.38746
-4.37982
-4.36055
-4.3221
-4.2609
-4.18163
-4.09343
-4.01907
-3.97574
-3.97038
-3.98494
-3.99986
-4.00681
-4.01253
-4.01958
-4.03534
-4.06335
-4.10434
-4.15507
-4.20615
-4.24855
-4.28155
-4.2998
-4.3103
-4.31578
-4.3205
-4.32299
-4.31913
-4.3057
-4.28013
-4.25177
-4.23022
-4.22842
-4.24712
-4.28524
-4.32985
-4.37097
-4.39991
-4.41407
-4.41376
-4.40434
-4.39067
-4.37588
-4.35704
-4.3356
-4.30912
-4.27827
-4.24776
-4.22006
-4.19993
-4.1922
-4.20087
-4.22912
-4.26815
-4.309
-4.34341
-4.36081
-4.35857
-4.34383
-4.32001
-4.29457
-4.27386
-4.26323
-4.26197
-4.26458
-4.26994
-4.27131
-4.26595
-4.2534
-4.23319
-4.21559
-4.21335
-4.23805
-4.28763
-4.34957
-4.40905
-4.45381
-4.48414
-4.50003
-4.50169
-4.4907
-4.4667
-4.43202
-4.39108
-4.3502
-4.31442
-4.29069
-4.2813
-4.28866
-4.30976
-4.33675
-4.35857
-4.37023
-4.37294
-4.37475
-4.39267
-4.42315
-4.45047
-4.46068
-4.44719
-4.41374
-4.36743
-4.31711
-4.27886
-4.26079
-4.2562
-4.25369
-4.24402
-4.23102
-4.21569
-4.20136
-4.18793
-4.17636
-4.16732
-4.15903
-4.15918
-4.17702
-4.21579
-4.26777
-4.32175
-4.36041
-4.3743
-4.36201
-4.32847
-4.27866
-4.21589
-4.1523
-4.11331
-4.12609
-4.19347
-4.28467
-4.36368
-4.41188
-4.42855
-4.41751
-4.38378
-4.33754
-4.29193
-4.25419
-4.23657
-4.24457
-4.27534
-4.3194
-4.36835
-4.40785
-4.42966
-4.4335
-4.4221
-4.39392
-4.35576
-4.30718
-4.2499
-4.18608
-4.13258
-4.10913
-4.12633
-4.17383
-4.23321
-4.28772
-4.33484
-4.37921
-4.42372
-4.46571
-4.49289
-4.49452
-4.46841
-4.41595
-4.34933
-4.28376
-4.23104
-4.20393
-4.20383
-4.22442
-4.25253
-4.27677
-4.29215
-4.2978
-4.30143
-4.30513
-4.3082
-4.30852
-4.30744
-4.30799
-4.31523
-4.33211
-4.35945
-4.39646
-4.43783
-4.47045
-4.48156
-4.45909
-4.40269
-4.32008
-4.22793
-4.14432
-4.07815
-4.03814
-4.02644
-4.03735
-4.06394
-4.08923
-4.10491
-4.111
-4.11115
-4.11102
-4.12246
-4.14996
-4.19223
-4.24129
-4.29269
-4.34337
-4.38791
-4.41973
-4.43475
-4.4318
-4.41871
-4.40687
-4.40355
-4.40004
-4.38549
-4.34669
-4.2862
-4.21811
-4.16528
-4.14743
-4.16897
-4.2158
-4.26547
-4.29976
-4.31081
-4.30681
-4.29636
-4.28656
-4.27851
-4.27085
-4.26419
-4.25783
-4.24662
-4.22294
-4.18939
-4.15484
-4.13017
-4.12108
-4.13303
-4.16314
-4.20284
-4.24294
-4.27359
-4.2885
-4.29664
-4.30754
-4.33048
-4.367
-4.40791
-4.44537
-4.47135
-4.48184
-4.47506
-4.45634
-4.4301
-4.40517
-4.38627
-4.37628
-4.3715
-4.36666
-4.35882
-4.34057
-4.307
-4.26458
-4.22551
-4.20012
-4.1972
-4.21586
-4.24871
-4.28705
-4.32855
-4.36927
-4.40965
-4.44385
-4.47102
-4.48857
-4.49565
-4.48969
-4.47344
-4.44729
-4.41456
-4.37933
-4.34322
-4.31161
-4.29733
-4.30708
-4.33894
-4.37868
-4.40945
-4.42072
-4.41017
-4.37676
-4.32407
-4.25933
-4.18963
-4.12464
-4.07567
-4.05117
-4.05469
-4.08259
-4.12666
-4.1722
-4.20611
-4.22071
-4.21718
-4.2059
-4.20675
-4.22968
-4.26798
-4.30745
-4.33383
-4.34875
-4.35932
-4.3694
-4.38288
-4.39856
-4.42148
-4.44939
-4.47878
-4.50167
-4.51459
-4.51166
-4.49405
-4.46983
-4.44629
-4.43154
-4.42797
-4.4368
-4.4554
-4.48141
-4.51069
-4.53493
-4.54197
-4.52819
-4.49276
-4.44422
-4.39521
-4.3533
-4.32537
-4.31196
-4.31034
-4.32588
-4.35805
-4.38962
-4.40912
-4.40824
-4.39653
-4.37905
-4.35776
-4.33096
-4.30628
-4.28431
-4.26089
-4.24862
-4.26785
-4.3178
-4.37081
-4.40938
-4.42823
-4.43298
-4.43245
-4.43305
-4.44258
-4.46118
-4.48587
-4.51018
-4.52358
-4.51507
-4.4797
-4.415
-4.33309
-4.25752
-4.21293
-4.20842
-4.22724
-4.25168
-4.26695
-4.27036
-4.26807
-4.26422
-4.26096
-4.25842
-4.26152
-4.27735
-4.30886
-4.35411
-4.40964
-4.46685
-4.52242
-4.56991
-4.59855
-4.59338
-4.54888
-4.47132
-4.3744
-4.27546
-4.19029
-4.1311
-4.09925
-4.09083
-4.10042
-4.12452
-4.15604
-4.18407
-4.20109
-4.1982
-4.18098
-4.1578
-4.142
-4.13825
-4.14798
-4.17104
-4.20614
-4.25177
-4.29637
-4.33055
-4.35283
-4.36827
-4.38107
-4.38774
-4.38533
-4.37267
-4.35074
-4.32597
-4.29956
-4.27629
-4.25537
-4.23621
-4.2171
-4.20057
-4.1886
-4.18363
-4.19021
-4.20999
-4.23893
-4.27181
-4.30354
-4.32896
-4.34319
-4.34342
-4.32815
-4.30111
-4.26868
-4.24739
-4.25237
-4.29255
-4.35606
-4.42085
-4.47262
-4.50254
-4.50618
-4.48229
-4.43755
-4.38285
-4.33389
-4.2988
-4.28542
-4.28889
-4.3006
-4.31394
-4.3246
-4.33124
-4.33687
-4.34574
-4.36501
-4.39937
-4.44228
-4.47533
-4.48405
-4.46464
-4.42297
-4.37363
-4.33063
-4.30484
-4.3009
-4.31709
-4.34145
-4.36884
-4.39103
-4.40351
-4.40862
-4.40738
-4.40141
-4.39332
-4.38658
-4.38831
-4.3973
-4.41513
-4.43966
-4.47052
-4.50182
-4.53024
-4.55049
-4.55873
-4.54845
-4.51814
-4.4693
-4.4117
-4.35958
-4.32922
-4.32151
-4.32555
-4.32914
-4.32621
-4.32062
-4.32134
-4.32952
-4.33244
-4.3175
-4.27536
-4.22006
-4.16642
-4.13828
-4.14259
-4.17373
-4.2127
-4.24667
-4.27009
-4.28357
-4.28427
-4.27074
-4.24511
-4.21895
-4.20547
-4.21047
-4.22814
-4.26097
-4.30637
-4.35941
-4.40966
-4.44605
-4.46124
-4.45661
-4.44266
-4.43217
-4.43451
-4.44923
-4.46455
-4.46648
-4.45059
-4.41895
-4.37669
-4.33166
-4.29107
-4.25879
-4.2456
-4.25244
-4.28237
-4.32687
-4.37745
-4.42192
-4.45756
-4.48605
-4.51054
-4.534
-4.55
-4.55423
-4.54193
-4.5161
-4.48455
-4.45802
-4.4363
-4.41782
-4.39612
-4.36638
-4.33171
-4.3052
-4.30395
-4.32931
-4.37647
-4.42514
-4.46213
-4.47462
-4.45944
-4.4186
-4.36123
-4.29905
-4.24456
-4.20458
-4.18282
-4.17939
-4.19069
-4.21632
-4.25087
-4.28785
-4.32654
-4.36335
-4.39216
-4.40855
-4.41691
-4.42741
-4.43368
-4.42341
-4.39173
-4.3464
-4.29954
-4.26694
-4.25911
-4.27385
-4.30338
-4.3394
-4.37331
-4.39658
-4.40583
-4.40096
-4.38396
-4.36435
-4.35531
-4.36639
-4.39231
-4.42259
-4.44519
-4.45217
-4.441
-4.41095
-4.37095
-4.33117
-4.30429
-4.29209
-4.28277
-4.26634
-4.24277
-4.21955
-4.20935
-4.21177
-4.21578
-4.21124
-4.1991
-4.1836
-4.16975
-4.1625
-4.16011
-4.16303
-4.16789
-4.17089
-4.16994
-4.16935
-4.17068
-4.17488
-4.17941
-4.17866
-4.17072
-4.15878
-4.15051
-4.15381
-4.16365
-4.17385
-4.17645
-4.17219
-4.16044
-4.14408
-4.12763
-4.11853
-4.12395
-4.14653
-4.1787
-4.21138
-4.23878
-4.25755
-4.26257
-4.25148
-4.2251
-4.19444
-4.17108
-4.17002
-4.1969
-4.24293
-4.29973
-4.35736
-4.4129
-4.4658
-4.50993
-4.5388
-4.54526
-4.52362
-4.47435
-4.40364
-4.32691
-4.2552
-4.19843
-4.1585
-4.13765
-4.13802
-4.15833
-4.19197
-4.23069
-4.26847
-4.30201
-4.32499
-4.33238
-4.32476
-4.30369
-4.27946
-4.25773
-4.24231
-4.2366
-4.23772
-4.24777
-4.25901
-4.26913
-4.27374
-4.27462
-4.26894
-4.25356
-4.22845
-4.19619
-4.16804
-4.15489
-4.16947
-4.20967
-4.26359
-4.3182
-4.36486
-4.40358
-4.43653
-4.46247
-4.48259
-4.49272
-4.49397
-4.48757
-4.47204
-4.45222
-4.42899
-4.39877
-4.36482
-4.33361
-4.3146
-4.30542
-4.30322
-4.30656
-4.31286
-4.3236
-4.33415
-4.33854
-4.33444
-4.32587
-4.31693
-4.31174
-4.31196
-4.32008
-4.33553
-4.36237
-4.39778
-4.43266
-4.45505
-4.46332
-4.45922
-4.44762
-4.43532
-4.42805
-4.42347
-4.41734
-4.40428
-4.38596
-4.36713
-4.34922
-4.33593
-4.32929
-4.33093
-4.34754
-4.37799
-4.41647
-4.45098
-4.47372
-4.48136
-4.47255
-4.45216
-4.42538
-4.39725
-4.37011
-4.35164
-4.34999
-4.36414
-4.37958
-4.3825
-4.36685
-4.33448
-4.29136
-4.23762
-4.17548
-4.10615
-4.04493
-4.00775
-4.0052
-4.03984
-4.10073
-4.17019
-4.2364
-4.29304
-4.33787
-4.37062
-4.3882
-4.39101
-4.3802
-4.36394
-4.34226
-4.31001
-4.25534
-4.17684
-4.08642
-4.02742
-4.02638
-4.06112
-4.09988
-4.13143
-4.15907
-4.18847
-4.21994
-4.25655
-4.29432
-4.33085
-4.3598
-4.38188
-4.40028
-4.41553
-4.42444
-4.42227
-4.40397
-4.37224
-4.33047
-4.2793
-4.22233
-4.17349
-4.15447
-4.17711
-4.2254
-4.2799
-4.32197
-4.34481
-4.35013
-4.34401
-4.33367
-4.32233
-4.31233
-4.30629
-4.30687
-4.3154
-4.33095
-4.35372
-4.37861
-4.39922
-4.41417
-4.42366
-4.43596
-4.45848
-4.49553
-4.54451
-4.59443
-4.63695
-4.66463
-4.6733
-4.65888
-4.62351
-4.56955
-4.50916
-4.45111
-4.40777
-4.37352
-4.34129
-4.3022
-4.259
-4.21378
-4.17007
-4.13188
-4.10204
-4.08133
-4.07471
-4.09261
-4.13581
-4.19521
-4.25386
-4.29553
-4.30768
-4.29523
-4.26372
-4.23535
-4.22228
-4.22836
-4.25219
-4.28086
-4.30201
-4.30772
-4.30001
-4.29335
-4.30056
-4.32563
-4.36052
-4.39461
-4.41628
-4.41727
-4.39487
-4.35199
-4.30088
-4.25335
-4.21541
-4.19299
-4.18398
-4.18847
-4.20541
-4.22942
-4.25216
-4.26724
-4.27869
-4.28435
-4.28306
-4.26965
-4.24276
-4.21803
-4.21296
-4.23274
-4.26118
-4.28806
-4.30757
-4.32091
-4.32998
-4.33876
-4.35261
-4.37385
-4.39802
-4.41901
-4.43035
-4.42475
-4.39875
-4.35654
-4.30453
-4.25565
-4.22442
-4.22518
-4.25771
-4.31549
-4.38667
-4.45728
-4.5215
-4.57046
-4.59882
-4.60682
-4.59568
-4.57611
-4.55495
-4.53635
-4.51853
-4.5007
-4.47977
-4.45398
-4.42276
-4.38385
-4.33773
-4.29377
-4.26531
-4.26637
-4.30302
-4.36369
-4.43296
-4.48976
-4.53138
-4.55168
-4.5512
-4.52863
-4.48438
-4.42243
-4.34862
-4.27234
-4.20296
-4.14644
-4.10743
-4.08335
-4.06956
-4.05979
-4.05174
-4.05123
-4.06222
-4.08642
-4.12797
-4.18093
-4.2368
-4.28333
-4.31595
-4.3324
-4.33848
-4.33584
-4.32558
-4.31199
-4.29836
-4.28628
-4.27709
-4.27356
-4.26962
-4.25415
-4.21554
-4.15804
-4.10506
-4.08487
-4.10406
-4.14602
-4.19222
-4.22963
-4.25621
-4.26718
-4.26105
-4.23883
-4.21577
-4.20568
-4.20525
-4.20609
-4.19939
-4.19181
-4.19484
-4.21603
-4.24777
-4.27878
-4.29346
-4.28857
-4.26668
-4.24169
-4.2265
-4.22991
-4.25518
-4.30074
-4.36317
-4.43031
-4.4939
-4.54209
-4.56539
-4.56421
-4.53463
-4.48631
-4.43292
-4.38988
-4.36231
-4.3508
-4.35545
-4.3691
-4.39162
-4.41705
-4.44521
-4.4742
-4.50399
-4.53096
-4.5489
-4.55887
-4.55433
-4.5397
-4.52077
-4.50262
-4.487
-4.47643
-4.47186
-4.47242
-4.47373
-4.47582
-4.47427
-4.46474
-4.44464
-4.41608
-4.38258
-4.35286
-4.33602
-4.33467
-4.3521
-4.38166
-4.40978
-4.42898
-4.43554
-4.43012
-4.41531
-4.39835
-4.38409
-4.37613
-4.37385
-4.37348
-4.3721
-4.36484
-4.3542
-4.34705
-4.34584
-4.35511
-4.37281
-4.3946
-4.41754
-4.43539
-4.44711
-4.45042
-4.44613
-4.43142
-4.40667
-4.38357
-4.36629
-4.36486
-4.37813
-4.40407
-4.42993
-4.45137
-4.46481
-4.47388
-4.47877
-4.48017
-4.47858
-4.47436
-4.47193
-4.46964
-4.47005
-4.46663
-4.45779
-4.4392
-4.41146
-4.38162
-4.35547
-4.33928
-4.33084
-4.32631
-4.32452
-4.32387
-4.32947
-4.3403
-4.35273
-4.3593
-4.35613
-4.34601
-4.33207
-4.31966
-4.3136
-4.3164
-4.32759
-4.34686
-4.36745
-4.38183
-4.38491
-4.37715
-4.36162
-4.3402
-4.31534
-4.28116
-4.2344
-4.17007
-4.09408
-4.02197
-3.97352
-3.96914
-4.01233
-4.09004
-4.17898
-4.26058
-4.31861
-4.34725
-4.34601
-4.32138
-4.28345
-4.24696
-4.22895
-4.23642
-4.26838
-4.31574
-4.36219
-4.39584
-4.40357
-4.3807
-4.3335
-4.27988
-4.24666
-4.24766
-4.27953
-4.32046
-4.36139
-4.39385
-4.41757
-4.43218
-4.43543
-4.424
-4.39937
-4.36537
-4.32414
-4.28209
-4.24553
-4.22664
-4.22947
-4.25195
-4.29076
-4.34116
-4.39952
-4.45855
-4.5121
-4.55536
-4.59057
-4.6176
-4.64006
-4.65625
-4.66368
-4.66155
-4.64763
-4.62119
-4.58417
-4.53859
-4.48848
-4.44365
-4.40628
-4.37796
-4.35623
-4.3355
-4.31443
-4.28831
-4.26166
-4.23545
-4.2156
-4.20136
-4.19385
-4.19156
-4.19589
-4.20142
-4.20513
-4.20141
-4.18977
-4.17999
-4.17617
-4.18635
-4.21333
-4.25139
-4.29481
-4.33476
-4.37137
-4.40688
-4.44168
-4.46662
-4.47757
-4.46707
-4.43559
-4.38795
-4.33475
-4.28287
-4.24161
-4.2159
-4.20842
-4.22282
-4.25821
-4.30305
-4.34554
-4.37721
-4.391
-4.38649
-4.37233
-4.36082
-4.36885
-4.39651
-4.43762
-4.47562
-4.49761
-4.49931
-4.49127
-4.49161
-4.51121
-4.54361
-4.56938
-4.58483
-4.58982
-4.58412
-4.56343
-4.5247
-4.47288
-4.42163
-4.38891
-4.38338
-4.39474
-4.40631
-4.39863
-4.37193
-4.33768
-4.31278
-4.31089
-4.32684
-4.34638
-4.35509
-4.35451
-4.34986
-4.34574
-4.33843
-4.32382
-4.30055
-4.27609
-4.25809
-4.2494
-4.24726
-4.24977
-4.25759
-4.271
-4.29213
-4.31132
-4.31971
-4.30858
-4.28021
-4.24326
-4.21554
-4.21058
-4.23592
-4.27689
-4.31879
-4.34442
-4.34535
-4.31633
-4.26554
-4.2032
-4.15051
-4.12418
-4.13123
-4.16109
-4.19975
-4.24868
-4.30518
-4.35035
-4.37047
-4.37416
-4.37206
-4.37758
-4.39098
-4.40255
-4.40301
-4.39379
-4.38252
-4.37757
-4.38352
-4.4012
-4.42124
-4.43886
-4.45029
-4.45804
-4.46466
-4.472
-4.47969
-4.48579
-4.48861
-4.4873
-4.47961
-4.46251
-4.4405
-4.41449
-4.3867
-4.3628
-4.34256
-4.32651
-4.312
-4.29671
-4.2776
-4.24912
-4.2149
-4.18152
-4.15869
-4.14876
-4.15002
-4.16136
-4.18674
-4.22741
-4.27751
-4.3273
-4.37249
-4.40109
-4.40755
-4.39365
-4.36439
-4.32475
-4.2875
-4.25661
-4.23286
-4.21497
-4.21032
-4.22357
-4.2585
-4.30639
-4.35458
-4.39394
-4.41692
-4.42269
-4.41478
-4.39789
-4.37114
-4.34245
-4.31599
-4.29809
-4.29823
-4.32009
-4.35769
-4.40101
-4.43842
-4.45871
-4.45575
-4.42778
-4.37752
-4.31793
-4.26103
-4.21829
-4.18447
-4.15158
-4.11538
-4.08445
-4.06546
-4.07066
-4.09629
-4.14637
-4.2083
-4.27184
-4.33233
-4.38182
-4.41915
-4.43992
-4.43995
-4.42063
-4.38857
-4.35337
-4.32201
-4.29718
-4.27817
-4.25783
-4.23314
-4.19837
-4.15453
-4.1094
-4.07334
-4.0587
-4.07302
-4.11367
-4.17356
-4.24352
-4.3133
-4.37368
-4.41672
-4.43775
-4.43655
-4.41752
-4.3911
-4.37164
-4.36447
-4.37037
-4.38484
-4.40269
-4.42007
-4.43135
-4.43389
-4.4302
-4.42627
-4.42007
-4.4098
-4.38889
-4.35638
-4.31495
-4.2779
-4.25761
-4.25913
-4.27386
-4.29023
-4.30039
-4.30395
-4.30213
-4.29479
-4.28595
-4.27995
-4.28628
-4.30681
-4.33221
-4.349
-4.35449
-4.35729
-4.36144
-4.36478
-4.35863
-4.3403
-4.3206
-4.31405
-4.32741
-4.35499
-4.38461
-4.40686
-4.42033
-4.42844
-4.43558
-4.44289
-4.45274
-4.46494
-4.47715
-4.48287
-4.4796
-4.46567
-4.43828
-4.39564
-4.34296
-4.29503
-4.27148
-4.27702
-4.30418
-4.34795
-4.39768
-4.44779
-4.4946
-4.53519
-4.57153
-4.60457
-4.62947
-4.64056
-4.62849
-4.59272
-4.53771
-4.47573
-4.42066
-4.38279
-4.36298
-4.35184
-4.34384
-4.34331
-4.35575
-4.37992
-4.40407
-4.4154
-4.40955
-4.39296
-4.38171
-4.38804
-4.41314
-4.44804
-4.47831
-4.49875
-4.50714
-4.5068
-4.50141
-4.49504
-4.48649
-4.47423
-4.46002
-4.43846
-4.41442
-4.38868
-4.36558
-4.34941
-4.34879
-4.3691
-4.40758
-4.4498
-4.48497
-4.5095
-4.52204
-4.5256
-4.52218
-4.5118
-4.49837
-4.48081
-4.46158
-4.44223
-4.42256
-4.40556
-4.39386
-4.38491
-4.38144
-4.38405
-4.395
-4.41543
-4.44035
-4.46663
-4.48996
-4.50792
-4.51841
-4.51775
-4.50663
-4.49254
-4.47772
-4.46465
-4.45117
-4.43694
-4.42144
-4.40652
-4.39071
-4.37248
-4.34728
-4.32142
-4.30037
-4.28538
-4.27639
-4.26723
-4.25513
-4.23934
-4.225
-4.21389
-4.21326
-4.22843
-4.26342
-4.31463
-4.37513
-4.43112
-4.47383
-4.49973
-4.50415
-4.48828
-4.45459
-4.40608
-4.34559
-4.2816
-4.22486
-4.19042
-4.19436
-4.22892
-4.27157
-4.29864
-4.30365
-4.28877
-4.26344
-4.23769
-4.22112
-4.21667
-4.22564
-4.24633
-4.27168
-4.2949
-4.31498
-4.33051
-4.34521
-4.36443
-4.38416
-4.40271
-4.41856
-4.43259
-4.45093
-4.47028
-4.48887
-4.50042
-4.49667
-4.48358
-4.45975
-4.42592
-4.38752
-4.3555
-4.33235
-4.32012
-4.31623
-4.31905
-4.32863
-4.3474
-4.3679
-4.38304
-4.38688
-4.37891
-4.36946
-4.36951
-4.38103
-4.39738
-4.41131
-4.41478
-4.40655
-4.39545
-4.39686
-4.41132
-4.42977
-4.44098
-4.44443
-4.44473
-4.44466
-4.44506
-4.44459
-4.44476
-4.44329
-4.43885
-4.43503
-4.42615
-4.41183
-4.39174
-4.37057
-4.3533
-4.34315
-4.34253
-4.35112
-4.36712
-4.38386
-4.39849
-4.41497
-4.4345
-4.4604
-4.48536
-4.50347
-4.51062
-4.50171
-4.47722
-4.44182
-4.39983
-4.36242
-4.33287
-4.31587
-4.31136
-4.317
-4.32042
-4.31391
-4.29355
-4.26475
-4.23364
-4.20876
-4.19279
-4.18718
-4.19013
-4.20134
-4.22135
-4.2471
-4.2793
-4.31327
-4.34764
-4.38224
-4.41314
-4.43826
-4.45378
-4.46077
-4.46902
-4.4795
-4.49197
-4.50197
-4.50587
-4.50059
-4.48563
-4.4687
-4.45153
-4.43946
-4.43247
-4.43274
-4.43469
-4.43619
-4.42839
-4.41176
-4.38869
-4.36453
-4.33453
-4.30012
-4.2624
-4.22642
-4.19516
-4.16716
-4.14888
-4.13903
-4.14077
-4.15546
-4.18438
-4.22155
-4.26055
-4.29177
-4.30997
-4.31438
-4.30914
-4.30054
-4.28886
-4.28022
-4.27768
-4.28629
-4.31292
-4.35856
-4.4131
-4.46668
-4.50253
-4.50791
-4.48022
-4.42517
-4.35583
-4.2846
-4.2315
-4.20666
-4.21986
-4.26746
-4.33465
-4.4042
-4.45906
-4.48664
-4.4842
-4.45422
-4.40877
-4.36744
-4.3448
-4.34505
-4.35863
-4.37894
-4.40098
-4.41801
-4.42856
-4.43354
-4.4351
-4.42974
-4.42053
-4.41142
-4.40668
-4.40782
-4.41368
-4.42435
-4.43992
-4.45252
-4.46262
-4.4726
-4.4851
-4.49986
-4.51316
-4.52287
-4.53034
-4.53722
-4.54473
-4.55345
-4.56565
-4.58305
-4.60231
-4.6159
-4.6166
-4.6075
-4.58815
-4.56547
-4.54295
-4.51923
-4.49171
-4.45963
-4.419
-4.36961
-4.3173
-4.26662
-4.22675
-4.19666
-4.17237
-4.14881
-4.12752
-4.10991
-4.09898
-4.0977
-4.10743
-4.13039
-4.16967
-4.22531
-4.29245
-4.35904
-4.41542
-4.4545
-4.47186
-4.47017
-4.45133
-4.4223
-4.38998
-4.3618
-4.34095
-4.33247
-4.334
-4.3434
-4.35668
-4.36769
-4.37349
-4.37001
-4.35661
-4.33884
-4.31828
-4.29936
-4.28006
-4.25997
-4.23652
-4.21035
-4.18538
-4.17112
-4.17624
-4.20487
-4.25185
-4.3079
-4.36821
-4.42733
-4.48303
-4.52559
-4.54722
-4.54612
-4.52548
-4.49307
-4.45859
-4.431
-4.41377
-4.41282
-4.43228
-4.46429
-4.49045
-4.49169
-4.45966
-4.40036
-4.32588
-4.25728
-4.21088
-4.19514
-4.20451
-4.22425
-4.24256
-4.25179
-4.24937
-4.24084
-4.2335
-4.23258
-4.23594
-4.23964
-4.24274
-4.24439
-4.24681
-4.25044
-4.25851
-4.26938
-4.28433
-4.30619
-4.33382
-4.37115
-4.41616
-4.46303
-4.50234
-4.51961
-4.50936
-4.47905
-4.44741
-4.43086
-4.43254
-4.44239
-4.45211
-4.45719
-4.46123
-4.45696
-4.44832
-4.43103
-4.40611
-4.38065
-4.36687
-4.37311
-4.40004
-4.43868
-4.47429
-4.501
-4.51088
-4.50635
-4.49476
-4.48746
-4.49051
-4.49912
-4.50777
-4.51631
-4.52283
-4.52456
-4.52042
-4.51316
-4.50518
-4.50172
-4.50525
-4.52213
-4.55395
-4.59624
-4.6371
-4.66095
-4.65722
-4.62694
-4.58572
-4.5483
-4.52145
-4.50153
-4.48066
-4.45638
-4.42772
-4.4008
-4.38329
-4.37557
-4.37725
-4.38185
-4.37995
-4.36704
-4.34267
-4.30927
-4.28084
-4.26464
-4.26012
-4.25837
-4.24679
-4.21951
-4.18358
-4.15092
-4.1318
-4.13405
-4.16087
-4.20975
-4.27798
-4.35557
-4.42935
-4.48377
-4.51042
-4.50808
-4.48515
-4.45559
-4.43035
-4.41691
-4.41907
-4.43639
-4.45892
-4.48051
-4.49483
-4.49778
-4.49283
-4.48433
-4.47252
-4.45711
-4.437
-4.4096
-4.36899
-4.31713
-4.25798
-4.19885
-4.15002
-4.11996
-4.11247
-4.12736
-4.16237
-4.2099
-4.26775
-4.32894
-4.38439
-4.42712
-4.45542
-4.46987
-4.47313
-4.46722
-4.45365
-4.43398
-4.40987
-4.38092
-4.34616
-4.31419
-4.29563
-4.29767
-4.32021
-4.34951
-4.37734
-4.40317
-4.43393
-4.47414
-4.51923
-4.56077
-4.59413
-4.62004
-4.63737
-4.64727
-4.64535
-4.62803
-4.59116
-4.53907
-4.47703
-4.41215
-4.35479
-4.31011
-4.28943
-4.29109
-4.30428
-4.31262
-4.30957
-4.29867
-4.28956
-4.29149
-4.30306
-4.3046
-4.27685
-4.21025
-4.14092
-4.13847
-4.22194
-4.3283
-4.3982
-4.40834
-4.36578
-4.28452
-4.19013
-4.11046
-4.05991
-4.04846
-4.07035
-4.11066
-4.15902
-4.20306
-4.234
-4.25133
-4.25815
-4.26549
-4.28419
-4.31305
-4.34532
-4.37407
-4.39428
-4.40508
-4.40653
-4.40027
-4.39109
-4.38107
-4.36519
-4.33818
-4.29539
-4.24095
-4.18812
-4.15079
-4.13968
-4.15799
-4.19481
-4.23386
-4.2648
-4.28801
-4.3119
-4.34599
-4.38706
-4.42131
-4.43331
-4.42234
-4.39789
-4.37491
-4.36171
-4.35779
-4.35436
-4.34706
-4.33962
-4.33741
-4.33901
-4.33665
-4.32277
-4.29518
-4.25717
-4.2177
-4.18532
-4.16417
-4.15709
-4.16991
-4.20695
-4.26452
-4.33286
-4.40435
-4.47053
-4.52676
-4.56418
-4.57856
-4.5716
-4.54891
-4.51797
-4.47577
-4.42471
-4.36391
-4.30012
-4.24091
-4.19461
-4.16033
-4.13468
-4.12016
-4.12722
-4.16706
-4.23156
-4.29945
-4.3519
-4.38115
-4.3809
-4.3548
-4.30702
-4.24917
-4.19601
-4.16149
-4.15311
-4.16952
-4.20331
-4.24665
-4.28809
-4.32491
-4.35319
-4.3677
-4.37275
-4.3739
-4.3779
-4.38942
-4.40736
-4.42589
-4.43886
-4.43826
-4.42563
-4.40698
-4.38933
-4.37548
-4.36625
-4.36593
-4.38115
-4.41202
-4.45493
-4.49651
-4.52557
-4.53304
-4.50673
-4.4411
-4.33197
-4.1947
-4.0748
-4.02655
-4.05407
-4.11526
-4.18595
-4.26127
-4.3337
-4.3925
-4.43124
-4.45134
-4.45719
-4.45352
-4.44149
-4.42482
-4.40146
-4.37643
-4.34753
-4.31956
-4.30031
-4.29334
-4.29767
-4.30683
-4.31358
-4.31501
-4.31227
-4.31163
-4.3215
-4.34381
-4.37359
-4.39821
-4.40883
-4.40577
-4.39162
-4.37004
-4.34431
-4.31818
-4.29495
-4.27755
-4.26534
-4.25825
-4.25594
-4.25508
-4.25648
-4.2563
-4.25534
-4.25448
-4.25406
-4.25698
-4.26986
-4.29903
-4.3467
-4.39838
-4.43853
-4.45307
-4.44573
-4.43389
-4.43587
-4.45188
-4.4737
-4.49433
-4.51235
-4.53017
-4.55557
-4.59216
-4.6379
-4.68816
-4.73322
-4.76561
-4.77661
-4.76605
-4.73527
-4.68683
-4.62978
-4.56605
-4.4965
-4.42348
-4.35352
-4.30417
-4.2962
-4.32455
-4.36959
-4.41406
-4.45142
-4.47905
-4.49859
-4.50448
-4.4959
-4.47326
-4.43613
-4.39133
-4.35234
-4.33181
-4.3308
-4.34566
-4.36393
-4.37657
-4.38096
-4.38285
-4.3821
-4.38156
-4.37835
-4.36842
-4.3552
-4.34188
-4.33461
-4.33639
-4.34884
-4.37278
-4.40348
-4.43167
-4.44979
-4.45779
-4.45907
-4.45592
-4.44623
-4.42536
-4.3944
-4.36378
-4.35047
-4.36595
-4.40787
-4.46563
-4.52453
-4.57228
-4.59966
-4.60312
-4.58174
-4.54198
-4.48812
-4.42793
-4.37262
-4.33044
-4.30963
-4.30832
-4.32253
-4.3435
-4.36483
-4.38243
-4.38786
-4.37498
-4.34684
-4.30875
-4.27368
-4.25594
-4.26612
-4.29794
-4.33815
-4.37308
-4.39667
-4.40643
-4.40139
-4.37986
-4.34223
-4.28912
-4.22242
-4.15273
-4.09564
-4.06734
-4.08016
-4.12961
-4.1993
-4.27366
-4.33161
-4.362
-4.36389
-4.34238
-4.30395
-4.25929
-4.22721
-4.23329
-4.27823
-4.34431
-4.40473
-4.44434
-4.4568
-4.44648
-4.42351
-4.39976
-4.37969
-4.36623
-4.36172
-4.37338
-4.4064
-4.45651
-4.51096
-4.55335
-4.5791
-4.59032
-4.589
-4.58107
-4.56901
-4.5587
-4.5527
-4.55052
-4.54495
-4.53109
-4.50332
-4.4591
-4.40647
-4.35748
-4.32265
-4.30702
-4.30403
-4.30458
-4.30138
-4.28674
-4.26417
-4.22783
-4.18509
-4.13589
-4.0851
-4.04169
-4.00795
-3.98638
-3.97696
-3.97798
-3.98677
-3.9975
-4.00928
-4.02306
-4.04244
-4.07235
-4.11575
-4.16892
-4.22222
-4.26808
-4.30162
-4.3223
-4.33253
-4.33153
-4.31784
-4.29432
-4.26195
-4.22396
-4.1862
-4.1536
-4.13514
-4.13385
-4.1534
-4.18698
-4.22941
-4.26883
-4.29862
-4.31641
-4.32006
-4.31363
-4.29647
-4.27143
-4.24264
-4.22186
-4.21553
-4.22318
-4.23965
-4.2608
-4.28849
-4.32468
-4.36437
-4.39669
-4.41111
-4.4046
-4.38283
-4.35145
-4.32024
-4.29974
-4.2952
-4.31454
-4.36375
-4.43706
-4.52038
-4.58906
-4.62529
-4.61676
-4.57014
-4.49924
-4.42926
-4.37738
-4.34808
-4.3269
-4.30017
-4.26548
-4.23066
-4.20285
-4.19088
-4.19483
-4.21029
-4.23
-4.24874
-4.26545
-4.27372
-4.27005
-4.25903
-4.26302
-4.29957
-4.35756
-4.41825
-4.46828
-4.5026
-4.51861
-4.51798
-4.50367
-4.47825
-4.455
-4.43943
-4.43266
-4.43529
-4.44583
-4.46869
-4.49843
-4.52839
-4.54877
-4.55128
-4.53055
-4.4859
-4.42855
-4.36529
-4.30942
-4.26752
-4.2404
-4.23369
-4.24468
-4.26822
-4.28978
-4.29523
-4.28137
-4.26618
-4.27119
-4.30868
-4.36138
-4.40261
-4.41279
-4.38972
-4.34809
-4.31004
-4.28941
-4.28899
-4.29867
-4.31252
-4.32535
-4.3327
-4.33271
-4.33059
-4.32814
-4.32751
-4.32858
-4.33271
-4.337
-4.33555
-4.32383
-4.30244
-4.27658
-4.26085
-4.26657
-4.29808
-4.34321
-4.39022
-4.43041
-4.46165
-4.48489
-4.50211
-4.51025
-4.50835
-4.49878
-4.4867
-4.47751
-4.46955
-4.46042
-4.44271
-4.415
-4.38447
-4.36332
-4.36496
-4.39015
-4.42889
-4.47141
-4.5044
-4.52124
-4.52021
-4.49943
-4.46445
-4.4245
-4.39037
-4.37022
-4.36478
-4.3695
-4.37699
-4.37876
-4.37223
-4.35721
-4.33905
-4.3271
-4.32402
-4.33117
-4.34363
-4.36609
-4.39389
-4.42063
-4.43273
-4.42191
-4.38568
-4.33484
-4.28304
-4.25423
-4.26107
-4.29212
-4.32861
-4.35571
-4.36897
-4.3691
-4.35635
-4.33471
-4.30354
-4.26594
-4.22249
-4.18361
-4.14551
-4.11371
-4.09182
-4.08699
-4.10714
-4.1474
-4.19857
-4.2488
-4.29686
-4.33764
-4.36948
-4.38193
-4.36917
-4.32497
-4.25352
-4.17219
-4.11318
-4.10456
-4.13628
-4.18907
-4.24014
-4.27485
-4.28957
-4.28535
-4.26917
-4.25206
-4.23967
-4.24004
-4.25096
-4.26676
-4.2822
-4.29684
-4.30888
-4.31908
-4.32499
-4.32683
-4.32209
-4.31247
-4.30004
-4.28925
-4.28485
-4.29101
-4.30729
-4.32829
-4.34674
-4.35845
-4.36719
-4.37456
-4.38424
-4.39645
-4.40682
-4.41444
-4.41936
-4.42677
-4.44169
-4.46247
-4.4904
-4.5146
-4.53042
-4.54049
-4.54582
-4.5556
-4.569
-4.58492
-4.5935
-4.58126
-4.54633
-4.49368
-4.43281
-4.38158
-4.34842
-4.33373
-4.33049
-4.33368
-4.34124
-4.35595
-4.38092
-4.41392
-4.446
-4.46759
-4.47168
-4.46095
-4.44675
-4.44238
-4.45715
-4.48836
-4.52377
-4.54941
-4.55891
-4.55214
-4.53575
-4.51802
-4.50014
-4.482
-4.46481
-4.45126
-4.44866
-4.45907
-4.48164
-4.50681
-4.52526
-4.5307
-4.52637
-4.5264
-4.54578
-4.5828
-4.61916
-4.63765
-4.62895
-4.59386
-4.53381
-4.45564
-4.36896
-4.28835
-4.22644
-4.1855
-4.15803
-4.14053
-4.13013
-4.13143
-4.14824
-4.18081
-4.22471
-4.26818
-4.29989
-4.31086
-4.30041
-4.27935
-4.25751
-4.24069
-4.23265
-4.2337
-4.24102
-4.24839
-4.25754
-4.26285
-4.26926
-4.28007
-4.2995
-4.32669
-4.36075
-4.39907
-4.43655
-4.46741
-4.48606
-4.48955
-4.47688
-4.44731
-4.4005
-4.34113
-4.27821
-4.22243
-4.18051
-4.15894
-4.15216
-4.1551
-4.16467
-4.17694
-4.18941
-4.20027
-4.21171
-4.22537
-4.24364
-4.26503
-4.28783
-4.3128
-4.33456
-4.34962
-4.34951
-4.32954
-4.29445
-4.25086
-4.21191
-4.19268
-4.19987
-4.23437
-4.28695
-4.3503
-4.41614
-4.47903
-4.53096
-4.5664
-4.57766
-4.55975
-4.51419
-4.44393
-4.36244
-4.28468
-4.22308
-4.18282
-4.16614
-4.16936
-4.1897
-4.23033
-4.28686
-4.35956
-4.43988
-4.52575
-4.61849
-4.70888
-4.78906
-4.84883
-4.88099
-4.8827
-4.85217
-4.792
-4.7042
-4.6032
-4.50383
-4.42459
-4.38798
-4.39705
-4.4326
-4.47412
-4.50203
-4.5019
-4.47337
-4.4163
-4.33721
-4.24549
-4.15159
-4.07388
-4.03291
-4.03462
-4.06425
-4.10919
-4.15647
-4.20612
-4.25056
-4.29129
-4.32653
-4.3552
-4.37412
-4.38356
-4.3785
-4.36534
-4.3523
-4.34059
-4.32382
-4.29958
-4.27255
-4.25327
-4.24598
-4.25206
-4.26473
-4.2834
-4.30658
-4.33489
-4.36812
-4.40428
-4.43879
-4.46635
-4.48215
-4.48125
-4.46495
-4.43344
-4.38959
-4.34224
-4.29937
-4.26968
-4.25149
-4.24333
-4.23844
-4.23267
-4.22402
-4.2158
-4.21101
-4.21375
-4.22108
-4.23684
-4.26117
-4.28793
-4.31178
-4.32439
-4.32225
-4.31049
-4.29579
-4.28506
-4.28373
-4.29247
-4.30488
-4.31008
-4.29961
-4.27325
-4.24104
-4.20784
-4.17461
-4.13439
-4.08996
-4.05946
-4.06301
-4.10152
-4.16243
-4.23633
-4.31748
-4.39652
-4.46701
-4.5189
-4.54124
-4.53307
-4.49554
-4.43877
-4.37117
-4.29941
-4.23283
-4.17799
-4.13816
-4.11189
-4.09713
-4.08507
-4.07611
-4.06387
-4.04534
-4.02131
-3.99822
-3.98203
-3.97518
-3.97949
-3.99913
-4.03371
-4.07881
-4.13206
-4.18465
-4.2329
-4.26876
-4.28731
-4.2943
-4.29142
-4.29105
-4.29532
-4.30298
-4.311
-4.31851
-4.32723
-4.33693
-4.3436
-4.34438
-4.34386
-4.34513
-4.35258
-4.36662
-4.38808
-4.41178
-4.42455
-4.42593
-4.42256
-4.42567
-4.42863
-4.42838
-4.42611
-4.42139
-4.41665
-4.41156
-4.4025
-4.39173
-4.38063
-4.37377
-4.37037
-4.3681
-4.36802
-4.37098
-4.38333
-4.4123
-4.46129
-4.52396
-4.58502
-4.62857
-4.64742
-4.64267
-4.61992
-4.58578
-4.54606
-4.50272
-4.46867
-4.45432
-4.46882
-4.50125
-4.53764
-4.56975
-4.59214
-4.60409
-4.61433
-4.63832
-4.67248
-4.69605
-4.68339
-4.62478
-4.53555
-4.44644
-4.37974
-4.3414
-4.3168
-4.30324
-4.30623
-4.32856
-4.36631
-4.40389
-4.43062
-4.43997
-4.42852
-4.39973
-4.35844
-4.31193
-4.26708
-4.22426
-4.1876
-4.15782
-4.14303
-4.14923
-4.17001
-4.19689
-4.22596
-4.25312
-4.2846
-4.32175
-4.36677
-4.41148
-4.44679
-4.46567
-4.46855
-4.46099
-4.45032
-4.44332
-4.44293
-4.45423
-4.47345
-4.48742
-4.48917
-4.47384
-4.44058
-4.39854
-4.3583
-4.32703
-4.30933
-4.30462
-4.30718
-4.31157
-4.3166
-4.32489
-4.33672
-4.3572
-4.37994
-4.40361
-4.42436
-4.44103
-4.45699
-4.46874
-4.47203
-4.46718
-4.45742
-4.44634
-4.44178
-4.44593
-4.45502
-4.46879
-4.47621
-4.46485
-4.43594
-4.40042
-4.37759
-4.37284
-4.38171
-4.40124
-4.42846
-4.45845
-4.48362
-4.49726
-4.49668
-4.48336
-4.46359
-4.4417
-4.42535
-4.41265
-4.40344
-4.39079
-4.37144
-4.35042
-4.32899
-4.31335
-4.30799
-4.31205
-4.32
-4.32374
-4.3126
-4.28243
-4.24032
-4.19835
-4.1689
-4.16319
-4.18156
-4.21372
-4.23744
-4.2405
-4.2237
-4.20612
-4.20406
-4.22603
-4.26914
-4.32464
-4.38461
-4.43867
-4.47843
-4.4948
-4.48336
-4.44211
-4.37304
-4.28396
-4.1887
-4.10588
-4.05096
-4.03255
-4.05239
-4.10175
-4.17085
-4.23991
-4.29828
-4.33641
-4.35589
-4.35582
-4.35472
-4.37082
-4.40943
-4.46
-4.50755
-4.54056
-4.56138
-4.57143
-4.57465
-4.573
-4.56701
-4.55771
-4.54662
-4.53659
-4.52233
-4.4997
-4.45678
-4.39305
-4.33207
-4.31367
-4.34254
-4.38735
-4.41913
-4.43054
-4.42521
-4.41016
-4.39303
-4.38287
-4.38781
-4.40664
-4.42679
-4.43971
-4.43272
-4.40732
-4.37164
-4.33923
-4.31939
-4.32427
-4.35615
-4.40393
-4.44946
-4.47906
-4.49063
-4.48237
-4.45858
-4.42113
-4.37432
-4.32615
-4.2886
-4.27591
-4.28847
-4.32163
-4.35963
-4.39169
-4.41052
-4.41291
-4.39956
-4.37785
-4.35292
-4.32364
-4.29499
-4.26702
-4.24716
-4.23863
-4.24386
-4.2606
-4.27982
-4.30004
-4.32447
-4.36065
-4.41063
-4.46661
-4.51073
-4.52531
-4.50145
-4.44561
-4.37179
-4.29135
-4.22579
-4.19211
-4.19758
-4.22546
-4.26099
-4.29306
-4.31399
-4.31983
-4.30923
-4.28889
-4.2676
-4.25208
-4.24998
-4.25962
-4.27535
-4.29404
-4.31152
-4.32588
-4.33196
-4.32833
-4.31233
-4.28859
-4.26214
-4.239
-4.22388
-4.21939
-4.22322
-4.23345
-4.24826
-4.26859
-4.29221
-4.32387
-4.3596
-4.39843
-4.43748
-4.47078
-4.49619
-4.50575
-4.49365
-4.45948
-4.41255
