94.1545
94.112
94.0828
94.0317
94.0046
94.0505
94.043
94.0111
93.9601
93.9668
93.971
93.9765
93.967
93.9585
93.9806
93.9758
93.9862
93.9782
93.9827
93.99
93.9969
93.994
93.9939
93.9795
93.9717
93.9653
93.968
93.9676
93.9681
93.9641
93.9505
93.9581
93.9589
93.9599
93.9529
93.9519
93.9581
93.9542
93.9469
93.9429
93.9435
93.939
93.9395
93.9419
93.9439
93.9435
93.9398
93.9394
93.9339
93.9324
93.9336
93.9328
93.928
93.9301
93.9321
93.9309
93.9304
93.9341
93.9304
93.9327
93.9339
93.9349
93.9353
93.9327
93.9323
93.9322
93.9295
93.9274
93.9322
93.9323
93.9316
93.9342
93.9334
93.9328
93.9346
93.933
93.9338
93.9319
93.933
93.9356
93.9342
93.9323
93.9364
93.938
93.9395
93.9394
93.9406
93.9422
93.9395
93.939
93.9391
93.9367
93.9385
93.9381
93.9364
93.934
93.934
93.934
93.9357
93.9356
