0
1.2002e-24
6.93827e-25
5.07793e-25
4.10597e-25
3.48706e-25
2.9807e-25
2.93181e-25
2.83158e-25
2.88837e-25
2.62393e-25
2.41949e-25
2.3286e-25
2.31084e-25
2.15973e-25
2.03326e-25
1.91624e-25
1.82814e-25
1.75181e-25
1.7048e-25
1.6477e-25
1.58257e-25
1.52521e-25
1.48142e-25
1.42284e-25
1.37794e-25
1.32624e-25
1.27871e-25
1.23834e-25
1.19635e-25
1.1588e-25
1.1286e-25
1.12812e-25
1.14236e-25
1.1109e-25
1.09865e-25
1.0717e-25
1.05043e-25
1.03133e-25
1.00842e-25
9.85293e-26
9.8003e-26
9.74574e-26
9.56572e-26
9.43109e-26
9.26749e-26
9.27677e-26
9.16778e-26
8.99669e-26
8.81811e-26
8.74626e-26
8.57861e-26
8.4619e-26
8.33014e-26
8.3751e-26
8.35565e-26
8.24455e-26
8.16312e-26
8.02631e-26
7.93688e-26
7.80888e-26
7.70007e-26
7.6519e-26
7.55797e-26
7.53139e-26
7.41642e-26
7.36906e-26
7.36557e-26
7.34139e-26
7.23763e-26
7.15131e-26
7.10034e-26
7.01754e-26
6.98428e-26
6.90209e-26
6.86201e-26
6.7723e-26
6.72112e-26
6.63551e-26
6.56941e-26
6.63968e-26
6.56232e-26
6.50501e-26
6.44965e-26
6.40697e-26
6.41617e-26
6.55078e-26
6.47719e-26
6.40661e-26
6.34792e-26
6.3587e-26
6.33201e-26
6.27021e-26
6.21121e-26
6.1455e-26
6.16882e-26
6.22135e-26
6.15773e-26
6.09533e-26
6.10404e-26
