0
8.78789e-25
7.89393e-25
1.19687e-24
1.08403e-24
1.29921e-24
1.10879e-24
1.16618e-24
1.47411e-24
1.32578e-24
1.2023e-24
1.10341e-24
1.03365e-24
9.73211e-25
1.01489e-24
9.54336e-25
9.21881e-25
8.84892e-25
8.42116e-25
8.13345e-25
7.86482e-25
7.5222e-25
7.18776e-25
7.49586e-25
7.37192e-25
7.20295e-25
6.95222e-25
6.69982e-25
6.46567e-25
6.30078e-25
6.71553e-25
6.68947e-25
6.48598e-25
6.29514e-25
6.28187e-25
6.10844e-25
6.07993e-25
5.97333e-25
6.00729e-25
5.91448e-25
5.76984e-25
5.70988e-25
5.57647e-25
5.47139e-25
5.36435e-25
5.24706e-25
5.19159e-25
5.08297e-25
5.10466e-25
5.01119e-25
4.91764e-25
4.82473e-25
4.83545e-25
4.76444e-25
4.69541e-25
4.61692e-25
4.53655e-25
4.52352e-25
4.51145e-25
4.45969e-25
4.39337e-25
4.32676e-25
4.25842e-25
4.22458e-25
4.15993e-25
4.09649e-25
4.07317e-25
4.03655e-25
4.10141e-25
4.04241e-25
3.98751e-25
3.96763e-25
3.91639e-25
3.8654e-25
3.83208e-25
3.79552e-25
3.74989e-25
3.723e-25
3.68227e-25
3.67686e-25
3.6435e-25
3.61841e-25
3.67208e-25
3.64335e-25
3.61378e-25
3.57165e-25
3.53956e-25
3.5149e-25
3.51869e-25
3.48145e-25
3.44314e-25
3.44249e-25
3.42627e-25
3.39087e-25
3.37294e-25
3.37393e-25
3.33897e-25
3.30473e-25
3.28916e-25
3.25617e-25
