0
0.0424333
0.0381168
0.0577923
0.0523436
0.0627339
0.0535393
0.0563103
0.0711789
0.0640168
0.0580544
0.0532795
0.0499111
0.0469926
0.0490054
0.0460812
0.0445141
0.042728
0.0406625
0.0392733
0.0379762
0.0363218
0.0347069
0.0361946
0.0355962
0.0347803
0.0335696
0.0323509
0.0312203
0.030424
0.0324267
0.0323009
0.0313183
0.0303968
0.0303327
0.0294953
0.0293577
0.0288429
0.0290069
0.0285587
0.0278603
0.0275708
0.0269266
0.0264193
0.0259024
0.025336
0.0250682
0.0245437
0.0246484
0.0241971
0.0237454
0.0232967
0.0233485
0.0230057
0.0226723
0.0222933
0.0219053
0.0218423
0.0217841
0.0215341
0.0212139
0.0208922
0.0205623
0.0203989
0.0200867
0.0197804
0.0196678
0.0194909
0.0198041
0.0195192
0.0192541
0.0191582
0.0189107
0.0186645
0.0185036
0.0183271
0.0181068
0.017977
0.0177803
0.0177541
0.0175931
0.0174719
0.0177311
0.0175923
0.0174495
0.0172461
0.0170912
0.0169721
0.0169904
0.0168106
0.0166256
0.0166225
0.0165441
0.0163732
0.0162866
0.0162914
0.0161226
0.0159573
0.0158821
0.0157228
